# WCTIME: wall clock time in seconds
WCTIME=44.3746
# CPUTIME: CPU time in seconds (USERTIME+SYSTEMTIME)
CPUTIME=41.8341
# USERTIME: CPU time spent in user mode in seconds
USERTIME=36.856
# SYSTEMTIME: CPU time spent in system mode in seconds
SYSTEMTIME=4.9781
# CPUUSAGE: CPUTIME/WCTIME in percent
CPUUSAGE=94.2748
# MAXVM: maximum virtual memory used in KiB
MAXVM=3930984
# MAXMM: maximum memory used in KiB
MAXMM=412896
# MAXRSS: maximum Resident Segment Size in KiB
MAXRSS=375504
# TIMEOUT: did the solver exceed the time limit?
TIMEOUT=false
# MEMOUT: did the solver exceed the memory limit?
MEMOUT=false
# EXITSTATUS: Exit status of the solver
EXITSTATUS=0
