# WCTIME: wall clock time in seconds
WCTIME=902.388
# CPUTIME: CPU time in seconds (USERTIME+SYSTEMTIME)
CPUTIME=854.268
# USERTIME: CPU time spent in user mode in seconds
USERTIME=825.691
# SYSTEMTIME: CPU time spent in system mode in seconds
SYSTEMTIME=28.5766
# CPUUSAGE: CPUTIME/WCTIME in percent
CPUUSAGE=94.6675
# MAXVM: maximum virtual memory used in KiB
MAXVM=9200220
# MAXMM: maximum memory used in KiB
MAXMM=8166576
# MAXRSS: maximum Resident Segment Size in KiB
MAXRSS=8123052
# TIMEOUT: did the solver exceed the time limit?
TIMEOUT=false
# MEMOUT: did the solver exceed the memory limit?
MEMOUT=false
# EXITSTATUS: Exit status of the solver
EXITSTATUS=0
