# WCTIME: wall clock time in seconds
WCTIME=11.5048
# CPUTIME: CPU time in seconds (USERTIME+SYSTEMTIME)
CPUTIME=7.76972
# USERTIME: CPU time spent in user mode in seconds
USERTIME=3.62042
# SYSTEMTIME: CPU time spent in system mode in seconds
SYSTEMTIME=4.14929
# CPUUSAGE: CPUTIME/WCTIME in percent
CPUUSAGE=67.5347
# MAXVM: maximum virtual memory used in KiB
MAXVM=3561372
# MAXMM: maximum memory used in KiB
MAXMM=485384
# MAXRSS: maximum Resident Segment Size in KiB
MAXRSS=303832
# TIMEOUT: did the solver exceed the time limit?
TIMEOUT=false
# MEMOUT: did the solver exceed the memory limit?
MEMOUT=false
# EXITSTATUS: Exit status of the solver
EXITSTATUS=0
