# WCTIME: wall clock time in seconds
WCTIME=1772.7
# CPUTIME: CPU time in seconds (USERTIME+SYSTEMTIME)
CPUTIME=1703.52
# USERTIME: CPU time spent in user mode in seconds
USERTIME=1696.84
# SYSTEMTIME: CPU time spent in system mode in seconds
SYSTEMTIME=6.67325
# CPUUSAGE: CPUTIME/WCTIME in percent
CPUUSAGE=96.097
# MAXVM: maximum virtual memory used in KiB
MAXVM=5644424
# MAXMM: maximum memory used in KiB
MAXMM=2239764
# MAXRSS: maximum Resident Segment Size in KiB
MAXRSS=1426772
# TIMEOUT: did the solver exceed the time limit?
TIMEOUT=false
# MEMOUT: did the solver exceed the memory limit?
MEMOUT=false
# EXITSTATUS: Exit status of the solver
EXITSTATUS=0
