# WCTIME: wall clock time in seconds
WCTIME=1881.84
# CPUTIME: CPU time in seconds (USERTIME+SYSTEMTIME)
CPUTIME=1800.35
# USERTIME: CPU time spent in user mode in seconds
USERTIME=1792.57
# SYSTEMTIME: CPU time spent in system mode in seconds
SYSTEMTIME=7.78611
# CPUUSAGE: CPUTIME/WCTIME in percent
CPUUSAGE=95.6697
# MAXVM: maximum virtual memory used in KiB
MAXVM=3167560
# MAXMM: maximum memory used in KiB
MAXMM=2143700
# MAXRSS: maximum Resident Segment Size in KiB
MAXRSS=2097052
# TIMEOUT: did the solver exceed the time limit?
TIMEOUT=true
# MEMOUT: did the solver exceed the memory limit?
MEMOUT=false
# EXITSTATUS: Exit status of the solver
EXITSTATUS=15
