# WCTIME: wall clock time in seconds
WCTIME=1708.57
# CPUTIME: CPU time in seconds (USERTIME+SYSTEMTIME)
CPUTIME=1632.2
# USERTIME: CPU time spent in user mode in seconds
USERTIME=1629.18
# SYSTEMTIME: CPU time spent in system mode in seconds
SYSTEMTIME=3.01553
# CPUUSAGE: CPUTIME/WCTIME in percent
CPUUSAGE=95.53
# MAXVM: maximum virtual memory used in KiB
MAXVM=4469088
# MAXMM: maximum memory used in KiB
MAXMM=912280
# MAXRSS: maximum Resident Segment Size in KiB
MAXRSS=893460
# TIMEOUT: did the solver exceed the time limit?
TIMEOUT=false
# MEMOUT: did the solver exceed the memory limit?
MEMOUT=false
# EXITSTATUS: Exit status of the solver
EXITSTATUS=0
