# WCTIME: wall clock time in seconds
WCTIME=1.67247
# CPUTIME: CPU time in seconds (USERTIME+SYSTEMTIME)
CPUTIME=1.33969
# USERTIME: CPU time spent in user mode in seconds
USERTIME=0.799413
# SYSTEMTIME: CPU time spent in system mode in seconds
SYSTEMTIME=0.540273
# CPUUSAGE: CPUTIME/WCTIME in percent
CPUUSAGE=80.1024
# MAXVM: maximum virtual memory used in KiB
MAXVM=1227924
# MAXMM: maximum memory used in KiB
MAXMM=144656
# MAXRSS: maximum Resident Segment Size in KiB
MAXRSS=109088
# TIMEOUT: did the solver exceed the time limit?
TIMEOUT=false
# MEMOUT: did the solver exceed the memory limit?
MEMOUT=false
# EXITSTATUS: Exit status of the solver
EXITSTATUS=0
