# WCTIME: wall clock time in seconds
WCTIME=1887.61
# CPUTIME: CPU time in seconds (USERTIME+SYSTEMTIME)
CPUTIME=1800.32
# USERTIME: CPU time spent in user mode in seconds
USERTIME=1774.25
# SYSTEMTIME: CPU time spent in system mode in seconds
SYSTEMTIME=26.0661
# CPUUSAGE: CPUTIME/WCTIME in percent
CPUUSAGE=95.3757
# MAXVM: maximum virtual memory used in KiB
MAXVM=5379356
# MAXMM: maximum memory used in KiB
MAXMM=4346208
# MAXRSS: maximum Resident Segment Size in KiB
MAXRSS=4300268
# TIMEOUT: did the solver exceed the time limit?
TIMEOUT=true
# MEMOUT: did the solver exceed the memory limit?
MEMOUT=false
# EXITSTATUS: Exit status of the solver
EXITSTATUS=15
