# WCTIME: wall clock time in seconds
WCTIME=1708.38
# CPUTIME: CPU time in seconds (USERTIME+SYSTEMTIME)
CPUTIME=1639.23
# USERTIME: CPU time spent in user mode in seconds
USERTIME=1630.49
# SYSTEMTIME: CPU time spent in system mode in seconds
SYSTEMTIME=8.73696
# CPUUSAGE: CPUTIME/WCTIME in percent
CPUUSAGE=95.9521
# MAXVM: maximum virtual memory used in KiB
MAXVM=5108556
# MAXMM: maximum memory used in KiB
MAXMM=4082532
# MAXRSS: maximum Resident Segment Size in KiB
MAXRSS=4036024
# TIMEOUT: did the solver exceed the time limit?
TIMEOUT=false
# MEMOUT: did the solver exceed the memory limit?
MEMOUT=false
# EXITSTATUS: Exit status of the solver
EXITSTATUS=256
