# WCTIME: wall clock time in seconds
WCTIME=1683.66
# CPUTIME: CPU time in seconds (USERTIME+SYSTEMTIME)
CPUTIME=1618.88
# USERTIME: CPU time spent in user mode in seconds
USERTIME=1614.31
# SYSTEMTIME: CPU time spent in system mode in seconds
SYSTEMTIME=4.56604
# CPUUSAGE: CPUTIME/WCTIME in percent
CPUUSAGE=96.1523
# MAXVM: maximum virtual memory used in KiB
MAXVM=6924036
# MAXMM: maximum memory used in KiB
MAXMM=2999724
# MAXRSS: maximum Resident Segment Size in KiB
MAXRSS=2980716
# TIMEOUT: did the solver exceed the time limit?
TIMEOUT=false
# MEMOUT: did the solver exceed the memory limit?
MEMOUT=false
# EXITSTATUS: Exit status of the solver
EXITSTATUS=0
