# WCTIME: wall clock time in seconds
WCTIME=231.36
# CPUTIME: CPU time in seconds (USERTIME+SYSTEMTIME)
CPUTIME=221.949
# USERTIME: CPU time spent in user mode in seconds
USERTIME=202.588
# SYSTEMTIME: CPU time spent in system mode in seconds
SYSTEMTIME=19.3605
# CPUUSAGE: CPUTIME/WCTIME in percent
CPUUSAGE=95.9322
# MAXVM: maximum virtual memory used in KiB
MAXVM=34564848
# MAXMM: maximum memory used in KiB
MAXMM=33556228
# MAXRSS: maximum Resident Segment Size in KiB
MAXRSS=33538052
# TIMEOUT: did the solver exceed the time limit?
TIMEOUT=false
# MEMOUT: did the solver exceed the memory limit?
MEMOUT=true
# EXITSTATUS: Exit status of the solver
EXITSTATUS=15
