# WCTIME: wall clock time in seconds
WCTIME=95.6915
# CPUTIME: CPU time in seconds (USERTIME+SYSTEMTIME)
CPUTIME=90.8638
# USERTIME: CPU time spent in user mode in seconds
USERTIME=36.5046
# SYSTEMTIME: CPU time spent in system mode in seconds
SYSTEMTIME=54.3592
# CPUUSAGE: CPUTIME/WCTIME in percent
CPUUSAGE=94.955
# MAXVM: maximum virtual memory used in KiB
MAXVM=1808780
# MAXMM: maximum memory used in KiB
MAXMM=722928
# MAXRSS: maximum Resident Segment Size in KiB
MAXRSS=677740
# TIMEOUT: did the solver exceed the time limit?
TIMEOUT=false
# MEMOUT: did the solver exceed the memory limit?
MEMOUT=false
# EXITSTATUS: Exit status of the solver
EXITSTATUS=0
