# WCTIME: wall clock time in seconds
WCTIME=859.608
# CPUTIME: CPU time in seconds (USERTIME+SYSTEMTIME)
CPUTIME=818.832
# USERTIME: CPU time spent in user mode in seconds
USERTIME=810.506
# SYSTEMTIME: CPU time spent in system mode in seconds
SYSTEMTIME=8.32595
# CPUUSAGE: CPUTIME/WCTIME in percent
CPUUSAGE=95.2565
# MAXVM: maximum virtual memory used in KiB
MAXVM=3922700
# MAXMM: maximum memory used in KiB
MAXMM=2277840
# MAXRSS: maximum Resident Segment Size in KiB
MAXRSS=2238368
# TIMEOUT: did the solver exceed the time limit?
TIMEOUT=false
# MEMOUT: did the solver exceed the memory limit?
MEMOUT=false
# EXITSTATUS: Exit status of the solver
EXITSTATUS=256
