# WCTIME: wall clock time in seconds
WCTIME=1388.45
# CPUTIME: CPU time in seconds (USERTIME+SYSTEMTIME)
CPUTIME=1334.26
# USERTIME: CPU time spent in user mode in seconds
USERTIME=1325.91
# SYSTEMTIME: CPU time spent in system mode in seconds
SYSTEMTIME=8.35122
# CPUUSAGE: CPUTIME/WCTIME in percent
CPUUSAGE=96.0974
# MAXVM: maximum virtual memory used in KiB
MAXVM=9480196
# MAXMM: maximum memory used in KiB
MAXMM=8389028
# MAXRSS: maximum Resident Segment Size in KiB
MAXRSS=8361364
# TIMEOUT: did the solver exceed the time limit?
TIMEOUT=false
# MEMOUT: did the solver exceed the memory limit?
MEMOUT=true
# EXITSTATUS: Exit status of the solver
EXITSTATUS=15
