# WCTIME: wall clock time in seconds
WCTIME=0.947976
# CPUTIME: CPU time in seconds (USERTIME+SYSTEMTIME)
CPUTIME=0.682852
# USERTIME: CPU time spent in user mode in seconds
USERTIME=0.249523
# SYSTEMTIME: CPU time spent in system mode in seconds
SYSTEMTIME=0.433329
# CPUUSAGE: CPUTIME/WCTIME in percent
CPUUSAGE=72.0326
# MAXVM: maximum virtual memory used in KiB
MAXVM=1751508
# MAXMM: maximum memory used in KiB
MAXMM=46756
# MAXRSS: maximum Resident Segment Size in KiB
MAXRSS=38388
# TIMEOUT: did the solver exceed the time limit?
TIMEOUT=false
# MEMOUT: did the solver exceed the memory limit?
MEMOUT=false
# EXITSTATUS: Exit status of the solver
EXITSTATUS=0
