# WCTIME: wall clock time in seconds
WCTIME=1.11852
# CPUTIME: CPU time in seconds (USERTIME+SYSTEMTIME)
CPUTIME=0.629337
# USERTIME: CPU time spent in user mode in seconds
USERTIME=0.187269
# SYSTEMTIME: CPU time spent in system mode in seconds
SYSTEMTIME=0.442068
# CPUUSAGE: CPUTIME/WCTIME in percent
CPUUSAGE=56.2651
# MAXVM: maximum virtual memory used in KiB
MAXVM=1759528
# MAXMM: maximum memory used in KiB
MAXMM=47700
# MAXRSS: maximum Resident Segment Size in KiB
MAXRSS=33784
# TIMEOUT: did the solver exceed the time limit?
TIMEOUT=false
# MEMOUT: did the solver exceed the memory limit?
MEMOUT=false
# EXITSTATUS: Exit status of the solver
EXITSTATUS=0
