# WCTIME: wall clock time in seconds
WCTIME=455.936
# CPUTIME: CPU time in seconds (USERTIME+SYSTEMTIME)
CPUTIME=437.379
# USERTIME: CPU time spent in user mode in seconds
USERTIME=435.992
# SYSTEMTIME: CPU time spent in system mode in seconds
SYSTEMTIME=1.38783
# CPUUSAGE: CPUTIME/WCTIME in percent
CPUUSAGE=95.9301
# MAXVM: maximum virtual memory used in KiB
MAXVM=1827116
# MAXMM: maximum memory used in KiB
MAXMM=216832
# MAXRSS: maximum Resident Segment Size in KiB
MAXRSS=172852
# TIMEOUT: did the solver exceed the time limit?
TIMEOUT=false
# MEMOUT: did the solver exceed the memory limit?
MEMOUT=false
# EXITSTATUS: Exit status of the solver
EXITSTATUS=0
