# WCTIME: wall clock time in seconds
WCTIME=7.43073
# CPUTIME: CPU time in seconds (USERTIME+SYSTEMTIME)
CPUTIME=6.79069
# USERTIME: CPU time spent in user mode in seconds
USERTIME=3.2943
# SYSTEMTIME: CPU time spent in system mode in seconds
SYSTEMTIME=3.49638
# CPUUSAGE: CPUTIME/WCTIME in percent
CPUUSAGE=91.3866
# MAXVM: maximum virtual memory used in KiB
MAXVM=3894124
# MAXMM: maximum memory used in KiB
MAXMM=372072
# MAXRSS: maximum Resident Segment Size in KiB
MAXRSS=333540
# TIMEOUT: did the solver exceed the time limit?
TIMEOUT=false
# MEMOUT: did the solver exceed the memory limit?
MEMOUT=false
# EXITSTATUS: Exit status of the solver
EXITSTATUS=0
