# WCTIME: wall clock time in seconds
WCTIME=240.551
# CPUTIME: CPU time in seconds (USERTIME+SYSTEMTIME)
CPUTIME=229.095
# USERTIME: CPU time spent in user mode in seconds
USERTIME=222.922
# SYSTEMTIME: CPU time spent in system mode in seconds
SYSTEMTIME=6.17244
# CPUUSAGE: CPUTIME/WCTIME in percent
CPUUSAGE=95.2377
# MAXVM: maximum virtual memory used in KiB
MAXVM=9424188
# MAXMM: maximum memory used in KiB
MAXMM=8390488
# MAXRSS: maximum Resident Segment Size in KiB
MAXRSS=8351760
# TIMEOUT: did the solver exceed the time limit?
TIMEOUT=false
# MEMOUT: did the solver exceed the memory limit?
MEMOUT=true
# EXITSTATUS: Exit status of the solver
EXITSTATUS=9
