# WCTIME: wall clock time in seconds
WCTIME=2773.68
# CPUTIME: CPU time in seconds (USERTIME+SYSTEMTIME)
CPUTIME=2676.18
# USERTIME: CPU time spent in user mode in seconds
USERTIME=2650.12
# SYSTEMTIME: CPU time spent in system mode in seconds
SYSTEMTIME=26.0616
# CPUUSAGE: CPUTIME/WCTIME in percent
CPUUSAGE=96.485
# MAXVM: maximum virtual memory used in KiB
MAXVM=34673316
# MAXMM: maximum memory used in KiB
MAXMM=33554580
# MAXRSS: maximum Resident Segment Size in KiB
MAXRSS=33536176
# TIMEOUT: did the solver exceed the time limit?
TIMEOUT=false
# MEMOUT: did the solver exceed the memory limit?
MEMOUT=true
# EXITSTATUS: Exit status of the solver
EXITSTATUS=15
