# WCTIME: wall clock time in seconds
WCTIME=1591.92
# CPUTIME: CPU time in seconds (USERTIME+SYSTEMTIME)
CPUTIME=1518.73
# USERTIME: CPU time spent in user mode in seconds
USERTIME=1506.26
# SYSTEMTIME: CPU time spent in system mode in seconds
SYSTEMTIME=12.469
# CPUUSAGE: CPUTIME/WCTIME in percent
CPUUSAGE=95.4021
# MAXVM: maximum virtual memory used in KiB
MAXVM=9187488
# MAXMM: maximum memory used in KiB
MAXMM=8175604
# MAXRSS: maximum Resident Segment Size in KiB
MAXRSS=8134416
# TIMEOUT: did the solver exceed the time limit?
TIMEOUT=false
# MEMOUT: did the solver exceed the memory limit?
MEMOUT=false
# EXITSTATUS: Exit status of the solver
EXITSTATUS=0
