# WCTIME: wall clock time in seconds
WCTIME=1683.65
# CPUTIME: CPU time in seconds (USERTIME+SYSTEMTIME)
CPUTIME=1606.62
# USERTIME: CPU time spent in user mode in seconds
USERTIME=1603.68
# SYSTEMTIME: CPU time spent in system mode in seconds
SYSTEMTIME=2.93181
# CPUUSAGE: CPUTIME/WCTIME in percent
CPUUSAGE=95.4247
# MAXVM: maximum virtual memory used in KiB
MAXVM=3935172
# MAXMM: maximum memory used in KiB
MAXMM=538188
# MAXRSS: maximum Resident Segment Size in KiB
MAXRSS=524652
# TIMEOUT: did the solver exceed the time limit?
TIMEOUT=false
# MEMOUT: did the solver exceed the memory limit?
MEMOUT=false
# EXITSTATUS: Exit status of the solver
EXITSTATUS=0
