# WCTIME: wall clock time in seconds
WCTIME=1865.65
# CPUTIME: CPU time in seconds (USERTIME+SYSTEMTIME)
CPUTIME=1800.29
# USERTIME: CPU time spent in user mode in seconds
USERTIME=1795.15
# SYSTEMTIME: CPU time spent in system mode in seconds
SYSTEMTIME=5.13946
# CPUUSAGE: CPUTIME/WCTIME in percent
CPUUSAGE=96.4963
# MAXVM: maximum virtual memory used in KiB
MAXVM=2230980
# MAXMM: maximum memory used in KiB
MAXMM=1208472
# MAXRSS: maximum Resident Segment Size in KiB
MAXRSS=1163864
# TIMEOUT: did the solver exceed the time limit?
TIMEOUT=true
# MEMOUT: did the solver exceed the memory limit?
MEMOUT=false
# EXITSTATUS: Exit status of the solver
EXITSTATUS=15
