# WCTIME: wall clock time in seconds
WCTIME=91.0715
# CPUTIME: CPU time in seconds (USERTIME+SYSTEMTIME)
CPUTIME=84.9366
# USERTIME: CPU time spent in user mode in seconds
USERTIME=80.4584
# SYSTEMTIME: CPU time spent in system mode in seconds
SYSTEMTIME=4.47823
# CPUUSAGE: CPUTIME/WCTIME in percent
CPUUSAGE=93.2637
# MAXVM: maximum virtual memory used in KiB
MAXVM=4275688
# MAXMM: maximum memory used in KiB
MAXMM=940884
# MAXRSS: maximum Resident Segment Size in KiB
MAXRSS=564340
# TIMEOUT: did the solver exceed the time limit?
TIMEOUT=false
# MEMOUT: did the solver exceed the memory limit?
MEMOUT=false
# EXITSTATUS: Exit status of the solver
EXITSTATUS=0
