# WCTIME: wall clock time in seconds
WCTIME=1889.87
# CPUTIME: CPU time in seconds (USERTIME+SYSTEMTIME)
CPUTIME=1800.33
# USERTIME: CPU time spent in user mode in seconds
USERTIME=1790.86
# SYSTEMTIME: CPU time spent in system mode in seconds
SYSTEMTIME=9.46494
# CPUUSAGE: CPUTIME/WCTIME in percent
CPUUSAGE=95.262
# MAXVM: maximum virtual memory used in KiB
MAXVM=4795660
# MAXMM: maximum memory used in KiB
MAXMM=3813296
# MAXRSS: maximum Resident Segment Size in KiB
MAXRSS=3767084
# TIMEOUT: did the solver exceed the time limit?
TIMEOUT=true
# MEMOUT: did the solver exceed the memory limit?
MEMOUT=false
# EXITSTATUS: Exit status of the solver
EXITSTATUS=15
