# WCTIME: wall clock time in seconds
WCTIME=1.43449
# CPUTIME: CPU time in seconds (USERTIME+SYSTEMTIME)
CPUTIME=0.796844
# USERTIME: CPU time spent in user mode in seconds
USERTIME=0.43986
# SYSTEMTIME: CPU time spent in system mode in seconds
SYSTEMTIME=0.356984
# CPUUSAGE: CPUTIME/WCTIME in percent
CPUUSAGE=55.5489
# MAXVM: maximum virtual memory used in KiB
MAXVM=1825064
# MAXMM: maximum memory used in KiB
MAXMM=68140
# MAXRSS: maximum Resident Segment Size in KiB
MAXRSS=29332
# TIMEOUT: did the solver exceed the time limit?
TIMEOUT=false
# MEMOUT: did the solver exceed the memory limit?
MEMOUT=false
# EXITSTATUS: Exit status of the solver
EXITSTATUS=0
