# WCTIME: wall clock time in seconds
WCTIME=8.83014
# CPUTIME: CPU time in seconds (USERTIME+SYSTEMTIME)
CPUTIME=7.11347
# USERTIME: CPU time spent in user mode in seconds
USERTIME=3.48595
# SYSTEMTIME: CPU time spent in system mode in seconds
SYSTEMTIME=3.62752
# CPUUSAGE: CPUTIME/WCTIME in percent
CPUUSAGE=80.559
# MAXVM: maximum virtual memory used in KiB
MAXVM=3964372
# MAXMM: maximum memory used in KiB
MAXMM=376820
# MAXRSS: maximum Resident Segment Size in KiB
MAXRSS=337676
# TIMEOUT: did the solver exceed the time limit?
TIMEOUT=false
# MEMOUT: did the solver exceed the memory limit?
MEMOUT=false
# EXITSTATUS: Exit status of the solver
EXITSTATUS=0
