# WCTIME: wall clock time in seconds
WCTIME=1689.07
# CPUTIME: CPU time in seconds (USERTIME+SYSTEMTIME)
CPUTIME=1610.75
# USERTIME: CPU time spent in user mode in seconds
USERTIME=1603.62
# SYSTEMTIME: CPU time spent in system mode in seconds
SYSTEMTIME=7.12854
# CPUUSAGE: CPUTIME/WCTIME in percent
CPUUSAGE=95.3631
# MAXVM: maximum virtual memory used in KiB
MAXVM=3734864
# MAXMM: maximum memory used in KiB
MAXMM=346996
# MAXRSS: maximum Resident Segment Size in KiB
MAXRSS=328196
# TIMEOUT: did the solver exceed the time limit?
TIMEOUT=false
# MEMOUT: did the solver exceed the memory limit?
MEMOUT=false
# EXITSTATUS: Exit status of the solver
EXITSTATUS=0
