# WCTIME: wall clock time in seconds
WCTIME=23.5903
# CPUTIME: CPU time in seconds (USERTIME+SYSTEMTIME)
CPUTIME=22.025
# USERTIME: CPU time spent in user mode in seconds
USERTIME=19.6295
# SYSTEMTIME: CPU time spent in system mode in seconds
SYSTEMTIME=2.39547
# CPUUSAGE: CPUTIME/WCTIME in percent
CPUUSAGE=93.3647
# MAXVM: maximum virtual memory used in KiB
MAXVM=3710000
# MAXMM: maximum memory used in KiB
MAXMM=316320
# MAXRSS: maximum Resident Segment Size in KiB
MAXRSS=296876
# TIMEOUT: did the solver exceed the time limit?
TIMEOUT=false
# MEMOUT: did the solver exceed the memory limit?
MEMOUT=false
# EXITSTATUS: Exit status of the solver
EXITSTATUS=0
