# WCTIME: wall clock time in seconds
WCTIME=320.18
# CPUTIME: CPU time in seconds (USERTIME+SYSTEMTIME)
CPUTIME=306.271
# USERTIME: CPU time spent in user mode in seconds
USERTIME=299.809
# SYSTEMTIME: CPU time spent in system mode in seconds
SYSTEMTIME=6.46199
# CPUUSAGE: CPUTIME/WCTIME in percent
CPUUSAGE=95.6559
# MAXVM: maximum virtual memory used in KiB
MAXVM=9469408
# MAXMM: maximum memory used in KiB
MAXMM=8388800
# MAXRSS: maximum Resident Segment Size in KiB
MAXRSS=8349480
# TIMEOUT: did the solver exceed the time limit?
TIMEOUT=false
# MEMOUT: did the solver exceed the memory limit?
MEMOUT=true
# EXITSTATUS: Exit status of the solver
EXITSTATUS=15
