# WCTIME: wall clock time in seconds
WCTIME=805.182
# CPUTIME: CPU time in seconds (USERTIME+SYSTEMTIME)
CPUTIME=772.528
# USERTIME: CPU time spent in user mode in seconds
USERTIME=766.393
# SYSTEMTIME: CPU time spent in system mode in seconds
SYSTEMTIME=6.13541
# CPUUSAGE: CPUTIME/WCTIME in percent
CPUUSAGE=95.9445
# MAXVM: maximum virtual memory used in KiB
MAXVM=9187240
# MAXMM: maximum memory used in KiB
MAXMM=8129648
# MAXRSS: maximum Resident Segment Size in KiB
MAXRSS=8089404
# TIMEOUT: did the solver exceed the time limit?
TIMEOUT=false
# MEMOUT: did the solver exceed the memory limit?
MEMOUT=false
# EXITSTATUS: Exit status of the solver
EXITSTATUS=0
