# WCTIME: wall clock time in seconds
WCTIME=1871.67
# CPUTIME: CPU time in seconds (USERTIME+SYSTEMTIME)
CPUTIME=1800.18
# USERTIME: CPU time spent in user mode in seconds
USERTIME=1692.53
# SYSTEMTIME: CPU time spent in system mode in seconds
SYSTEMTIME=107.648
# CPUUSAGE: CPUTIME/WCTIME in percent
CPUUSAGE=96.1807
# MAXVM: maximum virtual memory used in KiB
MAXVM=8030844
# MAXMM: maximum memory used in KiB
MAXMM=6907636
# MAXRSS: maximum Resident Segment Size in KiB
MAXRSS=6861048
# TIMEOUT: did the solver exceed the time limit?
TIMEOUT=true
# MEMOUT: did the solver exceed the memory limit?
MEMOUT=false
# EXITSTATUS: Exit status of the solver
EXITSTATUS=256
