# WCTIME: wall clock time in seconds
WCTIME=9.15054
# CPUTIME: CPU time in seconds (USERTIME+SYSTEMTIME)
CPUTIME=8.332
# USERTIME: CPU time spent in user mode in seconds
USERTIME=4.12994
# SYSTEMTIME: CPU time spent in system mode in seconds
SYSTEMTIME=4.20205
# CPUUSAGE: CPUTIME/WCTIME in percent
CPUUSAGE=91.0546
# MAXVM: maximum virtual memory used in KiB
MAXVM=3894728
# MAXMM: maximum memory used in KiB
MAXMM=371688
# MAXRSS: maximum Resident Segment Size in KiB
MAXRSS=332352
# TIMEOUT: did the solver exceed the time limit?
TIMEOUT=false
# MEMOUT: did the solver exceed the memory limit?
MEMOUT=false
# EXITSTATUS: Exit status of the solver
EXITSTATUS=0
