# WCTIME: wall clock time in seconds
WCTIME=7.87179
# CPUTIME: CPU time in seconds (USERTIME+SYSTEMTIME)
CPUTIME=7.19206
# USERTIME: CPU time spent in user mode in seconds
USERTIME=3.64138
# SYSTEMTIME: CPU time spent in system mode in seconds
SYSTEMTIME=3.55068
# CPUUSAGE: CPUTIME/WCTIME in percent
CPUUSAGE=91.365
# MAXVM: maximum virtual memory used in KiB
MAXVM=3896164
# MAXMM: maximum memory used in KiB
MAXMM=375444
# MAXRSS: maximum Resident Segment Size in KiB
MAXRSS=339016
# TIMEOUT: did the solver exceed the time limit?
TIMEOUT=false
# MEMOUT: did the solver exceed the memory limit?
MEMOUT=false
# EXITSTATUS: Exit status of the solver
EXITSTATUS=0
