# WCTIME: wall clock time in seconds
WCTIME=1686.1
# CPUTIME: CPU time in seconds (USERTIME+SYSTEMTIME)
CPUTIME=1614.89
# USERTIME: CPU time spent in user mode in seconds
USERTIME=1606.85
# SYSTEMTIME: CPU time spent in system mode in seconds
SYSTEMTIME=8.04568
# CPUUSAGE: CPUTIME/WCTIME in percent
CPUUSAGE=95.777
# MAXVM: maximum virtual memory used in KiB
MAXVM=4352968
# MAXMM: maximum memory used in KiB
MAXMM=875952
# MAXRSS: maximum Resident Segment Size in KiB
MAXRSS=858748
# TIMEOUT: did the solver exceed the time limit?
TIMEOUT=false
# MEMOUT: did the solver exceed the memory limit?
MEMOUT=false
# EXITSTATUS: Exit status of the solver
EXITSTATUS=0
