# WCTIME: wall clock time in seconds
WCTIME=12.0175
# CPUTIME: CPU time in seconds (USERTIME+SYSTEMTIME)
CPUTIME=9.06892
# USERTIME: CPU time spent in user mode in seconds
USERTIME=5.53262
# SYSTEMTIME: CPU time spent in system mode in seconds
SYSTEMTIME=3.53629
# CPUUSAGE: CPUTIME/WCTIME in percent
CPUUSAGE=75.4642
# MAXVM: maximum virtual memory used in KiB
MAXVM=3835856
# MAXMM: maximum memory used in KiB
MAXMM=498924
# MAXRSS: maximum Resident Segment Size in KiB
MAXRSS=295592
# TIMEOUT: did the solver exceed the time limit?
TIMEOUT=false
# MEMOUT: did the solver exceed the memory limit?
MEMOUT=false
# EXITSTATUS: Exit status of the solver
EXITSTATUS=0
