# WCTIME: wall clock time in seconds
WCTIME=1683.51
# CPUTIME: CPU time in seconds (USERTIME+SYSTEMTIME)
CPUTIME=1606.42
# USERTIME: CPU time spent in user mode in seconds
USERTIME=1603.77
# SYSTEMTIME: CPU time spent in system mode in seconds
SYSTEMTIME=2.65241
# CPUUSAGE: CPUTIME/WCTIME in percent
CPUUSAGE=95.4213
# MAXVM: maximum virtual memory used in KiB
MAXVM=4062720
# MAXMM: maximum memory used in KiB
MAXMM=675144
# MAXRSS: maximum Resident Segment Size in KiB
MAXRSS=656348
# TIMEOUT: did the solver exceed the time limit?
TIMEOUT=false
# MEMOUT: did the solver exceed the memory limit?
MEMOUT=false
# EXITSTATUS: Exit status of the solver
EXITSTATUS=0
