# WCTIME: wall clock time in seconds
WCTIME=1684.58
# CPUTIME: CPU time in seconds (USERTIME+SYSTEMTIME)
CPUTIME=1614.87
# USERTIME: CPU time spent in user mode in seconds
USERTIME=1610.67
# SYSTEMTIME: CPU time spent in system mode in seconds
SYSTEMTIME=4.19902
# CPUUSAGE: CPUTIME/WCTIME in percent
CPUUSAGE=95.862
# MAXVM: maximum virtual memory used in KiB
MAXVM=4475640
# MAXMM: maximum memory used in KiB
MAXMM=837608
# MAXRSS: maximum Resident Segment Size in KiB
MAXRSS=817908
# TIMEOUT: did the solver exceed the time limit?
TIMEOUT=false
# MEMOUT: did the solver exceed the memory limit?
MEMOUT=false
# EXITSTATUS: Exit status of the solver
EXITSTATUS=0
