# WCTIME: wall clock time in seconds
WCTIME=213.489
# CPUTIME: CPU time in seconds (USERTIME+SYSTEMTIME)
CPUTIME=203.434
# USERTIME: CPU time spent in user mode in seconds
USERTIME=196.214
# SYSTEMTIME: CPU time spent in system mode in seconds
SYSTEMTIME=7.21982
# CPUUSAGE: CPUTIME/WCTIME in percent
CPUUSAGE=95.2901
# MAXVM: maximum virtual memory used in KiB
MAXVM=1691940
# MAXMM: maximum memory used in KiB
MAXMM=228544
# MAXRSS: maximum Resident Segment Size in KiB
MAXRSS=182912
# TIMEOUT: did the solver exceed the time limit?
TIMEOUT=false
# MEMOUT: did the solver exceed the memory limit?
MEMOUT=false
# EXITSTATUS: Exit status of the solver
EXITSTATUS=0
