# WCTIME: wall clock time in seconds
WCTIME=161.376
# CPUTIME: CPU time in seconds (USERTIME+SYSTEMTIME)
CPUTIME=149.979
# USERTIME: CPU time spent in user mode in seconds
USERTIME=139.08
# SYSTEMTIME: CPU time spent in system mode in seconds
SYSTEMTIME=10.8993
# CPUUSAGE: CPUTIME/WCTIME in percent
CPUUSAGE=92.9378
# MAXVM: maximum virtual memory used in KiB
MAXVM=11505100
# MAXMM: maximum memory used in KiB
MAXMM=8380756
# MAXRSS: maximum Resident Segment Size in KiB
MAXRSS=8076864
# TIMEOUT: did the solver exceed the time limit?
TIMEOUT=false
# MEMOUT: did the solver exceed the memory limit?
MEMOUT=false
# EXITSTATUS: Exit status of the solver
EXITSTATUS=0
