# WCTIME: wall clock time in seconds
WCTIME=1885.97
# CPUTIME: CPU time in seconds (USERTIME+SYSTEMTIME)
CPUTIME=1800.15
# USERTIME: CPU time spent in user mode in seconds
USERTIME=1726.64
# SYSTEMTIME: CPU time spent in system mode in seconds
SYSTEMTIME=73.5128
# CPUUSAGE: CPUTIME/WCTIME in percent
CPUUSAGE=95.4494
# MAXVM: maximum virtual memory used in KiB
MAXVM=2168536
# MAXMM: maximum memory used in KiB
MAXMM=1074420
# MAXRSS: maximum Resident Segment Size in KiB
MAXRSS=1030116
# TIMEOUT: did the solver exceed the time limit?
TIMEOUT=true
# MEMOUT: did the solver exceed the memory limit?
MEMOUT=false
# EXITSTATUS: Exit status of the solver
EXITSTATUS=15
