# WCTIME: wall clock time in seconds
WCTIME=1871.3
# CPUTIME: CPU time in seconds (USERTIME+SYSTEMTIME)
CPUTIME=1800.19
# USERTIME: CPU time spent in user mode in seconds
USERTIME=1788.47
# SYSTEMTIME: CPU time spent in system mode in seconds
SYSTEMTIME=11.7181
# CPUUSAGE: CPUTIME/WCTIME in percent
CPUUSAGE=96.2001
# MAXVM: maximum virtual memory used in KiB
MAXVM=5177792
# MAXMM: maximum memory used in KiB
MAXMM=4159236
# MAXRSS: maximum Resident Segment Size in KiB
MAXRSS=4120424
# TIMEOUT: did the solver exceed the time limit?
TIMEOUT=true
# MEMOUT: did the solver exceed the memory limit?
MEMOUT=false
# EXITSTATUS: Exit status of the solver
EXITSTATUS=15
