# WCTIME: wall clock time in seconds
WCTIME=1687.7
# CPUTIME: CPU time in seconds (USERTIME+SYSTEMTIME)
CPUTIME=1608.57
# USERTIME: CPU time spent in user mode in seconds
USERTIME=1594.39
# SYSTEMTIME: CPU time spent in system mode in seconds
SYSTEMTIME=14.1733
# CPUUSAGE: CPUTIME/WCTIME in percent
CPUUSAGE=95.3112
# MAXVM: maximum virtual memory used in KiB
MAXVM=3868908
# MAXMM: maximum memory used in KiB
MAXMM=535628
# MAXRSS: maximum Resident Segment Size in KiB
MAXRSS=516044
# TIMEOUT: did the solver exceed the time limit?
TIMEOUT=false
# MEMOUT: did the solver exceed the memory limit?
MEMOUT=false
# EXITSTATUS: Exit status of the solver
EXITSTATUS=0
