# WCTIME: wall clock time in seconds
WCTIME=2.64133
# CPUTIME: CPU time in seconds (USERTIME+SYSTEMTIME)
CPUTIME=2.31154
# USERTIME: CPU time spent in user mode in seconds
USERTIME=1.4184
# SYSTEMTIME: CPU time spent in system mode in seconds
SYSTEMTIME=0.893147
# CPUUSAGE: CPUTIME/WCTIME in percent
CPUUSAGE=87.5143
# MAXVM: maximum virtual memory used in KiB
MAXVM=1757476
# MAXMM: maximum memory used in KiB
MAXMM=167368
# MAXRSS: maximum Resident Segment Size in KiB
MAXRSS=123056
# TIMEOUT: did the solver exceed the time limit?
TIMEOUT=false
# MEMOUT: did the solver exceed the memory limit?
MEMOUT=false
# EXITSTATUS: Exit status of the solver
EXITSTATUS=0
