# WCTIME: wall clock time in seconds
WCTIME=28.9212
# CPUTIME: CPU time in seconds (USERTIME+SYSTEMTIME)
CPUTIME=26.8381
# USERTIME: CPU time spent in user mode in seconds
USERTIME=22.8946
# SYSTEMTIME: CPU time spent in system mode in seconds
SYSTEMTIME=3.94345
# CPUUSAGE: CPUTIME/WCTIME in percent
CPUUSAGE=92.7972
# MAXVM: maximum virtual memory used in KiB
MAXVM=3934772
# MAXMM: maximum memory used in KiB
MAXMM=413292
# MAXRSS: maximum Resident Segment Size in KiB
MAXRSS=375716
# TIMEOUT: did the solver exceed the time limit?
TIMEOUT=false
# MEMOUT: did the solver exceed the memory limit?
MEMOUT=false
# EXITSTATUS: Exit status of the solver
EXITSTATUS=0
