# WCTIME: wall clock time in seconds
WCTIME=365.297
# CPUTIME: CPU time in seconds (USERTIME+SYSTEMTIME)
CPUTIME=348.404
# USERTIME: CPU time spent in user mode in seconds
USERTIME=343.484
# SYSTEMTIME: CPU time spent in system mode in seconds
SYSTEMTIME=4.92034
# CPUUSAGE: CPUTIME/WCTIME in percent
CPUUSAGE=95.3755
# MAXVM: maximum virtual memory used in KiB
MAXVM=9254848
# MAXMM: maximum memory used in KiB
MAXMM=8127904
# MAXRSS: maximum Resident Segment Size in KiB
MAXRSS=8089180
# TIMEOUT: did the solver exceed the time limit?
TIMEOUT=false
# MEMOUT: did the solver exceed the memory limit?
MEMOUT=false
# EXITSTATUS: Exit status of the solver
EXITSTATUS=0
