# WCTIME: wall clock time in seconds
WCTIME=16079.2
# CPUTIME: CPU time in seconds (USERTIME+SYSTEMTIME)
CPUTIME=15520.5
# USERTIME: CPU time spent in user mode in seconds
USERTIME=15408.4
# SYSTEMTIME: CPU time spent in system mode in seconds
SYSTEMTIME=112.103
# CPUUSAGE: CPUTIME/WCTIME in percent
CPUUSAGE=96.5253
# MAXVM: maximum virtual memory used in KiB
MAXVM=34558676
# MAXMM: maximum memory used in KiB
MAXMM=33555188
# MAXRSS: maximum Resident Segment Size in KiB
MAXRSS=33534832
# TIMEOUT: did the solver exceed the time limit?
TIMEOUT=false
# MEMOUT: did the solver exceed the memory limit?
MEMOUT=true
# EXITSTATUS: Exit status of the solver
EXITSTATUS=15
