# WCTIME: wall clock time in seconds
WCTIME=119.871
# CPUTIME: CPU time in seconds (USERTIME+SYSTEMTIME)
CPUTIME=114.133
# USERTIME: CPU time spent in user mode in seconds
USERTIME=108.136
# SYSTEMTIME: CPU time spent in system mode in seconds
SYSTEMTIME=5.99693
# CPUUSAGE: CPUTIME/WCTIME in percent
CPUUSAGE=95.2132
# MAXVM: maximum virtual memory used in KiB
MAXVM=9536388
# MAXMM: maximum memory used in KiB
MAXMM=8399752
# MAXRSS: maximum Resident Segment Size in KiB
MAXRSS=8353136
# TIMEOUT: did the solver exceed the time limit?
TIMEOUT=false
# MEMOUT: did the solver exceed the memory limit?
MEMOUT=true
# EXITSTATUS: Exit status of the solver
EXITSTATUS=15
