# WCTIME: wall clock time in seconds
WCTIME=109.097
# CPUTIME: CPU time in seconds (USERTIME+SYSTEMTIME)
CPUTIME=102.158
# USERTIME: CPU time spent in user mode in seconds
USERTIME=96.8041
# SYSTEMTIME: CPU time spent in system mode in seconds
SYSTEMTIME=5.35411
# CPUUSAGE: CPUTIME/WCTIME in percent
CPUUSAGE=93.64
# MAXVM: maximum virtual memory used in KiB
MAXVM=4027708
# MAXMM: maximum memory used in KiB
MAXMM=903732
# MAXRSS: maximum Resident Segment Size in KiB
MAXRSS=866340
# TIMEOUT: did the solver exceed the time limit?
TIMEOUT=false
# MEMOUT: did the solver exceed the memory limit?
MEMOUT=false
# EXITSTATUS: Exit status of the solver
EXITSTATUS=0
