# WCTIME: wall clock time in seconds
WCTIME=78.0404
# CPUTIME: CPU time in seconds (USERTIME+SYSTEMTIME)
CPUTIME=74.0664
# USERTIME: CPU time spent in user mode in seconds
USERTIME=71.3722
# SYSTEMTIME: CPU time spent in system mode in seconds
SYSTEMTIME=2.69417
# CPUUSAGE: CPUTIME/WCTIME in percent
CPUUSAGE=94.9078
# MAXVM: maximum virtual memory used in KiB
MAXVM=3733284
# MAXMM: maximum memory used in KiB
MAXMM=338160
# MAXRSS: maximum Resident Segment Size in KiB
MAXRSS=318704
# TIMEOUT: did the solver exceed the time limit?
TIMEOUT=false
# MEMOUT: did the solver exceed the memory limit?
MEMOUT=false
# EXITSTATUS: Exit status of the solver
EXITSTATUS=0
