# WCTIME: wall clock time in seconds
WCTIME=318.635
# CPUTIME: CPU time in seconds (USERTIME+SYSTEMTIME)
CPUTIME=301.757
# USERTIME: CPU time spent in user mode in seconds
USERTIME=244.896
# SYSTEMTIME: CPU time spent in system mode in seconds
SYSTEMTIME=56.8609
# CPUUSAGE: CPUTIME/WCTIME in percent
CPUUSAGE=94.7031
# MAXVM: maximum virtual memory used in KiB
MAXVM=5177652
# MAXMM: maximum memory used in KiB
MAXMM=4008528
# MAXRSS: maximum Resident Segment Size in KiB
MAXRSS=3968524
# TIMEOUT: did the solver exceed the time limit?
TIMEOUT=false
# MEMOUT: did the solver exceed the memory limit?
MEMOUT=false
# EXITSTATUS: Exit status of the solver
EXITSTATUS=256
