# WCTIME: wall clock time in seconds
WCTIME=560.641
# CPUTIME: CPU time in seconds (USERTIME+SYSTEMTIME)
CPUTIME=534.348
# USERTIME: CPU time spent in user mode in seconds
USERTIME=528.858
# SYSTEMTIME: CPU time spent in system mode in seconds
SYSTEMTIME=5.48998
# CPUUSAGE: CPUTIME/WCTIME in percent
CPUUSAGE=95.3103
# MAXVM: maximum virtual memory used in KiB
MAXVM=9465508
# MAXMM: maximum memory used in KiB
MAXMM=8390164
# MAXRSS: maximum Resident Segment Size in KiB
MAXRSS=8360336
# TIMEOUT: did the solver exceed the time limit?
TIMEOUT=false
# MEMOUT: did the solver exceed the memory limit?
MEMOUT=true
# EXITSTATUS: Exit status of the solver
EXITSTATUS=15
