# WCTIME: wall clock time in seconds
WCTIME=52.328
# CPUTIME: CPU time in seconds (USERTIME+SYSTEMTIME)
CPUTIME=48.5759
# USERTIME: CPU time spent in user mode in seconds
USERTIME=40.9983
# SYSTEMTIME: CPU time spent in system mode in seconds
SYSTEMTIME=7.5776
# CPUUSAGE: CPUTIME/WCTIME in percent
CPUUSAGE=92.8297
# MAXVM: maximum virtual memory used in KiB
MAXVM=11458884
# MAXMM: maximum memory used in KiB
MAXMM=8395456
# MAXRSS: maximum Resident Segment Size in KiB
MAXRSS=8089324
# TIMEOUT: did the solver exceed the time limit?
TIMEOUT=false
# MEMOUT: did the solver exceed the memory limit?
MEMOUT=true
# EXITSTATUS: Exit status of the solver
EXITSTATUS=15
