# WCTIME: wall clock time in seconds
WCTIME=214.146
# CPUTIME: CPU time in seconds (USERTIME+SYSTEMTIME)
CPUTIME=203.949
# USERTIME: CPU time spent in user mode in seconds
USERTIME=197.176
# SYSTEMTIME: CPU time spent in system mode in seconds
SYSTEMTIME=6.77249
# CPUUSAGE: CPUTIME/WCTIME in percent
CPUUSAGE=95.2382
# MAXVM: maximum virtual memory used in KiB
MAXVM=9521848
# MAXMM: maximum memory used in KiB
MAXMM=8389300
# MAXRSS: maximum Resident Segment Size in KiB
MAXRSS=8342700
# TIMEOUT: did the solver exceed the time limit?
TIMEOUT=false
# MEMOUT: did the solver exceed the memory limit?
MEMOUT=true
# EXITSTATUS: Exit status of the solver
EXITSTATUS=15
