# WCTIME: wall clock time in seconds
WCTIME=1.35714
# CPUTIME: CPU time in seconds (USERTIME+SYSTEMTIME)
CPUTIME=0.968891
# USERTIME: CPU time spent in user mode in seconds
USERTIME=0.395136
# SYSTEMTIME: CPU time spent in system mode in seconds
SYSTEMTIME=0.573755
# CPUUSAGE: CPUTIME/WCTIME in percent
CPUUSAGE=71.3921
# MAXVM: maximum virtual memory used in KiB
MAXVM=1793800
# MAXMM: maximum memory used in KiB
MAXMM=83844
# MAXRSS: maximum Resident Segment Size in KiB
MAXRSS=44192
# TIMEOUT: did the solver exceed the time limit?
TIMEOUT=false
# MEMOUT: did the solver exceed the memory limit?
MEMOUT=false
# EXITSTATUS: Exit status of the solver
EXITSTATUS=0
