# WCTIME: wall clock time in seconds
WCTIME=1709.08
# CPUTIME: CPU time in seconds (USERTIME+SYSTEMTIME)
CPUTIME=1640.91
# USERTIME: CPU time spent in user mode in seconds
USERTIME=1614.8
# SYSTEMTIME: CPU time spent in system mode in seconds
SYSTEMTIME=26.1088
# CPUUSAGE: CPUTIME/WCTIME in percent
CPUUSAGE=96.0112
# MAXVM: maximum virtual memory used in KiB
MAXVM=4023764
# MAXMM: maximum memory used in KiB
MAXMM=625332
# MAXRSS: maximum Resident Segment Size in KiB
MAXRSS=605840
# TIMEOUT: did the solver exceed the time limit?
TIMEOUT=false
# MEMOUT: did the solver exceed the memory limit?
MEMOUT=false
# EXITSTATUS: Exit status of the solver
EXITSTATUS=0
