# WCTIME: wall clock time in seconds
WCTIME=1682.83
# CPUTIME: CPU time in seconds (USERTIME+SYSTEMTIME)
CPUTIME=1610.85
# USERTIME: CPU time spent in user mode in seconds
USERTIME=1605.39
# SYSTEMTIME: CPU time spent in system mode in seconds
SYSTEMTIME=5.45413
# CPUUSAGE: CPUTIME/WCTIME in percent
CPUUSAGE=95.7224
# MAXVM: maximum virtual memory used in KiB
MAXVM=3794476
# MAXMM: maximum memory used in KiB
MAXMM=332252
# MAXRSS: maximum Resident Segment Size in KiB
MAXRSS=313060
# TIMEOUT: did the solver exceed the time limit?
TIMEOUT=false
# MEMOUT: did the solver exceed the memory limit?
MEMOUT=false
# EXITSTATUS: Exit status of the solver
EXITSTATUS=0
