# WCTIME: wall clock time in seconds
WCTIME=1875.12
# CPUTIME: CPU time in seconds (USERTIME+SYSTEMTIME)
CPUTIME=1800.31
# USERTIME: CPU time spent in user mode in seconds
USERTIME=1783.45
# SYSTEMTIME: CPU time spent in system mode in seconds
SYSTEMTIME=16.8651
# CPUUSAGE: CPUTIME/WCTIME in percent
CPUUSAGE=96.0104
# MAXVM: maximum virtual memory used in KiB
MAXVM=3280812
# MAXMM: maximum memory used in KiB
MAXMM=2237156
# MAXRSS: maximum Resident Segment Size in KiB
MAXRSS=2196620
# TIMEOUT: did the solver exceed the time limit?
TIMEOUT=true
# MEMOUT: did the solver exceed the memory limit?
MEMOUT=false
# EXITSTATUS: Exit status of the solver
EXITSTATUS=15
