# WCTIME: wall clock time in seconds
WCTIME=535.683
# CPUTIME: CPU time in seconds (USERTIME+SYSTEMTIME)
CPUTIME=514.491
# USERTIME: CPU time spent in user mode in seconds
USERTIME=498.63
# SYSTEMTIME: CPU time spent in system mode in seconds
SYSTEMTIME=15.8612
# CPUUSAGE: CPUTIME/WCTIME in percent
CPUUSAGE=96.044
# MAXVM: maximum virtual memory used in KiB
MAXVM=10200600
# MAXMM: maximum memory used in KiB
MAXMM=4725620
# MAXRSS: maximum Resident Segment Size in KiB
MAXRSS=4706192
# TIMEOUT: did the solver exceed the time limit?
TIMEOUT=false
# MEMOUT: did the solver exceed the memory limit?
MEMOUT=false
# EXITSTATUS: Exit status of the solver
EXITSTATUS=0
