# WCTIME: wall clock time in seconds
WCTIME=2.02544
# CPUTIME: CPU time in seconds (USERTIME+SYSTEMTIME)
CPUTIME=1.71943
# USERTIME: CPU time spent in user mode in seconds
USERTIME=1.21236
# SYSTEMTIME: CPU time spent in system mode in seconds
SYSTEMTIME=0.507065
# CPUUSAGE: CPUTIME/WCTIME in percent
CPUUSAGE=84.8917
# MAXVM: maximum virtual memory used in KiB
MAXVM=1288020
# MAXMM: maximum memory used in KiB
MAXMM=140804
# MAXRSS: maximum Resident Segment Size in KiB
MAXRSS=105836
# TIMEOUT: did the solver exceed the time limit?
TIMEOUT=false
# MEMOUT: did the solver exceed the memory limit?
MEMOUT=false
# EXITSTATUS: Exit status of the solver
EXITSTATUS=0
