# WCTIME: wall clock time in seconds
WCTIME=292.466
# CPUTIME: CPU time in seconds (USERTIME+SYSTEMTIME)
CPUTIME=278.883
# USERTIME: CPU time spent in user mode in seconds
USERTIME=274.067
# SYSTEMTIME: CPU time spent in system mode in seconds
SYSTEMTIME=4.81608
# CPUUSAGE: CPUTIME/WCTIME in percent
CPUUSAGE=95.3556
# MAXVM: maximum virtual memory used in KiB
MAXVM=9185704
# MAXMM: maximum memory used in KiB
MAXMM=8132484
# MAXRSS: maximum Resident Segment Size in KiB
MAXRSS=8097232
# TIMEOUT: did the solver exceed the time limit?
TIMEOUT=false
# MEMOUT: did the solver exceed the memory limit?
MEMOUT=false
# EXITSTATUS: Exit status of the solver
EXITSTATUS=0
