# WCTIME: wall clock time in seconds
WCTIME=1884.74
# CPUTIME: CPU time in seconds (USERTIME+SYSTEMTIME)
CPUTIME=1800.22
# USERTIME: CPU time spent in user mode in seconds
USERTIME=1795.3
# SYSTEMTIME: CPU time spent in system mode in seconds
SYSTEMTIME=4.91928
# CPUUSAGE: CPUTIME/WCTIME in percent
CPUUSAGE=95.5157
# MAXVM: maximum virtual memory used in KiB
MAXVM=2490688
# MAXMM: maximum memory used in KiB
MAXMM=1523932
# MAXRSS: maximum Resident Segment Size in KiB
MAXRSS=1484380
# TIMEOUT: did the solver exceed the time limit?
TIMEOUT=true
# MEMOUT: did the solver exceed the memory limit?
MEMOUT=false
# EXITSTATUS: Exit status of the solver
EXITSTATUS=15
