# WCTIME: wall clock time in seconds
WCTIME=1884.26
# CPUTIME: CPU time in seconds (USERTIME+SYSTEMTIME)
CPUTIME=1800.3
# USERTIME: CPU time spent in user mode in seconds
USERTIME=1784.6
# SYSTEMTIME: CPU time spent in system mode in seconds
SYSTEMTIME=15.7028
# CPUUSAGE: CPUTIME/WCTIME in percent
CPUUSAGE=95.5441
# MAXVM: maximum virtual memory used in KiB
MAXVM=6313596
# MAXMM: maximum memory used in KiB
MAXMM=3639964
# MAXRSS: maximum Resident Segment Size in KiB
MAXRSS=3600616
# TIMEOUT: did the solver exceed the time limit?
TIMEOUT=true
# MEMOUT: did the solver exceed the memory limit?
MEMOUT=false
# EXITSTATUS: Exit status of the solver
EXITSTATUS=15
