# WCTIME: wall clock time in seconds
WCTIME=0.873977
# CPUTIME: CPU time in seconds (USERTIME+SYSTEMTIME)
CPUTIME=0.616479
# USERTIME: CPU time spent in user mode in seconds
USERTIME=0.210121
# SYSTEMTIME: CPU time spent in system mode in seconds
SYSTEMTIME=0.406358
# CPUUSAGE: CPUTIME/WCTIME in percent
CPUUSAGE=70.5372
# MAXVM: maximum virtual memory used in KiB
MAXVM=1232088
# MAXMM: maximum memory used in KiB
MAXMM=79572
# MAXRSS: maximum Resident Segment Size in KiB
MAXRSS=37824
# TIMEOUT: did the solver exceed the time limit?
TIMEOUT=false
# MEMOUT: did the solver exceed the memory limit?
MEMOUT=false
# EXITSTATUS: Exit status of the solver
EXITSTATUS=0
