# WCTIME: wall clock time in seconds
WCTIME=934.683
# CPUTIME: CPU time in seconds (USERTIME+SYSTEMTIME)
CPUTIME=885.923
# USERTIME: CPU time spent in user mode in seconds
USERTIME=527.8
# SYSTEMTIME: CPU time spent in system mode in seconds
SYSTEMTIME=358.123
# CPUUSAGE: CPUTIME/WCTIME in percent
CPUUSAGE=94.7832
# MAXVM: maximum virtual memory used in KiB
MAXVM=5112884
# MAXMM: maximum memory used in KiB
MAXMM=4091092
# MAXRSS: maximum Resident Segment Size in KiB
MAXRSS=4044484
# TIMEOUT: did the solver exceed the time limit?
TIMEOUT=false
# MEMOUT: did the solver exceed the memory limit?
MEMOUT=false
# EXITSTATUS: Exit status of the solver
EXITSTATUS=256
