# WCTIME: wall clock time in seconds
WCTIME=12.7663
# CPUTIME: CPU time in seconds (USERTIME+SYSTEMTIME)
CPUTIME=11.4579
# USERTIME: CPU time spent in user mode in seconds
USERTIME=11.0365
# SYSTEMTIME: CPU time spent in system mode in seconds
SYSTEMTIME=0.421306
# CPUUSAGE: CPUTIME/WCTIME in percent
CPUUSAGE=89.7506
# MAXVM: maximum virtual memory used in KiB
MAXVM=1042456
# MAXMM: maximum memory used in KiB
MAXMM=70580
# MAXRSS: maximum Resident Segment Size in KiB
MAXRSS=25748
# TIMEOUT: did the solver exceed the time limit?
TIMEOUT=false
# MEMOUT: did the solver exceed the memory limit?
MEMOUT=false
# EXITSTATUS: Exit status of the solver
EXITSTATUS=0
