# WCTIME: wall clock time in seconds
WCTIME=1.5919
# CPUTIME: CPU time in seconds (USERTIME+SYSTEMTIME)
CPUTIME=0.575954
# USERTIME: CPU time spent in user mode in seconds
USERTIME=0.221298
# SYSTEMTIME: CPU time spent in system mode in seconds
SYSTEMTIME=0.354656
# CPUUSAGE: CPUTIME/WCTIME in percent
CPUUSAGE=36.1803
# MAXVM: maximum virtual memory used in KiB
MAXVM=1755612
# MAXMM: maximum memory used in KiB
MAXMM=25192
# MAXRSS: maximum Resident Segment Size in KiB
MAXRSS=25840
# TIMEOUT: did the solver exceed the time limit?
TIMEOUT=false
# MEMOUT: did the solver exceed the memory limit?
MEMOUT=false
# EXITSTATUS: Exit status of the solver
EXITSTATUS=0
