# WCTIME: wall clock time in seconds
WCTIME=1877.46
# CPUTIME: CPU time in seconds (USERTIME+SYSTEMTIME)
CPUTIME=1800.18
# USERTIME: CPU time spent in user mode in seconds
USERTIME=1788.28
# SYSTEMTIME: CPU time spent in system mode in seconds
SYSTEMTIME=11.9026
# CPUUSAGE: CPUTIME/WCTIME in percent
CPUUSAGE=95.8836
# MAXVM: maximum virtual memory used in KiB
MAXVM=6578464
# MAXMM: maximum memory used in KiB
MAXMM=5597100
# MAXRSS: maximum Resident Segment Size in KiB
MAXRSS=5548980
# TIMEOUT: did the solver exceed the time limit?
TIMEOUT=true
# MEMOUT: did the solver exceed the memory limit?
MEMOUT=false
# EXITSTATUS: Exit status of the solver
EXITSTATUS=15
