# WCTIME: wall clock time in seconds
WCTIME=12.9475
# CPUTIME: CPU time in seconds (USERTIME+SYSTEMTIME)
CPUTIME=11.0887
# USERTIME: CPU time spent in user mode in seconds
USERTIME=7.61671
# SYSTEMTIME: CPU time spent in system mode in seconds
SYSTEMTIME=3.47199
# CPUUSAGE: CPUTIME/WCTIME in percent
CPUUSAGE=85.6437
# MAXVM: maximum virtual memory used in KiB
MAXVM=3660976
# MAXMM: maximum memory used in KiB
MAXMM=530648
# MAXRSS: maximum Resident Segment Size in KiB
MAXRSS=273232
# TIMEOUT: did the solver exceed the time limit?
TIMEOUT=false
# MEMOUT: did the solver exceed the memory limit?
MEMOUT=false
# EXITSTATUS: Exit status of the solver
EXITSTATUS=0
