# WCTIME: wall clock time in seconds
WCTIME=1878.86
# CPUTIME: CPU time in seconds (USERTIME+SYSTEMTIME)
CPUTIME=1800.15
# USERTIME: CPU time spent in user mode in seconds
USERTIME=1796.91
# SYSTEMTIME: CPU time spent in system mode in seconds
SYSTEMTIME=3.23787
# CPUUSAGE: CPUTIME/WCTIME in percent
CPUUSAGE=95.8106
# MAXVM: maximum virtual memory used in KiB
MAXVM=1688024
# MAXMM: maximum memory used in KiB
MAXMM=328788
# MAXRSS: maximum Resident Segment Size in KiB
MAXRSS=289256
# TIMEOUT: did the solver exceed the time limit?
TIMEOUT=true
# MEMOUT: did the solver exceed the memory limit?
MEMOUT=false
# EXITSTATUS: Exit status of the solver
EXITSTATUS=15
