# WCTIME: wall clock time in seconds
WCTIME=561.853
# CPUTIME: CPU time in seconds (USERTIME+SYSTEMTIME)
CPUTIME=535.145
# USERTIME: CPU time spent in user mode in seconds
USERTIME=529.05
# SYSTEMTIME: CPU time spent in system mode in seconds
SYSTEMTIME=6.0946
# CPUUSAGE: CPUTIME/WCTIME in percent
CPUUSAGE=95.2464
# MAXVM: maximum virtual memory used in KiB
MAXVM=9499936
# MAXMM: maximum memory used in KiB
MAXMM=8389724
# MAXRSS: maximum Resident Segment Size in KiB
MAXRSS=8362060
# TIMEOUT: did the solver exceed the time limit?
TIMEOUT=false
# MEMOUT: did the solver exceed the memory limit?
MEMOUT=true
# EXITSTATUS: Exit status of the solver
EXITSTATUS=15
