# WCTIME: wall clock time in seconds
WCTIME=1685.23
# CPUTIME: CPU time in seconds (USERTIME+SYSTEMTIME)
CPUTIME=1601.28
# USERTIME: CPU time spent in user mode in seconds
USERTIME=1595.2
# SYSTEMTIME: CPU time spent in system mode in seconds
SYSTEMTIME=6.08359
# CPUUSAGE: CPUTIME/WCTIME in percent
CPUUSAGE=95.019
# MAXVM: maximum virtual memory used in KiB
MAXVM=9546720
# MAXMM: maximum memory used in KiB
MAXMM=4098864
# MAXRSS: maximum Resident Segment Size in KiB
MAXRSS=4079496
# TIMEOUT: did the solver exceed the time limit?
TIMEOUT=false
# MEMOUT: did the solver exceed the memory limit?
MEMOUT=false
# EXITSTATUS: Exit status of the solver
EXITSTATUS=0
