# WCTIME: wall clock time in seconds
WCTIME=32.9413
# CPUTIME: CPU time in seconds (USERTIME+SYSTEMTIME)
CPUTIME=28.8564
# USERTIME: CPU time spent in user mode in seconds
USERTIME=24.699
# SYSTEMTIME: CPU time spent in system mode in seconds
SYSTEMTIME=4.1574
# CPUUSAGE: CPUTIME/WCTIME in percent
CPUUSAGE=87.5995
# MAXVM: maximum virtual memory used in KiB
MAXVM=3541852
# MAXMM: maximum memory used in KiB
MAXMM=476012
# MAXRSS: maximum Resident Segment Size in KiB
MAXRSS=293032
# TIMEOUT: did the solver exceed the time limit?
TIMEOUT=false
# MEMOUT: did the solver exceed the memory limit?
MEMOUT=false
# EXITSTATUS: Exit status of the solver
EXITSTATUS=0
