# WCTIME: wall clock time in seconds
WCTIME=1883.56
# CPUTIME: CPU time in seconds (USERTIME+SYSTEMTIME)
CPUTIME=1800.35
# USERTIME: CPU time spent in user mode in seconds
USERTIME=1790.78
# SYSTEMTIME: CPU time spent in system mode in seconds
SYSTEMTIME=9.56777
# CPUUSAGE: CPUTIME/WCTIME in percent
CPUUSAGE=95.5818
# MAXVM: maximum virtual memory used in KiB
MAXVM=4199796
# MAXMM: maximum memory used in KiB
MAXMM=3177512
# MAXRSS: maximum Resident Segment Size in KiB
MAXRSS=3130860
# TIMEOUT: did the solver exceed the time limit?
TIMEOUT=true
# MEMOUT: did the solver exceed the memory limit?
MEMOUT=false
# EXITSTATUS: Exit status of the solver
EXITSTATUS=15
