# WCTIME: wall clock time in seconds
WCTIME=1806.92
# CPUTIME: CPU time in seconds (USERTIME+SYSTEMTIME)
CPUTIME=1730.8
# USERTIME: CPU time spent in user mode in seconds
USERTIME=1721.36
# SYSTEMTIME: CPU time spent in system mode in seconds
SYSTEMTIME=9.4395
# CPUUSAGE: CPUTIME/WCTIME in percent
CPUUSAGE=95.7874
# MAXVM: maximum virtual memory used in KiB
MAXVM=5957464
# MAXMM: maximum memory used in KiB
MAXMM=2892212
# MAXRSS: maximum Resident Segment Size in KiB
MAXRSS=2585836
# TIMEOUT: did the solver exceed the time limit?
TIMEOUT=false
# MEMOUT: did the solver exceed the memory limit?
MEMOUT=false
# EXITSTATUS: Exit status of the solver
EXITSTATUS=0
