# WCTIME: wall clock time in seconds
WCTIME=1407.19
# CPUTIME: CPU time in seconds (USERTIME+SYSTEMTIME)
CPUTIME=1347.35
# USERTIME: CPU time spent in user mode in seconds
USERTIME=1339.7
# SYSTEMTIME: CPU time spent in system mode in seconds
SYSTEMTIME=7.6524
# CPUUSAGE: CPUTIME/WCTIME in percent
CPUUSAGE=95.748
# MAXVM: maximum virtual memory used in KiB
MAXVM=9255072
# MAXMM: maximum memory used in KiB
MAXMM=8138452
# MAXRSS: maximum Resident Segment Size in KiB
MAXRSS=8099844
# TIMEOUT: did the solver exceed the time limit?
TIMEOUT=false
# MEMOUT: did the solver exceed the memory limit?
MEMOUT=false
# EXITSTATUS: Exit status of the solver
EXITSTATUS=0
