# WCTIME: wall clock time in seconds
WCTIME=1875.55
# CPUTIME: CPU time in seconds (USERTIME+SYSTEMTIME)
CPUTIME=1800.75
# USERTIME: CPU time spent in user mode in seconds
USERTIME=1778.18
# SYSTEMTIME: CPU time spent in system mode in seconds
SYSTEMTIME=22.5735
# CPUUSAGE: CPUTIME/WCTIME in percent
CPUUSAGE=96.0118
# MAXVM: maximum virtual memory used in KiB
MAXVM=8895544
# MAXMM: maximum memory used in KiB
MAXMM=7856288
# MAXRSS: maximum Resident Segment Size in KiB
MAXRSS=7815712
# TIMEOUT: did the solver exceed the time limit?
TIMEOUT=true
# MEMOUT: did the solver exceed the memory limit?
MEMOUT=false
# EXITSTATUS: Exit status of the solver
EXITSTATUS=15
