# WCTIME: wall clock time in seconds
WCTIME=1.65449
# CPUTIME: CPU time in seconds (USERTIME+SYSTEMTIME)
CPUTIME=1.31551
# USERTIME: CPU time spent in user mode in seconds
USERTIME=0.779914
# SYSTEMTIME: CPU time spent in system mode in seconds
SYSTEMTIME=0.535591
# CPUUSAGE: CPUTIME/WCTIME in percent
CPUUSAGE=79.5112
# MAXVM: maximum virtual memory used in KiB
MAXVM=1622488
# MAXMM: maximum memory used in KiB
MAXMM=123944
# MAXRSS: maximum Resident Segment Size in KiB
MAXRSS=81696
# TIMEOUT: did the solver exceed the time limit?
TIMEOUT=false
# MEMOUT: did the solver exceed the memory limit?
MEMOUT=false
# EXITSTATUS: Exit status of the solver
EXITSTATUS=0
