# WCTIME: wall clock time in seconds
WCTIME=1.54798
# CPUTIME: CPU time in seconds (USERTIME+SYSTEMTIME)
CPUTIME=1.21481
# USERTIME: CPU time spent in user mode in seconds
USERTIME=0.788574
# SYSTEMTIME: CPU time spent in system mode in seconds
SYSTEMTIME=0.426234
# CPUUSAGE: CPUTIME/WCTIME in percent
CPUUSAGE=78.477
# MAXVM: maximum virtual memory used in KiB
MAXVM=1021940
# MAXMM: maximum memory used in KiB
MAXMM=58752
# MAXRSS: maximum Resident Segment Size in KiB
MAXRSS=25924
# TIMEOUT: did the solver exceed the time limit?
TIMEOUT=false
# MEMOUT: did the solver exceed the memory limit?
MEMOUT=false
# EXITSTATUS: Exit status of the solver
EXITSTATUS=0
