# WCTIME: wall clock time in seconds
WCTIME=192.504
# CPUTIME: CPU time in seconds (USERTIME+SYSTEMTIME)
CPUTIME=184.346
# USERTIME: CPU time spent in user mode in seconds
USERTIME=166.626
# SYSTEMTIME: CPU time spent in system mode in seconds
SYSTEMTIME=17.72
# CPUUSAGE: CPUTIME/WCTIME in percent
CPUUSAGE=95.7621
# MAXVM: maximum virtual memory used in KiB
MAXVM=34560924
# MAXMM: maximum memory used in KiB
MAXMM=33558848
# MAXRSS: maximum Resident Segment Size in KiB
MAXRSS=33538456
# TIMEOUT: did the solver exceed the time limit?
TIMEOUT=false
# MEMOUT: did the solver exceed the memory limit?
MEMOUT=true
# EXITSTATUS: Exit status of the solver
EXITSTATUS=15
