# WCTIME: wall clock time in seconds
WCTIME=718.947
# CPUTIME: CPU time in seconds (USERTIME+SYSTEMTIME)
CPUTIME=686.379
# USERTIME: CPU time spent in user mode in seconds
USERTIME=679.407
# SYSTEMTIME: CPU time spent in system mode in seconds
SYSTEMTIME=6.97131
# CPUUSAGE: CPUTIME/WCTIME in percent
CPUUSAGE=95.47
# MAXVM: maximum virtual memory used in KiB
MAXVM=9186932
# MAXMM: maximum memory used in KiB
MAXMM=8136656
# MAXRSS: maximum Resident Segment Size in KiB
MAXRSS=8098144
# TIMEOUT: did the solver exceed the time limit?
TIMEOUT=false
# MEMOUT: did the solver exceed the memory limit?
MEMOUT=false
# EXITSTATUS: Exit status of the solver
EXITSTATUS=0
