# WCTIME: wall clock time in seconds
WCTIME=1878.64
# CPUTIME: CPU time in seconds (USERTIME+SYSTEMTIME)
CPUTIME=1800.43
# USERTIME: CPU time spent in user mode in seconds
USERTIME=1781.52
# SYSTEMTIME: CPU time spent in system mode in seconds
SYSTEMTIME=18.917
# CPUUSAGE: CPUTIME/WCTIME in percent
CPUUSAGE=95.837
# MAXVM: maximum virtual memory used in KiB
MAXVM=6998616
# MAXMM: maximum memory used in KiB
MAXMM=6033280
# MAXRSS: maximum Resident Segment Size in KiB
MAXRSS=5995900
# TIMEOUT: did the solver exceed the time limit?
TIMEOUT=true
# MEMOUT: did the solver exceed the memory limit?
MEMOUT=false
# EXITSTATUS: Exit status of the solver
EXITSTATUS=15
