# WCTIME: wall clock time in seconds
WCTIME=18.7694
# CPUTIME: CPU time in seconds (USERTIME+SYSTEMTIME)
CPUTIME=17.5687
# USERTIME: CPU time spent in user mode in seconds
USERTIME=13.8324
# SYSTEMTIME: CPU time spent in system mode in seconds
SYSTEMTIME=3.73627
# CPUUSAGE: CPUTIME/WCTIME in percent
CPUUSAGE=93.6027
# MAXVM: maximum virtual memory used in KiB
MAXVM=3916360
# MAXMM: maximum memory used in KiB
MAXMM=397512
# MAXRSS: maximum Resident Segment Size in KiB
MAXRSS=357832
# TIMEOUT: did the solver exceed the time limit?
TIMEOUT=false
# MEMOUT: did the solver exceed the memory limit?
MEMOUT=false
# EXITSTATUS: Exit status of the solver
EXITSTATUS=0
