# WCTIME: wall clock time in seconds
WCTIME=127.136
# CPUTIME: CPU time in seconds (USERTIME+SYSTEMTIME)
CPUTIME=120.917
# USERTIME: CPU time spent in user mode in seconds
USERTIME=115.589
# SYSTEMTIME: CPU time spent in system mode in seconds
SYSTEMTIME=5.32855
# CPUUSAGE: CPUTIME/WCTIME in percent
CPUUSAGE=95.1091
# MAXVM: maximum virtual memory used in KiB
MAXVM=9498136
# MAXMM: maximum memory used in KiB
MAXMM=8415324
# MAXRSS: maximum Resident Segment Size in KiB
MAXRSS=8378428
# TIMEOUT: did the solver exceed the time limit?
TIMEOUT=false
# MEMOUT: did the solver exceed the memory limit?
MEMOUT=true
# EXITSTATUS: Exit status of the solver
EXITSTATUS=15
