# WCTIME: wall clock time in seconds
WCTIME=1786.61
# CPUTIME: CPU time in seconds (USERTIME+SYSTEMTIME)
CPUTIME=1702.89
# USERTIME: CPU time spent in user mode in seconds
USERTIME=1699.76
# SYSTEMTIME: CPU time spent in system mode in seconds
SYSTEMTIME=3.13046
# CPUUSAGE: CPUTIME/WCTIME in percent
CPUUSAGE=95.3141
# MAXVM: maximum virtual memory used in KiB
MAXVM=5392944
# MAXMM: maximum memory used in KiB
MAXMM=1593360
# MAXRSS: maximum Resident Segment Size in KiB
MAXRSS=1574388
# TIMEOUT: did the solver exceed the time limit?
TIMEOUT=false
# MEMOUT: did the solver exceed the memory limit?
MEMOUT=false
# EXITSTATUS: Exit status of the solver
EXITSTATUS=0
