# WCTIME: wall clock time in seconds
WCTIME=8.16069
# CPUTIME: CPU time in seconds (USERTIME+SYSTEMTIME)
CPUTIME=7.07193
# USERTIME: CPU time spent in user mode in seconds
USERTIME=3.49934
# SYSTEMTIME: CPU time spent in system mode in seconds
SYSTEMTIME=3.5726
# CPUUSAGE: CPUTIME/WCTIME in percent
CPUUSAGE=86.6585
# MAXVM: maximum virtual memory used in KiB
MAXVM=3893716
# MAXMM: maximum memory used in KiB
MAXMM=372372
# MAXRSS: maximum Resident Segment Size in KiB
MAXRSS=333488
# TIMEOUT: did the solver exceed the time limit?
TIMEOUT=false
# MEMOUT: did the solver exceed the memory limit?
MEMOUT=false
# EXITSTATUS: Exit status of the solver
EXITSTATUS=0
