# WCTIME: wall clock time in seconds
WCTIME=48637.1
# CPUTIME: CPU time in seconds (USERTIME+SYSTEMTIME)
CPUTIME=44956.6
# USERTIME: CPU time spent in user mode in seconds
USERTIME=43988.7
# SYSTEMTIME: CPU time spent in system mode in seconds
SYSTEMTIME=967.889
# CPUUSAGE: CPUTIME/WCTIME in percent
CPUUSAGE=92.4328
# MAXVM: maximum virtual memory used in KiB
MAXVM=4296088
# MAXMM: maximum memory used in KiB
MAXMM=2967628
# MAXRSS: maximum Resident Segment Size in KiB
MAXRSS=2796960
# TIMEOUT: did the solver exceed the time limit?
TIMEOUT=false
# MEMOUT: did the solver exceed the memory limit?
MEMOUT=false
# EXITSTATUS: Exit status of the solver
EXITSTATUS=256
