# WCTIME: wall clock time in seconds
WCTIME=1881.1
# CPUTIME: CPU time in seconds (USERTIME+SYSTEMTIME)
CPUTIME=1800.17
# USERTIME: CPU time spent in user mode in seconds
USERTIME=1786.31
# SYSTEMTIME: CPU time spent in system mode in seconds
SYSTEMTIME=13.8626
# CPUUSAGE: CPUTIME/WCTIME in percent
CPUUSAGE=95.6981
# MAXVM: maximum virtual memory used in KiB
MAXVM=3653012
# MAXMM: maximum memory used in KiB
MAXMM=2650832
# MAXRSS: maximum Resident Segment Size in KiB
MAXRSS=2604408
# TIMEOUT: did the solver exceed the time limit?
TIMEOUT=true
# MEMOUT: did the solver exceed the memory limit?
MEMOUT=false
# EXITSTATUS: Exit status of the solver
EXITSTATUS=15
