# WCTIME: wall clock time in seconds
WCTIME=62.2306
# CPUTIME: CPU time in seconds (USERTIME+SYSTEMTIME)
CPUTIME=59.047
# USERTIME: CPU time spent in user mode in seconds
USERTIME=58.2737
# SYSTEMTIME: CPU time spent in system mode in seconds
SYSTEMTIME=0.773223
# CPUUSAGE: CPUTIME/WCTIME in percent
CPUUSAGE=94.8841
# MAXVM: maximum virtual memory used in KiB
MAXVM=1757476
# MAXMM: maximum memory used in KiB
MAXMM=151860
# MAXRSS: maximum Resident Segment Size in KiB
MAXRSS=113064
# TIMEOUT: did the solver exceed the time limit?
TIMEOUT=false
# MEMOUT: did the solver exceed the memory limit?
MEMOUT=false
# EXITSTATUS: Exit status of the solver
EXITSTATUS=0
