# WCTIME: wall clock time in seconds
WCTIME=1876.11
# CPUTIME: CPU time in seconds (USERTIME+SYSTEMTIME)
CPUTIME=1800.21
# USERTIME: CPU time spent in user mode in seconds
USERTIME=1797.46
# SYSTEMTIME: CPU time spent in system mode in seconds
SYSTEMTIME=2.75493
# CPUUSAGE: CPUTIME/WCTIME in percent
CPUUSAGE=95.9546
# MAXVM: maximum virtual memory used in KiB
MAXVM=1755612
# MAXMM: maximum memory used in KiB
MAXMM=423732
# MAXRSS: maximum Resident Segment Size in KiB
MAXRSS=377244
# TIMEOUT: did the solver exceed the time limit?
TIMEOUT=true
# MEMOUT: did the solver exceed the memory limit?
MEMOUT=false
# EXITSTATUS: Exit status of the solver
EXITSTATUS=15
