# WCTIME: wall clock time in seconds
WCTIME=1685.24
# CPUTIME: CPU time in seconds (USERTIME+SYSTEMTIME)
CPUTIME=1616.07
# USERTIME: CPU time spent in user mode in seconds
USERTIME=1611.69
# SYSTEMTIME: CPU time spent in system mode in seconds
SYSTEMTIME=4.37479
# CPUUSAGE: CPUTIME/WCTIME in percent
CPUUSAGE=95.895
# MAXVM: maximum virtual memory used in KiB
MAXVM=6174512
# MAXMM: maximum memory used in KiB
MAXMM=2744776
# MAXRSS: maximum Resident Segment Size in KiB
MAXRSS=2727360
# TIMEOUT: did the solver exceed the time limit?
TIMEOUT=false
# MEMOUT: did the solver exceed the memory limit?
MEMOUT=false
# EXITSTATUS: Exit status of the solver
EXITSTATUS=0
