# WCTIME: wall clock time in seconds
WCTIME=453.496
# CPUTIME: CPU time in seconds (USERTIME+SYSTEMTIME)
CPUTIME=429.16
# USERTIME: CPU time spent in user mode in seconds
USERTIME=423.765
# SYSTEMTIME: CPU time spent in system mode in seconds
SYSTEMTIME=5.39488
# CPUUSAGE: CPUTIME/WCTIME in percent
CPUUSAGE=94.6337
# MAXVM: maximum virtual memory used in KiB
MAXVM=3879432
# MAXMM: maximum memory used in KiB
MAXMM=871980
# MAXRSS: maximum Resident Segment Size in KiB
MAXRSS=863276
# TIMEOUT: did the solver exceed the time limit?
TIMEOUT=false
# MEMOUT: did the solver exceed the memory limit?
MEMOUT=false
# EXITSTATUS: Exit status of the solver
EXITSTATUS=0
