# WCTIME: wall clock time in seconds
WCTIME=1876.89
# CPUTIME: CPU time in seconds (USERTIME+SYSTEMTIME)
CPUTIME=1800.32
# USERTIME: CPU time spent in user mode in seconds
USERTIME=1787.5
# SYSTEMTIME: CPU time spent in system mode in seconds
SYSTEMTIME=12.8227
# CPUUSAGE: CPUTIME/WCTIME in percent
CPUUSAGE=95.9205
# MAXVM: maximum virtual memory used in KiB
MAXVM=3262248
# MAXMM: maximum memory used in KiB
MAXMM=2267296
# MAXRSS: maximum Resident Segment Size in KiB
MAXRSS=2220724
# TIMEOUT: did the solver exceed the time limit?
TIMEOUT=true
# MEMOUT: did the solver exceed the memory limit?
MEMOUT=false
# EXITSTATUS: Exit status of the solver
EXITSTATUS=15
