# WCTIME: wall clock time in seconds
WCTIME=58.5798
# CPUTIME: CPU time in seconds (USERTIME+SYSTEMTIME)
CPUTIME=55.6656
# USERTIME: CPU time spent in user mode in seconds
USERTIME=40.3434
# SYSTEMTIME: CPU time spent in system mode in seconds
SYSTEMTIME=15.3222
# CPUUSAGE: CPUTIME/WCTIME in percent
CPUUSAGE=95.0253
# MAXVM: maximum virtual memory used in KiB
MAXVM=10200320
# MAXMM: maximum memory used in KiB
MAXMM=6614152
# MAXRSS: maximum Resident Segment Size in KiB
MAXRSS=6597764
# TIMEOUT: did the solver exceed the time limit?
TIMEOUT=false
# MEMOUT: did the solver exceed the memory limit?
MEMOUT=false
# EXITSTATUS: Exit status of the solver
EXITSTATUS=0
