# WCTIME: wall clock time in seconds
WCTIME=1880.37
# CPUTIME: CPU time in seconds (USERTIME+SYSTEMTIME)
CPUTIME=1800.19
# USERTIME: CPU time spent in user mode in seconds
USERTIME=1797.39
# SYSTEMTIME: CPU time spent in system mode in seconds
SYSTEMTIME=2.80319
# CPUUSAGE: CPUTIME/WCTIME in percent
CPUUSAGE=95.7361
# MAXVM: maximum virtual memory used in KiB
MAXVM=2719608
# MAXMM: maximum memory used in KiB
MAXMM=1749708
# MAXRSS: maximum Resident Segment Size in KiB
MAXRSS=1700348
# TIMEOUT: did the solver exceed the time limit?
TIMEOUT=true
# MEMOUT: did the solver exceed the memory limit?
MEMOUT=false
# EXITSTATUS: Exit status of the solver
EXITSTATUS=15
