# WCTIME: wall clock time in seconds
WCTIME=9.27876
# CPUTIME: CPU time in seconds (USERTIME+SYSTEMTIME)
CPUTIME=8.08677
# USERTIME: CPU time spent in user mode in seconds
USERTIME=7.6639
# SYSTEMTIME: CPU time spent in system mode in seconds
SYSTEMTIME=0.422876
# CPUUSAGE: CPUTIME/WCTIME in percent
CPUUSAGE=87.1536
# MAXVM: maximum virtual memory used in KiB
MAXVM=1020992
# MAXMM: maximum memory used in KiB
MAXMM=61612
# MAXRSS: maximum Resident Segment Size in KiB
MAXRSS=27908
# TIMEOUT: did the solver exceed the time limit?
TIMEOUT=false
# MEMOUT: did the solver exceed the memory limit?
MEMOUT=false
# EXITSTATUS: Exit status of the solver
EXITSTATUS=0
