# WCTIME: wall clock time in seconds
WCTIME=1807.06
# CPUTIME: CPU time in seconds (USERTIME+SYSTEMTIME)
CPUTIME=1731.7
# USERTIME: CPU time spent in user mode in seconds
USERTIME=1725.05
# SYSTEMTIME: CPU time spent in system mode in seconds
SYSTEMTIME=6.65198
# CPUUSAGE: CPUTIME/WCTIME in percent
CPUUSAGE=95.8298
# MAXVM: maximum virtual memory used in KiB
MAXVM=6395548
# MAXMM: maximum memory used in KiB
MAXMM=3332460
# MAXRSS: maximum Resident Segment Size in KiB
MAXRSS=3025312
# TIMEOUT: did the solver exceed the time limit?
TIMEOUT=false
# MEMOUT: did the solver exceed the memory limit?
MEMOUT=false
# EXITSTATUS: Exit status of the solver
EXITSTATUS=0
