# WCTIME: wall clock time in seconds
WCTIME=58.694
# CPUTIME: CPU time in seconds (USERTIME+SYSTEMTIME)
CPUTIME=55.8182
# USERTIME: CPU time spent in user mode in seconds
USERTIME=40.8852
# SYSTEMTIME: CPU time spent in system mode in seconds
SYSTEMTIME=14.933
# CPUUSAGE: CPUTIME/WCTIME in percent
CPUUSAGE=95.1003
# MAXVM: maximum virtual memory used in KiB
MAXVM=10267316
# MAXMM: maximum memory used in KiB
MAXMM=6774580
# MAXRSS: maximum Resident Segment Size in KiB
MAXRSS=6757072
# TIMEOUT: did the solver exceed the time limit?
TIMEOUT=false
# MEMOUT: did the solver exceed the memory limit?
MEMOUT=false
# EXITSTATUS: Exit status of the solver
EXITSTATUS=0
