# WCTIME: wall clock time in seconds
WCTIME=241.825
# CPUTIME: CPU time in seconds (USERTIME+SYSTEMTIME)
CPUTIME=229.989
# USERTIME: CPU time spent in user mode in seconds
USERTIME=218.189
# SYSTEMTIME: CPU time spent in system mode in seconds
SYSTEMTIME=11.8009
# CPUUSAGE: CPUTIME/WCTIME in percent
CPUUSAGE=95.1057
# MAXVM: maximum virtual memory used in KiB
MAXVM=9199780
# MAXMM: maximum memory used in KiB
MAXMM=8127608
# MAXRSS: maximum Resident Segment Size in KiB
MAXRSS=8080736
# TIMEOUT: did the solver exceed the time limit?
TIMEOUT=false
# MEMOUT: did the solver exceed the memory limit?
MEMOUT=false
# EXITSTATUS: Exit status of the solver
EXITSTATUS=0
