# WCTIME: wall clock time in seconds
WCTIME=119.421
# CPUTIME: CPU time in seconds (USERTIME+SYSTEMTIME)
CPUTIME=113.281
# USERTIME: CPU time spent in user mode in seconds
USERTIME=111.192
# SYSTEMTIME: CPU time spent in system mode in seconds
SYSTEMTIME=2.08904
# CPUUSAGE: CPUTIME/WCTIME in percent
CPUUSAGE=94.8588
# MAXVM: maximum virtual memory used in KiB
MAXVM=3709136
# MAXMM: maximum memory used in KiB
MAXMM=253424
# MAXRSS: maximum Resident Segment Size in KiB
MAXRSS=236148
# TIMEOUT: did the solver exceed the time limit?
TIMEOUT=false
# MEMOUT: did the solver exceed the memory limit?
MEMOUT=false
# EXITSTATUS: Exit status of the solver
EXITSTATUS=0
