# WCTIME: wall clock time in seconds
WCTIME=10.5392
# CPUTIME: CPU time in seconds (USERTIME+SYSTEMTIME)
CPUTIME=7.53618
# USERTIME: CPU time spent in user mode in seconds
USERTIME=3.75799
# SYSTEMTIME: CPU time spent in system mode in seconds
SYSTEMTIME=3.77819
# CPUUSAGE: CPUTIME/WCTIME in percent
CPUUSAGE=71.5061
# MAXVM: maximum virtual memory used in KiB
MAXVM=3542928
# MAXMM: maximum memory used in KiB
MAXMM=476236
# MAXRSS: maximum Resident Segment Size in KiB
MAXRSS=303496
# TIMEOUT: did the solver exceed the time limit?
TIMEOUT=false
# MEMOUT: did the solver exceed the memory limit?
MEMOUT=false
# EXITSTATUS: Exit status of the solver
EXITSTATUS=0
