# WCTIME: wall clock time in seconds
WCTIME=1875.38
# CPUTIME: CPU time in seconds (USERTIME+SYSTEMTIME)
CPUTIME=1800.58
# USERTIME: CPU time spent in user mode in seconds
USERTIME=1797.29
# SYSTEMTIME: CPU time spent in system mode in seconds
SYSTEMTIME=3.28619
# CPUUSAGE: CPUTIME/WCTIME in percent
CPUUSAGE=96.0112
# MAXVM: maximum virtual memory used in KiB
MAXVM=3999400
# MAXMM: maximum memory used in KiB
MAXMM=601976
# MAXRSS: maximum Resident Segment Size in KiB
MAXRSS=582492
# TIMEOUT: did the solver exceed the time limit?
TIMEOUT=true
# MEMOUT: did the solver exceed the memory limit?
MEMOUT=false
# EXITSTATUS: Exit status of the solver
EXITSTATUS=0
