# WCTIME: wall clock time in seconds
WCTIME=1871.21
# CPUTIME: CPU time in seconds (USERTIME+SYSTEMTIME)
CPUTIME=1800.41
# USERTIME: CPU time spent in user mode in seconds
USERTIME=1788.71
# SYSTEMTIME: CPU time spent in system mode in seconds
SYSTEMTIME=11.7012
# CPUUSAGE: CPUTIME/WCTIME in percent
CPUUSAGE=96.2162
# MAXVM: maximum virtual memory used in KiB
MAXVM=4021772
# MAXMM: maximum memory used in KiB
MAXMM=3026736
# MAXRSS: maximum Resident Segment Size in KiB
MAXRSS=2986384
# TIMEOUT: did the solver exceed the time limit?
TIMEOUT=true
# MEMOUT: did the solver exceed the memory limit?
MEMOUT=false
# EXITSTATUS: Exit status of the solver
EXITSTATUS=15
