# WCTIME: wall clock time in seconds
WCTIME=1880.03
# CPUTIME: CPU time in seconds (USERTIME+SYSTEMTIME)
CPUTIME=1800.21
# USERTIME: CPU time spent in user mode in seconds
USERTIME=1791.49
# SYSTEMTIME: CPU time spent in system mode in seconds
SYSTEMTIME=8.72537
# CPUUSAGE: CPUTIME/WCTIME in percent
CPUUSAGE=95.7546
# MAXVM: maximum virtual memory used in KiB
MAXVM=2619072
# MAXMM: maximum memory used in KiB
MAXMM=1656660
# MAXRSS: maximum Resident Segment Size in KiB
MAXRSS=1616804
# TIMEOUT: did the solver exceed the time limit?
TIMEOUT=true
# MEMOUT: did the solver exceed the memory limit?
MEMOUT=false
# EXITSTATUS: Exit status of the solver
EXITSTATUS=15
