# WCTIME: wall clock time in seconds
WCTIME=10.5495
# CPUTIME: CPU time in seconds (USERTIME+SYSTEMTIME)
CPUTIME=7.7022
# USERTIME: CPU time spent in user mode in seconds
USERTIME=3.72045
# SYSTEMTIME: CPU time spent in system mode in seconds
SYSTEMTIME=3.98175
# CPUUSAGE: CPUTIME/WCTIME in percent
CPUUSAGE=73.0099
# MAXVM: maximum virtual memory used in KiB
MAXVM=3561960
# MAXMM: maximum memory used in KiB
MAXMM=483864
# MAXRSS: maximum Resident Segment Size in KiB
MAXRSS=304468
# TIMEOUT: did the solver exceed the time limit?
TIMEOUT=false
# MEMOUT: did the solver exceed the memory limit?
MEMOUT=false
# EXITSTATUS: Exit status of the solver
EXITSTATUS=0
