# WCTIME: wall clock time in seconds
WCTIME=1865.2
# CPUTIME: CPU time in seconds (USERTIME+SYSTEMTIME)
CPUTIME=1800.25
# USERTIME: CPU time spent in user mode in seconds
USERTIME=1791.83
# SYSTEMTIME: CPU time spent in system mode in seconds
SYSTEMTIME=8.41496
# CPUUSAGE: CPUTIME/WCTIME in percent
CPUUSAGE=96.5177
# MAXVM: maximum virtual memory used in KiB
MAXVM=4280344
# MAXMM: maximum memory used in KiB
MAXMM=1603976
# MAXRSS: maximum Resident Segment Size in KiB
MAXRSS=1564536
# TIMEOUT: did the solver exceed the time limit?
TIMEOUT=true
# MEMOUT: did the solver exceed the memory limit?
MEMOUT=false
# EXITSTATUS: Exit status of the solver
EXITSTATUS=15
