# WCTIME: wall clock time in seconds
WCTIME=1876.77
# CPUTIME: CPU time in seconds (USERTIME+SYSTEMTIME)
CPUTIME=1800.3
# USERTIME: CPU time spent in user mode in seconds
USERTIME=1790.92
# SYSTEMTIME: CPU time spent in system mode in seconds
SYSTEMTIME=9.37325
# CPUUSAGE: CPUTIME/WCTIME in percent
CPUUSAGE=95.9253
# MAXVM: maximum virtual memory used in KiB
MAXVM=3901980
# MAXMM: maximum memory used in KiB
MAXMM=2943008
# MAXRSS: maximum Resident Segment Size in KiB
MAXRSS=2896280
# TIMEOUT: did the solver exceed the time limit?
TIMEOUT=true
# MEMOUT: did the solver exceed the memory limit?
MEMOUT=false
# EXITSTATUS: Exit status of the solver
EXITSTATUS=15
