# WCTIME: wall clock time in seconds
WCTIME=430.874
# CPUTIME: CPU time in seconds (USERTIME+SYSTEMTIME)
CPUTIME=411.109
# USERTIME: CPU time spent in user mode in seconds
USERTIME=404.868
# SYSTEMTIME: CPU time spent in system mode in seconds
SYSTEMTIME=6.24035
# CPUUSAGE: CPUTIME/WCTIME in percent
CPUUSAGE=95.4127
# MAXVM: maximum virtual memory used in KiB
MAXVM=9493068
# MAXMM: maximum memory used in KiB
MAXMM=8389444
# MAXRSS: maximum Resident Segment Size in KiB
MAXRSS=8359500
# TIMEOUT: did the solver exceed the time limit?
TIMEOUT=false
# MEMOUT: did the solver exceed the memory limit?
MEMOUT=true
# EXITSTATUS: Exit status of the solver
EXITSTATUS=15
