# WCTIME: wall clock time in seconds
WCTIME=1703.48
# CPUTIME: CPU time in seconds (USERTIME+SYSTEMTIME)
CPUTIME=1629.79
# USERTIME: CPU time spent in user mode in seconds
USERTIME=1627.2
# SYSTEMTIME: CPU time spent in system mode in seconds
SYSTEMTIME=2.58575
# CPUUSAGE: CPUTIME/WCTIME in percent
CPUUSAGE=95.6743
# MAXVM: maximum virtual memory used in KiB
MAXVM=4243608
# MAXMM: maximum memory used in KiB
MAXMM=721312
# MAXRSS: maximum Resident Segment Size in KiB
MAXRSS=701840
# TIMEOUT: did the solver exceed the time limit?
TIMEOUT=false
# MEMOUT: did the solver exceed the memory limit?
MEMOUT=false
# EXITSTATUS: Exit status of the solver
EXITSTATUS=0
