# WCTIME: wall clock time in seconds
WCTIME=1623.49
# CPUTIME: CPU time in seconds (USERTIME+SYSTEMTIME)
CPUTIME=1558.02
# USERTIME: CPU time spent in user mode in seconds
USERTIME=1550.71
# SYSTEMTIME: CPU time spent in system mode in seconds
SYSTEMTIME=7.30639
# CPUUSAGE: CPUTIME/WCTIME in percent
CPUUSAGE=95.9672
# MAXVM: maximum virtual memory used in KiB
MAXVM=3564956
# MAXMM: maximum memory used in KiB
MAXMM=2603328
# MAXRSS: maximum Resident Segment Size in KiB
MAXRSS=2575316
# TIMEOUT: did the solver exceed the time limit?
TIMEOUT=false
# MEMOUT: did the solver exceed the memory limit?
MEMOUT=false
# EXITSTATUS: Exit status of the solver
EXITSTATUS=0
