# WCTIME: wall clock time in seconds
WCTIME=1887.11
# CPUTIME: CPU time in seconds (USERTIME+SYSTEMTIME)
CPUTIME=1800.41
# USERTIME: CPU time spent in user mode in seconds
USERTIME=1786.56
# SYSTEMTIME: CPU time spent in system mode in seconds
SYSTEMTIME=13.8458
# CPUUSAGE: CPUTIME/WCTIME in percent
CPUUSAGE=95.4054
# MAXVM: maximum virtual memory used in KiB
MAXVM=5295968
# MAXMM: maximum memory used in KiB
MAXMM=4391784
# MAXRSS: maximum Resident Segment Size in KiB
MAXRSS=4352124
# TIMEOUT: did the solver exceed the time limit?
TIMEOUT=true
# MEMOUT: did the solver exceed the memory limit?
MEMOUT=false
# EXITSTATUS: Exit status of the solver
EXITSTATUS=15
