# WCTIME: wall clock time in seconds
WCTIME=1743.71
# CPUTIME: CPU time in seconds (USERTIME+SYSTEMTIME)
CPUTIME=1675.6
# USERTIME: CPU time spent in user mode in seconds
USERTIME=1445.02
# SYSTEMTIME: CPU time spent in system mode in seconds
SYSTEMTIME=230.585
# CPUUSAGE: CPUTIME/WCTIME in percent
CPUUSAGE=96.0943
# MAXVM: maximum virtual memory used in KiB
MAXVM=4896276
# MAXMM: maximum memory used in KiB
MAXMM=1434184
# MAXRSS: maximum Resident Segment Size in KiB
MAXRSS=1417452
# TIMEOUT: did the solver exceed the time limit?
TIMEOUT=false
# MEMOUT: did the solver exceed the memory limit?
MEMOUT=false
# EXITSTATUS: Exit status of the solver
EXITSTATUS=0
