# WCTIME: wall clock time in seconds
WCTIME=52.2218
# CPUTIME: CPU time in seconds (USERTIME+SYSTEMTIME)
CPUTIME=49.4186
# USERTIME: CPU time spent in user mode in seconds
USERTIME=34.6886
# SYSTEMTIME: CPU time spent in system mode in seconds
SYSTEMTIME=14.73
# CPUUSAGE: CPUTIME/WCTIME in percent
CPUUSAGE=94.6322
# MAXVM: maximum virtual memory used in KiB
MAXVM=10190016
# MAXMM: maximum memory used in KiB
MAXMM=6651500
# MAXRSS: maximum Resident Segment Size in KiB
MAXRSS=6644200
# TIMEOUT: did the solver exceed the time limit?
TIMEOUT=false
# MEMOUT: did the solver exceed the memory limit?
MEMOUT=false
# EXITSTATUS: Exit status of the solver
EXITSTATUS=0
