# WCTIME: wall clock time in seconds
WCTIME=62.5656
# CPUTIME: CPU time in seconds (USERTIME+SYSTEMTIME)
CPUTIME=59.4315
# USERTIME: CPU time spent in user mode in seconds
USERTIME=45.7476
# SYSTEMTIME: CPU time spent in system mode in seconds
SYSTEMTIME=13.6839
# CPUUSAGE: CPUTIME/WCTIME in percent
CPUUSAGE=94.9906
# MAXVM: maximum virtual memory used in KiB
MAXVM=1888548
# MAXMM: maximum memory used in KiB
MAXMM=587504
# MAXRSS: maximum Resident Segment Size in KiB
MAXRSS=545024
# TIMEOUT: did the solver exceed the time limit?
TIMEOUT=false
# MEMOUT: did the solver exceed the memory limit?
MEMOUT=false
# EXITSTATUS: Exit status of the solver
EXITSTATUS=0
