# WCTIME: wall clock time in seconds
WCTIME=1.23285
# CPUTIME: CPU time in seconds (USERTIME+SYSTEMTIME)
CPUTIME=0.946016
# USERTIME: CPU time spent in user mode in seconds
USERTIME=0.464097
# SYSTEMTIME: CPU time spent in system mode in seconds
SYSTEMTIME=0.481919
# CPUUSAGE: CPUTIME/WCTIME in percent
CPUUSAGE=76.7338
# MAXVM: maximum virtual memory used in KiB
MAXVM=1180304
# MAXMM: maximum memory used in KiB
MAXMM=99984
# MAXRSS: maximum Resident Segment Size in KiB
MAXRSS=64424
# TIMEOUT: did the solver exceed the time limit?
TIMEOUT=false
# MEMOUT: did the solver exceed the memory limit?
MEMOUT=false
# EXITSTATUS: Exit status of the solver
EXITSTATUS=0
