# WCTIME: wall clock time in seconds
WCTIME=798.758
# CPUTIME: CPU time in seconds (USERTIME+SYSTEMTIME)
CPUTIME=768.83
# USERTIME: CPU time spent in user mode in seconds
USERTIME=746.576
# SYSTEMTIME: CPU time spent in system mode in seconds
SYSTEMTIME=22.254
# CPUUSAGE: CPUTIME/WCTIME in percent
CPUUSAGE=96.2532
# MAXVM: maximum virtual memory used in KiB
MAXVM=34517144
# MAXMM: maximum memory used in KiB
MAXMM=33556832
# MAXRSS: maximum Resident Segment Size in KiB
MAXRSS=33536484
# TIMEOUT: did the solver exceed the time limit?
TIMEOUT=false
# MEMOUT: did the solver exceed the memory limit?
MEMOUT=true
# EXITSTATUS: Exit status of the solver
EXITSTATUS=15
