# WCTIME: wall clock time in seconds
WCTIME=14.2579
# CPUTIME: CPU time in seconds (USERTIME+SYSTEMTIME)
CPUTIME=13.3589
# USERTIME: CPU time spent in user mode in seconds
USERTIME=9.7197
# SYSTEMTIME: CPU time spent in system mode in seconds
SYSTEMTIME=3.63916
# CPUUSAGE: CPUTIME/WCTIME in percent
CPUUSAGE=93.6945
# MAXVM: maximum virtual memory used in KiB
MAXVM=3970488
# MAXMM: maximum memory used in KiB
MAXMM=447640
# MAXRSS: maximum Resident Segment Size in KiB
MAXRSS=415380
# TIMEOUT: did the solver exceed the time limit?
TIMEOUT=false
# MEMOUT: did the solver exceed the memory limit?
MEMOUT=false
# EXITSTATUS: Exit status of the solver
EXITSTATUS=0
