# WCTIME: wall clock time in seconds
WCTIME=17.7466
# CPUTIME: CPU time in seconds (USERTIME+SYSTEMTIME)
CPUTIME=16.6014
# USERTIME: CPU time spent in user mode in seconds
USERTIME=14.8527
# SYSTEMTIME: CPU time spent in system mode in seconds
SYSTEMTIME=1.74869
# CPUUSAGE: CPUTIME/WCTIME in percent
CPUUSAGE=93.5471
# MAXVM: maximum virtual memory used in KiB
MAXVM=1861388
# MAXMM: maximum memory used in KiB
MAXMM=37900
# MAXRSS: maximum Resident Segment Size in KiB
MAXRSS=25852
# TIMEOUT: did the solver exceed the time limit?
TIMEOUT=false
# MEMOUT: did the solver exceed the memory limit?
MEMOUT=false
# EXITSTATUS: Exit status of the solver
EXITSTATUS=34304
