# WCTIME: wall clock time in seconds
WCTIME=11.0329
# CPUTIME: CPU time in seconds (USERTIME+SYSTEMTIME)
CPUTIME=8.1069
# USERTIME: CPU time spent in user mode in seconds
USERTIME=4.36131
# SYSTEMTIME: CPU time spent in system mode in seconds
SYSTEMTIME=3.74559
# CPUUSAGE: CPUTIME/WCTIME in percent
CPUUSAGE=73.4793
# MAXVM: maximum virtual memory used in KiB
MAXVM=3485528
# MAXMM: maximum memory used in KiB
MAXMM=485120
# MAXRSS: maximum Resident Segment Size in KiB
MAXRSS=317396
# TIMEOUT: did the solver exceed the time limit?
TIMEOUT=false
# MEMOUT: did the solver exceed the memory limit?
MEMOUT=false
# EXITSTATUS: Exit status of the solver
EXITSTATUS=0
