# WCTIME: wall clock time in seconds
WCTIME=88.6217
# CPUTIME: CPU time in seconds (USERTIME+SYSTEMTIME)
CPUTIME=84.0551
# USERTIME: CPU time spent in user mode in seconds
USERTIME=79.0222
# SYSTEMTIME: CPU time spent in system mode in seconds
SYSTEMTIME=5.03291
# CPUUSAGE: CPUTIME/WCTIME in percent
CPUUSAGE=94.8471
# MAXVM: maximum virtual memory used in KiB
MAXVM=4260268
# MAXMM: maximum memory used in KiB
MAXMM=743188
# MAXRSS: maximum Resident Segment Size in KiB
MAXRSS=706440
# TIMEOUT: did the solver exceed the time limit?
TIMEOUT=false
# MEMOUT: did the solver exceed the memory limit?
MEMOUT=false
# EXITSTATUS: Exit status of the solver
EXITSTATUS=0
