# WCTIME: wall clock time in seconds
WCTIME=41916.4
# CPUTIME: CPU time in seconds (USERTIME+SYSTEMTIME)
CPUTIME=35932.4
# USERTIME: CPU time spent in user mode in seconds
USERTIME=33387.2
# SYSTEMTIME: CPU time spent in system mode in seconds
SYSTEMTIME=2545.15
# CPUUSAGE: CPUTIME/WCTIME in percent
CPUUSAGE=85.7238
# MAXVM: maximum virtual memory used in KiB
MAXVM=8887632
# MAXMM: maximum memory used in KiB
MAXMM=4679168
# MAXRSS: maximum Resident Segment Size in KiB
MAXRSS=2310656
# TIMEOUT: did the solver exceed the time limit?
TIMEOUT=false
# MEMOUT: did the solver exceed the memory limit?
MEMOUT=false
# EXITSTATUS: Exit status of the solver
EXITSTATUS=0
