# WCTIME: wall clock time in seconds
WCTIME=163.777
# CPUTIME: CPU time in seconds (USERTIME+SYSTEMTIME)
CPUTIME=156.758
# USERTIME: CPU time spent in user mode in seconds
USERTIME=144.057
# SYSTEMTIME: CPU time spent in system mode in seconds
SYSTEMTIME=12.701
# CPUUSAGE: CPUTIME/WCTIME in percent
CPUUSAGE=95.7145
# MAXVM: maximum virtual memory used in KiB
MAXVM=5112236
# MAXMM: maximum memory used in KiB
MAXMM=4072476
# MAXRSS: maximum Resident Segment Size in KiB
MAXRSS=4030032
# TIMEOUT: did the solver exceed the time limit?
TIMEOUT=false
# MEMOUT: did the solver exceed the memory limit?
MEMOUT=false
# EXITSTATUS: Exit status of the solver
EXITSTATUS=256
