# WCTIME: wall clock time in seconds
WCTIME=7.53748
# CPUTIME: CPU time in seconds (USERTIME+SYSTEMTIME)
CPUTIME=6.85494
# USERTIME: CPU time spent in user mode in seconds
USERTIME=3.18568
# SYSTEMTIME: CPU time spent in system mode in seconds
SYSTEMTIME=3.66926
# CPUUSAGE: CPUTIME/WCTIME in percent
CPUUSAGE=90.9446
# MAXVM: maximum virtual memory used in KiB
MAXVM=3893752
# MAXMM: maximum memory used in KiB
MAXMM=369700
# MAXRSS: maximum Resident Segment Size in KiB
MAXRSS=333264
# TIMEOUT: did the solver exceed the time limit?
TIMEOUT=false
# MEMOUT: did the solver exceed the memory limit?
MEMOUT=false
# EXITSTATUS: Exit status of the solver
EXITSTATUS=0
