# WCTIME: wall clock time in seconds
WCTIME=2.09861
# CPUTIME: CPU time in seconds (USERTIME+SYSTEMTIME)
CPUTIME=1.61601
# USERTIME: CPU time spent in user mode in seconds
USERTIME=1.04533
# SYSTEMTIME: CPU time spent in system mode in seconds
SYSTEMTIME=0.57068
# CPUUSAGE: CPUTIME/WCTIME in percent
CPUUSAGE=77.0039
# MAXVM: maximum virtual memory used in KiB
MAXVM=1242784
# MAXMM: maximum memory used in KiB
MAXMM=161472
# MAXRSS: maximum Resident Segment Size in KiB
MAXRSS=120812
# TIMEOUT: did the solver exceed the time limit?
TIMEOUT=false
# MEMOUT: did the solver exceed the memory limit?
MEMOUT=false
# EXITSTATUS: Exit status of the solver
EXITSTATUS=0
