# WCTIME: wall clock time in seconds
WCTIME=1.08892
# CPUTIME: CPU time in seconds (USERTIME+SYSTEMTIME)
CPUTIME=0.809465
# USERTIME: CPU time spent in user mode in seconds
USERTIME=0.459261
# SYSTEMTIME: CPU time spent in system mode in seconds
SYSTEMTIME=0.350204
# CPUUSAGE: CPUTIME/WCTIME in percent
CPUUSAGE=74.3364
# MAXVM: maximum virtual memory used in KiB
MAXVM=1757476
# MAXMM: maximum memory used in KiB
MAXMM=71188
# MAXRSS: maximum Resident Segment Size in KiB
MAXRSS=25884
# TIMEOUT: did the solver exceed the time limit?
TIMEOUT=false
# MEMOUT: did the solver exceed the memory limit?
MEMOUT=false
# EXITSTATUS: Exit status of the solver
EXITSTATUS=0
