# WCTIME: wall clock time in seconds
WCTIME=86400.7
# CPUTIME: CPU time in seconds (USERTIME+SYSTEMTIME)
CPUTIME=55195.8
# USERTIME: CPU time spent in user mode in seconds
USERTIME=51013.6
# SYSTEMTIME: CPU time spent in system mode in seconds
SYSTEMTIME=4182.21
# CPUUSAGE: CPUTIME/WCTIME in percent
CPUUSAGE=63.8835
# MAXVM: maximum virtual memory used in KiB
MAXVM=39160092
# MAXMM: maximum memory used in KiB
MAXMM=5796204
# MAXRSS: maximum Resident Segment Size in KiB
MAXRSS=410724
# TIMEOUT: did the solver exceed the time limit?
TIMEOUT=true
# MEMOUT: did the solver exceed the memory limit?
MEMOUT=false
# EXITSTATUS: Exit status of the solver
EXITSTATUS=256
