# WCTIME: wall clock time in seconds
WCTIME=19.2954
# CPUTIME: CPU time in seconds (USERTIME+SYSTEMTIME)
CPUTIME=17.9613
# USERTIME: CPU time spent in user mode in seconds
USERTIME=10.3966
# SYSTEMTIME: CPU time spent in system mode in seconds
SYSTEMTIME=7.56472
# CPUUSAGE: CPUTIME/WCTIME in percent
CPUUSAGE=93.0857
# MAXVM: maximum virtual memory used in KiB
MAXVM=10187640
# MAXMM: maximum memory used in KiB
MAXMM=6780956
# MAXRSS: maximum Resident Segment Size in KiB
MAXRSS=6775120
# TIMEOUT: did the solver exceed the time limit?
TIMEOUT=false
# MEMOUT: did the solver exceed the memory limit?
MEMOUT=false
# EXITSTATUS: Exit status of the solver
EXITSTATUS=0
