# WCTIME: wall clock time in seconds
WCTIME=1.34552
# CPUTIME: CPU time in seconds (USERTIME+SYSTEMTIME)
CPUTIME=0.950023
# USERTIME: CPU time spent in user mode in seconds
USERTIME=0.533269
# SYSTEMTIME: CPU time spent in system mode in seconds
SYSTEMTIME=0.416754
# CPUUSAGE: CPUTIME/WCTIME in percent
CPUUSAGE=70.6065
# MAXVM: maximum virtual memory used in KiB
MAXVM=1753560
# MAXMM: maximum memory used in KiB
MAXMM=47716
# MAXRSS: maximum Resident Segment Size in KiB
MAXRSS=27972
# TIMEOUT: did the solver exceed the time limit?
TIMEOUT=false
# MEMOUT: did the solver exceed the memory limit?
MEMOUT=false
# EXITSTATUS: Exit status of the solver
EXITSTATUS=0
