# WCTIME: wall clock time in seconds
WCTIME=3.4993
# CPUTIME: CPU time in seconds (USERTIME+SYSTEMTIME)
CPUTIME=3.00338
# USERTIME: CPU time spent in user mode in seconds
USERTIME=2.38693
# SYSTEMTIME: CPU time spent in system mode in seconds
SYSTEMTIME=0.616446
# CPUUSAGE: CPUTIME/WCTIME in percent
CPUUSAGE=85.8281
# MAXVM: maximum virtual memory used in KiB
MAXVM=1247424
# MAXMM: maximum memory used in KiB
MAXMM=168144
# MAXRSS: maximum Resident Segment Size in KiB
MAXRSS=121792
# TIMEOUT: did the solver exceed the time limit?
TIMEOUT=false
# MEMOUT: did the solver exceed the memory limit?
MEMOUT=false
# EXITSTATUS: Exit status of the solver
EXITSTATUS=0
