# WCTIME: wall clock time in seconds
WCTIME=1879.66
# CPUTIME: CPU time in seconds (USERTIME+SYSTEMTIME)
CPUTIME=1800.15
# USERTIME: CPU time spent in user mode in seconds
USERTIME=1788.59
# SYSTEMTIME: CPU time spent in system mode in seconds
SYSTEMTIME=11.5669
# CPUUSAGE: CPUTIME/WCTIME in percent
CPUUSAGE=95.7701
# MAXVM: maximum virtual memory used in KiB
MAXVM=1324320
# MAXMM: maximum memory used in KiB
MAXMM=369408
# MAXRSS: maximum Resident Segment Size in KiB
MAXRSS=322684
# TIMEOUT: did the solver exceed the time limit?
TIMEOUT=true
# MEMOUT: did the solver exceed the memory limit?
MEMOUT=false
# EXITSTATUS: Exit status of the solver
EXITSTATUS=15
