# WCTIME: wall clock time in seconds
WCTIME=0.96759
# CPUTIME: CPU time in seconds (USERTIME+SYSTEMTIME)
CPUTIME=0.671294
# USERTIME: CPU time spent in user mode in seconds
USERTIME=0.198104
# SYSTEMTIME: CPU time spent in system mode in seconds
SYSTEMTIME=0.47319
# CPUUSAGE: CPUTIME/WCTIME in percent
CPUUSAGE=69.3779
# MAXVM: maximum virtual memory used in KiB
MAXVM=1859336
# MAXMM: maximum memory used in KiB
MAXMM=44664
# MAXRSS: maximum Resident Segment Size in KiB
MAXRSS=33960
# TIMEOUT: did the solver exceed the time limit?
TIMEOUT=false
# MEMOUT: did the solver exceed the memory limit?
MEMOUT=false
# EXITSTATUS: Exit status of the solver
EXITSTATUS=0
