# WCTIME: wall clock time in seconds
WCTIME=514.695
# CPUTIME: CPU time in seconds (USERTIME+SYSTEMTIME)
CPUTIME=488.29
# USERTIME: CPU time spent in user mode in seconds
USERTIME=482.909
# SYSTEMTIME: CPU time spent in system mode in seconds
SYSTEMTIME=5.38067
# CPUUSAGE: CPUTIME/WCTIME in percent
CPUUSAGE=94.8697
# MAXVM: maximum virtual memory used in KiB
MAXVM=4747628
# MAXMM: maximum memory used in KiB
MAXMM=1405960
# MAXRSS: maximum Resident Segment Size in KiB
MAXRSS=880404
# TIMEOUT: did the solver exceed the time limit?
TIMEOUT=false
# MEMOUT: did the solver exceed the memory limit?
MEMOUT=false
# EXITSTATUS: Exit status of the solver
EXITSTATUS=0
