# WCTIME: wall clock time in seconds
WCTIME=1.0851
# CPUTIME: CPU time in seconds (USERTIME+SYSTEMTIME)
CPUTIME=0.789408
# USERTIME: CPU time spent in user mode in seconds
USERTIME=0.42738
# SYSTEMTIME: CPU time spent in system mode in seconds
SYSTEMTIME=0.362028
# CPUUSAGE: CPUTIME/WCTIME in percent
CPUUSAGE=72.7496
# MAXVM: maximum virtual memory used in KiB
MAXVM=1109944
# MAXMM: maximum memory used in KiB
MAXMM=68660
# MAXRSS: maximum Resident Segment Size in KiB
MAXRSS=28004
# TIMEOUT: did the solver exceed the time limit?
TIMEOUT=false
# MEMOUT: did the solver exceed the memory limit?
MEMOUT=false
# EXITSTATUS: Exit status of the solver
EXITSTATUS=0
