# WCTIME: wall clock time in seconds
WCTIME=86400.2
# CPUTIME: CPU time in seconds (USERTIME+SYSTEMTIME)
CPUTIME=69005.3
# USERTIME: CPU time spent in user mode in seconds
USERTIME=62667.8
# SYSTEMTIME: CPU time spent in system mode in seconds
SYSTEMTIME=6337.5
# CPUUSAGE: CPUTIME/WCTIME in percent
CPUUSAGE=79.867
# MAXVM: maximum virtual memory used in KiB
MAXVM=128576204
# MAXMM: maximum memory used in KiB
MAXMM=18551336
# MAXRSS: maximum Resident Segment Size in KiB
MAXRSS=292340
# TIMEOUT: did the solver exceed the time limit?
TIMEOUT=true
# MEMOUT: did the solver exceed the memory limit?
MEMOUT=false
# EXITSTATUS: Exit status of the solver
EXITSTATUS=36608
