# WCTIME: wall clock time in seconds
WCTIME=5.36576
# CPUTIME: CPU time in seconds (USERTIME+SYSTEMTIME)
CPUTIME=4.74309
# USERTIME: CPU time spent in user mode in seconds
USERTIME=2.85925
# SYSTEMTIME: CPU time spent in system mode in seconds
SYSTEMTIME=1.88385
# CPUUSAGE: CPUTIME/WCTIME in percent
CPUUSAGE=88.3956
# MAXVM: maximum virtual memory used in KiB
MAXVM=3630176
# MAXMM: maximum memory used in KiB
MAXMM=237256
# MAXRSS: maximum Resident Segment Size in KiB
MAXRSS=219912
# TIMEOUT: did the solver exceed the time limit?
TIMEOUT=false
# MEMOUT: did the solver exceed the memory limit?
MEMOUT=false
# EXITSTATUS: Exit status of the solver
EXITSTATUS=0
