# WCTIME: wall clock time in seconds
WCTIME=0.877115
# CPUTIME: CPU time in seconds (USERTIME+SYSTEMTIME)
CPUTIME=0.604505
# USERTIME: CPU time spent in user mode in seconds
USERTIME=0.257215
# SYSTEMTIME: CPU time spent in system mode in seconds
SYSTEMTIME=0.34729
# CPUUSAGE: CPUTIME/WCTIME in percent
CPUUSAGE=68.9197
# MAXVM: maximum virtual memory used in KiB
MAXVM=1757476
# MAXMM: maximum memory used in KiB
MAXMM=59352
# MAXRSS: maximum Resident Segment Size in KiB
MAXRSS=27928
# TIMEOUT: did the solver exceed the time limit?
TIMEOUT=false
# MEMOUT: did the solver exceed the memory limit?
MEMOUT=false
# EXITSTATUS: Exit status of the solver
EXITSTATUS=0
