# WCTIME: wall clock time in seconds
WCTIME=11.4433
# CPUTIME: CPU time in seconds (USERTIME+SYSTEMTIME)
CPUTIME=10.4423
# USERTIME: CPU time spent in user mode in seconds
USERTIME=6.43083
# SYSTEMTIME: CPU time spent in system mode in seconds
SYSTEMTIME=4.01145
# CPUUSAGE: CPUTIME/WCTIME in percent
CPUUSAGE=91.2527
# MAXVM: maximum virtual memory used in KiB
MAXVM=3896088
# MAXMM: maximum memory used in KiB
MAXMM=378056
# MAXRSS: maximum Resident Segment Size in KiB
MAXRSS=338764
# TIMEOUT: did the solver exceed the time limit?
TIMEOUT=false
# MEMOUT: did the solver exceed the memory limit?
MEMOUT=false
# EXITSTATUS: Exit status of the solver
EXITSTATUS=0
