# WCTIME: wall clock time in seconds
WCTIME=1682.9
# CPUTIME: CPU time in seconds (USERTIME+SYSTEMTIME)
CPUTIME=1606.06
# USERTIME: CPU time spent in user mode in seconds
USERTIME=1603.07
# SYSTEMTIME: CPU time spent in system mode in seconds
SYSTEMTIME=2.99091
# CPUUSAGE: CPUTIME/WCTIME in percent
CPUUSAGE=95.4339
# MAXVM: maximum virtual memory used in KiB
MAXVM=5167300
# MAXMM: maximum memory used in KiB
MAXMM=1341904
# MAXRSS: maximum Resident Segment Size in KiB
MAXRSS=1324672
# TIMEOUT: did the solver exceed the time limit?
TIMEOUT=false
# MEMOUT: did the solver exceed the memory limit?
MEMOUT=false
# EXITSTATUS: Exit status of the solver
EXITSTATUS=0
