# WCTIME: wall clock time in seconds
WCTIME=52.301
# CPUTIME: CPU time in seconds (USERTIME+SYSTEMTIME)
CPUTIME=47.6874
# USERTIME: CPU time spent in user mode in seconds
USERTIME=43.3681
# SYSTEMTIME: CPU time spent in system mode in seconds
SYSTEMTIME=4.31933
# CPUUSAGE: CPUTIME/WCTIME in percent
CPUUSAGE=91.1786
# MAXVM: maximum virtual memory used in KiB
MAXVM=4177952
# MAXMM: maximum memory used in KiB
MAXMM=843512
# MAXRSS: maximum Resident Segment Size in KiB
MAXRSS=509124
# TIMEOUT: did the solver exceed the time limit?
TIMEOUT=false
# MEMOUT: did the solver exceed the memory limit?
MEMOUT=false
# EXITSTATUS: Exit status of the solver
EXITSTATUS=0
