# WCTIME: wall clock time in seconds
WCTIME=315.24
# CPUTIME: CPU time in seconds (USERTIME+SYSTEMTIME)
CPUTIME=300.454
# USERTIME: CPU time spent in user mode in seconds
USERTIME=290.693
# SYSTEMTIME: CPU time spent in system mode in seconds
SYSTEMTIME=9.76167
# CPUUSAGE: CPUTIME/WCTIME in percent
CPUUSAGE=95.3096
# MAXVM: maximum virtual memory used in KiB
MAXVM=9118108
# MAXMM: maximum memory used in KiB
MAXMM=7988024
# MAXRSS: maximum Resident Segment Size in KiB
MAXRSS=7941468
# TIMEOUT: did the solver exceed the time limit?
TIMEOUT=false
# MEMOUT: did the solver exceed the memory limit?
MEMOUT=false
# EXITSTATUS: Exit status of the solver
EXITSTATUS=256
