# WCTIME: wall clock time in seconds
WCTIME=1793.82
# CPUTIME: CPU time in seconds (USERTIME+SYSTEMTIME)
CPUTIME=1713.25
# USERTIME: CPU time spent in user mode in seconds
USERTIME=1632.46
# SYSTEMTIME: CPU time spent in system mode in seconds
SYSTEMTIME=80.7901
# CPUUSAGE: CPUTIME/WCTIME in percent
CPUUSAGE=95.5084
# MAXVM: maximum virtual memory used in KiB
MAXVM=4404076
# MAXMM: maximum memory used in KiB
MAXMM=941032
# MAXRSS: maximum Resident Segment Size in KiB
MAXRSS=970368
# TIMEOUT: did the solver exceed the time limit?
TIMEOUT=false
# MEMOUT: did the solver exceed the memory limit?
MEMOUT=false
# EXITSTATUS: Exit status of the solver
EXITSTATUS=0
