# WCTIME: wall clock time in seconds
WCTIME=1876.47
# CPUTIME: CPU time in seconds (USERTIME+SYSTEMTIME)
CPUTIME=1800.26
# USERTIME: CPU time spent in user mode in seconds
USERTIME=1794.26
# SYSTEMTIME: CPU time spent in system mode in seconds
SYSTEMTIME=6.00402
# CPUUSAGE: CPUTIME/WCTIME in percent
CPUUSAGE=95.9386
# MAXVM: maximum virtual memory used in KiB
MAXVM=3987960
# MAXMM: maximum memory used in KiB
MAXMM=460576
# MAXRSS: maximum Resident Segment Size in KiB
MAXRSS=427920
# TIMEOUT: did the solver exceed the time limit?
TIMEOUT=true
# MEMOUT: did the solver exceed the memory limit?
MEMOUT=false
# EXITSTATUS: Exit status of the solver
EXITSTATUS=15
