# WCTIME: wall clock time in seconds
WCTIME=1886.28
# CPUTIME: CPU time in seconds (USERTIME+SYSTEMTIME)
CPUTIME=1800.34
# USERTIME: CPU time spent in user mode in seconds
USERTIME=1783.73
# SYSTEMTIME: CPU time spent in system mode in seconds
SYSTEMTIME=16.6108
# CPUUSAGE: CPUTIME/WCTIME in percent
CPUUSAGE=95.4441
# MAXVM: maximum virtual memory used in KiB
MAXVM=7257768
# MAXMM: maximum memory used in KiB
MAXMM=5653664
# MAXRSS: maximum Resident Segment Size in KiB
MAXRSS=5614564
# TIMEOUT: did the solver exceed the time limit?
TIMEOUT=true
# MEMOUT: did the solver exceed the memory limit?
MEMOUT=false
# EXITSTATUS: Exit status of the solver
EXITSTATUS=15
