# WCTIME: wall clock time in seconds
WCTIME=9.42937
# CPUTIME: CPU time in seconds (USERTIME+SYSTEMTIME)
CPUTIME=8.58003
# USERTIME: CPU time spent in user mode in seconds
USERTIME=8.11669
# SYSTEMTIME: CPU time spent in system mode in seconds
SYSTEMTIME=0.463344
# CPUUSAGE: CPUTIME/WCTIME in percent
CPUUSAGE=90.9926
# MAXVM: maximum virtual memory used in KiB
MAXVM=1023988
# MAXMM: maximum memory used in KiB
MAXMM=63416
# MAXRSS: maximum Resident Segment Size in KiB
MAXRSS=25912
# TIMEOUT: did the solver exceed the time limit?
TIMEOUT=false
# MEMOUT: did the solver exceed the memory limit?
MEMOUT=false
# EXITSTATUS: Exit status of the solver
EXITSTATUS=0
