# WCTIME: wall clock time in seconds
WCTIME=384.921
# CPUTIME: CPU time in seconds (USERTIME+SYSTEMTIME)
CPUTIME=367.439
# USERTIME: CPU time spent in user mode in seconds
USERTIME=346.679
# SYSTEMTIME: CPU time spent in system mode in seconds
SYSTEMTIME=20.76
# CPUUSAGE: CPUTIME/WCTIME in percent
CPUUSAGE=95.4584
# MAXVM: maximum virtual memory used in KiB
MAXVM=9262124
# MAXMM: maximum memory used in KiB
MAXMM=8195640
# MAXRSS: maximum Resident Segment Size in KiB
MAXRSS=8178328
# TIMEOUT: did the solver exceed the time limit?
TIMEOUT=false
# MEMOUT: did the solver exceed the memory limit?
MEMOUT=false
# EXITSTATUS: Exit status of the solver
EXITSTATUS=0
