# WCTIME: wall clock time in seconds
WCTIME=9.97677
# CPUTIME: CPU time in seconds (USERTIME+SYSTEMTIME)
CPUTIME=7.05752
# USERTIME: CPU time spent in user mode in seconds
USERTIME=3.40839
# SYSTEMTIME: CPU time spent in system mode in seconds
SYSTEMTIME=3.64913
# CPUUSAGE: CPUTIME/WCTIME in percent
CPUUSAGE=70.7395
# MAXVM: maximum virtual memory used in KiB
MAXVM=3547832
# MAXMM: maximum memory used in KiB
MAXMM=479448
# MAXRSS: maximum Resident Segment Size in KiB
MAXRSS=315084
# TIMEOUT: did the solver exceed the time limit?
TIMEOUT=false
# MEMOUT: did the solver exceed the memory limit?
MEMOUT=false
# EXITSTATUS: Exit status of the solver
EXITSTATUS=0
