# WCTIME: wall clock time in seconds
WCTIME=191.739
# CPUTIME: CPU time in seconds (USERTIME+SYSTEMTIME)
CPUTIME=182.65
# USERTIME: CPU time spent in user mode in seconds
USERTIME=165.523
# SYSTEMTIME: CPU time spent in system mode in seconds
SYSTEMTIME=17.1264
# CPUUSAGE: CPUTIME/WCTIME in percent
CPUUSAGE=95.2596
# MAXVM: maximum virtual memory used in KiB
MAXVM=5094488
# MAXMM: maximum memory used in KiB
MAXMM=4055360
# MAXRSS: maximum Resident Segment Size in KiB
MAXRSS=4009636
# TIMEOUT: did the solver exceed the time limit?
TIMEOUT=false
# MEMOUT: did the solver exceed the memory limit?
MEMOUT=false
# EXITSTATUS: Exit status of the solver
EXITSTATUS=256
