# WCTIME: wall clock time in seconds
WCTIME=107.992
# CPUTIME: CPU time in seconds (USERTIME+SYSTEMTIME)
CPUTIME=102.851
# USERTIME: CPU time spent in user mode in seconds
USERTIME=97.4475
# SYSTEMTIME: CPU time spent in system mode in seconds
SYSTEMTIME=5.40338
# CPUUSAGE: CPUTIME/WCTIME in percent
CPUUSAGE=95.2392
# MAXVM: maximum virtual memory used in KiB
MAXVM=9364080
# MAXMM: maximum memory used in KiB
MAXMM=8393564
# MAXRSS: maximum Resident Segment Size in KiB
MAXRSS=8356112
# TIMEOUT: did the solver exceed the time limit?
TIMEOUT=false
# MEMOUT: did the solver exceed the memory limit?
MEMOUT=true
# EXITSTATUS: Exit status of the solver
EXITSTATUS=15
