# WCTIME: wall clock time in seconds
WCTIME=1761.91
# CPUTIME: CPU time in seconds (USERTIME+SYSTEMTIME)
CPUTIME=1678.11
# USERTIME: CPU time spent in user mode in seconds
USERTIME=1669.91
# SYSTEMTIME: CPU time spent in system mode in seconds
SYSTEMTIME=8.1943
# CPUUSAGE: CPUTIME/WCTIME in percent
CPUUSAGE=95.2437
# MAXVM: maximum virtual memory used in KiB
MAXVM=9425784
# MAXMM: maximum memory used in KiB
MAXMM=8388736
# MAXRSS: maximum Resident Segment Size in KiB
MAXRSS=8358776
# TIMEOUT: did the solver exceed the time limit?
TIMEOUT=false
# MEMOUT: did the solver exceed the memory limit?
MEMOUT=true
# EXITSTATUS: Exit status of the solver
EXITSTATUS=15
