# WCTIME: wall clock time in seconds
WCTIME=53.0901
# CPUTIME: CPU time in seconds (USERTIME+SYSTEMTIME)
CPUTIME=50.5119
# USERTIME: CPU time spent in user mode in seconds
USERTIME=37.4232
# SYSTEMTIME: CPU time spent in system mode in seconds
SYSTEMTIME=13.0887
# CPUUSAGE: CPUTIME/WCTIME in percent
CPUUSAGE=95.1437
# MAXVM: maximum virtual memory used in KiB
MAXVM=10193712
# MAXMM: maximum memory used in KiB
MAXMM=6728828
# MAXRSS: maximum Resident Segment Size in KiB
MAXRSS=6716932
# TIMEOUT: did the solver exceed the time limit?
TIMEOUT=false
# MEMOUT: did the solver exceed the memory limit?
MEMOUT=false
# EXITSTATUS: Exit status of the solver
EXITSTATUS=0
