# WCTIME: wall clock time in seconds
WCTIME=528.744
# CPUTIME: CPU time in seconds (USERTIME+SYSTEMTIME)
CPUTIME=507.894
# USERTIME: CPU time spent in user mode in seconds
USERTIME=498.32
# SYSTEMTIME: CPU time spent in system mode in seconds
SYSTEMTIME=9.57366
# CPUUSAGE: CPUTIME/WCTIME in percent
CPUUSAGE=96.0566
# MAXVM: maximum virtual memory used in KiB
MAXVM=9466812
# MAXMM: maximum memory used in KiB
MAXMM=8389404
# MAXRSS: maximum Resident Segment Size in KiB
MAXRSS=8350200
# TIMEOUT: did the solver exceed the time limit?
TIMEOUT=false
# MEMOUT: did the solver exceed the memory limit?
MEMOUT=true
# EXITSTATUS: Exit status of the solver
EXITSTATUS=15
