# WCTIME: wall clock time in seconds
WCTIME=929.927
# CPUTIME: CPU time in seconds (USERTIME+SYSTEMTIME)
CPUTIME=896.784
# USERTIME: CPU time spent in user mode in seconds
USERTIME=888.375
# SYSTEMTIME: CPU time spent in system mode in seconds
SYSTEMTIME=8.40896
# CPUUSAGE: CPUTIME/WCTIME in percent
CPUUSAGE=96.4359
# MAXVM: maximum virtual memory used in KiB
MAXVM=4365680
# MAXMM: maximum memory used in KiB
MAXMM=1306256
# MAXRSS: maximum Resident Segment Size in KiB
MAXRSS=1266660
# TIMEOUT: did the solver exceed the time limit?
TIMEOUT=false
# MEMOUT: did the solver exceed the memory limit?
MEMOUT=false
# EXITSTATUS: Exit status of the solver
EXITSTATUS=256
