# WCTIME: wall clock time in seconds
WCTIME=1650.03
# CPUTIME: CPU time in seconds (USERTIME+SYSTEMTIME)
CPUTIME=1573.47
# USERTIME: CPU time spent in user mode in seconds
USERTIME=1560.07
# SYSTEMTIME: CPU time spent in system mode in seconds
SYSTEMTIME=13.3985
# CPUUSAGE: CPUTIME/WCTIME in percent
CPUUSAGE=95.36
# MAXVM: maximum virtual memory used in KiB
MAXVM=9187220
# MAXMM: maximum memory used in KiB
MAXMM=8175620
# MAXRSS: maximum Resident Segment Size in KiB
MAXRSS=8138088
# TIMEOUT: did the solver exceed the time limit?
TIMEOUT=false
# MEMOUT: did the solver exceed the memory limit?
MEMOUT=false
# EXITSTATUS: Exit status of the solver
EXITSTATUS=0
