# WCTIME: wall clock time in seconds
WCTIME=1683.27
# CPUTIME: CPU time in seconds (USERTIME+SYSTEMTIME)
CPUTIME=1610.98
# USERTIME: CPU time spent in user mode in seconds
USERTIME=1607.37
# SYSTEMTIME: CPU time spent in system mode in seconds
SYSTEMTIME=3.60724
# CPUUSAGE: CPUTIME/WCTIME in percent
CPUUSAGE=95.7054
# MAXVM: maximum virtual memory used in KiB
MAXVM=3862504
# MAXMM: maximum memory used in KiB
MAXMM=465680
# MAXRSS: maximum Resident Segment Size in KiB
MAXRSS=450624
# TIMEOUT: did the solver exceed the time limit?
TIMEOUT=false
# MEMOUT: did the solver exceed the memory limit?
MEMOUT=false
# EXITSTATUS: Exit status of the solver
EXITSTATUS=0
