# WCTIME: wall clock time in seconds
WCTIME=1871.85
# CPUTIME: CPU time in seconds (USERTIME+SYSTEMTIME)
CPUTIME=1800.2
# USERTIME: CPU time spent in user mode in seconds
USERTIME=1795.09
# SYSTEMTIME: CPU time spent in system mode in seconds
SYSTEMTIME=5.11577
# CPUUSAGE: CPUTIME/WCTIME in percent
CPUUSAGE=96.1722
# MAXVM: maximum virtual memory used in KiB
MAXVM=2409756
# MAXMM: maximum memory used in KiB
MAXMM=1370596
# MAXRSS: maximum Resident Segment Size in KiB
MAXRSS=1324096
# TIMEOUT: did the solver exceed the time limit?
TIMEOUT=true
# MEMOUT: did the solver exceed the memory limit?
MEMOUT=false
# EXITSTATUS: Exit status of the solver
EXITSTATUS=15
