# WCTIME: wall clock time in seconds
WCTIME=1831.35
# CPUTIME: CPU time in seconds (USERTIME+SYSTEMTIME)
CPUTIME=1746.69
# USERTIME: CPU time spent in user mode in seconds
USERTIME=1731.07
# SYSTEMTIME: CPU time spent in system mode in seconds
SYSTEMTIME=15.6129
# CPUUSAGE: CPUTIME/WCTIME in percent
CPUUSAGE=95.3768
# MAXVM: maximum virtual memory used in KiB
MAXVM=7400800
# MAXMM: maximum memory used in KiB
MAXMM=5139984
# MAXRSS: maximum Resident Segment Size in KiB
MAXRSS=5476240
# TIMEOUT: did the solver exceed the time limit?
TIMEOUT=false
# MEMOUT: did the solver exceed the memory limit?
MEMOUT=false
# EXITSTATUS: Exit status of the solver
EXITSTATUS=9
