# WCTIME: wall clock time in seconds
WCTIME=1695.1
# CPUTIME: CPU time in seconds (USERTIME+SYSTEMTIME)
CPUTIME=1610.81
# USERTIME: CPU time spent in user mode in seconds
USERTIME=1537.49
# SYSTEMTIME: CPU time spent in system mode in seconds
SYSTEMTIME=73.3272
# CPUUSAGE: CPUTIME/WCTIME in percent
CPUUSAGE=95.0277
# MAXVM: maximum virtual memory used in KiB
MAXVM=3716884
# MAXMM: maximum memory used in KiB
MAXMM=324624
# MAXRSS: maximum Resident Segment Size in KiB
MAXRSS=305884
# TIMEOUT: did the solver exceed the time limit?
TIMEOUT=false
# MEMOUT: did the solver exceed the memory limit?
MEMOUT=false
# EXITSTATUS: Exit status of the solver
EXITSTATUS=0
