# WCTIME: wall clock time in seconds
WCTIME=2.45623
# CPUTIME: CPU time in seconds (USERTIME+SYSTEMTIME)
CPUTIME=1.5487
# USERTIME: CPU time spent in user mode in seconds
USERTIME=0.971342
# SYSTEMTIME: CPU time spent in system mode in seconds
SYSTEMTIME=0.577362
# CPUUSAGE: CPUTIME/WCTIME in percent
CPUUSAGE=63.052
# MAXVM: maximum virtual memory used in KiB
MAXVM=1791492
# MAXMM: maximum memory used in KiB
MAXMM=52452
# MAXRSS: maximum Resident Segment Size in KiB
MAXRSS=94232
# TIMEOUT: did the solver exceed the time limit?
TIMEOUT=false
# MEMOUT: did the solver exceed the memory limit?
MEMOUT=false
# EXITSTATUS: Exit status of the solver
EXITSTATUS=0
