# WCTIME: wall clock time in seconds
WCTIME=1877.48
# CPUTIME: CPU time in seconds (USERTIME+SYSTEMTIME)
CPUTIME=1800.6
# USERTIME: CPU time spent in user mode in seconds
USERTIME=1795.59
# SYSTEMTIME: CPU time spent in system mode in seconds
SYSTEMTIME=5.00753
# CPUUSAGE: CPUTIME/WCTIME in percent
CPUUSAGE=95.9051
# MAXVM: maximum virtual memory used in KiB
MAXVM=4730568
# MAXMM: maximum memory used in KiB
MAXMM=1325984
# MAXRSS: maximum Resident Segment Size in KiB
MAXRSS=1310952
# TIMEOUT: did the solver exceed the time limit?
TIMEOUT=true
# MEMOUT: did the solver exceed the memory limit?
MEMOUT=false
# EXITSTATUS: Exit status of the solver
EXITSTATUS=0
