# WCTIME: wall clock time in seconds
WCTIME=917.659
# CPUTIME: CPU time in seconds (USERTIME+SYSTEMTIME)
CPUTIME=875.997
# USERTIME: CPU time spent in user mode in seconds
USERTIME=865.837
# SYSTEMTIME: CPU time spent in system mode in seconds
SYSTEMTIME=10.1602
# CPUUSAGE: CPUTIME/WCTIME in percent
CPUUSAGE=95.46
# MAXVM: maximum virtual memory used in KiB
MAXVM=5180304
# MAXMM: maximum memory used in KiB
MAXMM=4062092
# MAXRSS: maximum Resident Segment Size in KiB
MAXRSS=4018092
# TIMEOUT: did the solver exceed the time limit?
TIMEOUT=false
# MEMOUT: did the solver exceed the memory limit?
MEMOUT=false
# EXITSTATUS: Exit status of the solver
EXITSTATUS=256
