# WCTIME: wall clock time in seconds
WCTIME=1583.19
# CPUTIME: CPU time in seconds (USERTIME+SYSTEMTIME)
CPUTIME=1521.22
# USERTIME: CPU time spent in user mode in seconds
USERTIME=1500.74
# SYSTEMTIME: CPU time spent in system mode in seconds
SYSTEMTIME=20.4804
# CPUUSAGE: CPUTIME/WCTIME in percent
CPUUSAGE=96.0856
# MAXVM: maximum virtual memory used in KiB
MAXVM=9267812
# MAXMM: maximum memory used in KiB
MAXMM=8122652
# MAXRSS: maximum Resident Segment Size in KiB
MAXRSS=8082596
# TIMEOUT: did the solver exceed the time limit?
TIMEOUT=false
# MEMOUT: did the solver exceed the memory limit?
MEMOUT=false
# EXITSTATUS: Exit status of the solver
EXITSTATUS=0
