# WCTIME: wall clock time in seconds
WCTIME=289.384
# CPUTIME: CPU time in seconds (USERTIME+SYSTEMTIME)
CPUTIME=275.104
# USERTIME: CPU time spent in user mode in seconds
USERTIME=266.638
# SYSTEMTIME: CPU time spent in system mode in seconds
SYSTEMTIME=8.46566
# CPUUSAGE: CPUTIME/WCTIME in percent
CPUUSAGE=95.0654
# MAXVM: maximum virtual memory used in KiB
MAXVM=5006548
# MAXMM: maximum memory used in KiB
MAXMM=1918992
# MAXRSS: maximum Resident Segment Size in KiB
MAXRSS=1888292
# TIMEOUT: did the solver exceed the time limit?
TIMEOUT=false
# MEMOUT: did the solver exceed the memory limit?
MEMOUT=false
# EXITSTATUS: Exit status of the solver
EXITSTATUS=0
