# WCTIME: wall clock time in seconds
WCTIME=17309.9
# CPUTIME: CPU time in seconds (USERTIME+SYSTEMTIME)
CPUTIME=15613.4
# USERTIME: CPU time spent in user mode in seconds
USERTIME=14646.6
# SYSTEMTIME: CPU time spent in system mode in seconds
SYSTEMTIME=966.758
# CPUUSAGE: CPUTIME/WCTIME in percent
CPUUSAGE=90.1991
# MAXVM: maximum virtual memory used in KiB
MAXVM=4207964
# MAXMM: maximum memory used in KiB
MAXMM=659368
# MAXRSS: maximum Resident Segment Size in KiB
MAXRSS=512156
# TIMEOUT: did the solver exceed the time limit?
TIMEOUT=false
# MEMOUT: did the solver exceed the memory limit?
MEMOUT=false
# EXITSTATUS: Exit status of the solver
EXITSTATUS=256
