# WCTIME: wall clock time in seconds
WCTIME=8.29885
# CPUTIME: CPU time in seconds (USERTIME+SYSTEMTIME)
CPUTIME=6.61062
# USERTIME: CPU time spent in user mode in seconds
USERTIME=2.98368
# SYSTEMTIME: CPU time spent in system mode in seconds
SYSTEMTIME=3.62694
# CPUUSAGE: CPUTIME/WCTIME in percent
CPUUSAGE=79.657
# MAXVM: maximum virtual memory used in KiB
MAXVM=3561728
# MAXMM: maximum memory used in KiB
MAXMM=501264
# MAXRSS: maximum Resident Segment Size in KiB
MAXRSS=273272
# TIMEOUT: did the solver exceed the time limit?
TIMEOUT=false
# MEMOUT: did the solver exceed the memory limit?
MEMOUT=false
# EXITSTATUS: Exit status of the solver
EXITSTATUS=0
