# WCTIME: wall clock time in seconds
WCTIME=23.7174
# CPUTIME: CPU time in seconds (USERTIME+SYSTEMTIME)
CPUTIME=20.2319
# USERTIME: CPU time spent in user mode in seconds
USERTIME=16.2042
# SYSTEMTIME: CPU time spent in system mode in seconds
SYSTEMTIME=4.0277
# CPUUSAGE: CPUTIME/WCTIME in percent
CPUUSAGE=85.3038
# MAXVM: maximum virtual memory used in KiB
MAXVM=3602720
# MAXMM: maximum memory used in KiB
MAXMM=526700
# MAXRSS: maximum Resident Segment Size in KiB
MAXRSS=401956
# TIMEOUT: did the solver exceed the time limit?
TIMEOUT=false
# MEMOUT: did the solver exceed the memory limit?
MEMOUT=false
# EXITSTATUS: Exit status of the solver
EXITSTATUS=0
