# WCTIME: wall clock time in seconds
WCTIME=495.777
# CPUTIME: CPU time in seconds (USERTIME+SYSTEMTIME)
CPUTIME=472.494
# USERTIME: CPU time spent in user mode in seconds
USERTIME=437.056
# SYSTEMTIME: CPU time spent in system mode in seconds
SYSTEMTIME=35.4381
# CPUUSAGE: CPUTIME/WCTIME in percent
CPUUSAGE=95.3037
# MAXVM: maximum virtual memory used in KiB
MAXVM=3536820
# MAXMM: maximum memory used in KiB
MAXMM=2441368
# MAXRSS: maximum Resident Segment Size in KiB
MAXRSS=2396900
# TIMEOUT: did the solver exceed the time limit?
TIMEOUT=false
# MEMOUT: did the solver exceed the memory limit?
MEMOUT=false
# EXITSTATUS: Exit status of the solver
EXITSTATUS=0
