# WCTIME: wall clock time in seconds
WCTIME=7.82069
# CPUTIME: CPU time in seconds (USERTIME+SYSTEMTIME)
CPUTIME=7.11818
# USERTIME: CPU time spent in user mode in seconds
USERTIME=3.48988
# SYSTEMTIME: CPU time spent in system mode in seconds
SYSTEMTIME=3.62831
# CPUUSAGE: CPUTIME/WCTIME in percent
CPUUSAGE=91.0173
# MAXVM: maximum virtual memory used in KiB
MAXVM=3966504
# MAXMM: maximum memory used in KiB
MAXMM=375084
# MAXRSS: maximum Resident Segment Size in KiB
MAXRSS=334792
# TIMEOUT: did the solver exceed the time limit?
TIMEOUT=false
# MEMOUT: did the solver exceed the memory limit?
MEMOUT=false
# EXITSTATUS: Exit status of the solver
EXITSTATUS=0
