# WCTIME: wall clock time in seconds
WCTIME=93.3302
# CPUTIME: CPU time in seconds (USERTIME+SYSTEMTIME)
CPUTIME=85.6457
# USERTIME: CPU time spent in user mode in seconds
USERTIME=81.1702
# SYSTEMTIME: CPU time spent in system mode in seconds
SYSTEMTIME=4.47557
# CPUUSAGE: CPUTIME/WCTIME in percent
CPUUSAGE=91.7663
# MAXVM: maximum virtual memory used in KiB
MAXVM=3678900
# MAXMM: maximum memory used in KiB
MAXMM=604540
# MAXRSS: maximum Resident Segment Size in KiB
MAXRSS=574084
# TIMEOUT: did the solver exceed the time limit?
TIMEOUT=false
# MEMOUT: did the solver exceed the memory limit?
MEMOUT=false
# EXITSTATUS: Exit status of the solver
EXITSTATUS=0
