# WCTIME: wall clock time in seconds
WCTIME=4.77737
# CPUTIME: CPU time in seconds (USERTIME+SYSTEMTIME)
CPUTIME=4.17461
# USERTIME: CPU time spent in user mode in seconds
USERTIME=3.5585
# SYSTEMTIME: CPU time spent in system mode in seconds
SYSTEMTIME=0.616107
# CPUUSAGE: CPUTIME/WCTIME in percent
CPUUSAGE=87.383
# MAXVM: maximum virtual memory used in KiB
MAXVM=1759528
# MAXMM: maximum memory used in KiB
MAXMM=151160
# MAXRSS: maximum Resident Segment Size in KiB
MAXRSS=114372
# TIMEOUT: did the solver exceed the time limit?
TIMEOUT=false
# MEMOUT: did the solver exceed the memory limit?
MEMOUT=false
# EXITSTATUS: Exit status of the solver
EXITSTATUS=0
