# WCTIME: wall clock time in seconds
WCTIME=1.24568
# CPUTIME: CPU time in seconds (USERTIME+SYSTEMTIME)
CPUTIME=0.881466
# USERTIME: CPU time spent in user mode in seconds
USERTIME=0.45034
# SYSTEMTIME: CPU time spent in system mode in seconds
SYSTEMTIME=0.431126
# CPUUSAGE: CPUTIME/WCTIME in percent
CPUUSAGE=70.7618
# MAXVM: maximum virtual memory used in KiB
MAXVM=1184344
# MAXMM: maximum memory used in KiB
MAXMM=101724
# MAXRSS: maximum Resident Segment Size in KiB
MAXRSS=62876
# TIMEOUT: did the solver exceed the time limit?
TIMEOUT=false
# MEMOUT: did the solver exceed the memory limit?
MEMOUT=false
# EXITSTATUS: Exit status of the solver
EXITSTATUS=0
