# WCTIME: wall clock time in seconds
WCTIME=9.39409
# CPUTIME: CPU time in seconds (USERTIME+SYSTEMTIME)
CPUTIME=6.9145
# USERTIME: CPU time spent in user mode in seconds
USERTIME=3.35252
# SYSTEMTIME: CPU time spent in system mode in seconds
SYSTEMTIME=3.56198
# CPUUSAGE: CPUTIME/WCTIME in percent
CPUUSAGE=73.6048
# MAXVM: maximum virtual memory used in KiB
MAXVM=3892676
# MAXMM: maximum memory used in KiB
MAXMM=369952
# MAXRSS: maximum Resident Segment Size in KiB
MAXRSS=331484
# TIMEOUT: did the solver exceed the time limit?
TIMEOUT=false
# MEMOUT: did the solver exceed the memory limit?
MEMOUT=false
# EXITSTATUS: Exit status of the solver
EXITSTATUS=0
