# WCTIME: wall clock time in seconds
WCTIME=1876.67
# CPUTIME: CPU time in seconds (USERTIME+SYSTEMTIME)
CPUTIME=1800.22
# USERTIME: CPU time spent in user mode in seconds
USERTIME=1796.88
# SYSTEMTIME: CPU time spent in system mode in seconds
SYSTEMTIME=3.34198
# CPUUSAGE: CPUTIME/WCTIME in percent
CPUUSAGE=95.9263
# MAXVM: maximum virtual memory used in KiB
MAXVM=2010768
# MAXMM: maximum memory used in KiB
MAXMM=988416
# MAXRSS: maximum Resident Segment Size in KiB
MAXRSS=943812
# TIMEOUT: did the solver exceed the time limit?
TIMEOUT=true
# MEMOUT: did the solver exceed the memory limit?
MEMOUT=false
# EXITSTATUS: Exit status of the solver
EXITSTATUS=15
