# WCTIME: wall clock time in seconds
WCTIME=1.5333
# CPUTIME: CPU time in seconds (USERTIME+SYSTEMTIME)
CPUTIME=1.13289
# USERTIME: CPU time spent in user mode in seconds
USERTIME=0.780778
# SYSTEMTIME: CPU time spent in system mode in seconds
SYSTEMTIME=0.352111
# CPUUSAGE: CPUTIME/WCTIME in percent
CPUUSAGE=73.8855
# MAXVM: maximum virtual memory used in KiB
MAXVM=1757476
# MAXMM: maximum memory used in KiB
MAXMM=45264
# MAXRSS: maximum Resident Segment Size in KiB
MAXRSS=30456
# TIMEOUT: did the solver exceed the time limit?
TIMEOUT=false
# MEMOUT: did the solver exceed the memory limit?
MEMOUT=false
# EXITSTATUS: Exit status of the solver
EXITSTATUS=0
