# WCTIME: wall clock time in seconds
WCTIME=8.52563
# CPUTIME: CPU time in seconds (USERTIME+SYSTEMTIME)
CPUTIME=7.81858
# USERTIME: CPU time spent in user mode in seconds
USERTIME=4.45731
# SYSTEMTIME: CPU time spent in system mode in seconds
SYSTEMTIME=3.36127
# CPUUSAGE: CPUTIME/WCTIME in percent
CPUUSAGE=91.7067
# MAXVM: maximum virtual memory used in KiB
MAXVM=3985608
# MAXMM: maximum memory used in KiB
MAXMM=397020
# MAXRSS: maximum Resident Segment Size in KiB
MAXRSS=358468
# TIMEOUT: did the solver exceed the time limit?
TIMEOUT=false
# MEMOUT: did the solver exceed the memory limit?
MEMOUT=false
# EXITSTATUS: Exit status of the solver
EXITSTATUS=0
