# WCTIME: wall clock time in seconds
WCTIME=1871.35
# CPUTIME: CPU time in seconds (USERTIME+SYSTEMTIME)
CPUTIME=1800.54
# USERTIME: CPU time spent in user mode in seconds
USERTIME=1797.93
# SYSTEMTIME: CPU time spent in system mode in seconds
SYSTEMTIME=2.61528
# CPUUSAGE: CPUTIME/WCTIME in percent
CPUUSAGE=96.2159
# MAXVM: maximum virtual memory used in KiB
MAXVM=3877940
# MAXMM: maximum memory used in KiB
MAXMM=480768
# MAXRSS: maximum Resident Segment Size in KiB
MAXRSS=461308
# TIMEOUT: did the solver exceed the time limit?
TIMEOUT=true
# MEMOUT: did the solver exceed the memory limit?
MEMOUT=false
# EXITSTATUS: Exit status of the solver
EXITSTATUS=0
