# WCTIME: wall clock time in seconds
WCTIME=116.691
# CPUTIME: CPU time in seconds (USERTIME+SYSTEMTIME)
CPUTIME=110.818
# USERTIME: CPU time spent in user mode in seconds
USERTIME=105.325
# SYSTEMTIME: CPU time spent in system mode in seconds
SYSTEMTIME=5.49315
# CPUUSAGE: CPUTIME/WCTIME in percent
CPUUSAGE=94.9673
# MAXVM: maximum virtual memory used in KiB
MAXVM=3965268
# MAXMM: maximum memory used in KiB
MAXMM=1009788
# MAXRSS: maximum Resident Segment Size in KiB
MAXRSS=972140
# TIMEOUT: did the solver exceed the time limit?
TIMEOUT=false
# MEMOUT: did the solver exceed the memory limit?
MEMOUT=false
# EXITSTATUS: Exit status of the solver
EXITSTATUS=0
