# WCTIME: wall clock time in seconds
WCTIME=1880.67
# CPUTIME: CPU time in seconds (USERTIME+SYSTEMTIME)
CPUTIME=1800.28
# USERTIME: CPU time spent in user mode in seconds
USERTIME=1790.97
# SYSTEMTIME: CPU time spent in system mode in seconds
SYSTEMTIME=9.30841
# CPUUSAGE: CPUTIME/WCTIME in percent
CPUUSAGE=95.7255
# MAXVM: maximum virtual memory used in KiB
MAXVM=5335984
# MAXMM: maximum memory used in KiB
MAXMM=4349148
# MAXRSS: maximum Resident Segment Size in KiB
MAXRSS=4310608
# TIMEOUT: did the solver exceed the time limit?
TIMEOUT=true
# MEMOUT: did the solver exceed the memory limit?
MEMOUT=false
# EXITSTATUS: Exit status of the solver
EXITSTATUS=15
