# WCTIME: wall clock time in seconds
WCTIME=1.23889
# CPUTIME: CPU time in seconds (USERTIME+SYSTEMTIME)
CPUTIME=0.891319
# USERTIME: CPU time spent in user mode in seconds
USERTIME=0.535644
# SYSTEMTIME: CPU time spent in system mode in seconds
SYSTEMTIME=0.355675
# CPUUSAGE: CPUTIME/WCTIME in percent
CPUUSAGE=71.9451
# MAXVM: maximum virtual memory used in KiB
MAXVM=1042356
# MAXMM: maximum memory used in KiB
MAXMM=70708
# MAXRSS: maximum Resident Segment Size in KiB
MAXRSS=25920
# TIMEOUT: did the solver exceed the time limit?
TIMEOUT=false
# MEMOUT: did the solver exceed the memory limit?
MEMOUT=false
# EXITSTATUS: Exit status of the solver
EXITSTATUS=0
