# WCTIME: wall clock time in seconds
WCTIME=2.58657
# CPUTIME: CPU time in seconds (USERTIME+SYSTEMTIME)
CPUTIME=2.2362
# USERTIME: CPU time spent in user mode in seconds
USERTIME=1.29105
# SYSTEMTIME: CPU time spent in system mode in seconds
SYSTEMTIME=0.945152
# CPUUSAGE: CPUTIME/WCTIME in percent
CPUUSAGE=86.4543
# MAXVM: maximum virtual memory used in KiB
MAXVM=1312516
# MAXMM: maximum memory used in KiB
MAXMM=165464
# MAXRSS: maximum Resident Segment Size in KiB
MAXRSS=120960
# TIMEOUT: did the solver exceed the time limit?
TIMEOUT=false
# MEMOUT: did the solver exceed the memory limit?
MEMOUT=false
# EXITSTATUS: Exit status of the solver
EXITSTATUS=0
