# WCTIME: wall clock time in seconds
WCTIME=1071.84
# CPUTIME: CPU time in seconds (USERTIME+SYSTEMTIME)
CPUTIME=1032.01
# USERTIME: CPU time spent in user mode in seconds
USERTIME=1023.02
# SYSTEMTIME: CPU time spent in system mode in seconds
SYSTEMTIME=8.99301
# CPUUSAGE: CPUTIME/WCTIME in percent
CPUUSAGE=96.2844
# MAXVM: maximum virtual memory used in KiB
MAXVM=9168088
# MAXMM: maximum memory used in KiB
MAXMM=8132496
# MAXRSS: maximum Resident Segment Size in KiB
MAXRSS=8091320
# TIMEOUT: did the solver exceed the time limit?
TIMEOUT=false
# MEMOUT: did the solver exceed the memory limit?
MEMOUT=false
# EXITSTATUS: Exit status of the solver
EXITSTATUS=0
