# WCTIME: wall clock time in seconds
WCTIME=1.04777
# CPUTIME: CPU time in seconds (USERTIME+SYSTEMTIME)
CPUTIME=0.770975
# USERTIME: CPU time spent in user mode in seconds
USERTIME=0.414341
# SYSTEMTIME: CPU time spent in system mode in seconds
SYSTEMTIME=0.356634
# CPUUSAGE: CPUTIME/WCTIME in percent
CPUUSAGE=73.5826
# MAXVM: maximum virtual memory used in KiB
MAXVM=1042356
# MAXMM: maximum memory used in KiB
MAXMM=71076
# MAXRSS: maximum Resident Segment Size in KiB
MAXRSS=27896
# TIMEOUT: did the solver exceed the time limit?
TIMEOUT=false
# MEMOUT: did the solver exceed the memory limit?
MEMOUT=false
# EXITSTATUS: Exit status of the solver
EXITSTATUS=0
