# WCTIME: wall clock time in seconds
WCTIME=855.789
# CPUTIME: CPU time in seconds (USERTIME+SYSTEMTIME)
CPUTIME=816.196
# USERTIME: CPU time spent in user mode in seconds
USERTIME=809.018
# SYSTEMTIME: CPU time spent in system mode in seconds
SYSTEMTIME=7.17764
# CPUUSAGE: CPUTIME/WCTIME in percent
CPUUSAGE=95.3735
# MAXVM: maximum virtual memory used in KiB
MAXVM=3987604
# MAXMM: maximum memory used in KiB
MAXMM=2643316
# MAXRSS: maximum Resident Segment Size in KiB
MAXRSS=2606400
# TIMEOUT: did the solver exceed the time limit?
TIMEOUT=false
# MEMOUT: did the solver exceed the memory limit?
MEMOUT=false
# EXITSTATUS: Exit status of the solver
EXITSTATUS=256
