# WCTIME: wall clock time in seconds
WCTIME=69.8029
# CPUTIME: CPU time in seconds (USERTIME+SYSTEMTIME)
CPUTIME=66.6668
# USERTIME: CPU time spent in user mode in seconds
USERTIME=64.4558
# SYSTEMTIME: CPU time spent in system mode in seconds
SYSTEMTIME=2.21098
# CPUUSAGE: CPUTIME/WCTIME in percent
CPUUSAGE=95.5072
# MAXVM: maximum virtual memory used in KiB
MAXVM=3753540
# MAXMM: maximum memory used in KiB
MAXMM=358256
# MAXRSS: maximum Resident Segment Size in KiB
MAXRSS=340832
# TIMEOUT: did the solver exceed the time limit?
TIMEOUT=false
# MEMOUT: did the solver exceed the memory limit?
MEMOUT=false
# EXITSTATUS: Exit status of the solver
EXITSTATUS=0
