# WCTIME: wall clock time in seconds
WCTIME=1806.24
# CPUTIME: CPU time in seconds (USERTIME+SYSTEMTIME)
CPUTIME=1724.89
# USERTIME: CPU time spent in user mode in seconds
USERTIME=1627.68
# SYSTEMTIME: CPU time spent in system mode in seconds
SYSTEMTIME=97.2168
# CPUUSAGE: CPUTIME/WCTIME in percent
CPUUSAGE=95.4965
# MAXVM: maximum virtual memory used in KiB
MAXVM=4331736
# MAXMM: maximum memory used in KiB
MAXMM=870748
# MAXRSS: maximum Resident Segment Size in KiB
MAXRSS=851408
# TIMEOUT: did the solver exceed the time limit?
TIMEOUT=false
# MEMOUT: did the solver exceed the memory limit?
MEMOUT=false
# EXITSTATUS: Exit status of the solver
EXITSTATUS=0
