# WCTIME: wall clock time in seconds
WCTIME=1807.15
# CPUTIME: CPU time in seconds (USERTIME+SYSTEMTIME)
CPUTIME=1733.44
# USERTIME: CPU time spent in user mode in seconds
USERTIME=1729.74
# SYSTEMTIME: CPU time spent in system mode in seconds
SYSTEMTIME=3.70275
# CPUUSAGE: CPUTIME/WCTIME in percent
CPUUSAGE=95.9212
# MAXVM: maximum virtual memory used in KiB
MAXVM=3544140
# MAXMM: maximum memory used in KiB
MAXMM=478728
# MAXRSS: maximum Resident Segment Size in KiB
MAXRSS=273264
# TIMEOUT: did the solver exceed the time limit?
TIMEOUT=false
# MEMOUT: did the solver exceed the memory limit?
MEMOUT=false
# EXITSTATUS: Exit status of the solver
EXITSTATUS=0
