# WCTIME: wall clock time in seconds
WCTIME=1.93453
# CPUTIME: CPU time in seconds (USERTIME+SYSTEMTIME)
CPUTIME=1.37348
# USERTIME: CPU time spent in user mode in seconds
USERTIME=1.02223
# SYSTEMTIME: CPU time spent in system mode in seconds
SYSTEMTIME=0.351253
# CPUUSAGE: CPUTIME/WCTIME in percent
CPUUSAGE=70.9981
# MAXVM: maximum virtual memory used in KiB
MAXVM=1049164
# MAXMM: maximum memory used in KiB
MAXMM=89904
# MAXRSS: maximum Resident Segment Size in KiB
MAXRSS=53088
# TIMEOUT: did the solver exceed the time limit?
TIMEOUT=false
# MEMOUT: did the solver exceed the memory limit?
MEMOUT=false
# EXITSTATUS: Exit status of the solver
EXITSTATUS=0
