# WCTIME: wall clock time in seconds
WCTIME=11.7881
# CPUTIME: CPU time in seconds (USERTIME+SYSTEMTIME)
CPUTIME=7.30424
# USERTIME: CPU time spent in user mode in seconds
USERTIME=3.7212
# SYSTEMTIME: CPU time spent in system mode in seconds
SYSTEMTIME=3.58304
# CPUUSAGE: CPUTIME/WCTIME in percent
CPUUSAGE=61.9626
# MAXVM: maximum virtual memory used in KiB
MAXVM=3646624
# MAXMM: maximum memory used in KiB
MAXMM=516696
# MAXRSS: maximum Resident Segment Size in KiB
MAXRSS=273280
# TIMEOUT: did the solver exceed the time limit?
TIMEOUT=false
# MEMOUT: did the solver exceed the memory limit?
MEMOUT=false
# EXITSTATUS: Exit status of the solver
EXITSTATUS=0
