# WCTIME: wall clock time in seconds
WCTIME=1.76964
# CPUTIME: CPU time in seconds (USERTIME+SYSTEMTIME)
CPUTIME=1.0263
# USERTIME: CPU time spent in user mode in seconds
USERTIME=0.62381
# SYSTEMTIME: CPU time spent in system mode in seconds
SYSTEMTIME=0.40249
# CPUUSAGE: CPUTIME/WCTIME in percent
CPUUSAGE=57.9948
# MAXVM: maximum virtual memory used in KiB
MAXVM=1685972
# MAXMM: maximum memory used in KiB
MAXMM=71736
# MAXRSS: maximum Resident Segment Size in KiB
MAXRSS=25872
# TIMEOUT: did the solver exceed the time limit?
TIMEOUT=false
# MEMOUT: did the solver exceed the memory limit?
MEMOUT=false
# EXITSTATUS: Exit status of the solver
EXITSTATUS=0
