# WCTIME: wall clock time in seconds
WCTIME=8.11205
# CPUTIME: CPU time in seconds (USERTIME+SYSTEMTIME)
CPUTIME=7.40437
# USERTIME: CPU time spent in user mode in seconds
USERTIME=3.68484
# SYSTEMTIME: CPU time spent in system mode in seconds
SYSTEMTIME=3.71952
# CPUUSAGE: CPUTIME/WCTIME in percent
CPUUSAGE=91.2762
# MAXVM: maximum virtual memory used in KiB
MAXVM=3966608
# MAXMM: maximum memory used in KiB
MAXMM=374412
# MAXRSS: maximum Resident Segment Size in KiB
MAXRSS=338108
# TIMEOUT: did the solver exceed the time limit?
TIMEOUT=false
# MEMOUT: did the solver exceed the memory limit?
MEMOUT=false
# EXITSTATUS: Exit status of the solver
EXITSTATUS=0
