# WCTIME: wall clock time in seconds
WCTIME=1873.77
# CPUTIME: CPU time in seconds (USERTIME+SYSTEMTIME)
CPUTIME=1800.19
# USERTIME: CPU time spent in user mode in seconds
USERTIME=1793.38
# SYSTEMTIME: CPU time spent in system mode in seconds
SYSTEMTIME=6.8084
# CPUUSAGE: CPUTIME/WCTIME in percent
CPUUSAGE=96.073
# MAXVM: maximum virtual memory used in KiB
MAXVM=3464628
# MAXMM: maximum memory used in KiB
MAXMM=2466480
# MAXRSS: maximum Resident Segment Size in KiB
MAXRSS=2429852
# TIMEOUT: did the solver exceed the time limit?
TIMEOUT=true
# MEMOUT: did the solver exceed the memory limit?
MEMOUT=false
# EXITSTATUS: Exit status of the solver
EXITSTATUS=61696
