# WCTIME: wall clock time in seconds
WCTIME=23.5012
# CPUTIME: CPU time in seconds (USERTIME+SYSTEMTIME)
CPUTIME=21.9365
# USERTIME: CPU time spent in user mode in seconds
USERTIME=19.7526
# SYSTEMTIME: CPU time spent in system mode in seconds
SYSTEMTIME=2.18388
# CPUUSAGE: CPUTIME/WCTIME in percent
CPUUSAGE=93.342
# MAXVM: maximum virtual memory used in KiB
MAXVM=3713072
# MAXMM: maximum memory used in KiB
MAXMM=249656
# MAXRSS: maximum Resident Segment Size in KiB
MAXRSS=232460
# TIMEOUT: did the solver exceed the time limit?
TIMEOUT=false
# MEMOUT: did the solver exceed the memory limit?
MEMOUT=false
# EXITSTATUS: Exit status of the solver
EXITSTATUS=0
