# WCTIME: wall clock time in seconds
WCTIME=9.54079
# CPUTIME: CPU time in seconds (USERTIME+SYSTEMTIME)
CPUTIME=6.89133
# USERTIME: CPU time spent in user mode in seconds
USERTIME=3.18631
# SYSTEMTIME: CPU time spent in system mode in seconds
SYSTEMTIME=3.70503
# CPUUSAGE: CPUTIME/WCTIME in percent
CPUUSAGE=72.2302
# MAXVM: maximum virtual memory used in KiB
MAXVM=3572428
# MAXMM: maximum memory used in KiB
MAXMM=510536
# MAXRSS: maximum Resident Segment Size in KiB
MAXRSS=273236
# TIMEOUT: did the solver exceed the time limit?
TIMEOUT=false
# MEMOUT: did the solver exceed the memory limit?
MEMOUT=false
# EXITSTATUS: Exit status of the solver
EXITSTATUS=0
