# WCTIME: wall clock time in seconds
WCTIME=1695.1
# CPUTIME: CPU time in seconds (USERTIME+SYSTEMTIME)
CPUTIME=1616.61
# USERTIME: CPU time spent in user mode in seconds
USERTIME=1515.57
# SYSTEMTIME: CPU time spent in system mode in seconds
SYSTEMTIME=101.04
# CPUUSAGE: CPUTIME/WCTIME in percent
CPUUSAGE=95.3694
# MAXVM: maximum virtual memory used in KiB
MAXVM=4255216
# MAXMM: maximum memory used in KiB
MAXMM=860924
# MAXRSS: maximum Resident Segment Size in KiB
MAXRSS=843508
# TIMEOUT: did the solver exceed the time limit?
TIMEOUT=false
# MEMOUT: did the solver exceed the memory limit?
MEMOUT=false
# EXITSTATUS: Exit status of the solver
EXITSTATUS=0
