# WCTIME: wall clock time in seconds
WCTIME=507.218
# CPUTIME: CPU time in seconds (USERTIME+SYSTEMTIME)
CPUTIME=485.357
# USERTIME: CPU time spent in user mode in seconds
USERTIME=467.913
# SYSTEMTIME: CPU time spent in system mode in seconds
SYSTEMTIME=17.4441
# CPUUSAGE: CPUTIME/WCTIME in percent
CPUUSAGE=95.6899
# MAXVM: maximum virtual memory used in KiB
MAXVM=9522876
# MAXMM: maximum memory used in KiB
MAXMM=8389360
# MAXRSS: maximum Resident Segment Size in KiB
MAXRSS=8350348
# TIMEOUT: did the solver exceed the time limit?
TIMEOUT=false
# MEMOUT: did the solver exceed the memory limit?
MEMOUT=true
# EXITSTATUS: Exit status of the solver
EXITSTATUS=15
