# WCTIME: wall clock time in seconds
WCTIME=49.9944
# CPUTIME: CPU time in seconds (USERTIME+SYSTEMTIME)
CPUTIME=47.0872
# USERTIME: CPU time spent in user mode in seconds
USERTIME=35.9002
# SYSTEMTIME: CPU time spent in system mode in seconds
SYSTEMTIME=11.187
# CPUUSAGE: CPUTIME/WCTIME in percent
CPUUSAGE=94.185
# MAXVM: maximum virtual memory used in KiB
MAXVM=10191928
# MAXMM: maximum memory used in KiB
MAXMM=6793984
# MAXRSS: maximum Resident Segment Size in KiB
MAXRSS=6785980
# TIMEOUT: did the solver exceed the time limit?
TIMEOUT=false
# MEMOUT: did the solver exceed the memory limit?
MEMOUT=false
# EXITSTATUS: Exit status of the solver
EXITSTATUS=0
