# WCTIME: wall clock time in seconds
WCTIME=104.476
# CPUTIME: CPU time in seconds (USERTIME+SYSTEMTIME)
CPUTIME=98.9523
# USERTIME: CPU time spent in user mode in seconds
USERTIME=95.437
# SYSTEMTIME: CPU time spent in system mode in seconds
SYSTEMTIME=3.51527
# CPUUSAGE: CPUTIME/WCTIME in percent
CPUUSAGE=94.7131
# MAXVM: maximum virtual memory used in KiB
MAXVM=3653928
# MAXMM: maximum memory used in KiB
MAXMM=256024
# MAXRSS: maximum Resident Segment Size in KiB
MAXRSS=238584
# TIMEOUT: did the solver exceed the time limit?
TIMEOUT=false
# MEMOUT: did the solver exceed the memory limit?
MEMOUT=false
# EXITSTATUS: Exit status of the solver
EXITSTATUS=0
