# WCTIME: wall clock time in seconds
WCTIME=1807.28
# CPUTIME: CPU time in seconds (USERTIME+SYSTEMTIME)
CPUTIME=1722.38
# USERTIME: CPU time spent in user mode in seconds
USERTIME=1718.54
# SYSTEMTIME: CPU time spent in system mode in seconds
SYSTEMTIME=3.84391
# CPUUSAGE: CPUTIME/WCTIME in percent
CPUUSAGE=95.3023
# MAXVM: maximum virtual memory used in KiB
MAXVM=3545072
# MAXMM: maximum memory used in KiB
MAXMM=481740
# MAXRSS: maximum Resident Segment Size in KiB
MAXRSS=273268
# TIMEOUT: did the solver exceed the time limit?
TIMEOUT=false
# MEMOUT: did the solver exceed the memory limit?
MEMOUT=false
# EXITSTATUS: Exit status of the solver
EXITSTATUS=0
