# WCTIME: wall clock time in seconds
WCTIME=265.06
# CPUTIME: CPU time in seconds (USERTIME+SYSTEMTIME)
CPUTIME=252.504
# USERTIME: CPU time spent in user mode in seconds
USERTIME=250.457
# SYSTEMTIME: CPU time spent in system mode in seconds
SYSTEMTIME=2.04667
# CPUUSAGE: CPUTIME/WCTIME in percent
CPUUSAGE=95.2629
# MAXVM: maximum virtual memory used in KiB
MAXVM=3692828
# MAXMM: maximum memory used in KiB
MAXMM=304784
# MAXRSS: maximum Resident Segment Size in KiB
MAXRSS=285460
# TIMEOUT: did the solver exceed the time limit?
TIMEOUT=false
# MEMOUT: did the solver exceed the memory limit?
MEMOUT=false
# EXITSTATUS: Exit status of the solver
EXITSTATUS=0
