# WCTIME: wall clock time in seconds
WCTIME=55.848
# CPUTIME: CPU time in seconds (USERTIME+SYSTEMTIME)
CPUTIME=47.2126
# USERTIME: CPU time spent in user mode in seconds
USERTIME=43.3975
# SYSTEMTIME: CPU time spent in system mode in seconds
SYSTEMTIME=3.8151
# CPUUSAGE: CPUTIME/WCTIME in percent
CPUUSAGE=84.5377
# MAXVM: maximum virtual memory used in KiB
MAXVM=3472664
# MAXMM: maximum memory used in KiB
MAXMM=476212
# MAXRSS: maximum Resident Segment Size in KiB
MAXRSS=273296
# TIMEOUT: did the solver exceed the time limit?
TIMEOUT=false
# MEMOUT: did the solver exceed the memory limit?
MEMOUT=false
# EXITSTATUS: Exit status of the solver
EXITSTATUS=0
