# WCTIME: wall clock time in seconds
WCTIME=143.777
# CPUTIME: CPU time in seconds (USERTIME+SYSTEMTIME)
CPUTIME=136.761
# USERTIME: CPU time spent in user mode in seconds
USERTIME=130.516
# SYSTEMTIME: CPU time spent in system mode in seconds
SYSTEMTIME=6.24502
# CPUUSAGE: CPUTIME/WCTIME in percent
CPUUSAGE=95.1204
# MAXVM: maximum virtual memory used in KiB
MAXVM=9593344
# MAXMM: maximum memory used in KiB
MAXMM=8421192
# MAXRSS: maximum Resident Segment Size in KiB
MAXRSS=8378636
# TIMEOUT: did the solver exceed the time limit?
TIMEOUT=false
# MEMOUT: did the solver exceed the memory limit?
MEMOUT=true
# EXITSTATUS: Exit status of the solver
EXITSTATUS=15
