# WCTIME: wall clock time in seconds
WCTIME=86400.1
# CPUTIME: CPU time in seconds (USERTIME+SYSTEMTIME)
CPUTIME=83830.2
# USERTIME: CPU time spent in user mode in seconds
USERTIME=83438
# SYSTEMTIME: CPU time spent in system mode in seconds
SYSTEMTIME=392.292
# CPUUSAGE: CPUTIME/WCTIME in percent
CPUUSAGE=97.0256
# MAXVM: maximum virtual memory used in KiB
MAXVM=23668144
# MAXMM: maximum memory used in KiB
MAXMM=21626752
# MAXRSS: maximum Resident Segment Size in KiB
MAXRSS=21572720
# TIMEOUT: did the solver exceed the time limit?
TIMEOUT=true
# MEMOUT: did the solver exceed the memory limit?
MEMOUT=false
# EXITSTATUS: Exit status of the solver
EXITSTATUS=15
