# WCTIME: wall clock time in seconds
WCTIME=1882.89
# CPUTIME: CPU time in seconds (USERTIME+SYSTEMTIME)
CPUTIME=1800.16
# USERTIME: CPU time spent in user mode in seconds
USERTIME=1791.85
# SYSTEMTIME: CPU time spent in system mode in seconds
SYSTEMTIME=8.31073
# CPUUSAGE: CPUTIME/WCTIME in percent
CPUUSAGE=95.6061
# MAXVM: maximum virtual memory used in KiB
MAXVM=2118956
# MAXMM: maximum memory used in KiB
MAXMM=1156316
# MAXRSS: maximum Resident Segment Size in KiB
MAXRSS=1118876
# TIMEOUT: did the solver exceed the time limit?
TIMEOUT=true
# MEMOUT: did the solver exceed the memory limit?
MEMOUT=false
# EXITSTATUS: Exit status of the solver
EXITSTATUS=15
