# WCTIME: wall clock time in seconds
WCTIME=8.61489
# CPUTIME: CPU time in seconds (USERTIME+SYSTEMTIME)
CPUTIME=7.9334
# USERTIME: CPU time spent in user mode in seconds
USERTIME=4.24654
# SYSTEMTIME: CPU time spent in system mode in seconds
SYSTEMTIME=3.68686
# CPUUSAGE: CPUTIME/WCTIME in percent
CPUUSAGE=92.0894
# MAXVM: maximum virtual memory used in KiB
MAXVM=3916012
# MAXMM: maximum memory used in KiB
MAXMM=384868
# MAXRSS: maximum Resident Segment Size in KiB
MAXRSS=348364
# TIMEOUT: did the solver exceed the time limit?
TIMEOUT=false
# MEMOUT: did the solver exceed the memory limit?
MEMOUT=false
# EXITSTATUS: Exit status of the solver
EXITSTATUS=0
