# WCTIME: wall clock time in seconds
WCTIME=1873.54
# CPUTIME: CPU time in seconds (USERTIME+SYSTEMTIME)
CPUTIME=1800.18
# USERTIME: CPU time spent in user mode in seconds
USERTIME=1797.7
# SYSTEMTIME: CPU time spent in system mode in seconds
SYSTEMTIME=2.48139
# CPUUSAGE: CPUTIME/WCTIME in percent
CPUUSAGE=96.0844
# MAXVM: maximum virtual memory used in KiB
MAXVM=1860192
# MAXMM: maximum memory used in KiB
MAXMM=899900
# MAXRSS: maximum Resident Segment Size in KiB
MAXRSS=863660
# TIMEOUT: did the solver exceed the time limit?
TIMEOUT=true
# MEMOUT: did the solver exceed the memory limit?
MEMOUT=false
# EXITSTATUS: Exit status of the solver
EXITSTATUS=15
