# WCTIME: wall clock time in seconds
WCTIME=1689.79
# CPUTIME: CPU time in seconds (USERTIME+SYSTEMTIME)
CPUTIME=1617.15
# USERTIME: CPU time spent in user mode in seconds
USERTIME=1611.07
# SYSTEMTIME: CPU time spent in system mode in seconds
SYSTEMTIME=6.07822
# CPUUSAGE: CPUTIME/WCTIME in percent
CPUUSAGE=95.7012
# MAXVM: maximum virtual memory used in KiB
MAXVM=4028772
# MAXMM: maximum memory used in KiB
MAXMM=634876
# MAXRSS: maximum Resident Segment Size in KiB
MAXRSS=615364
# TIMEOUT: did the solver exceed the time limit?
TIMEOUT=false
# MEMOUT: did the solver exceed the memory limit?
MEMOUT=false
# EXITSTATUS: Exit status of the solver
EXITSTATUS=0
