# WCTIME: wall clock time in seconds
WCTIME=184.316
# CPUTIME: CPU time in seconds (USERTIME+SYSTEMTIME)
CPUTIME=176.295
# USERTIME: CPU time spent in user mode in seconds
USERTIME=170.306
# SYSTEMTIME: CPU time spent in system mode in seconds
SYSTEMTIME=5.98805
# CPUUSAGE: CPUTIME/WCTIME in percent
CPUUSAGE=95.648
# MAXVM: maximum virtual memory used in KiB
MAXVM=9461344
# MAXMM: maximum memory used in KiB
MAXMM=8393316
# MAXRSS: maximum Resident Segment Size in KiB
MAXRSS=8354072
# TIMEOUT: did the solver exceed the time limit?
TIMEOUT=false
# MEMOUT: did the solver exceed the memory limit?
MEMOUT=true
# EXITSTATUS: Exit status of the solver
EXITSTATUS=15
