# WCTIME: wall clock time in seconds
WCTIME=1.2826
# CPUTIME: CPU time in seconds (USERTIME+SYSTEMTIME)
CPUTIME=0.888751
# USERTIME: CPU time spent in user mode in seconds
USERTIME=0.376661
# SYSTEMTIME: CPU time spent in system mode in seconds
SYSTEMTIME=0.51209
# CPUUSAGE: CPUTIME/WCTIME in percent
CPUUSAGE=69.293
# MAXVM: maximum virtual memory used in KiB
MAXVM=1685972
# MAXMM: maximum memory used in KiB
MAXMM=47536
# MAXRSS: maximum Resident Segment Size in KiB
MAXRSS=47004
# TIMEOUT: did the solver exceed the time limit?
TIMEOUT=false
# MEMOUT: did the solver exceed the memory limit?
MEMOUT=false
# EXITSTATUS: Exit status of the solver
EXITSTATUS=0
