# WCTIME: wall clock time in seconds
WCTIME=86400.3
# CPUTIME: CPU time in seconds (USERTIME+SYSTEMTIME)
CPUTIME=83230.6
# USERTIME: CPU time spent in user mode in seconds
USERTIME=81895.9
# SYSTEMTIME: CPU time spent in system mode in seconds
SYSTEMTIME=1334.7
# CPUUSAGE: CPUTIME/WCTIME in percent
CPUUSAGE=96.3314
# MAXVM: maximum virtual memory used in KiB
MAXVM=17718532
# MAXMM: maximum memory used in KiB
MAXMM=16134596
# MAXRSS: maximum Resident Segment Size in KiB
MAXRSS=6709952
# TIMEOUT: did the solver exceed the time limit?
TIMEOUT=true
# MEMOUT: did the solver exceed the memory limit?
MEMOUT=false
# EXITSTATUS: Exit status of the solver
EXITSTATUS=15
