# WCTIME: wall clock time in seconds
WCTIME=1883.41
# CPUTIME: CPU time in seconds (USERTIME+SYSTEMTIME)
CPUTIME=1800.43
# USERTIME: CPU time spent in user mode in seconds
USERTIME=1775.48
# SYSTEMTIME: CPU time spent in system mode in seconds
SYSTEMTIME=24.9489
# CPUUSAGE: CPUTIME/WCTIME in percent
CPUUSAGE=95.5942
# MAXVM: maximum virtual memory used in KiB
MAXVM=8338908
# MAXMM: maximum memory used in KiB
MAXMM=6664228
# MAXRSS: maximum Resident Segment Size in KiB
MAXRSS=6624824
# TIMEOUT: did the solver exceed the time limit?
TIMEOUT=true
# MEMOUT: did the solver exceed the memory limit?
MEMOUT=false
# EXITSTATUS: Exit status of the solver
EXITSTATUS=15
