# WCTIME: wall clock time in seconds
WCTIME=9.25595
# CPUTIME: CPU time in seconds (USERTIME+SYSTEMTIME)
CPUTIME=8.42613
# USERTIME: CPU time spent in user mode in seconds
USERTIME=4.29519
# SYSTEMTIME: CPU time spent in system mode in seconds
SYSTEMTIME=4.13094
# CPUUSAGE: CPUTIME/WCTIME in percent
CPUUSAGE=91.0347
# MAXVM: maximum virtual memory used in KiB
MAXVM=3893736
# MAXMM: maximum memory used in KiB
MAXMM=371732
# MAXRSS: maximum Resident Segment Size in KiB
MAXRSS=332396
# TIMEOUT: did the solver exceed the time limit?
TIMEOUT=false
# MEMOUT: did the solver exceed the memory limit?
MEMOUT=false
# EXITSTATUS: Exit status of the solver
EXITSTATUS=0
