# WCTIME: wall clock time in seconds
WCTIME=1881.45
# CPUTIME: CPU time in seconds (USERTIME+SYSTEMTIME)
CPUTIME=1800.62
# USERTIME: CPU time spent in user mode in seconds
USERTIME=1622.08
# SYSTEMTIME: CPU time spent in system mode in seconds
SYSTEMTIME=178.538
# CPUUSAGE: CPUTIME/WCTIME in percent
CPUUSAGE=95.7036
# MAXVM: maximum virtual memory used in KiB
MAXVM=8169244
# MAXMM: maximum memory used in KiB
MAXMM=4704528
# MAXRSS: maximum Resident Segment Size in KiB
MAXRSS=4690316
# TIMEOUT: did the solver exceed the time limit?
TIMEOUT=true
# MEMOUT: did the solver exceed the memory limit?
MEMOUT=false
# EXITSTATUS: Exit status of the solver
EXITSTATUS=0
