# WCTIME: wall clock time in seconds
WCTIME=9.47748
# CPUTIME: CPU time in seconds (USERTIME+SYSTEMTIME)
CPUTIME=7.62563
# USERTIME: CPU time spent in user mode in seconds
USERTIME=3.68596
# SYSTEMTIME: CPU time spent in system mode in seconds
SYSTEMTIME=3.93967
# CPUUSAGE: CPUTIME/WCTIME in percent
CPUUSAGE=80.4605
# MAXVM: maximum virtual memory used in KiB
MAXVM=3893748
# MAXMM: maximum memory used in KiB
MAXMM=377852
# MAXRSS: maximum Resident Segment Size in KiB
MAXRSS=338388
# TIMEOUT: did the solver exceed the time limit?
TIMEOUT=false
# MEMOUT: did the solver exceed the memory limit?
MEMOUT=false
# EXITSTATUS: Exit status of the solver
EXITSTATUS=0
