# WCTIME: wall clock time in seconds
WCTIME=9.30718
# CPUTIME: CPU time in seconds (USERTIME+SYSTEMTIME)
CPUTIME=8.29523
# USERTIME: CPU time spent in user mode in seconds
USERTIME=4.26978
# SYSTEMTIME: CPU time spent in system mode in seconds
SYSTEMTIME=4.02544
# CPUUSAGE: CPUTIME/WCTIME in percent
CPUUSAGE=89.1272
# MAXVM: maximum virtual memory used in KiB
MAXVM=3902608
# MAXMM: maximum memory used in KiB
MAXMM=377148
# MAXRSS: maximum Resident Segment Size in KiB
MAXRSS=340624
# TIMEOUT: did the solver exceed the time limit?
TIMEOUT=false
# MEMOUT: did the solver exceed the memory limit?
MEMOUT=false
# EXITSTATUS: Exit status of the solver
EXITSTATUS=0
