# WCTIME: wall clock time in seconds
WCTIME=1889.21
# CPUTIME: CPU time in seconds (USERTIME+SYSTEMTIME)
CPUTIME=1800.24
# USERTIME: CPU time spent in user mode in seconds
USERTIME=1795.95
# SYSTEMTIME: CPU time spent in system mode in seconds
SYSTEMTIME=4.28934
# CPUUSAGE: CPUTIME/WCTIME in percent
CPUUSAGE=95.2906
# MAXVM: maximum virtual memory used in KiB
MAXVM=2294068
# MAXMM: maximum memory used in KiB
MAXMM=1325688
# MAXRSS: maximum Resident Segment Size in KiB
MAXRSS=1286816
# TIMEOUT: did the solver exceed the time limit?
TIMEOUT=true
# MEMOUT: did the solver exceed the memory limit?
MEMOUT=false
# EXITSTATUS: Exit status of the solver
EXITSTATUS=15
