# WCTIME: wall clock time in seconds
WCTIME=49090.7
# CPUTIME: CPU time in seconds (USERTIME+SYSTEMTIME)
CPUTIME=46582.3
# USERTIME: CPU time spent in user mode in seconds
USERTIME=45596.1
# SYSTEMTIME: CPU time spent in system mode in seconds
SYSTEMTIME=986.212
# CPUUSAGE: CPUTIME/WCTIME in percent
CPUUSAGE=94.8902
# MAXVM: maximum virtual memory used in KiB
MAXVM=4239988
# MAXMM: maximum memory used in KiB
MAXMM=2910064
# MAXRSS: maximum Resident Segment Size in KiB
MAXRSS=2740844
# TIMEOUT: did the solver exceed the time limit?
TIMEOUT=false
# MEMOUT: did the solver exceed the memory limit?
MEMOUT=false
# EXITSTATUS: Exit status of the solver
EXITSTATUS=256
