# WCTIME: wall clock time in seconds
WCTIME=848.666
# CPUTIME: CPU time in seconds (USERTIME+SYSTEMTIME)
CPUTIME=808.915
# USERTIME: CPU time spent in user mode in seconds
USERTIME=782.194
# SYSTEMTIME: CPU time spent in system mode in seconds
SYSTEMTIME=26.7214
# CPUUSAGE: CPUTIME/WCTIME in percent
CPUUSAGE=95.3161
# MAXVM: maximum virtual memory used in KiB
MAXVM=9200124
# MAXMM: maximum memory used in KiB
MAXMM=8163760
# MAXRSS: maximum Resident Segment Size in KiB
MAXRSS=8121388
# TIMEOUT: did the solver exceed the time limit?
TIMEOUT=false
# MEMOUT: did the solver exceed the memory limit?
MEMOUT=false
# EXITSTATUS: Exit status of the solver
EXITSTATUS=0
