# WCTIME: wall clock time in seconds
WCTIME=1264.05
# CPUTIME: CPU time in seconds (USERTIME+SYSTEMTIME)
CPUTIME=1204.31
# USERTIME: CPU time spent in user mode in seconds
USERTIME=1193.33
# SYSTEMTIME: CPU time spent in system mode in seconds
SYSTEMTIME=10.9799
# CPUUSAGE: CPUTIME/WCTIME in percent
CPUUSAGE=95.2739
# MAXVM: maximum virtual memory used in KiB
MAXVM=9187512
# MAXMM: maximum memory used in KiB
MAXMM=8165588
# MAXRSS: maximum Resident Segment Size in KiB
MAXRSS=8128240
# TIMEOUT: did the solver exceed the time limit?
TIMEOUT=false
# MEMOUT: did the solver exceed the memory limit?
MEMOUT=false
# EXITSTATUS: Exit status of the solver
EXITSTATUS=0
