# WCTIME: wall clock time in seconds
WCTIME=86401
# CPUTIME: CPU time in seconds (USERTIME+SYSTEMTIME)
CPUTIME=79878.4
# USERTIME: CPU time spent in user mode in seconds
USERTIME=77849.9
# SYSTEMTIME: CPU time spent in system mode in seconds
SYSTEMTIME=2028.49
# CPUUSAGE: CPUTIME/WCTIME in percent
CPUUSAGE=92.4507
# MAXVM: maximum virtual memory used in KiB
MAXVM=116596972
# MAXMM: maximum memory used in KiB
MAXMM=16605524
# MAXRSS: maximum Resident Segment Size in KiB
MAXRSS=281440
# TIMEOUT: did the solver exceed the time limit?
TIMEOUT=true
# MEMOUT: did the solver exceed the memory limit?
MEMOUT=false
# EXITSTATUS: Exit status of the solver
EXITSTATUS=15
