# WCTIME: wall clock time in seconds
WCTIME=2838.37
# CPUTIME: CPU time in seconds (USERTIME+SYSTEMTIME)
CPUTIME=2735.85
# USERTIME: CPU time spent in user mode in seconds
USERTIME=2707.74
# SYSTEMTIME: CPU time spent in system mode in seconds
SYSTEMTIME=28.1032
# CPUUSAGE: CPUTIME/WCTIME in percent
CPUUSAGE=96.3879
# MAXVM: maximum virtual memory used in KiB
MAXVM=34517688
# MAXMM: maximum memory used in KiB
MAXMM=33554516
# MAXRSS: maximum Resident Segment Size in KiB
MAXRSS=33534060
# TIMEOUT: did the solver exceed the time limit?
TIMEOUT=false
# MEMOUT: did the solver exceed the memory limit?
MEMOUT=true
# EXITSTATUS: Exit status of the solver
EXITSTATUS=15
