# WCTIME: wall clock time in seconds
WCTIME=1807.8
# CPUTIME: CPU time in seconds (USERTIME+SYSTEMTIME)
CPUTIME=1724.26
# USERTIME: CPU time spent in user mode in seconds
USERTIME=1720.33
# SYSTEMTIME: CPU time spent in system mode in seconds
SYSTEMTIME=3.93167
# CPUUSAGE: CPUTIME/WCTIME in percent
CPUUSAGE=95.3787
# MAXVM: maximum virtual memory used in KiB
MAXVM=3545172
# MAXMM: maximum memory used in KiB
MAXMM=480556
# MAXRSS: maximum Resident Segment Size in KiB
MAXRSS=273256
# TIMEOUT: did the solver exceed the time limit?
TIMEOUT=false
# MEMOUT: did the solver exceed the memory limit?
MEMOUT=false
# EXITSTATUS: Exit status of the solver
EXITSTATUS=0
