# WCTIME: wall clock time in seconds
WCTIME=8.04614
# CPUTIME: CPU time in seconds (USERTIME+SYSTEMTIME)
CPUTIME=7.22867
# USERTIME: CPU time spent in user mode in seconds
USERTIME=3.5538
# SYSTEMTIME: CPU time spent in system mode in seconds
SYSTEMTIME=3.67488
# CPUUSAGE: CPUTIME/WCTIME in percent
CPUUSAGE=89.8402
# MAXVM: maximum virtual memory used in KiB
MAXVM=3966480
# MAXMM: maximum memory used in KiB
MAXMM=372736
# MAXRSS: maximum Resident Segment Size in KiB
MAXRSS=336516
# TIMEOUT: did the solver exceed the time limit?
TIMEOUT=false
# MEMOUT: did the solver exceed the memory limit?
MEMOUT=false
# EXITSTATUS: Exit status of the solver
EXITSTATUS=0
