# WCTIME: wall clock time in seconds
WCTIME=65.1831
# CPUTIME: CPU time in seconds (USERTIME+SYSTEMTIME)
CPUTIME=61.8765
# USERTIME: CPU time spent in user mode in seconds
USERTIME=61.3012
# SYSTEMTIME: CPU time spent in system mode in seconds
SYSTEMTIME=0.575277
# CPUUSAGE: CPUTIME/WCTIME in percent
CPUUSAGE=94.9271
# MAXVM: maximum virtual memory used in KiB
MAXVM=1123476
# MAXMM: maximum memory used in KiB
MAXMM=170800
# MAXRSS: maximum Resident Segment Size in KiB
MAXRSS=140760
# TIMEOUT: did the solver exceed the time limit?
TIMEOUT=false
# MEMOUT: did the solver exceed the memory limit?
MEMOUT=false
# EXITSTATUS: Exit status of the solver
EXITSTATUS=0
