# WCTIME: wall clock time in seconds
WCTIME=6.71429
# CPUTIME: CPU time in seconds (USERTIME+SYSTEMTIME)
CPUTIME=6.18245
# USERTIME: CPU time spent in user mode in seconds
USERTIME=2.92848
# SYSTEMTIME: CPU time spent in system mode in seconds
SYSTEMTIME=3.25396
# CPUUSAGE: CPUTIME/WCTIME in percent
CPUUSAGE=92.079
# MAXVM: maximum virtual memory used in KiB
MAXVM=3962356
# MAXMM: maximum memory used in KiB
MAXMM=374672
# MAXRSS: maximum Resident Segment Size in KiB
MAXRSS=335516
# TIMEOUT: did the solver exceed the time limit?
TIMEOUT=false
# MEMOUT: did the solver exceed the memory limit?
MEMOUT=false
# EXITSTATUS: Exit status of the solver
EXITSTATUS=0
