# WCTIME: wall clock time in seconds
WCTIME=436.119
# CPUTIME: CPU time in seconds (USERTIME+SYSTEMTIME)
CPUTIME=417.399
# USERTIME: CPU time spent in user mode in seconds
USERTIME=399.071
# SYSTEMTIME: CPU time spent in system mode in seconds
SYSTEMTIME=18.3279
# CPUUSAGE: CPUTIME/WCTIME in percent
CPUUSAGE=95.7076
# MAXVM: maximum virtual memory used in KiB
MAXVM=7865720
# MAXMM: maximum memory used in KiB
MAXMM=6386048
# MAXRSS: maximum Resident Segment Size in KiB
MAXRSS=6346612
# TIMEOUT: did the solver exceed the time limit?
TIMEOUT=false
# MEMOUT: did the solver exceed the memory limit?
MEMOUT=false
# EXITSTATUS: Exit status of the solver
EXITSTATUS=0
