# WCTIME: wall clock time in seconds
WCTIME=3.25288
# CPUTIME: CPU time in seconds (USERTIME+SYSTEMTIME)
CPUTIME=2.74297
# USERTIME: CPU time spent in user mode in seconds
USERTIME=0.791032
# SYSTEMTIME: CPU time spent in system mode in seconds
SYSTEMTIME=1.95194
# CPUUSAGE: CPUTIME/WCTIME in percent
CPUUSAGE=84.3244
# MAXVM: maximum virtual memory used in KiB
MAXVM=3687132
# MAXMM: maximum memory used in KiB
MAXMM=228228
# MAXRSS: maximum Resident Segment Size in KiB
MAXRSS=211256
# TIMEOUT: did the solver exceed the time limit?
TIMEOUT=false
# MEMOUT: did the solver exceed the memory limit?
MEMOUT=false
# EXITSTATUS: Exit status of the solver
EXITSTATUS=0
