# WCTIME: wall clock time in seconds
WCTIME=83951.2
# CPUTIME: CPU time in seconds (USERTIME+SYSTEMTIME)
CPUTIME=77100
# USERTIME: CPU time spent in user mode in seconds
USERTIME=75165.7
# SYSTEMTIME: CPU time spent in system mode in seconds
SYSTEMTIME=1934.3
# CPUUSAGE: CPUTIME/WCTIME in percent
CPUUSAGE=91.839
# MAXVM: maximum virtual memory used in KiB
MAXVM=8688968
# MAXMM: maximum memory used in KiB
MAXMM=4534288
# MAXRSS: maximum Resident Segment Size in KiB
MAXRSS=2238144
# TIMEOUT: did the solver exceed the time limit?
TIMEOUT=false
# MEMOUT: did the solver exceed the memory limit?
MEMOUT=false
# EXITSTATUS: Exit status of the solver
EXITSTATUS=0
