# WCTIME: wall clock time in seconds
WCTIME=11.2929
# CPUTIME: CPU time in seconds (USERTIME+SYSTEMTIME)
CPUTIME=10.3848
# USERTIME: CPU time spent in user mode in seconds
USERTIME=6.57926
# SYSTEMTIME: CPU time spent in system mode in seconds
SYSTEMTIME=3.8055
# CPUUSAGE: CPUTIME/WCTIME in percent
CPUUSAGE=91.958
# MAXVM: maximum virtual memory used in KiB
MAXVM=3896108
# MAXMM: maximum memory used in KiB
MAXMM=378792
# MAXRSS: maximum Resident Segment Size in KiB
MAXRSS=339852
# TIMEOUT: did the solver exceed the time limit?
TIMEOUT=false
# MEMOUT: did the solver exceed the memory limit?
MEMOUT=false
# EXITSTATUS: Exit status of the solver
EXITSTATUS=0
