# WCTIME: wall clock time in seconds
WCTIME=52.9908
# CPUTIME: CPU time in seconds (USERTIME+SYSTEMTIME)
CPUTIME=50.2103
# USERTIME: CPU time spent in user mode in seconds
USERTIME=35.3761
# SYSTEMTIME: CPU time spent in system mode in seconds
SYSTEMTIME=14.8342
# CPUUSAGE: CPUTIME/WCTIME in percent
CPUUSAGE=94.7529
# MAXVM: maximum virtual memory used in KiB
MAXVM=10200952
# MAXMM: maximum memory used in KiB
MAXMM=6742368
# MAXRSS: maximum Resident Segment Size in KiB
MAXRSS=6723184
# TIMEOUT: did the solver exceed the time limit?
TIMEOUT=false
# MEMOUT: did the solver exceed the memory limit?
MEMOUT=false
# EXITSTATUS: Exit status of the solver
EXITSTATUS=0
