# WCTIME: wall clock time in seconds
WCTIME=11.787
# CPUTIME: CPU time in seconds (USERTIME+SYSTEMTIME)
CPUTIME=8.85047
# USERTIME: CPU time spent in user mode in seconds
USERTIME=5.26159
# SYSTEMTIME: CPU time spent in system mode in seconds
SYSTEMTIME=3.58888
# CPUUSAGE: CPUTIME/WCTIME in percent
CPUUSAGE=75.087
# MAXVM: maximum virtual memory used in KiB
MAXVM=3530368
# MAXMM: maximum memory used in KiB
MAXMM=469776
# MAXRSS: maximum Resident Segment Size in KiB
MAXRSS=292092
# TIMEOUT: did the solver exceed the time limit?
TIMEOUT=false
# MEMOUT: did the solver exceed the memory limit?
MEMOUT=false
# EXITSTATUS: Exit status of the solver
EXITSTATUS=0
