# WCTIME: wall clock time in seconds
WCTIME=1874.36
# CPUTIME: CPU time in seconds (USERTIME+SYSTEMTIME)
CPUTIME=1800.37
# USERTIME: CPU time spent in user mode in seconds
USERTIME=1793.81
# SYSTEMTIME: CPU time spent in system mode in seconds
SYSTEMTIME=6.56428
# CPUUSAGE: CPUTIME/WCTIME in percent
CPUUSAGE=96.0527
# MAXVM: maximum virtual memory used in KiB
MAXVM=3913444
# MAXMM: maximum memory used in KiB
MAXMM=614348
# MAXRSS: maximum Resident Segment Size in KiB
MAXRSS=574160
# TIMEOUT: did the solver exceed the time limit?
TIMEOUT=true
# MEMOUT: did the solver exceed the memory limit?
MEMOUT=false
# EXITSTATUS: Exit status of the solver
EXITSTATUS=15
