# WCTIME: wall clock time in seconds
WCTIME=53.848
# CPUTIME: CPU time in seconds (USERTIME+SYSTEMTIME)
CPUTIME=50.8809
# USERTIME: CPU time spent in user mode in seconds
USERTIME=46.1831
# SYSTEMTIME: CPU time spent in system mode in seconds
SYSTEMTIME=4.69782
# CPUUSAGE: CPUTIME/WCTIME in percent
CPUUSAGE=94.4899
# MAXVM: maximum virtual memory used in KiB
MAXVM=4388876
# MAXMM: maximum memory used in KiB
MAXMM=734896
# MAXRSS: maximum Resident Segment Size in KiB
MAXRSS=702956
# TIMEOUT: did the solver exceed the time limit?
TIMEOUT=false
# MEMOUT: did the solver exceed the memory limit?
MEMOUT=false
# EXITSTATUS: Exit status of the solver
EXITSTATUS=0
