# WCTIME: wall clock time in seconds
WCTIME=426.391
# CPUTIME: CPU time in seconds (USERTIME+SYSTEMTIME)
CPUTIME=407.428
# USERTIME: CPU time spent in user mode in seconds
USERTIME=401.675
# SYSTEMTIME: CPU time spent in system mode in seconds
SYSTEMTIME=5.75336
# CPUUSAGE: CPUTIME/WCTIME in percent
CPUUSAGE=95.5527
# MAXVM: maximum virtual memory used in KiB
MAXVM=9154944
# MAXMM: maximum memory used in KiB
MAXMM=8120832
# MAXRSS: maximum Resident Segment Size in KiB
MAXRSS=8082260
# TIMEOUT: did the solver exceed the time limit?
TIMEOUT=false
# MEMOUT: did the solver exceed the memory limit?
MEMOUT=false
# EXITSTATUS: Exit status of the solver
EXITSTATUS=0
