# WCTIME: wall clock time in seconds
WCTIME=13.8436
# CPUTIME: CPU time in seconds (USERTIME+SYSTEMTIME)
CPUTIME=10.7136
# USERTIME: CPU time spent in user mode in seconds
USERTIME=7.10041
# SYSTEMTIME: CPU time spent in system mode in seconds
SYSTEMTIME=3.61319
# CPUUSAGE: CPUTIME/WCTIME in percent
CPUUSAGE=77.39
# MAXVM: maximum virtual memory used in KiB
MAXVM=3971560
# MAXMM: maximum memory used in KiB
MAXMM=568828
# MAXRSS: maximum Resident Segment Size in KiB
MAXRSS=335656
# TIMEOUT: did the solver exceed the time limit?
TIMEOUT=false
# MEMOUT: did the solver exceed the memory limit?
MEMOUT=false
# EXITSTATUS: Exit status of the solver
EXITSTATUS=0
