# WCTIME: wall clock time in seconds
WCTIME=1897.65
# CPUTIME: CPU time in seconds (USERTIME+SYSTEMTIME)
CPUTIME=1800.27
# USERTIME: CPU time spent in user mode in seconds
USERTIME=1787.04
# SYSTEMTIME: CPU time spent in system mode in seconds
SYSTEMTIME=13.2299
# CPUUSAGE: CPUTIME/WCTIME in percent
CPUUSAGE=94.8688
# MAXVM: maximum virtual memory used in KiB
MAXVM=5712064
# MAXMM: maximum memory used in KiB
MAXMM=2777072
# MAXRSS: maximum Resident Segment Size in KiB
MAXRSS=2737896
# TIMEOUT: did the solver exceed the time limit?
TIMEOUT=true
# MEMOUT: did the solver exceed the memory limit?
MEMOUT=false
# EXITSTATUS: Exit status of the solver
EXITSTATUS=15
