# WCTIME: wall clock time in seconds
WCTIME=4.13577
# CPUTIME: CPU time in seconds (USERTIME+SYSTEMTIME)
CPUTIME=3.68461
# USERTIME: CPU time spent in user mode in seconds
USERTIME=3.30936
# SYSTEMTIME: CPU time spent in system mode in seconds
SYSTEMTIME=0.375249
# CPUUSAGE: CPUTIME/WCTIME in percent
CPUUSAGE=89.0912
# MAXVM: maximum virtual memory used in KiB
MAXVM=1042356
# MAXMM: maximum memory used in KiB
MAXMM=72964
# MAXRSS: maximum Resident Segment Size in KiB
MAXRSS=25864
# TIMEOUT: did the solver exceed the time limit?
TIMEOUT=false
# MEMOUT: did the solver exceed the memory limit?
MEMOUT=false
# EXITSTATUS: Exit status of the solver
EXITSTATUS=0
