# WCTIME: wall clock time in seconds
WCTIME=41.8496
# CPUTIME: CPU time in seconds (USERTIME+SYSTEMTIME)
CPUTIME=39.7761
# USERTIME: CPU time spent in user mode in seconds
USERTIME=26.7831
# SYSTEMTIME: CPU time spent in system mode in seconds
SYSTEMTIME=12.9929
# CPUUSAGE: CPUTIME/WCTIME in percent
CPUUSAGE=95.0452
# MAXVM: maximum virtual memory used in KiB
MAXVM=1734780
# MAXMM: maximum memory used in KiB
MAXMM=582452
# MAXRSS: maximum Resident Segment Size in KiB
MAXRSS=538620
# TIMEOUT: did the solver exceed the time limit?
TIMEOUT=false
# MEMOUT: did the solver exceed the memory limit?
MEMOUT=false
# EXITSTATUS: Exit status of the solver
EXITSTATUS=0
