# WCTIME: wall clock time in seconds
WCTIME=10.4294
# CPUTIME: CPU time in seconds (USERTIME+SYSTEMTIME)
CPUTIME=8.02021
# USERTIME: CPU time spent in user mode in seconds
USERTIME=3.95137
# SYSTEMTIME: CPU time spent in system mode in seconds
SYSTEMTIME=4.06884
# CPUUSAGE: CPUTIME/WCTIME in percent
CPUUSAGE=76.9003
# MAXVM: maximum virtual memory used in KiB
MAXVM=3894824
# MAXMM: maximum memory used in KiB
MAXMM=372768
# MAXRSS: maximum Resident Segment Size in KiB
MAXRSS=333492
# TIMEOUT: did the solver exceed the time limit?
TIMEOUT=false
# MEMOUT: did the solver exceed the memory limit?
MEMOUT=false
# EXITSTATUS: Exit status of the solver
EXITSTATUS=0
