# WCTIME: wall clock time in seconds
WCTIME=505.863
# CPUTIME: CPU time in seconds (USERTIME+SYSTEMTIME)
CPUTIME=478.21
# USERTIME: CPU time spent in user mode in seconds
USERTIME=472.321
# SYSTEMTIME: CPU time spent in system mode in seconds
SYSTEMTIME=5.88948
# CPUUSAGE: CPUTIME/WCTIME in percent
CPUUSAGE=94.5336
# MAXVM: maximum virtual memory used in KiB
MAXVM=3951844
# MAXMM: maximum memory used in KiB
MAXMM=1042676
# MAXRSS: maximum Resident Segment Size in KiB
MAXRSS=1011116
# TIMEOUT: did the solver exceed the time limit?
TIMEOUT=false
# MEMOUT: did the solver exceed the memory limit?
MEMOUT=false
# EXITSTATUS: Exit status of the solver
EXITSTATUS=0
