# WCTIME: wall clock time in seconds
WCTIME=1740.97
# CPUTIME: CPU time in seconds (USERTIME+SYSTEMTIME)
CPUTIME=1664.21
# USERTIME: CPU time spent in user mode in seconds
USERTIME=1661.89
# SYSTEMTIME: CPU time spent in system mode in seconds
SYSTEMTIME=2.32461
# CPUUSAGE: CPUTIME/WCTIME in percent
CPUUSAGE=95.5914
# MAXVM: maximum virtual memory used in KiB
MAXVM=3940304
# MAXMM: maximum memory used in KiB
MAXMM=553316
# MAXRSS: maximum Resident Segment Size in KiB
MAXRSS=533956
# TIMEOUT: did the solver exceed the time limit?
TIMEOUT=false
# MEMOUT: did the solver exceed the memory limit?
MEMOUT=false
# EXITSTATUS: Exit status of the solver
EXITSTATUS=0
