# WCTIME: wall clock time in seconds
WCTIME=9.1967
# CPUTIME: CPU time in seconds (USERTIME+SYSTEMTIME)
CPUTIME=8.4337
# USERTIME: CPU time spent in user mode in seconds
USERTIME=7.95965
# SYSTEMTIME: CPU time spent in system mode in seconds
SYSTEMTIME=0.474056
# CPUUSAGE: CPUTIME/WCTIME in percent
CPUUSAGE=91.7035
# MAXVM: maximum virtual memory used in KiB
MAXVM=1759528
# MAXMM: maximum memory used in KiB
MAXMM=100632
# MAXRSS: maximum Resident Segment Size in KiB
MAXRSS=61804
# TIMEOUT: did the solver exceed the time limit?
TIMEOUT=false
# MEMOUT: did the solver exceed the memory limit?
MEMOUT=false
# EXITSTATUS: Exit status of the solver
EXITSTATUS=0
