# WCTIME: wall clock time in seconds
WCTIME=46.6046
# CPUTIME: CPU time in seconds (USERTIME+SYSTEMTIME)
CPUTIME=38.108
# USERTIME: CPU time spent in user mode in seconds
USERTIME=32.3044
# SYSTEMTIME: CPU time spent in system mode in seconds
SYSTEMTIME=5.80369
# CPUUSAGE: CPUTIME/WCTIME in percent
CPUUSAGE=81.7689
# MAXVM: maximum virtual memory used in KiB
MAXVM=3926252
# MAXMM: maximum memory used in KiB
MAXMM=409904
# MAXRSS: maximum Resident Segment Size in KiB
MAXRSS=370408
# TIMEOUT: did the solver exceed the time limit?
TIMEOUT=false
# MEMOUT: did the solver exceed the memory limit?
MEMOUT=false
# EXITSTATUS: Exit status of the solver
EXITSTATUS=0
