# WCTIME: wall clock time in seconds
WCTIME=686.47
# CPUTIME: CPU time in seconds (USERTIME+SYSTEMTIME)
CPUTIME=657.941
# USERTIME: CPU time spent in user mode in seconds
USERTIME=649.974
# SYSTEMTIME: CPU time spent in system mode in seconds
SYSTEMTIME=7.96628
# CPUUSAGE: CPUTIME/WCTIME in percent
CPUUSAGE=95.844
# MAXVM: maximum virtual memory used in KiB
MAXVM=8691984
# MAXMM: maximum memory used in KiB
MAXMM=7657056
# MAXRSS: maximum Resident Segment Size in KiB
MAXRSS=7616624
# TIMEOUT: did the solver exceed the time limit?
TIMEOUT=false
# MEMOUT: did the solver exceed the memory limit?
MEMOUT=false
# EXITSTATUS: Exit status of the solver
EXITSTATUS=0
