# WCTIME: wall clock time in seconds
WCTIME=1890.32
# CPUTIME: CPU time in seconds (USERTIME+SYSTEMTIME)
CPUTIME=1800.34
# USERTIME: CPU time spent in user mode in seconds
USERTIME=1794.82
# SYSTEMTIME: CPU time spent in system mode in seconds
SYSTEMTIME=5.51964
# CPUUSAGE: CPUTIME/WCTIME in percent
CPUUSAGE=95.2398
# MAXVM: maximum virtual memory used in KiB
MAXVM=3812608
# MAXMM: maximum memory used in KiB
MAXMM=2831864
# MAXRSS: maximum Resident Segment Size in KiB
MAXRSS=2790604
# TIMEOUT: did the solver exceed the time limit?
TIMEOUT=true
# MEMOUT: did the solver exceed the memory limit?
MEMOUT=false
# EXITSTATUS: Exit status of the solver
EXITSTATUS=15
