# WCTIME: wall clock time in seconds
WCTIME=1683
# CPUTIME: CPU time in seconds (USERTIME+SYSTEMTIME)
CPUTIME=1612.1
# USERTIME: CPU time spent in user mode in seconds
USERTIME=1609.49
# SYSTEMTIME: CPU time spent in system mode in seconds
SYSTEMTIME=2.60886
# CPUUSAGE: CPUTIME/WCTIME in percent
CPUUSAGE=95.7873
# MAXVM: maximum virtual memory used in KiB
MAXVM=4051172
# MAXMM: maximum memory used in KiB
MAXMM=593292
# MAXRSS: maximum Resident Segment Size in KiB
MAXRSS=577056
# TIMEOUT: did the solver exceed the time limit?
TIMEOUT=false
# MEMOUT: did the solver exceed the memory limit?
MEMOUT=false
# EXITSTATUS: Exit status of the solver
EXITSTATUS=0
