# WCTIME: wall clock time in seconds
WCTIME=463.519
# CPUTIME: CPU time in seconds (USERTIME+SYSTEMTIME)
CPUTIME=444.931
# USERTIME: CPU time spent in user mode in seconds
USERTIME=434.779
# SYSTEMTIME: CPU time spent in system mode in seconds
SYSTEMTIME=10.1523
# CPUUSAGE: CPUTIME/WCTIME in percent
CPUUSAGE=95.9898
# MAXVM: maximum virtual memory used in KiB
MAXVM=9525620
# MAXMM: maximum memory used in KiB
MAXMM=8388812
# MAXRSS: maximum Resident Segment Size in KiB
MAXRSS=8351904
# TIMEOUT: did the solver exceed the time limit?
TIMEOUT=false
# MEMOUT: did the solver exceed the memory limit?
MEMOUT=true
# EXITSTATUS: Exit status of the solver
EXITSTATUS=15
