# WCTIME: wall clock time in seconds
WCTIME=814.989
# CPUTIME: CPU time in seconds (USERTIME+SYSTEMTIME)
CPUTIME=779.72
# USERTIME: CPU time spent in user mode in seconds
USERTIME=766.713
# SYSTEMTIME: CPU time spent in system mode in seconds
SYSTEMTIME=13.0071
# CPUUSAGE: CPUTIME/WCTIME in percent
CPUUSAGE=95.6725
# MAXVM: maximum virtual memory used in KiB
MAXVM=10200528
# MAXMM: maximum memory used in KiB
MAXMM=5041040
# MAXRSS: maximum Resident Segment Size in KiB
MAXRSS=5023696
# TIMEOUT: did the solver exceed the time limit?
TIMEOUT=false
# MEMOUT: did the solver exceed the memory limit?
MEMOUT=false
# EXITSTATUS: Exit status of the solver
EXITSTATUS=0
