# WCTIME: wall clock time in seconds
WCTIME=1.11179
# CPUTIME: CPU time in seconds (USERTIME+SYSTEMTIME)
CPUTIME=0.857062
# USERTIME: CPU time spent in user mode in seconds
USERTIME=0.424165
# SYSTEMTIME: CPU time spent in system mode in seconds
SYSTEMTIME=0.432897
# CPUUSAGE: CPUTIME/WCTIME in percent
CPUUSAGE=77.0881
# MAXVM: maximum virtual memory used in KiB
MAXVM=1691940
# MAXMM: maximum memory used in KiB
MAXMM=109808
# MAXRSS: maximum Resident Segment Size in KiB
MAXRSS=66836
# TIMEOUT: did the solver exceed the time limit?
TIMEOUT=false
# MEMOUT: did the solver exceed the memory limit?
MEMOUT=false
# EXITSTATUS: Exit status of the solver
EXITSTATUS=0
