# WCTIME: wall clock time in seconds
WCTIME=1883.24
# CPUTIME: CPU time in seconds (USERTIME+SYSTEMTIME)
CPUTIME=1800.51
# USERTIME: CPU time spent in user mode in seconds
USERTIME=1775.37
# SYSTEMTIME: CPU time spent in system mode in seconds
SYSTEMTIME=25.1366
# CPUUSAGE: CPUTIME/WCTIME in percent
CPUUSAGE=95.6068
# MAXVM: maximum virtual memory used in KiB
MAXVM=6650440
# MAXMM: maximum memory used in KiB
MAXMM=5620236
# MAXRSS: maximum Resident Segment Size in KiB
MAXRSS=5581516
# TIMEOUT: did the solver exceed the time limit?
TIMEOUT=true
# MEMOUT: did the solver exceed the memory limit?
MEMOUT=false
# EXITSTATUS: Exit status of the solver
EXITSTATUS=15
