# WCTIME: wall clock time in seconds
WCTIME=11.4225
# CPUTIME: CPU time in seconds (USERTIME+SYSTEMTIME)
CPUTIME=10.551
# USERTIME: CPU time spent in user mode in seconds
USERTIME=6.62831
# SYSTEMTIME: CPU time spent in system mode in seconds
SYSTEMTIME=3.92267
# CPUUSAGE: CPUTIME/WCTIME in percent
CPUUSAGE=92.37
# MAXVM: maximum virtual memory used in KiB
MAXVM=3896120
# MAXMM: maximum memory used in KiB
MAXMM=375008
# MAXRSS: maximum Resident Segment Size in KiB
MAXRSS=338016
# TIMEOUT: did the solver exceed the time limit?
TIMEOUT=false
# MEMOUT: did the solver exceed the memory limit?
MEMOUT=false
# EXITSTATUS: Exit status of the solver
EXITSTATUS=0
