# WCTIME: wall clock time in seconds
WCTIME=1874.59
# CPUTIME: CPU time in seconds (USERTIME+SYSTEMTIME)
CPUTIME=1800.27
# USERTIME: CPU time spent in user mode in seconds
USERTIME=1794.48
# SYSTEMTIME: CPU time spent in system mode in seconds
SYSTEMTIME=5.79024
# CPUUSAGE: CPUTIME/WCTIME in percent
CPUUSAGE=96.0354
# MAXVM: maximum virtual memory used in KiB
MAXVM=4310436
# MAXMM: maximum memory used in KiB
MAXMM=784036
# MAXRSS: maximum Resident Segment Size in KiB
MAXRSS=746712
# TIMEOUT: did the solver exceed the time limit?
TIMEOUT=true
# MEMOUT: did the solver exceed the memory limit?
MEMOUT=false
# EXITSTATUS: Exit status of the solver
EXITSTATUS=36608
