# WCTIME: wall clock time in seconds
WCTIME=85.2171
# CPUTIME: CPU time in seconds (USERTIME+SYSTEMTIME)
CPUTIME=80.9169
# USERTIME: CPU time spent in user mode in seconds
USERTIME=76.1695
# SYSTEMTIME: CPU time spent in system mode in seconds
SYSTEMTIME=4.74741
# CPUUSAGE: CPUTIME/WCTIME in percent
CPUUSAGE=94.9539
# MAXVM: maximum virtual memory used in KiB
MAXVM=5187108
# MAXMM: maximum memory used in KiB
MAXMM=3879036
# MAXRSS: maximum Resident Segment Size in KiB
MAXRSS=3835800
# TIMEOUT: did the solver exceed the time limit?
TIMEOUT=false
# MEMOUT: did the solver exceed the memory limit?
MEMOUT=false
# EXITSTATUS: Exit status of the solver
EXITSTATUS=256
