# WCTIME: wall clock time in seconds
WCTIME=1682.81
# CPUTIME: CPU time in seconds (USERTIME+SYSTEMTIME)
CPUTIME=1616.28
# USERTIME: CPU time spent in user mode in seconds
USERTIME=1613.63
# SYSTEMTIME: CPU time spent in system mode in seconds
SYSTEMTIME=2.65198
# CPUUSAGE: CPUTIME/WCTIME in percent
CPUUSAGE=96.0467
# MAXVM: maximum virtual memory used in KiB
MAXVM=3761428
# MAXMM: maximum memory used in KiB
MAXMM=305036
# MAXRSS: maximum Resident Segment Size in KiB
MAXRSS=286164
# TIMEOUT: did the solver exceed the time limit?
TIMEOUT=false
# MEMOUT: did the solver exceed the memory limit?
MEMOUT=false
# EXITSTATUS: Exit status of the solver
EXITSTATUS=0
