# WCTIME: wall clock time in seconds
WCTIME=1865.67
# CPUTIME: CPU time in seconds (USERTIME+SYSTEMTIME)
CPUTIME=1800.4
# USERTIME: CPU time spent in user mode in seconds
USERTIME=1780.65
# SYSTEMTIME: CPU time spent in system mode in seconds
SYSTEMTIME=19.7454
# CPUUSAGE: CPUTIME/WCTIME in percent
CPUUSAGE=96.5012
# MAXVM: maximum virtual memory used in KiB
MAXVM=8392712
# MAXMM: maximum memory used in KiB
MAXMM=7498500
# MAXRSS: maximum Resident Segment Size in KiB
MAXRSS=7456044
# TIMEOUT: did the solver exceed the time limit?
TIMEOUT=true
# MEMOUT: did the solver exceed the memory limit?
MEMOUT=false
# EXITSTATUS: Exit status of the solver
EXITSTATUS=15
