# WCTIME: wall clock time in seconds
WCTIME=1877.3
# CPUTIME: CPU time in seconds (USERTIME+SYSTEMTIME)
CPUTIME=1800.17
# USERTIME: CPU time spent in user mode in seconds
USERTIME=1794.44
# SYSTEMTIME: CPU time spent in system mode in seconds
SYSTEMTIME=5.73024
# CPUUSAGE: CPUTIME/WCTIME in percent
CPUUSAGE=95.8913
# MAXVM: maximum virtual memory used in KiB
MAXVM=1396528
# MAXMM: maximum memory used in KiB
MAXMM=423368
# MAXRSS: maximum Resident Segment Size in KiB
MAXRSS=377548
# TIMEOUT: did the solver exceed the time limit?
TIMEOUT=true
# MEMOUT: did the solver exceed the memory limit?
MEMOUT=false
# EXITSTATUS: Exit status of the solver
EXITSTATUS=15
