# WCTIME: wall clock time in seconds
WCTIME=1683.73
# CPUTIME: CPU time in seconds (USERTIME+SYSTEMTIME)
CPUTIME=1592.19
# USERTIME: CPU time spent in user mode in seconds
USERTIME=1588.22
# SYSTEMTIME: CPU time spent in system mode in seconds
SYSTEMTIME=3.97448
# CPUUSAGE: CPUTIME/WCTIME in percent
CPUUSAGE=94.5633
# MAXVM: maximum virtual memory used in KiB
MAXVM=4463160
# MAXMM: maximum memory used in KiB
MAXMM=1070788
# MAXRSS: maximum Resident Segment Size in KiB
MAXRSS=1053516
# TIMEOUT: did the solver exceed the time limit?
TIMEOUT=false
# MEMOUT: did the solver exceed the memory limit?
MEMOUT=false
# EXITSTATUS: Exit status of the solver
EXITSTATUS=0
