# WCTIME: wall clock time in seconds
WCTIME=1005.37
# CPUTIME: CPU time in seconds (USERTIME+SYSTEMTIME)
CPUTIME=951.422
# USERTIME: CPU time spent in user mode in seconds
USERTIME=940.79
# SYSTEMTIME: CPU time spent in system mode in seconds
SYSTEMTIME=10.6319
# CPUUSAGE: CPUTIME/WCTIME in percent
CPUUSAGE=94.6344
# MAXVM: maximum virtual memory used in KiB
MAXVM=4599884
# MAXMM: maximum memory used in KiB
MAXMM=1847316
# MAXRSS: maximum Resident Segment Size in KiB
MAXRSS=1803716
# TIMEOUT: did the solver exceed the time limit?
TIMEOUT=false
# MEMOUT: did the solver exceed the memory limit?
MEMOUT=false
# EXITSTATUS: Exit status of the solver
EXITSTATUS=256
