# WCTIME: wall clock time in seconds
WCTIME=943.476
# CPUTIME: CPU time in seconds (USERTIME+SYSTEMTIME)
CPUTIME=903.239
# USERTIME: CPU time spent in user mode in seconds
USERTIME=893.822
# SYSTEMTIME: CPU time spent in system mode in seconds
SYSTEMTIME=9.41663
# CPUUSAGE: CPUTIME/WCTIME in percent
CPUUSAGE=95.7352
# MAXVM: maximum virtual memory used in KiB
MAXVM=9187244
# MAXMM: maximum memory used in KiB
MAXMM=8177384
# MAXRSS: maximum Resident Segment Size in KiB
MAXRSS=8134848
# TIMEOUT: did the solver exceed the time limit?
TIMEOUT=false
# MEMOUT: did the solver exceed the memory limit?
MEMOUT=false
# EXITSTATUS: Exit status of the solver
EXITSTATUS=0
