# WCTIME: wall clock time in seconds
WCTIME=1686.32
# CPUTIME: CPU time in seconds (USERTIME+SYSTEMTIME)
CPUTIME=1612.55
# USERTIME: CPU time spent in user mode in seconds
USERTIME=1603.6
# SYSTEMTIME: CPU time spent in system mode in seconds
SYSTEMTIME=8.95245
# CPUUSAGE: CPUTIME/WCTIME in percent
CPUUSAGE=95.6251
# MAXVM: maximum virtual memory used in KiB
MAXVM=4393556
# MAXMM: maximum memory used in KiB
MAXMM=988596
# MAXRSS: maximum Resident Segment Size in KiB
MAXRSS=971168
# TIMEOUT: did the solver exceed the time limit?
TIMEOUT=false
# MEMOUT: did the solver exceed the memory limit?
MEMOUT=false
# EXITSTATUS: Exit status of the solver
EXITSTATUS=0
