# WCTIME: wall clock time in seconds
WCTIME=52.5765
# CPUTIME: CPU time in seconds (USERTIME+SYSTEMTIME)
CPUTIME=49.9651
# USERTIME: CPU time spent in user mode in seconds
USERTIME=35.3378
# SYSTEMTIME: CPU time spent in system mode in seconds
SYSTEMTIME=14.6273
# CPUUSAGE: CPUTIME/WCTIME in percent
CPUUSAGE=95.0331
# MAXVM: maximum virtual memory used in KiB
MAXVM=10198320
# MAXMM: maximum memory used in KiB
MAXMM=6772028
# MAXRSS: maximum Resident Segment Size in KiB
MAXRSS=6755352
# TIMEOUT: did the solver exceed the time limit?
TIMEOUT=false
# MEMOUT: did the solver exceed the memory limit?
MEMOUT=false
# EXITSTATUS: Exit status of the solver
EXITSTATUS=0
