# WCTIME: wall clock time in seconds
WCTIME=0.842177
# CPUTIME: CPU time in seconds (USERTIME+SYSTEMTIME)
CPUTIME=0.572677
# USERTIME: CPU time spent in user mode in seconds
USERTIME=0.20349
# SYSTEMTIME: CPU time spent in system mode in seconds
SYSTEMTIME=0.369187
# CPUUSAGE: CPUTIME/WCTIME in percent
CPUUSAGE=67.9996
# MAXVM: maximum virtual memory used in KiB
MAXVM=1234056
# MAXMM: maximum memory used in KiB
MAXMM=84224
# MAXRSS: maximum Resident Segment Size in KiB
MAXRSS=37640
# TIMEOUT: did the solver exceed the time limit?
TIMEOUT=false
# MEMOUT: did the solver exceed the memory limit?
MEMOUT=false
# EXITSTATUS: Exit status of the solver
EXITSTATUS=0
