# WCTIME: wall clock time in seconds
WCTIME=18.8172
# CPUTIME: CPU time in seconds (USERTIME+SYSTEMTIME)
CPUTIME=13.3983
# USERTIME: CPU time spent in user mode in seconds
USERTIME=9.22479
# SYSTEMTIME: CPU time spent in system mode in seconds
SYSTEMTIME=4.17356
# CPUUSAGE: CPUTIME/WCTIME in percent
CPUUSAGE=71.2025
# MAXVM: maximum virtual memory used in KiB
MAXVM=3963684
# MAXMM: maximum memory used in KiB
MAXMM=375736
# MAXRSS: maximum Resident Segment Size in KiB
MAXRSS=338404
# TIMEOUT: did the solver exceed the time limit?
TIMEOUT=false
# MEMOUT: did the solver exceed the memory limit?
MEMOUT=false
# EXITSTATUS: Exit status of the solver
EXITSTATUS=0
