# WCTIME: wall clock time in seconds
WCTIME=3357.34
# CPUTIME: CPU time in seconds (USERTIME+SYSTEMTIME)
CPUTIME=3222.03
# USERTIME: CPU time spent in user mode in seconds
USERTIME=2680.49
# SYSTEMTIME: CPU time spent in system mode in seconds
SYSTEMTIME=541.531
# CPUUSAGE: CPUTIME/WCTIME in percent
CPUUSAGE=95.9696
# MAXVM: maximum virtual memory used in KiB
MAXVM=6014108
# MAXMM: maximum memory used in KiB
MAXMM=4214668
# MAXRSS: maximum Resident Segment Size in KiB
MAXRSS=4177008
# TIMEOUT: did the solver exceed the time limit?
TIMEOUT=false
# MEMOUT: did the solver exceed the memory limit?
MEMOUT=false
# EXITSTATUS: Exit status of the solver
EXITSTATUS=0
