# WCTIME: wall clock time in seconds
WCTIME=1890.61
# CPUTIME: CPU time in seconds (USERTIME+SYSTEMTIME)
CPUTIME=1800.2
# USERTIME: CPU time spent in user mode in seconds
USERTIME=1794.94
# SYSTEMTIME: CPU time spent in system mode in seconds
SYSTEMTIME=5.2598
# CPUUSAGE: CPUTIME/WCTIME in percent
CPUUSAGE=95.2181
# MAXVM: maximum virtual memory used in KiB
MAXVM=1489476
# MAXMM: maximum memory used in KiB
MAXMM=517144
# MAXRSS: maximum Resident Segment Size in KiB
MAXRSS=471136
# TIMEOUT: did the solver exceed the time limit?
TIMEOUT=true
# MEMOUT: did the solver exceed the memory limit?
MEMOUT=false
# EXITSTATUS: Exit status of the solver
EXITSTATUS=15
