# WCTIME: wall clock time in seconds
WCTIME=8.45431
# CPUTIME: CPU time in seconds (USERTIME+SYSTEMTIME)
CPUTIME=6.4882
# USERTIME: CPU time spent in user mode in seconds
USERTIME=3.15693
# SYSTEMTIME: CPU time spent in system mode in seconds
SYSTEMTIME=3.33128
# CPUUSAGE: CPUTIME/WCTIME in percent
CPUUSAGE=76.7443
# MAXVM: maximum virtual memory used in KiB
MAXVM=3894064
# MAXMM: maximum memory used in KiB
MAXMM=373892
# MAXRSS: maximum Resident Segment Size in KiB
MAXRSS=336120
# TIMEOUT: did the solver exceed the time limit?
TIMEOUT=false
# MEMOUT: did the solver exceed the memory limit?
MEMOUT=false
# EXITSTATUS: Exit status of the solver
EXITSTATUS=0
