# WCTIME: wall clock time in seconds
WCTIME=1891.27
# CPUTIME: CPU time in seconds (USERTIME+SYSTEMTIME)
CPUTIME=1800.25
# USERTIME: CPU time spent in user mode in seconds
USERTIME=1715.24
# SYSTEMTIME: CPU time spent in system mode in seconds
SYSTEMTIME=85.0121
# CPUUSAGE: CPUTIME/WCTIME in percent
CPUUSAGE=95.1874
# MAXVM: maximum virtual memory used in KiB
MAXVM=4263084
# MAXMM: maximum memory used in KiB
MAXMM=3245344
# MAXRSS: maximum Resident Segment Size in KiB
MAXRSS=3199424
# TIMEOUT: did the solver exceed the time limit?
TIMEOUT=true
# MEMOUT: did the solver exceed the memory limit?
MEMOUT=false
# EXITSTATUS: Exit status of the solver
EXITSTATUS=15
