# WCTIME: wall clock time in seconds
WCTIME=14.3711
# CPUTIME: CPU time in seconds (USERTIME+SYSTEMTIME)
CPUTIME=11.7721
# USERTIME: CPU time spent in user mode in seconds
USERTIME=7.40585
# SYSTEMTIME: CPU time spent in system mode in seconds
SYSTEMTIME=4.36627
# CPUUSAGE: CPUTIME/WCTIME in percent
CPUUSAGE=81.9155
# MAXVM: maximum virtual memory used in KiB
MAXVM=3961692
# MAXMM: maximum memory used in KiB
MAXMM=378020
# MAXRSS: maximum Resident Segment Size in KiB
MAXRSS=338604
# TIMEOUT: did the solver exceed the time limit?
TIMEOUT=false
# MEMOUT: did the solver exceed the memory limit?
MEMOUT=false
# EXITSTATUS: Exit status of the solver
EXITSTATUS=0
