# WCTIME: wall clock time in seconds
WCTIME=194.869
# CPUTIME: CPU time in seconds (USERTIME+SYSTEMTIME)
CPUTIME=185.484
# USERTIME: CPU time spent in user mode in seconds
USERTIME=179.291
# SYSTEMTIME: CPU time spent in system mode in seconds
SYSTEMTIME=6.1934
# CPUUSAGE: CPUTIME/WCTIME in percent
CPUUSAGE=95.1839
# MAXVM: maximum virtual memory used in KiB
MAXVM=9483492
# MAXMM: maximum memory used in KiB
MAXMM=8392156
# MAXRSS: maximum Resident Segment Size in KiB
MAXRSS=8354992
# TIMEOUT: did the solver exceed the time limit?
TIMEOUT=false
# MEMOUT: did the solver exceed the memory limit?
MEMOUT=true
# EXITSTATUS: Exit status of the solver
EXITSTATUS=15
