# WCTIME: wall clock time in seconds
WCTIME=1878.85
# CPUTIME: CPU time in seconds (USERTIME+SYSTEMTIME)
CPUTIME=1800.11
# USERTIME: CPU time spent in user mode in seconds
USERTIME=1788.85
# SYSTEMTIME: CPU time spent in system mode in seconds
SYSTEMTIME=11.261
# CPUUSAGE: CPUTIME/WCTIME in percent
CPUUSAGE=95.8094
# MAXVM: maximum virtual memory used in KiB
MAXVM=1464908
# MAXMM: maximum memory used in KiB
MAXMM=377372
# MAXRSS: maximum Resident Segment Size in KiB
MAXRSS=330748
# TIMEOUT: did the solver exceed the time limit?
TIMEOUT=true
# MEMOUT: did the solver exceed the memory limit?
MEMOUT=false
# EXITSTATUS: Exit status of the solver
EXITSTATUS=15
