# WCTIME: wall clock time in seconds
WCTIME=114.629
# CPUTIME: CPU time in seconds (USERTIME+SYSTEMTIME)
CPUTIME=106.542
# USERTIME: CPU time spent in user mode in seconds
USERTIME=102.396
# SYSTEMTIME: CPU time spent in system mode in seconds
SYSTEMTIME=4.14605
# CPUUSAGE: CPUTIME/WCTIME in percent
CPUUSAGE=92.9448
# MAXVM: maximum virtual memory used in KiB
MAXVM=4215268
# MAXMM: maximum memory used in KiB
MAXMM=878296
# MAXRSS: maximum Resident Segment Size in KiB
MAXRSS=533468
# TIMEOUT: did the solver exceed the time limit?
TIMEOUT=false
# MEMOUT: did the solver exceed the memory limit?
MEMOUT=false
# EXITSTATUS: Exit status of the solver
EXITSTATUS=0
