# WCTIME: wall clock time in seconds
WCTIME=1.30087
# CPUTIME: CPU time in seconds (USERTIME+SYSTEMTIME)
CPUTIME=0.669074
# USERTIME: CPU time spent in user mode in seconds
USERTIME=0.233707
# SYSTEMTIME: CPU time spent in system mode in seconds
SYSTEMTIME=0.435367
# CPUUSAGE: CPUTIME/WCTIME in percent
CPUUSAGE=51.4327
# MAXVM: maximum virtual memory used in KiB
MAXVM=1140520
# MAXMM: maximum memory used in KiB
MAXMM=48808
# MAXRSS: maximum Resident Segment Size in KiB
MAXRSS=38740
# TIMEOUT: did the solver exceed the time limit?
TIMEOUT=false
# MEMOUT: did the solver exceed the memory limit?
MEMOUT=false
# EXITSTATUS: Exit status of the solver
EXITSTATUS=0
