# WCTIME: wall clock time in seconds
WCTIME=12.0266
# CPUTIME: CPU time in seconds (USERTIME+SYSTEMTIME)
CPUTIME=11.3526
# USERTIME: CPU time spent in user mode in seconds
USERTIME=10.9008
# SYSTEMTIME: CPU time spent in system mode in seconds
SYSTEMTIME=0.451758
# CPUUSAGE: CPUTIME/WCTIME in percent
CPUUSAGE=94.3956
# MAXVM: maximum virtual memory used in KiB
MAXVM=1136164
# MAXMM: maximum memory used in KiB
MAXMM=108268
# MAXRSS: maximum Resident Segment Size in KiB
MAXRSS=69456
# TIMEOUT: did the solver exceed the time limit?
TIMEOUT=false
# MEMOUT: did the solver exceed the memory limit?
MEMOUT=false
# EXITSTATUS: Exit status of the solver
EXITSTATUS=0
