# WCTIME: wall clock time in seconds
WCTIME=768.934
# CPUTIME: CPU time in seconds (USERTIME+SYSTEMTIME)
CPUTIME=731.061
# USERTIME: CPU time spent in user mode in seconds
USERTIME=446.272
# SYSTEMTIME: CPU time spent in system mode in seconds
SYSTEMTIME=284.789
# CPUUSAGE: CPUTIME/WCTIME in percent
CPUUSAGE=95.0746
# MAXVM: maximum virtual memory used in KiB
MAXVM=5120420
# MAXMM: maximum memory used in KiB
MAXMM=4097020
# MAXRSS: maximum Resident Segment Size in KiB
MAXRSS=4050364
# TIMEOUT: did the solver exceed the time limit?
TIMEOUT=false
# MEMOUT: did the solver exceed the memory limit?
MEMOUT=false
# EXITSTATUS: Exit status of the solver
EXITSTATUS=256
