# WCTIME: wall clock time in seconds
WCTIME=59.0825
# CPUTIME: CPU time in seconds (USERTIME+SYSTEMTIME)
CPUTIME=56.1914
# USERTIME: CPU time spent in user mode in seconds
USERTIME=41.0286
# SYSTEMTIME: CPU time spent in system mode in seconds
SYSTEMTIME=15.1627
# CPUUSAGE: CPUTIME/WCTIME in percent
CPUUSAGE=95.1066
# MAXVM: maximum virtual memory used in KiB
MAXVM=10187684
# MAXMM: maximum memory used in KiB
MAXMM=6750600
# MAXRSS: maximum Resident Segment Size in KiB
MAXRSS=6746756
# TIMEOUT: did the solver exceed the time limit?
TIMEOUT=false
# MEMOUT: did the solver exceed the memory limit?
MEMOUT=false
# EXITSTATUS: Exit status of the solver
EXITSTATUS=0
