# WCTIME: wall clock time in seconds
WCTIME=1886.68
# CPUTIME: CPU time in seconds (USERTIME+SYSTEMTIME)
CPUTIME=1800.17
# USERTIME: CPU time spent in user mode in seconds
USERTIME=1794.9
# SYSTEMTIME: CPU time spent in system mode in seconds
SYSTEMTIME=5.27253
# CPUUSAGE: CPUTIME/WCTIME in percent
CPUUSAGE=95.4149
# MAXVM: maximum virtual memory used in KiB
MAXVM=2006168
# MAXMM: maximum memory used in KiB
MAXMM=988180
# MAXRSS: maximum Resident Segment Size in KiB
MAXRSS=939492
# TIMEOUT: did the solver exceed the time limit?
TIMEOUT=true
# MEMOUT: did the solver exceed the memory limit?
MEMOUT=false
# EXITSTATUS: Exit status of the solver
EXITSTATUS=15
