# WCTIME: wall clock time in seconds
WCTIME=0.78135
# CPUTIME: CPU time in seconds (USERTIME+SYSTEMTIME)
CPUTIME=0.56645
# USERTIME: CPU time spent in user mode in seconds
USERTIME=0.181333
# SYSTEMTIME: CPU time spent in system mode in seconds
SYSTEMTIME=0.385117
# CPUUSAGE: CPUTIME/WCTIME in percent
CPUUSAGE=72.4963
# MAXVM: maximum virtual memory used in KiB
MAXVM=1231648
# MAXMM: maximum memory used in KiB
MAXMM=80252
# MAXRSS: maximum Resident Segment Size in KiB
MAXRSS=36544
# TIMEOUT: did the solver exceed the time limit?
TIMEOUT=false
# MEMOUT: did the solver exceed the memory limit?
MEMOUT=false
# EXITSTATUS: Exit status of the solver
EXITSTATUS=0
