# WCTIME: wall clock time in seconds
WCTIME=1683.61
# CPUTIME: CPU time in seconds (USERTIME+SYSTEMTIME)
CPUTIME=1604.09
# USERTIME: CPU time spent in user mode in seconds
USERTIME=1599.76
# SYSTEMTIME: CPU time spent in system mode in seconds
SYSTEMTIME=4.3266
# CPUUSAGE: CPUTIME/WCTIME in percent
CPUUSAGE=95.2768
# MAXVM: maximum virtual memory used in KiB
MAXVM=6489820
# MAXMM: maximum memory used in KiB
MAXMM=2679292
# MAXRSS: maximum Resident Segment Size in KiB
MAXRSS=2659912
# TIMEOUT: did the solver exceed the time limit?
TIMEOUT=false
# MEMOUT: did the solver exceed the memory limit?
MEMOUT=false
# EXITSTATUS: Exit status of the solver
EXITSTATUS=0
