# WCTIME: wall clock time in seconds
WCTIME=5.79529
# CPUTIME: CPU time in seconds (USERTIME+SYSTEMTIME)
CPUTIME=5.3004
# USERTIME: CPU time spent in user mode in seconds
USERTIME=3.40768
# SYSTEMTIME: CPU time spent in system mode in seconds
SYSTEMTIME=1.89272
# CPUUSAGE: CPUTIME/WCTIME in percent
CPUUSAGE=91.4604
# MAXVM: maximum virtual memory used in KiB
MAXVM=1286880
# MAXMM: maximum memory used in KiB
MAXMM=207400
# MAXRSS: maximum Resident Segment Size in KiB
MAXRSS=161580
# TIMEOUT: did the solver exceed the time limit?
TIMEOUT=false
# MEMOUT: did the solver exceed the memory limit?
MEMOUT=false
# EXITSTATUS: Exit status of the solver
EXITSTATUS=0
