# WCTIME: wall clock time in seconds
WCTIME=1807.93
# CPUTIME: CPU time in seconds (USERTIME+SYSTEMTIME)
CPUTIME=1727.71
# USERTIME: CPU time spent in user mode in seconds
USERTIME=1719.46
# SYSTEMTIME: CPU time spent in system mode in seconds
SYSTEMTIME=8.24297
# CPUUSAGE: CPUTIME/WCTIME in percent
CPUUSAGE=95.5627
# MAXVM: maximum virtual memory used in KiB
MAXVM=6255008
# MAXMM: maximum memory used in KiB
MAXMM=3191848
# MAXRSS: maximum Resident Segment Size in KiB
MAXRSS=2884712
# TIMEOUT: did the solver exceed the time limit?
TIMEOUT=false
# MEMOUT: did the solver exceed the memory limit?
MEMOUT=false
# EXITSTATUS: Exit status of the solver
EXITSTATUS=0
