# WCTIME: wall clock time in seconds
WCTIME=1881.1
# CPUTIME: CPU time in seconds (USERTIME+SYSTEMTIME)
CPUTIME=1800.62
# USERTIME: CPU time spent in user mode in seconds
USERTIME=1789.01
# SYSTEMTIME: CPU time spent in system mode in seconds
SYSTEMTIME=11.6085
# CPUUSAGE: CPUTIME/WCTIME in percent
CPUUSAGE=95.7215
# MAXVM: maximum virtual memory used in KiB
MAXVM=4325684
# MAXMM: maximum memory used in KiB
MAXMM=856592
# MAXRSS: maximum Resident Segment Size in KiB
MAXRSS=839408
# TIMEOUT: did the solver exceed the time limit?
TIMEOUT=true
# MEMOUT: did the solver exceed the memory limit?
MEMOUT=false
# EXITSTATUS: Exit status of the solver
EXITSTATUS=0
