# WCTIME: wall clock time in seconds
WCTIME=85658.6
# CPUTIME: CPU time in seconds (USERTIME+SYSTEMTIME)
CPUTIME=77938.6
# USERTIME: CPU time spent in user mode in seconds
USERTIME=75692.3
# SYSTEMTIME: CPU time spent in system mode in seconds
SYSTEMTIME=2246.35
# CPUUSAGE: CPUTIME/WCTIME in percent
CPUUSAGE=90.9875
# MAXVM: maximum virtual memory used in KiB
MAXVM=8754504
# MAXMM: maximum memory used in KiB
MAXMM=4541968
# MAXRSS: maximum Resident Segment Size in KiB
MAXRSS=2242944
# TIMEOUT: did the solver exceed the time limit?
TIMEOUT=false
# MEMOUT: did the solver exceed the memory limit?
MEMOUT=false
# EXITSTATUS: Exit status of the solver
EXITSTATUS=0
