# WCTIME: wall clock time in seconds
WCTIME=450.638
# CPUTIME: CPU time in seconds (USERTIME+SYSTEMTIME)
CPUTIME=431.434
# USERTIME: CPU time spent in user mode in seconds
USERTIME=424.932
# SYSTEMTIME: CPU time spent in system mode in seconds
SYSTEMTIME=6.50173
# CPUUSAGE: CPUTIME/WCTIME in percent
CPUUSAGE=95.7384
# MAXVM: maximum virtual memory used in KiB
MAXVM=9433564
# MAXMM: maximum memory used in KiB
MAXMM=8389672
# MAXRSS: maximum Resident Segment Size in KiB
MAXRSS=8361752
# TIMEOUT: did the solver exceed the time limit?
TIMEOUT=false
# MEMOUT: did the solver exceed the memory limit?
MEMOUT=true
# EXITSTATUS: Exit status of the solver
EXITSTATUS=15
