# WCTIME: wall clock time in seconds
WCTIME=1704.49
# CPUTIME: CPU time in seconds (USERTIME+SYSTEMTIME)
CPUTIME=1630.51
# USERTIME: CPU time spent in user mode in seconds
USERTIME=1545.34
# SYSTEMTIME: CPU time spent in system mode in seconds
SYSTEMTIME=85.1692
# CPUUSAGE: CPUTIME/WCTIME in percent
CPUUSAGE=95.6599
# MAXVM: maximum virtual memory used in KiB
MAXVM=4354224
# MAXMM: maximum memory used in KiB
MAXMM=962456
# MAXRSS: maximum Resident Segment Size in KiB
MAXRSS=942980
# TIMEOUT: did the solver exceed the time limit?
TIMEOUT=false
# MEMOUT: did the solver exceed the memory limit?
MEMOUT=false
# EXITSTATUS: Exit status of the solver
EXITSTATUS=0
