# WCTIME: wall clock time in seconds
WCTIME=1683.7
# CPUTIME: CPU time in seconds (USERTIME+SYSTEMTIME)
CPUTIME=1617.8
# USERTIME: CPU time spent in user mode in seconds
USERTIME=1614.95
# SYSTEMTIME: CPU time spent in system mode in seconds
SYSTEMTIME=2.84314
# CPUUSAGE: CPUTIME/WCTIME in percent
CPUUSAGE=96.0859
# MAXVM: maximum virtual memory used in KiB
MAXVM=3823720
# MAXMM: maximum memory used in KiB
MAXMM=366136
# MAXRSS: maximum Resident Segment Size in KiB
MAXRSS=349316
# TIMEOUT: did the solver exceed the time limit?
TIMEOUT=false
# MEMOUT: did the solver exceed the memory limit?
MEMOUT=false
# EXITSTATUS: Exit status of the solver
EXITSTATUS=0
