# WCTIME: wall clock time in seconds
WCTIME=186.923
# CPUTIME: CPU time in seconds (USERTIME+SYSTEMTIME)
CPUTIME=178.039
# USERTIME: CPU time spent in user mode in seconds
USERTIME=160.486
# SYSTEMTIME: CPU time spent in system mode in seconds
SYSTEMTIME=17.5533
# CPUUSAGE: CPUTIME/WCTIME in percent
CPUUSAGE=95.2471
# MAXVM: maximum virtual memory used in KiB
MAXVM=5172500
# MAXMM: maximum memory used in KiB
MAXMM=4052760
# MAXRSS: maximum Resident Segment Size in KiB
MAXRSS=4009560
# TIMEOUT: did the solver exceed the time limit?
TIMEOUT=false
# MEMOUT: did the solver exceed the memory limit?
MEMOUT=false
# EXITSTATUS: Exit status of the solver
EXITSTATUS=256
