# WCTIME: wall clock time in seconds
WCTIME=1.1766
# CPUTIME: CPU time in seconds (USERTIME+SYSTEMTIME)
CPUTIME=0.638028
# USERTIME: CPU time spent in user mode in seconds
USERTIME=0.288686
# SYSTEMTIME: CPU time spent in system mode in seconds
SYSTEMTIME=0.349342
# CPUUSAGE: CPUTIME/WCTIME in percent
CPUUSAGE=54.2263
# MAXVM: maximum virtual memory used in KiB
MAXVM=1825064
# MAXMM: maximum memory used in KiB
MAXMM=39640
# MAXRSS: maximum Resident Segment Size in KiB
MAXRSS=27988
# TIMEOUT: did the solver exceed the time limit?
TIMEOUT=false
# MEMOUT: did the solver exceed the memory limit?
MEMOUT=false
# EXITSTATUS: Exit status of the solver
EXITSTATUS=0
