# WCTIME: wall clock time in seconds
WCTIME=9.36204
# CPUTIME: CPU time in seconds (USERTIME+SYSTEMTIME)
CPUTIME=6.49259
# USERTIME: CPU time spent in user mode in seconds
USERTIME=2.88764
# SYSTEMTIME: CPU time spent in system mode in seconds
SYSTEMTIME=3.60494
# CPUUSAGE: CPUTIME/WCTIME in percent
CPUUSAGE=69.3501
# MAXVM: maximum virtual memory used in KiB
MAXVM=3605740
# MAXMM: maximum memory used in KiB
MAXMM=473056
# MAXRSS: maximum Resident Segment Size in KiB
MAXRSS=297060
# TIMEOUT: did the solver exceed the time limit?
TIMEOUT=false
# MEMOUT: did the solver exceed the memory limit?
MEMOUT=false
# EXITSTATUS: Exit status of the solver
EXITSTATUS=0
