# WCTIME: wall clock time in seconds
WCTIME=1.56776
# CPUTIME: CPU time in seconds (USERTIME+SYSTEMTIME)
CPUTIME=1.27977
# USERTIME: CPU time spent in user mode in seconds
USERTIME=0.744771
# SYSTEMTIME: CPU time spent in system mode in seconds
SYSTEMTIME=0.534994
# CPUUSAGE: CPUTIME/WCTIME in percent
CPUUSAGE=81.6301
# MAXVM: maximum virtual memory used in KiB
MAXVM=1210964
# MAXMM: maximum memory used in KiB
MAXMM=131156
# MAXRSS: maximum Resident Segment Size in KiB
MAXRSS=86968
# TIMEOUT: did the solver exceed the time limit?
TIMEOUT=false
# MEMOUT: did the solver exceed the memory limit?
MEMOUT=false
# EXITSTATUS: Exit status of the solver
EXITSTATUS=0
