# WCTIME: wall clock time in seconds
WCTIME=8.27951
# CPUTIME: CPU time in seconds (USERTIME+SYSTEMTIME)
CPUTIME=7.45051
# USERTIME: CPU time spent in user mode in seconds
USERTIME=3.72786
# SYSTEMTIME: CPU time spent in system mode in seconds
SYSTEMTIME=3.72265
# CPUUSAGE: CPUTIME/WCTIME in percent
CPUUSAGE=89.9873
# MAXVM: maximum virtual memory used in KiB
MAXVM=3894988
# MAXMM: maximum memory used in KiB
MAXMM=376948
# MAXRSS: maximum Resident Segment Size in KiB
MAXRSS=337616
# TIMEOUT: did the solver exceed the time limit?
TIMEOUT=false
# MEMOUT: did the solver exceed the memory limit?
MEMOUT=false
# EXITSTATUS: Exit status of the solver
EXITSTATUS=0
