# WCTIME: wall clock time in seconds
WCTIME=1873.69
# CPUTIME: CPU time in seconds (USERTIME+SYSTEMTIME)
CPUTIME=1800.54
# USERTIME: CPU time spent in user mode in seconds
USERTIME=1444.89
# SYSTEMTIME: CPU time spent in system mode in seconds
SYSTEMTIME=355.645
# CPUUSAGE: CPUTIME/WCTIME in percent
CPUUSAGE=96.0955
# MAXVM: maximum virtual memory used in KiB
MAXVM=4361148
# MAXMM: maximum memory used in KiB
MAXMM=967916
# MAXRSS: maximum Resident Segment Size in KiB
MAXRSS=949232
# TIMEOUT: did the solver exceed the time limit?
TIMEOUT=true
# MEMOUT: did the solver exceed the memory limit?
MEMOUT=false
# EXITSTATUS: Exit status of the solver
EXITSTATUS=0
