# WCTIME: wall clock time in seconds
WCTIME=1883.12
# CPUTIME: CPU time in seconds (USERTIME+SYSTEMTIME)
CPUTIME=1800.34
# USERTIME: CPU time spent in user mode in seconds
USERTIME=1795.37
# SYSTEMTIME: CPU time spent in system mode in seconds
SYSTEMTIME=4.96997
# CPUUSAGE: CPUTIME/WCTIME in percent
CPUUSAGE=95.6039
# MAXVM: maximum virtual memory used in KiB
MAXVM=3647484
# MAXMM: maximum memory used in KiB
MAXMM=2599812
# MAXRSS: maximum Resident Segment Size in KiB
MAXRSS=2561920
# TIMEOUT: did the solver exceed the time limit?
TIMEOUT=true
# MEMOUT: did the solver exceed the memory limit?
MEMOUT=false
# EXITSTATUS: Exit status of the solver
EXITSTATUS=15
