# WCTIME: wall clock time in seconds
WCTIME=937.032
# CPUTIME: CPU time in seconds (USERTIME+SYSTEMTIME)
CPUTIME=904.614
# USERTIME: CPU time spent in user mode in seconds
USERTIME=896.239
# SYSTEMTIME: CPU time spent in system mode in seconds
SYSTEMTIME=8.37437
# CPUUSAGE: CPUTIME/WCTIME in percent
CPUUSAGE=96.5403
# MAXVM: maximum virtual memory used in KiB
MAXVM=4387408
# MAXMM: maximum memory used in KiB
MAXMM=1431232
# MAXRSS: maximum Resident Segment Size in KiB
MAXRSS=1391796
# TIMEOUT: did the solver exceed the time limit?
TIMEOUT=false
# MEMOUT: did the solver exceed the memory limit?
MEMOUT=false
# EXITSTATUS: Exit status of the solver
EXITSTATUS=256
