# WCTIME: wall clock time in seconds
WCTIME=1890.38
# CPUTIME: CPU time in seconds (USERTIME+SYSTEMTIME)
CPUTIME=1800.24
# USERTIME: CPU time spent in user mode in seconds
USERTIME=1783.49
# SYSTEMTIME: CPU time spent in system mode in seconds
SYSTEMTIME=16.7441
# CPUUSAGE: CPUTIME/WCTIME in percent
CPUUSAGE=95.2318
# MAXVM: maximum virtual memory used in KiB
MAXVM=6094476
# MAXMM: maximum memory used in KiB
MAXMM=5025576
# MAXRSS: maximum Resident Segment Size in KiB
MAXRSS=4986648
# TIMEOUT: did the solver exceed the time limit?
TIMEOUT=true
# MEMOUT: did the solver exceed the memory limit?
MEMOUT=false
# EXITSTATUS: Exit status of the solver
EXITSTATUS=15
