# WCTIME: wall clock time in seconds
WCTIME=1683.78
# CPUTIME: CPU time in seconds (USERTIME+SYSTEMTIME)
CPUTIME=1604.77
# USERTIME: CPU time spent in user mode in seconds
USERTIME=1601.03
# SYSTEMTIME: CPU time spent in system mode in seconds
SYSTEMTIME=3.74239
# CPUUSAGE: CPUTIME/WCTIME in percent
CPUUSAGE=95.3074
# MAXVM: maximum virtual memory used in KiB
MAXVM=3772456
# MAXMM: maximum memory used in KiB
MAXMM=314608
# MAXRSS: maximum Resident Segment Size in KiB
MAXRSS=295404
# TIMEOUT: did the solver exceed the time limit?
TIMEOUT=false
# MEMOUT: did the solver exceed the memory limit?
MEMOUT=false
# EXITSTATUS: Exit status of the solver
EXITSTATUS=0
