# WCTIME: wall clock time in seconds
WCTIME=4.54283
# CPUTIME: CPU time in seconds (USERTIME+SYSTEMTIME)
CPUTIME=4.0473
# USERTIME: CPU time spent in user mode in seconds
USERTIME=3.4483
# SYSTEMTIME: CPU time spent in system mode in seconds
SYSTEMTIME=0.598996
# CPUUSAGE: CPUTIME/WCTIME in percent
CPUUSAGE=89.0919
# MAXVM: maximum virtual memory used in KiB
MAXVM=1235224
# MAXMM: maximum memory used in KiB
MAXMM=155728
# MAXRSS: maximum Resident Segment Size in KiB
MAXRSS=118828
# TIMEOUT: did the solver exceed the time limit?
TIMEOUT=false
# MEMOUT: did the solver exceed the memory limit?
MEMOUT=false
# EXITSTATUS: Exit status of the solver
EXITSTATUS=0
