# WCTIME: wall clock time in seconds
WCTIME=8.53993
# CPUTIME: CPU time in seconds (USERTIME+SYSTEMTIME)
CPUTIME=7.29972
# USERTIME: CPU time spent in user mode in seconds
USERTIME=3.55144
# SYSTEMTIME: CPU time spent in system mode in seconds
SYSTEMTIME=3.74829
# CPUUSAGE: CPUTIME/WCTIME in percent
CPUUSAGE=85.4776
# MAXVM: maximum virtual memory used in KiB
MAXVM=3894836
# MAXMM: maximum memory used in KiB
MAXMM=382180
# MAXRSS: maximum Resident Segment Size in KiB
MAXRSS=338720
# TIMEOUT: did the solver exceed the time limit?
TIMEOUT=false
# MEMOUT: did the solver exceed the memory limit?
MEMOUT=false
# EXITSTATUS: Exit status of the solver
EXITSTATUS=0
