# WCTIME: wall clock time in seconds
WCTIME=1296.82
# CPUTIME: CPU time in seconds (USERTIME+SYSTEMTIME)
CPUTIME=1235.97
# USERTIME: CPU time spent in user mode in seconds
USERTIME=1230.36
# SYSTEMTIME: CPU time spent in system mode in seconds
SYSTEMTIME=5.61392
# CPUUSAGE: CPUTIME/WCTIME in percent
CPUUSAGE=95.308
# MAXVM: maximum virtual memory used in KiB
MAXVM=3689652
# MAXMM: maximum memory used in KiB
MAXMM=292928
# MAXRSS: maximum Resident Segment Size in KiB
MAXRSS=275908
# TIMEOUT: did the solver exceed the time limit?
TIMEOUT=false
# MEMOUT: did the solver exceed the memory limit?
MEMOUT=false
# EXITSTATUS: Exit status of the solver
EXITSTATUS=0
