# WCTIME: wall clock time in seconds
WCTIME=1.77123
# CPUTIME: CPU time in seconds (USERTIME+SYSTEMTIME)
CPUTIME=1.46714
# USERTIME: CPU time spent in user mode in seconds
USERTIME=0.902428
# SYSTEMTIME: CPU time spent in system mode in seconds
SYSTEMTIME=0.564711
# CPUUSAGE: CPUTIME/WCTIME in percent
CPUUSAGE=82.8317
# MAXVM: maximum virtual memory used in KiB
MAXVM=1228140
# MAXMM: maximum memory used in KiB
MAXMM=146788
# MAXRSS: maximum Resident Segment Size in KiB
MAXRSS=110504
# TIMEOUT: did the solver exceed the time limit?
TIMEOUT=false
# MEMOUT: did the solver exceed the memory limit?
MEMOUT=false
# EXITSTATUS: Exit status of the solver
EXITSTATUS=0
