# WCTIME: wall clock time in seconds
WCTIME=7.39404
# CPUTIME: CPU time in seconds (USERTIME+SYSTEMTIME)
CPUTIME=6.73682
# USERTIME: CPU time spent in user mode in seconds
USERTIME=3.01971
# SYSTEMTIME: CPU time spent in system mode in seconds
SYSTEMTIME=3.71712
# CPUUSAGE: CPUTIME/WCTIME in percent
CPUUSAGE=91.1116
# MAXVM: maximum virtual memory used in KiB
MAXVM=1247328
# MAXMM: maximum memory used in KiB
MAXMM=165980
# MAXRSS: maximum Resident Segment Size in KiB
MAXRSS=125164
# TIMEOUT: did the solver exceed the time limit?
TIMEOUT=false
# MEMOUT: did the solver exceed the memory limit?
MEMOUT=false
# EXITSTATUS: Exit status of the solver
EXITSTATUS=0
