# WCTIME: wall clock time in seconds
WCTIME=1878.66
# CPUTIME: CPU time in seconds (USERTIME+SYSTEMTIME)
CPUTIME=1800.13
# USERTIME: CPU time spent in user mode in seconds
USERTIME=1739.13
# SYSTEMTIME: CPU time spent in system mode in seconds
SYSTEMTIME=61.0029
# CPUUSAGE: CPUTIME/WCTIME in percent
CPUUSAGE=95.8201
# MAXVM: maximum virtual memory used in KiB
MAXVM=1992904
# MAXMM: maximum memory used in KiB
MAXMM=966840
# MAXRSS: maximum Resident Segment Size in KiB
MAXRSS=920204
# TIMEOUT: did the solver exceed the time limit?
TIMEOUT=true
# MEMOUT: did the solver exceed the memory limit?
MEMOUT=false
# EXITSTATUS: Exit status of the solver
EXITSTATUS=15
