# WCTIME: wall clock time in seconds
WCTIME=1684.88
# CPUTIME: CPU time in seconds (USERTIME+SYSTEMTIME)
CPUTIME=1604.47
# USERTIME: CPU time spent in user mode in seconds
USERTIME=1601.36
# SYSTEMTIME: CPU time spent in system mode in seconds
SYSTEMTIME=3.11335
# CPUUSAGE: CPUTIME/WCTIME in percent
CPUUSAGE=95.2277
# MAXVM: maximum virtual memory used in KiB
MAXVM=3806808
# MAXMM: maximum memory used in KiB
MAXMM=350472
# MAXRSS: maximum Resident Segment Size in KiB
MAXRSS=333148
# TIMEOUT: did the solver exceed the time limit?
TIMEOUT=false
# MEMOUT: did the solver exceed the memory limit?
MEMOUT=false
# EXITSTATUS: Exit status of the solver
EXITSTATUS=0
