# WCTIME: wall clock time in seconds
WCTIME=10.8023
# CPUTIME: CPU time in seconds (USERTIME+SYSTEMTIME)
CPUTIME=10.076
# USERTIME: CPU time spent in user mode in seconds
USERTIME=6.49977
# SYSTEMTIME: CPU time spent in system mode in seconds
SYSTEMTIME=3.57625
# CPUUSAGE: CPUTIME/WCTIME in percent
CPUUSAGE=93.2767
# MAXVM: maximum virtual memory used in KiB
MAXVM=3936180
# MAXMM: maximum memory used in KiB
MAXMM=411672
# MAXRSS: maximum Resident Segment Size in KiB
MAXRSS=374340
# TIMEOUT: did the solver exceed the time limit?
TIMEOUT=false
# MEMOUT: did the solver exceed the memory limit?
MEMOUT=false
# EXITSTATUS: Exit status of the solver
EXITSTATUS=0
