# WCTIME: wall clock time in seconds
WCTIME=31.2937
# CPUTIME: CPU time in seconds (USERTIME+SYSTEMTIME)
CPUTIME=29.1909
# USERTIME: CPU time spent in user mode in seconds
USERTIME=26.8911
# SYSTEMTIME: CPU time spent in system mode in seconds
SYSTEMTIME=2.29976
# CPUUSAGE: CPUTIME/WCTIME in percent
CPUUSAGE=93.2805
# MAXVM: maximum virtual memory used in KiB
MAXVM=3631172
# MAXMM: maximum memory used in KiB
MAXMM=238324
# MAXRSS: maximum Resident Segment Size in KiB
MAXRSS=221004
# TIMEOUT: did the solver exceed the time limit?
TIMEOUT=false
# MEMOUT: did the solver exceed the memory limit?
MEMOUT=false
# EXITSTATUS: Exit status of the solver
EXITSTATUS=0
