# WCTIME: wall clock time in seconds
WCTIME=78.8331
# CPUTIME: CPU time in seconds (USERTIME+SYSTEMTIME)
CPUTIME=74.9747
# USERTIME: CPU time spent in user mode in seconds
USERTIME=69.986
# SYSTEMTIME: CPU time spent in system mode in seconds
SYSTEMTIME=4.98871
# CPUUSAGE: CPUTIME/WCTIME in percent
CPUUSAGE=95.1056
# MAXVM: maximum virtual memory used in KiB
MAXVM=5111780
# MAXMM: maximum memory used in KiB
MAXMM=3853932
# MAXRSS: maximum Resident Segment Size in KiB
MAXRSS=3811452
# TIMEOUT: did the solver exceed the time limit?
TIMEOUT=false
# MEMOUT: did the solver exceed the memory limit?
MEMOUT=false
# EXITSTATUS: Exit status of the solver
EXITSTATUS=256
