# WCTIME: wall clock time in seconds
WCTIME=1872.41
# CPUTIME: CPU time in seconds (USERTIME+SYSTEMTIME)
CPUTIME=1800.38
# USERTIME: CPU time spent in user mode in seconds
USERTIME=1786.85
# SYSTEMTIME: CPU time spent in system mode in seconds
SYSTEMTIME=13.5379
# CPUUSAGE: CPUTIME/WCTIME in percent
CPUUSAGE=96.1532
# MAXVM: maximum virtual memory used in KiB
MAXVM=6008376
# MAXMM: maximum memory used in KiB
MAXMM=4977224
# MAXRSS: maximum Resident Segment Size in KiB
MAXRSS=4938064
# TIMEOUT: did the solver exceed the time limit?
TIMEOUT=true
# MEMOUT: did the solver exceed the memory limit?
MEMOUT=false
# EXITSTATUS: Exit status of the solver
EXITSTATUS=15
