# WCTIME: wall clock time in seconds
WCTIME=1.78868
# CPUTIME: CPU time in seconds (USERTIME+SYSTEMTIME)
CPUTIME=1.54495
# USERTIME: CPU time spent in user mode in seconds
USERTIME=1.18062
# SYSTEMTIME: CPU time spent in system mode in seconds
SYSTEMTIME=0.364323
# CPUUSAGE: CPUTIME/WCTIME in percent
CPUUSAGE=86.3735
# MAXVM: maximum virtual memory used in KiB
MAXVM=1044404
# MAXMM: maximum memory used in KiB
MAXMM=75104
# MAXRSS: maximum Resident Segment Size in KiB
MAXRSS=27428
# TIMEOUT: did the solver exceed the time limit?
TIMEOUT=false
# MEMOUT: did the solver exceed the memory limit?
MEMOUT=false
# EXITSTATUS: Exit status of the solver
EXITSTATUS=0
