# WCTIME: wall clock time in seconds
WCTIME=405.997
# CPUTIME: CPU time in seconds (USERTIME+SYSTEMTIME)
CPUTIME=385.38
# USERTIME: CPU time spent in user mode in seconds
USERTIME=379.891
# SYSTEMTIME: CPU time spent in system mode in seconds
SYSTEMTIME=5.48872
# CPUUSAGE: CPUTIME/WCTIME in percent
CPUUSAGE=94.9219
# MAXVM: maximum virtual memory used in KiB
MAXVM=9235072
# MAXMM: maximum memory used in KiB
MAXMM=8099804
# MAXRSS: maximum Resident Segment Size in KiB
MAXRSS=8064016
# TIMEOUT: did the solver exceed the time limit?
TIMEOUT=false
# MEMOUT: did the solver exceed the memory limit?
MEMOUT=false
# EXITSTATUS: Exit status of the solver
EXITSTATUS=0
