# WCTIME: wall clock time in seconds
WCTIME=292.395
# CPUTIME: CPU time in seconds (USERTIME+SYSTEMTIME)
CPUTIME=280.978
# USERTIME: CPU time spent in user mode in seconds
USERTIME=272.987
# SYSTEMTIME: CPU time spent in system mode in seconds
SYSTEMTIME=7.99128
# CPUUSAGE: CPUTIME/WCTIME in percent
CPUUSAGE=96.0956
# MAXVM: maximum virtual memory used in KiB
MAXVM=5116216
# MAXMM: maximum memory used in KiB
MAXMM=2050864
# MAXRSS: maximum Resident Segment Size in KiB
MAXRSS=2017704
# TIMEOUT: did the solver exceed the time limit?
TIMEOUT=false
# MEMOUT: did the solver exceed the memory limit?
MEMOUT=false
# EXITSTATUS: Exit status of the solver
EXITSTATUS=0
