# WCTIME: wall clock time in seconds
WCTIME=4.61481
# CPUTIME: CPU time in seconds (USERTIME+SYSTEMTIME)
CPUTIME=4.00758
# USERTIME: CPU time spent in user mode in seconds
USERTIME=2.1404
# SYSTEMTIME: CPU time spent in system mode in seconds
SYSTEMTIME=1.86718
# CPUUSAGE: CPUTIME/WCTIME in percent
CPUUSAGE=86.8418
# MAXVM: maximum virtual memory used in KiB
MAXVM=3635556
# MAXMM: maximum memory used in KiB
MAXMM=246112
# MAXRSS: maximum Resident Segment Size in KiB
MAXRSS=224720
# TIMEOUT: did the solver exceed the time limit?
TIMEOUT=false
# MEMOUT: did the solver exceed the memory limit?
MEMOUT=false
# EXITSTATUS: Exit status of the solver
EXITSTATUS=0
