# WCTIME: wall clock time in seconds
WCTIME=2.42143
# CPUTIME: CPU time in seconds (USERTIME+SYSTEMTIME)
CPUTIME=2.02953
# USERTIME: CPU time spent in user mode in seconds
USERTIME=1.66548
# SYSTEMTIME: CPU time spent in system mode in seconds
SYSTEMTIME=0.364054
# CPUUSAGE: CPUTIME/WCTIME in percent
CPUUSAGE=83.8155
# MAXVM: maximum virtual memory used in KiB
MAXVM=1757476
# MAXMM: maximum memory used in KiB
MAXMM=83340
# MAXRSS: maximum Resident Segment Size in KiB
MAXRSS=45048
# TIMEOUT: did the solver exceed the time limit?
TIMEOUT=false
# MEMOUT: did the solver exceed the memory limit?
MEMOUT=false
# EXITSTATUS: Exit status of the solver
EXITSTATUS=0
