# WCTIME: wall clock time in seconds
WCTIME=1884.46
# CPUTIME: CPU time in seconds (USERTIME+SYSTEMTIME)
CPUTIME=1800.37
# USERTIME: CPU time spent in user mode in seconds
USERTIME=1791.28
# SYSTEMTIME: CPU time spent in system mode in seconds
SYSTEMTIME=9.08596
# CPUUSAGE: CPUTIME/WCTIME in percent
CPUUSAGE=95.5375
# MAXVM: maximum virtual memory used in KiB
MAXVM=4141460
# MAXMM: maximum memory used in KiB
MAXMM=3119024
# MAXRSS: maximum Resident Segment Size in KiB
MAXRSS=3072384
# TIMEOUT: did the solver exceed the time limit?
TIMEOUT=true
# MEMOUT: did the solver exceed the memory limit?
MEMOUT=false
# EXITSTATUS: Exit status of the solver
EXITSTATUS=15
