# WCTIME: wall clock time in seconds
WCTIME=1909.83
# CPUTIME: CPU time in seconds (USERTIME+SYSTEMTIME)
CPUTIME=1800.24
# USERTIME: CPU time spent in user mode in seconds
USERTIME=1736.38
# SYSTEMTIME: CPU time spent in system mode in seconds
SYSTEMTIME=63.8627
# CPUUSAGE: CPUTIME/WCTIME in percent
CPUUSAGE=94.2615
# MAXVM: maximum virtual memory used in KiB
MAXVM=7443820
# MAXMM: maximum memory used in KiB
MAXMM=6386860
# MAXRSS: maximum Resident Segment Size in KiB
MAXRSS=6347460
# TIMEOUT: did the solver exceed the time limit?
TIMEOUT=true
# MEMOUT: did the solver exceed the memory limit?
MEMOUT=false
# EXITSTATUS: Exit status of the solver
EXITSTATUS=15
