# WCTIME: wall clock time in seconds
WCTIME=1869.96
# CPUTIME: CPU time in seconds (USERTIME+SYSTEMTIME)
CPUTIME=1800.25
# USERTIME: CPU time spent in user mode in seconds
USERTIME=1718.35
# SYSTEMTIME: CPU time spent in system mode in seconds
SYSTEMTIME=81.9032
# CPUUSAGE: CPUTIME/WCTIME in percent
CPUUSAGE=96.2719
# MAXVM: maximum virtual memory used in KiB
MAXVM=9204348
# MAXMM: maximum memory used in KiB
MAXMM=8129792
# MAXRSS: maximum Resident Segment Size in KiB
MAXRSS=8082744
# TIMEOUT: did the solver exceed the time limit?
TIMEOUT=true
# MEMOUT: did the solver exceed the memory limit?
MEMOUT=false
# EXITSTATUS: Exit status of the solver
EXITSTATUS=0
