# WCTIME: wall clock time in seconds
WCTIME=1.02082
# CPUTIME: CPU time in seconds (USERTIME+SYSTEMTIME)
CPUTIME=0.703296
# USERTIME: CPU time spent in user mode in seconds
USERTIME=0.33625
# SYSTEMTIME: CPU time spent in system mode in seconds
SYSTEMTIME=0.367046
# CPUUSAGE: CPUTIME/WCTIME in percent
CPUUSAGE=68.8953
# MAXVM: maximum virtual memory used in KiB
MAXVM=1827116
# MAXMM: maximum memory used in KiB
MAXMM=61520
# MAXRSS: maximum Resident Segment Size in KiB
MAXRSS=27912
# TIMEOUT: did the solver exceed the time limit?
TIMEOUT=false
# MEMOUT: did the solver exceed the memory limit?
MEMOUT=false
# EXITSTATUS: Exit status of the solver
EXITSTATUS=0
