# WCTIME: wall clock time in seconds
WCTIME=80.7115
# CPUTIME: CPU time in seconds (USERTIME+SYSTEMTIME)
CPUTIME=74.2873
# USERTIME: CPU time spent in user mode in seconds
USERTIME=70.4778
# SYSTEMTIME: CPU time spent in system mode in seconds
SYSTEMTIME=3.8095
# CPUUSAGE: CPUTIME/WCTIME in percent
CPUUSAGE=92.0405
# MAXVM: maximum virtual memory used in KiB
MAXVM=3565512
# MAXMM: maximum memory used in KiB
MAXMM=485420
# MAXRSS: maximum Resident Segment Size in KiB
MAXRSS=273316
# TIMEOUT: did the solver exceed the time limit?
TIMEOUT=false
# MEMOUT: did the solver exceed the memory limit?
MEMOUT=false
# EXITSTATUS: Exit status of the solver
EXITSTATUS=0
