# WCTIME: wall clock time in seconds
WCTIME=17.6277
# CPUTIME: CPU time in seconds (USERTIME+SYSTEMTIME)
CPUTIME=15.29
# USERTIME: CPU time spent in user mode in seconds
USERTIME=13.5795
# SYSTEMTIME: CPU time spent in system mode in seconds
SYSTEMTIME=1.71047
# CPUUSAGE: CPUTIME/WCTIME in percent
CPUUSAGE=86.7381
# MAXVM: maximum virtual memory used in KiB
MAXVM=1791496
# MAXMM: maximum memory used in KiB
MAXMM=35360
# MAXRSS: maximum Resident Segment Size in KiB
MAXRSS=26008
# TIMEOUT: did the solver exceed the time limit?
TIMEOUT=false
# MEMOUT: did the solver exceed the memory limit?
MEMOUT=false
# EXITSTATUS: Exit status of the solver
EXITSTATUS=34304
