# WCTIME: wall clock time in seconds
WCTIME=540.524
# CPUTIME: CPU time in seconds (USERTIME+SYSTEMTIME)
CPUTIME=516.171
# USERTIME: CPU time spent in user mode in seconds
USERTIME=500.593
# SYSTEMTIME: CPU time spent in system mode in seconds
SYSTEMTIME=15.5782
# CPUUSAGE: CPUTIME/WCTIME in percent
CPUUSAGE=95.4945
# MAXVM: maximum virtual memory used in KiB
MAXVM=1982156
# MAXMM: maximum memory used in KiB
MAXMM=896860
# MAXRSS: maximum Resident Segment Size in KiB
MAXRSS=852276
# TIMEOUT: did the solver exceed the time limit?
TIMEOUT=false
# MEMOUT: did the solver exceed the memory limit?
MEMOUT=false
# EXITSTATUS: Exit status of the solver
EXITSTATUS=0
