# WCTIME: wall clock time in seconds
WCTIME=53.0548
# CPUTIME: CPU time in seconds (USERTIME+SYSTEMTIME)
CPUTIME=48.1861
# USERTIME: CPU time spent in user mode in seconds
USERTIME=43.5556
# SYSTEMTIME: CPU time spent in system mode in seconds
SYSTEMTIME=4.63054
# CPUUSAGE: CPUTIME/WCTIME in percent
CPUUSAGE=90.8232
# MAXVM: maximum virtual memory used in KiB
MAXVM=3934608
# MAXMM: maximum memory used in KiB
MAXMM=858876
# MAXRSS: maximum Resident Segment Size in KiB
MAXRSS=560784
# TIMEOUT: did the solver exceed the time limit?
TIMEOUT=false
# MEMOUT: did the solver exceed the memory limit?
MEMOUT=false
# EXITSTATUS: Exit status of the solver
EXITSTATUS=0
