# WCTIME: wall clock time in seconds
WCTIME=1682.68
# CPUTIME: CPU time in seconds (USERTIME+SYSTEMTIME)
CPUTIME=1606.87
# USERTIME: CPU time spent in user mode in seconds
USERTIME=1604.21
# SYSTEMTIME: CPU time spent in system mode in seconds
SYSTEMTIME=2.65706
# CPUUSAGE: CPUTIME/WCTIME in percent
CPUUSAGE=95.4944
# MAXVM: maximum virtual memory used in KiB
MAXVM=3695316
# MAXMM: maximum memory used in KiB
MAXMM=301996
# MAXRSS: maximum Resident Segment Size in KiB
MAXRSS=284724
# TIMEOUT: did the solver exceed the time limit?
TIMEOUT=false
# MEMOUT: did the solver exceed the memory limit?
MEMOUT=false
# EXITSTATUS: Exit status of the solver
EXITSTATUS=0
