# WCTIME: wall clock time in seconds
WCTIME=3.18112
# CPUTIME: CPU time in seconds (USERTIME+SYSTEMTIME)
CPUTIME=2.79917
# USERTIME: CPU time spent in user mode in seconds
USERTIME=1.39515
# SYSTEMTIME: CPU time spent in system mode in seconds
SYSTEMTIME=1.40402
# CPUUSAGE: CPUTIME/WCTIME in percent
CPUUSAGE=87.9932
# MAXVM: maximum virtual memory used in KiB
MAXVM=3684000
# MAXMM: maximum memory used in KiB
MAXMM=218488
# MAXRSS: maximum Resident Segment Size in KiB
MAXRSS=199196
# TIMEOUT: did the solver exceed the time limit?
TIMEOUT=false
# MEMOUT: did the solver exceed the memory limit?
MEMOUT=false
# EXITSTATUS: Exit status of the solver
EXITSTATUS=0
