# WCTIME: wall clock time in seconds
WCTIME=63.7799
# CPUTIME: CPU time in seconds (USERTIME+SYSTEMTIME)
CPUTIME=60.9622
# USERTIME: CPU time spent in user mode in seconds
USERTIME=60.3673
# SYSTEMTIME: CPU time spent in system mode in seconds
SYSTEMTIME=0.594805
# CPUUSAGE: CPUTIME/WCTIME in percent
CPUUSAGE=95.5821
# MAXVM: maximum virtual memory used in KiB
MAXVM=1148788
# MAXMM: maximum memory used in KiB
MAXMM=187148
# MAXRSS: maximum Resident Segment Size in KiB
MAXRSS=146732
# TIMEOUT: did the solver exceed the time limit?
TIMEOUT=false
# MEMOUT: did the solver exceed the memory limit?
MEMOUT=false
# EXITSTATUS: Exit status of the solver
EXITSTATUS=0
