# WCTIME: wall clock time in seconds
WCTIME=53.7995
# CPUTIME: CPU time in seconds (USERTIME+SYSTEMTIME)
CPUTIME=50.6735
# USERTIME: CPU time spent in user mode in seconds
USERTIME=35.2706
# SYSTEMTIME: CPU time spent in system mode in seconds
SYSTEMTIME=15.4029
# CPUUSAGE: CPUTIME/WCTIME in percent
CPUUSAGE=94.1895
# MAXVM: maximum virtual memory used in KiB
MAXVM=10201036
# MAXMM: maximum memory used in KiB
MAXMM=6648336
# MAXRSS: maximum Resident Segment Size in KiB
MAXRSS=6628904
# TIMEOUT: did the solver exceed the time limit?
TIMEOUT=false
# MEMOUT: did the solver exceed the memory limit?
MEMOUT=false
# EXITSTATUS: Exit status of the solver
EXITSTATUS=0
