# WCTIME: wall clock time in seconds
WCTIME=282.025
# CPUTIME: CPU time in seconds (USERTIME+SYSTEMTIME)
CPUTIME=269.213
# USERTIME: CPU time spent in user mode in seconds
USERTIME=263.838
# SYSTEMTIME: CPU time spent in system mode in seconds
SYSTEMTIME=5.37446
# CPUUSAGE: CPUTIME/WCTIME in percent
CPUUSAGE=95.4571
# MAXVM: maximum virtual memory used in KiB
MAXVM=9472812
# MAXMM: maximum memory used in KiB
MAXMM=8390880
# MAXRSS: maximum Resident Segment Size in KiB
MAXRSS=8362988
# TIMEOUT: did the solver exceed the time limit?
TIMEOUT=false
# MEMOUT: did the solver exceed the memory limit?
MEMOUT=true
# EXITSTATUS: Exit status of the solver
EXITSTATUS=15
