# WCTIME: wall clock time in seconds
WCTIME=1871.59
# CPUTIME: CPU time in seconds (USERTIME+SYSTEMTIME)
CPUTIME=1800.6
# USERTIME: CPU time spent in user mode in seconds
USERTIME=1665.67
# SYSTEMTIME: CPU time spent in system mode in seconds
SYSTEMTIME=134.924
# CPUUSAGE: CPUTIME/WCTIME in percent
CPUUSAGE=96.207
# MAXVM: maximum virtual memory used in KiB
MAXVM=8706276
# MAXMM: maximum memory used in KiB
MAXMM=5243512
# MAXRSS: maximum Resident Segment Size in KiB
MAXRSS=5294292
# TIMEOUT: did the solver exceed the time limit?
TIMEOUT=true
# MEMOUT: did the solver exceed the memory limit?
MEMOUT=false
# EXITSTATUS: Exit status of the solver
EXITSTATUS=0
