# WCTIME: wall clock time in seconds
WCTIME=264.686
# CPUTIME: CPU time in seconds (USERTIME+SYSTEMTIME)
CPUTIME=249.297
# USERTIME: CPU time spent in user mode in seconds
USERTIME=244.322
# SYSTEMTIME: CPU time spent in system mode in seconds
SYSTEMTIME=4.97505
# CPUUSAGE: CPUTIME/WCTIME in percent
CPUUSAGE=94.1862
# MAXVM: maximum virtual memory used in KiB
MAXVM=3755368
# MAXMM: maximum memory used in KiB
MAXMM=763340
# MAXRSS: maximum Resident Segment Size in KiB
MAXRSS=740468
# TIMEOUT: did the solver exceed the time limit?
TIMEOUT=false
# MEMOUT: did the solver exceed the memory limit?
MEMOUT=false
# EXITSTATUS: Exit status of the solver
EXITSTATUS=0
