# WCTIME: wall clock time in seconds
WCTIME=3.68199
# CPUTIME: CPU time in seconds (USERTIME+SYSTEMTIME)
CPUTIME=3.3066
# USERTIME: CPU time spent in user mode in seconds
USERTIME=1.75054
# SYSTEMTIME: CPU time spent in system mode in seconds
SYSTEMTIME=1.55607
# CPUUSAGE: CPUTIME/WCTIME in percent
CPUUSAGE=89.8047
# MAXVM: maximum virtual memory used in KiB
MAXVM=3709920
# MAXMM: maximum memory used in KiB
MAXMM=241896
# MAXRSS: maximum Resident Segment Size in KiB
MAXRSS=226096
# TIMEOUT: did the solver exceed the time limit?
TIMEOUT=false
# MEMOUT: did the solver exceed the memory limit?
MEMOUT=false
# EXITSTATUS: Exit status of the solver
EXITSTATUS=0
