# WCTIME: wall clock time in seconds
WCTIME=1870.34
# CPUTIME: CPU time in seconds (USERTIME+SYSTEMTIME)
CPUTIME=1800.73
# USERTIME: CPU time spent in user mode in seconds
USERTIME=1794.01
# SYSTEMTIME: CPU time spent in system mode in seconds
SYSTEMTIME=6.71579
# CPUUSAGE: CPUTIME/WCTIME in percent
CPUUSAGE=96.2782
# MAXVM: maximum virtual memory used in KiB
MAXVM=8740956
# MAXMM: maximum memory used in KiB
MAXMM=7705704
# MAXRSS: maximum Resident Segment Size in KiB
MAXRSS=7660292
# TIMEOUT: did the solver exceed the time limit?
TIMEOUT=true
# MEMOUT: did the solver exceed the memory limit?
MEMOUT=false
# EXITSTATUS: Exit status of the solver
EXITSTATUS=15
