# WCTIME: wall clock time in seconds
WCTIME=86400.3
# CPUTIME: CPU time in seconds (USERTIME+SYSTEMTIME)
CPUTIME=83372.4
# USERTIME: CPU time spent in user mode in seconds
USERTIME=80908.1
# SYSTEMTIME: CPU time spent in system mode in seconds
SYSTEMTIME=2464.28
# CPUUSAGE: CPUTIME/WCTIME in percent
CPUUSAGE=96.4954
# MAXVM: maximum virtual memory used in KiB
MAXVM=35228848
# MAXMM: maximum memory used in KiB
MAXMM=32691820
# MAXRSS: maximum Resident Segment Size in KiB
MAXRSS=32639760
# TIMEOUT: did the solver exceed the time limit?
TIMEOUT=true
# MEMOUT: did the solver exceed the memory limit?
MEMOUT=false
# EXITSTATUS: Exit status of the solver
EXITSTATUS=36608
