# WCTIME: wall clock time in seconds
WCTIME=16.3592
# CPUTIME: CPU time in seconds (USERTIME+SYSTEMTIME)
CPUTIME=14.827
# USERTIME: CPU time spent in user mode in seconds
USERTIME=14.3737
# SYSTEMTIME: CPU time spent in system mode in seconds
SYSTEMTIME=0.453254
# CPUUSAGE: CPUTIME/WCTIME in percent
CPUUSAGE=90.6341
# MAXVM: maximum virtual memory used in KiB
MAXVM=1091576
# MAXMM: maximum memory used in KiB
MAXMM=65468
# MAXRSS: maximum Resident Segment Size in KiB
MAXRSS=35668
# TIMEOUT: did the solver exceed the time limit?
TIMEOUT=false
# MEMOUT: did the solver exceed the memory limit?
MEMOUT=false
# EXITSTATUS: Exit status of the solver
EXITSTATUS=0
