# WCTIME: wall clock time in seconds
WCTIME=1888.4
# CPUTIME: CPU time in seconds (USERTIME+SYSTEMTIME)
CPUTIME=1800.26
# USERTIME: CPU time spent in user mode in seconds
USERTIME=1794.02
# SYSTEMTIME: CPU time spent in system mode in seconds
SYSTEMTIME=6.24158
# CPUUSAGE: CPUTIME/WCTIME in percent
CPUUSAGE=95.3327
# MAXVM: maximum virtual memory used in KiB
MAXVM=4182888
# MAXMM: maximum memory used in KiB
MAXMM=660520
# MAXRSS: maximum Resident Segment Size in KiB
MAXRSS=626828
# TIMEOUT: did the solver exceed the time limit?
TIMEOUT=true
# MEMOUT: did the solver exceed the memory limit?
MEMOUT=false
# EXITSTATUS: Exit status of the solver
EXITSTATUS=15
