# WCTIME: wall clock time in seconds
WCTIME=86400.2
# CPUTIME: CPU time in seconds (USERTIME+SYSTEMTIME)
CPUTIME=71594.7
# USERTIME: CPU time spent in user mode in seconds
USERTIME=65269.2
# SYSTEMTIME: CPU time spent in system mode in seconds
SYSTEMTIME=6325.51
# CPUUSAGE: CPUTIME/WCTIME in percent
CPUUSAGE=82.8641
# MAXVM: maximum virtual memory used in KiB
MAXVM=50326588
# MAXMM: maximum memory used in KiB
MAXMM=7103636
# MAXRSS: maximum Resident Segment Size in KiB
MAXRSS=281288
# TIMEOUT: did the solver exceed the time limit?
TIMEOUT=true
# MEMOUT: did the solver exceed the memory limit?
MEMOUT=false
# EXITSTATUS: Exit status of the solver
EXITSTATUS=36608
