# WCTIME: wall clock time in seconds
WCTIME=1887.86
# CPUTIME: CPU time in seconds (USERTIME+SYSTEMTIME)
CPUTIME=1800.5
# USERTIME: CPU time spent in user mode in seconds
USERTIME=1783.18
# SYSTEMTIME: CPU time spent in system mode in seconds
SYSTEMTIME=17.329
# CPUUSAGE: CPUTIME/WCTIME in percent
CPUUSAGE=95.3726
# MAXVM: maximum virtual memory used in KiB
MAXVM=7200840
# MAXMM: maximum memory used in KiB
MAXMM=6142988
# MAXRSS: maximum Resident Segment Size in KiB
MAXRSS=6097320
# TIMEOUT: did the solver exceed the time limit?
TIMEOUT=true
# MEMOUT: did the solver exceed the memory limit?
MEMOUT=false
# EXITSTATUS: Exit status of the solver
EXITSTATUS=15
