# WCTIME: wall clock time in seconds
WCTIME=215.542
# CPUTIME: CPU time in seconds (USERTIME+SYSTEMTIME)
CPUTIME=205.163
# USERTIME: CPU time spent in user mode in seconds
USERTIME=178.326
# SYSTEMTIME: CPU time spent in system mode in seconds
SYSTEMTIME=26.837
# CPUUSAGE: CPUTIME/WCTIME in percent
CPUUSAGE=95.185
# MAXVM: maximum virtual memory used in KiB
MAXVM=2557388
# MAXMM: maximum memory used in KiB
MAXMM=1523372
# MAXRSS: maximum Resident Segment Size in KiB
MAXRSS=1476700
# TIMEOUT: did the solver exceed the time limit?
TIMEOUT=false
# MEMOUT: did the solver exceed the memory limit?
MEMOUT=false
# EXITSTATUS: Exit status of the solver
EXITSTATUS=0
