# WCTIME: wall clock time in seconds
WCTIME=15.4484
# CPUTIME: CPU time in seconds (USERTIME+SYSTEMTIME)
CPUTIME=12.0953
# USERTIME: CPU time spent in user mode in seconds
USERTIME=8.43229
# SYSTEMTIME: CPU time spent in system mode in seconds
SYSTEMTIME=3.66301
# CPUUSAGE: CPUTIME/WCTIME in percent
CPUUSAGE=78.295
# MAXVM: maximum virtual memory used in KiB
MAXVM=3530376
# MAXMM: maximum memory used in KiB
MAXMM=471856
# MAXRSS: maximum Resident Segment Size in KiB
MAXRSS=293504
# TIMEOUT: did the solver exceed the time limit?
TIMEOUT=false
# MEMOUT: did the solver exceed the memory limit?
MEMOUT=false
# EXITSTATUS: Exit status of the solver
EXITSTATUS=0
