# WCTIME: wall clock time in seconds
WCTIME=71.869
# CPUTIME: CPU time in seconds (USERTIME+SYSTEMTIME)
CPUTIME=68.5315
# USERTIME: CPU time spent in user mode in seconds
USERTIME=63.4011
# SYSTEMTIME: CPU time spent in system mode in seconds
SYSTEMTIME=5.13046
# CPUUSAGE: CPUTIME/WCTIME in percent
CPUUSAGE=95.3562
# MAXVM: maximum virtual memory used in KiB
MAXVM=9463588
# MAXMM: maximum memory used in KiB
MAXMM=8417812
# MAXRSS: maximum Resident Segment Size in KiB
MAXRSS=8379152
# TIMEOUT: did the solver exceed the time limit?
TIMEOUT=false
# MEMOUT: did the solver exceed the memory limit?
MEMOUT=true
# EXITSTATUS: Exit status of the solver
EXITSTATUS=9
