# WCTIME: wall clock time in seconds
WCTIME=399.724
# CPUTIME: CPU time in seconds (USERTIME+SYSTEMTIME)
CPUTIME=381.159
# USERTIME: CPU time spent in user mode in seconds
USERTIME=375.902
# SYSTEMTIME: CPU time spent in system mode in seconds
SYSTEMTIME=5.25748
# CPUUSAGE: CPUTIME/WCTIME in percent
CPUUSAGE=95.3556
# MAXVM: maximum virtual memory used in KiB
MAXVM=9187484
# MAXMM: maximum memory used in KiB
MAXMM=8149836
# MAXRSS: maximum Resident Segment Size in KiB
MAXRSS=8108584
# TIMEOUT: did the solver exceed the time limit?
TIMEOUT=false
# MEMOUT: did the solver exceed the memory limit?
MEMOUT=false
# EXITSTATUS: Exit status of the solver
EXITSTATUS=0
