# WCTIME: wall clock time in seconds
WCTIME=19.2282
# CPUTIME: CPU time in seconds (USERTIME+SYSTEMTIME)
CPUTIME=15.601
# USERTIME: CPU time spent in user mode in seconds
USERTIME=11.9226
# SYSTEMTIME: CPU time spent in system mode in seconds
SYSTEMTIME=3.67837
# CPUUSAGE: CPUTIME/WCTIME in percent
CPUUSAGE=81.1359
# MAXVM: maximum virtual memory used in KiB
MAXVM=3944384
# MAXMM: maximum memory used in KiB
MAXMM=607352
# MAXRSS: maximum Resident Segment Size in KiB
MAXRSS=355032
# TIMEOUT: did the solver exceed the time limit?
TIMEOUT=false
# MEMOUT: did the solver exceed the memory limit?
MEMOUT=false
# EXITSTATUS: Exit status of the solver
EXITSTATUS=0
