# WCTIME: wall clock time in seconds
WCTIME=187.425
# CPUTIME: CPU time in seconds (USERTIME+SYSTEMTIME)
CPUTIME=178.184
# USERTIME: CPU time spent in user mode in seconds
USERTIME=170.163
# SYSTEMTIME: CPU time spent in system mode in seconds
SYSTEMTIME=8.02084
# CPUUSAGE: CPUTIME/WCTIME in percent
CPUUSAGE=95.0695
# MAXVM: maximum virtual memory used in KiB
MAXVM=5289268
# MAXMM: maximum memory used in KiB
MAXMM=2437516
# MAXRSS: maximum Resident Segment Size in KiB
MAXRSS=2398132
# TIMEOUT: did the solver exceed the time limit?
TIMEOUT=false
# MEMOUT: did the solver exceed the memory limit?
MEMOUT=false
# EXITSTATUS: Exit status of the solver
EXITSTATUS=0
