# WCTIME: wall clock time in seconds
WCTIME=10.7573
# CPUTIME: CPU time in seconds (USERTIME+SYSTEMTIME)
CPUTIME=9.97905
# USERTIME: CPU time spent in user mode in seconds
USERTIME=6.31682
# SYSTEMTIME: CPU time spent in system mode in seconds
SYSTEMTIME=3.66223
# CPUUSAGE: CPUTIME/WCTIME in percent
CPUUSAGE=92.7658
# MAXVM: maximum virtual memory used in KiB
MAXVM=1827116
# MAXMM: maximum memory used in KiB
MAXMM=296500
# MAXRSS: maximum Resident Segment Size in KiB
MAXRSS=250660
# TIMEOUT: did the solver exceed the time limit?
TIMEOUT=false
# MEMOUT: did the solver exceed the memory limit?
MEMOUT=false
# EXITSTATUS: Exit status of the solver
EXITSTATUS=0
