# WCTIME: wall clock time in seconds
WCTIME=334.89
# CPUTIME: CPU time in seconds (USERTIME+SYSTEMTIME)
CPUTIME=320.874
# USERTIME: CPU time spent in user mode in seconds
USERTIME=315.136
# SYSTEMTIME: CPU time spent in system mode in seconds
SYSTEMTIME=5.73764
# CPUUSAGE: CPUTIME/WCTIME in percent
CPUUSAGE=95.8146
# MAXVM: maximum virtual memory used in KiB
MAXVM=9432352
# MAXMM: maximum memory used in KiB
MAXMM=8390480
# MAXRSS: maximum Resident Segment Size in KiB
MAXRSS=8360604
# TIMEOUT: did the solver exceed the time limit?
TIMEOUT=false
# MEMOUT: did the solver exceed the memory limit?
MEMOUT=true
# EXITSTATUS: Exit status of the solver
EXITSTATUS=15
