# WCTIME: wall clock time in seconds
WCTIME=205.228
# CPUTIME: CPU time in seconds (USERTIME+SYSTEMTIME)
CPUTIME=195.493
# USERTIME: CPU time spent in user mode in seconds
USERTIME=188.901
# SYSTEMTIME: CPU time spent in system mode in seconds
SYSTEMTIME=6.59163
# CPUUSAGE: CPUTIME/WCTIME in percent
CPUUSAGE=95.2564
# MAXVM: maximum virtual memory used in KiB
MAXVM=9473792
# MAXMM: maximum memory used in KiB
MAXMM=8398368
# MAXRSS: maximum Resident Segment Size in KiB
MAXRSS=8359736
# TIMEOUT: did the solver exceed the time limit?
TIMEOUT=false
# MEMOUT: did the solver exceed the memory limit?
MEMOUT=true
# EXITSTATUS: Exit status of the solver
EXITSTATUS=9
