# WCTIME: wall clock time in seconds
WCTIME=61.1865
# CPUTIME: CPU time in seconds (USERTIME+SYSTEMTIME)
CPUTIME=57.1703
# USERTIME: CPU time spent in user mode in seconds
USERTIME=48.9939
# SYSTEMTIME: CPU time spent in system mode in seconds
SYSTEMTIME=8.1764
# CPUUSAGE: CPUTIME/WCTIME in percent
CPUUSAGE=93.4361
# MAXVM: maximum virtual memory used in KiB
MAXVM=11371556
# MAXMM: maximum memory used in KiB
MAXMM=8241836
# MAXRSS: maximum Resident Segment Size in KiB
MAXRSS=7937864
# TIMEOUT: did the solver exceed the time limit?
TIMEOUT=false
# MEMOUT: did the solver exceed the memory limit?
MEMOUT=false
# EXITSTATUS: Exit status of the solver
EXITSTATUS=0
