# WCTIME: wall clock time in seconds
WCTIME=3.26964
# CPUTIME: CPU time in seconds (USERTIME+SYSTEMTIME)
CPUTIME=2.67358
# USERTIME: CPU time spent in user mode in seconds
USERTIME=0.851195
# SYSTEMTIME: CPU time spent in system mode in seconds
SYSTEMTIME=1.82238
# CPUUSAGE: CPUTIME/WCTIME in percent
CPUUSAGE=81.7699
# MAXVM: maximum virtual memory used in KiB
MAXVM=3628380
# MAXMM: maximum memory used in KiB
MAXMM=237416
# MAXRSS: maximum Resident Segment Size in KiB
MAXRSS=220940
# TIMEOUT: did the solver exceed the time limit?
TIMEOUT=false
# MEMOUT: did the solver exceed the memory limit?
MEMOUT=false
# EXITSTATUS: Exit status of the solver
EXITSTATUS=0
