# WCTIME: wall clock time in seconds
WCTIME=1885.42
# CPUTIME: CPU time in seconds (USERTIME+SYSTEMTIME)
CPUTIME=1800.25
# USERTIME: CPU time spent in user mode in seconds
USERTIME=1668.29
# SYSTEMTIME: CPU time spent in system mode in seconds
SYSTEMTIME=131.963
# CPUUSAGE: CPUTIME/WCTIME in percent
CPUUSAGE=95.483
# MAXVM: maximum virtual memory used in KiB
MAXVM=7647636
# MAXMM: maximum memory used in KiB
MAXMM=6527400
# MAXRSS: maximum Resident Segment Size in KiB
MAXRSS=6480824
# TIMEOUT: did the solver exceed the time limit?
TIMEOUT=true
# MEMOUT: did the solver exceed the memory limit?
MEMOUT=false
# EXITSTATUS: Exit status of the solver
EXITSTATUS=15
