# WCTIME: wall clock time in seconds
WCTIME=12.2688
# CPUTIME: CPU time in seconds (USERTIME+SYSTEMTIME)
CPUTIME=9.34019
# USERTIME: CPU time spent in user mode in seconds
USERTIME=5.5894
# SYSTEMTIME: CPU time spent in system mode in seconds
SYSTEMTIME=3.7508
# CPUUSAGE: CPUTIME/WCTIME in percent
CPUUSAGE=76.1295
# MAXVM: maximum virtual memory used in KiB
MAXVM=3905500
# MAXMM: maximum memory used in KiB
MAXMM=570968
# MAXRSS: maximum Resident Segment Size in KiB
MAXRSS=336924
# TIMEOUT: did the solver exceed the time limit?
TIMEOUT=false
# MEMOUT: did the solver exceed the memory limit?
MEMOUT=false
# EXITSTATUS: Exit status of the solver
EXITSTATUS=0
