# WCTIME: wall clock time in seconds
WCTIME=18.1538
# CPUTIME: CPU time in seconds (USERTIME+SYSTEMTIME)
CPUTIME=16.5397
# USERTIME: CPU time spent in user mode in seconds
USERTIME=14.8652
# SYSTEMTIME: CPU time spent in system mode in seconds
SYSTEMTIME=1.6745
# CPUUSAGE: CPUTIME/WCTIME in percent
CPUUSAGE=91.109
# MAXVM: maximum virtual memory used in KiB
MAXVM=1690144
# MAXMM: maximum memory used in KiB
MAXMM=38072
# MAXRSS: maximum Resident Segment Size in KiB
MAXRSS=27936
# TIMEOUT: did the solver exceed the time limit?
TIMEOUT=false
# MEMOUT: did the solver exceed the memory limit?
MEMOUT=false
# EXITSTATUS: Exit status of the solver
EXITSTATUS=34304
