# WCTIME: wall clock time in seconds
WCTIME=1694.5
# CPUTIME: CPU time in seconds (USERTIME+SYSTEMTIME)
CPUTIME=1626.97
# USERTIME: CPU time spent in user mode in seconds
USERTIME=1622.38
# SYSTEMTIME: CPU time spent in system mode in seconds
SYSTEMTIME=4.58822
# CPUUSAGE: CPUTIME/WCTIME in percent
CPUUSAGE=96.0149
# MAXVM: maximum virtual memory used in KiB
MAXVM=4839024
# MAXMM: maximum memory used in KiB
MAXMM=1373308
# MAXRSS: maximum Resident Segment Size in KiB
MAXRSS=1356404
# TIMEOUT: did the solver exceed the time limit?
TIMEOUT=false
# MEMOUT: did the solver exceed the memory limit?
MEMOUT=false
# EXITSTATUS: Exit status of the solver
EXITSTATUS=0
