# WCTIME: wall clock time in seconds
WCTIME=276.136
# CPUTIME: CPU time in seconds (USERTIME+SYSTEMTIME)
CPUTIME=264.456
# USERTIME: CPU time spent in user mode in seconds
USERTIME=244.901
# SYSTEMTIME: CPU time spent in system mode in seconds
SYSTEMTIME=19.5553
# CPUUSAGE: CPUTIME/WCTIME in percent
CPUUSAGE=95.7703
# MAXVM: maximum virtual memory used in KiB
MAXVM=9201644
# MAXMM: maximum memory used in KiB
MAXMM=8206040
# MAXRSS: maximum Resident Segment Size in KiB
MAXRSS=8161860
# TIMEOUT: did the solver exceed the time limit?
TIMEOUT=false
# MEMOUT: did the solver exceed the memory limit?
MEMOUT=false
# EXITSTATUS: Exit status of the solver
EXITSTATUS=0
