# WCTIME: wall clock time in seconds
WCTIME=1900.02
# CPUTIME: CPU time in seconds (USERTIME+SYSTEMTIME)
CPUTIME=1800.42
# USERTIME: CPU time spent in user mode in seconds
USERTIME=1793.93
# SYSTEMTIME: CPU time spent in system mode in seconds
SYSTEMTIME=6.48632
# CPUUSAGE: CPUTIME/WCTIME in percent
CPUUSAGE=94.7581
# MAXVM: maximum virtual memory used in KiB
MAXVM=4150776
# MAXMM: maximum memory used in KiB
MAXMM=3151304
# MAXRSS: maximum Resident Segment Size in KiB
MAXRSS=3110784
# TIMEOUT: did the solver exceed the time limit?
TIMEOUT=true
# MEMOUT: did the solver exceed the memory limit?
MEMOUT=false
# EXITSTATUS: Exit status of the solver
EXITSTATUS=15
