# WCTIME: wall clock time in seconds
WCTIME=2.26588
# CPUTIME: CPU time in seconds (USERTIME+SYSTEMTIME)
CPUTIME=1.8844
# USERTIME: CPU time spent in user mode in seconds
USERTIME=1.19547
# SYSTEMTIME: CPU time spent in system mode in seconds
SYSTEMTIME=0.688928
# CPUUSAGE: CPUTIME/WCTIME in percent
CPUUSAGE=83.1642
# MAXVM: maximum virtual memory used in KiB
MAXVM=1313536
# MAXMM: maximum memory used in KiB
MAXMM=164812
# MAXRSS: maximum Resident Segment Size in KiB
MAXRSS=120772
# TIMEOUT: did the solver exceed the time limit?
TIMEOUT=false
# MEMOUT: did the solver exceed the memory limit?
MEMOUT=false
# EXITSTATUS: Exit status of the solver
EXITSTATUS=0
