# WCTIME: wall clock time in seconds
WCTIME=1.56783
# CPUTIME: CPU time in seconds (USERTIME+SYSTEMTIME)
CPUTIME=1.2637
# USERTIME: CPU time spent in user mode in seconds
USERTIME=0.729244
# SYSTEMTIME: CPU time spent in system mode in seconds
SYSTEMTIME=0.534458
# CPUUSAGE: CPUTIME/WCTIME in percent
CPUUSAGE=80.6021
# MAXVM: maximum virtual memory used in KiB
MAXVM=1757476
# MAXMM: maximum memory used in KiB
MAXMM=130548
# MAXRSS: maximum Resident Segment Size in KiB
MAXRSS=86160
# TIMEOUT: did the solver exceed the time limit?
TIMEOUT=false
# MEMOUT: did the solver exceed the memory limit?
MEMOUT=false
# EXITSTATUS: Exit status of the solver
EXITSTATUS=0
