# WCTIME: wall clock time in seconds
WCTIME=254.974
# CPUTIME: CPU time in seconds (USERTIME+SYSTEMTIME)
CPUTIME=242.046
# USERTIME: CPU time spent in user mode in seconds
USERTIME=240.992
# SYSTEMTIME: CPU time spent in system mode in seconds
SYSTEMTIME=1.05446
# CPUUSAGE: CPUTIME/WCTIME in percent
CPUUSAGE=94.9298
# MAXVM: maximum virtual memory used in KiB
MAXVM=1825064
# MAXMM: maximum memory used in KiB
MAXMM=475148
# MAXRSS: maximum Resident Segment Size in KiB
MAXRSS=436824
# TIMEOUT: did the solver exceed the time limit?
TIMEOUT=false
# MEMOUT: did the solver exceed the memory limit?
MEMOUT=false
# EXITSTATUS: Exit status of the solver
EXITSTATUS=0
