# WCTIME: wall clock time in seconds
WCTIME=1.03467
# CPUTIME: CPU time in seconds (USERTIME+SYSTEMTIME)
CPUTIME=0.752744
# USERTIME: CPU time spent in user mode in seconds
USERTIME=0.419211
# SYSTEMTIME: CPU time spent in system mode in seconds
SYSTEMTIME=0.333533
# CPUUSAGE: CPUTIME/WCTIME in percent
CPUUSAGE=72.7523
# MAXVM: maximum virtual memory used in KiB
MAXVM=1759528
# MAXMM: maximum memory used in KiB
MAXMM=67680
# MAXRSS: maximum Resident Segment Size in KiB
MAXRSS=29924
# TIMEOUT: did the solver exceed the time limit?
TIMEOUT=false
# MEMOUT: did the solver exceed the memory limit?
MEMOUT=false
# EXITSTATUS: Exit status of the solver
EXITSTATUS=0
