# WCTIME: wall clock time in seconds
WCTIME=100.52
# CPUTIME: CPU time in seconds (USERTIME+SYSTEMTIME)
CPUTIME=95.9313
# USERTIME: CPU time spent in user mode in seconds
USERTIME=90.4442
# SYSTEMTIME: CPU time spent in system mode in seconds
SYSTEMTIME=5.4871
# CPUUSAGE: CPUTIME/WCTIME in percent
CPUUSAGE=95.435
# MAXVM: maximum virtual memory used in KiB
MAXVM=4594704
# MAXMM: maximum memory used in KiB
MAXMM=1147272
# MAXRSS: maximum Resident Segment Size in KiB
MAXRSS=1112804
# TIMEOUT: did the solver exceed the time limit?
TIMEOUT=false
# MEMOUT: did the solver exceed the memory limit?
MEMOUT=false
# EXITSTATUS: Exit status of the solver
EXITSTATUS=0
