# WCTIME: wall clock time in seconds
WCTIME=1.75414
# CPUTIME: CPU time in seconds (USERTIME+SYSTEMTIME)
CPUTIME=1.39665
# USERTIME: CPU time spent in user mode in seconds
USERTIME=0.830822
# SYSTEMTIME: CPU time spent in system mode in seconds
SYSTEMTIME=0.565831
# CPUUSAGE: CPUTIME/WCTIME in percent
CPUUSAGE=79.6202
# MAXVM: maximum virtual memory used in KiB
MAXVM=1230224
# MAXMM: maximum memory used in KiB
MAXMM=150612
# MAXRSS: maximum Resident Segment Size in KiB
MAXRSS=114700
# TIMEOUT: did the solver exceed the time limit?
TIMEOUT=false
# MEMOUT: did the solver exceed the memory limit?
MEMOUT=false
# EXITSTATUS: Exit status of the solver
EXITSTATUS=0
