# WCTIME: wall clock time in seconds
WCTIME=0.978708
# CPUTIME: CPU time in seconds (USERTIME+SYSTEMTIME)
CPUTIME=0.686416
# USERTIME: CPU time spent in user mode in seconds
USERTIME=0.369308
# SYSTEMTIME: CPU time spent in system mode in seconds
SYSTEMTIME=0.317108
# CPUUSAGE: CPUTIME/WCTIME in percent
CPUUSAGE=70.1349
# MAXVM: maximum virtual memory used in KiB
MAXVM=1759528
# MAXMM: maximum memory used in KiB
MAXMM=61608
# MAXRSS: maximum Resident Segment Size in KiB
MAXRSS=28032
# TIMEOUT: did the solver exceed the time limit?
TIMEOUT=false
# MEMOUT: did the solver exceed the memory limit?
MEMOUT=false
# EXITSTATUS: Exit status of the solver
EXITSTATUS=0
