# WCTIME: wall clock time in seconds
WCTIME=432.462
# CPUTIME: CPU time in seconds (USERTIME+SYSTEMTIME)
CPUTIME=414.077
# USERTIME: CPU time spent in user mode in seconds
USERTIME=399.489
# SYSTEMTIME: CPU time spent in system mode in seconds
SYSTEMTIME=14.5875
# CPUUSAGE: CPUTIME/WCTIME in percent
CPUUSAGE=95.7487
# MAXVM: maximum virtual memory used in KiB
MAXVM=9528352
# MAXMM: maximum memory used in KiB
MAXMM=8392228
# MAXRSS: maximum Resident Segment Size in KiB
MAXRSS=8351324
# TIMEOUT: did the solver exceed the time limit?
TIMEOUT=false
# MEMOUT: did the solver exceed the memory limit?
MEMOUT=true
# EXITSTATUS: Exit status of the solver
EXITSTATUS=15
