# WCTIME: wall clock time in seconds
WCTIME=1686.61
# CPUTIME: CPU time in seconds (USERTIME+SYSTEMTIME)
CPUTIME=1610.08
# USERTIME: CPU time spent in user mode in seconds
USERTIME=1491.55
# SYSTEMTIME: CPU time spent in system mode in seconds
SYSTEMTIME=118.522
# CPUUSAGE: CPUTIME/WCTIME in percent
CPUUSAGE=95.4622
# MAXVM: maximum virtual memory used in KiB
MAXVM=4350332
# MAXMM: maximum memory used in KiB
MAXMM=931540
# MAXRSS: maximum Resident Segment Size in KiB
MAXRSS=938392
# TIMEOUT: did the solver exceed the time limit?
TIMEOUT=false
# MEMOUT: did the solver exceed the memory limit?
MEMOUT=false
# EXITSTATUS: Exit status of the solver
EXITSTATUS=0
