# WCTIME: wall clock time in seconds
WCTIME=1863.6
# CPUTIME: CPU time in seconds (USERTIME+SYSTEMTIME)
CPUTIME=1800.49
# USERTIME: CPU time spent in user mode in seconds
USERTIME=1460.06
# SYSTEMTIME: CPU time spent in system mode in seconds
SYSTEMTIME=340.43
# CPUUSAGE: CPUTIME/WCTIME in percent
CPUUSAGE=96.6135
# MAXVM: maximum virtual memory used in KiB
MAXVM=4839896
# MAXMM: maximum memory used in KiB
MAXMM=1445908
# MAXRSS: maximum Resident Segment Size in KiB
MAXRSS=1428572
# TIMEOUT: did the solver exceed the time limit?
TIMEOUT=true
# MEMOUT: did the solver exceed the memory limit?
MEMOUT=false
# EXITSTATUS: Exit status of the solver
EXITSTATUS=0
