# WCTIME: wall clock time in seconds
WCTIME=9.72977
# CPUTIME: CPU time in seconds (USERTIME+SYSTEMTIME)
CPUTIME=8.81923
# USERTIME: CPU time spent in user mode in seconds
USERTIME=4.92154
# SYSTEMTIME: CPU time spent in system mode in seconds
SYSTEMTIME=3.89769
# CPUUSAGE: CPUTIME/WCTIME in percent
CPUUSAGE=90.6417
# MAXVM: maximum virtual memory used in KiB
MAXVM=3902204
# MAXMM: maximum memory used in KiB
MAXMM=379936
# MAXRSS: maximum Resident Segment Size in KiB
MAXRSS=341424
# TIMEOUT: did the solver exceed the time limit?
TIMEOUT=false
# MEMOUT: did the solver exceed the memory limit?
MEMOUT=false
# EXITSTATUS: Exit status of the solver
EXITSTATUS=0
