# WCTIME: wall clock time in seconds
WCTIME=9.10796
# CPUTIME: CPU time in seconds (USERTIME+SYSTEMTIME)
CPUTIME=6.74333
# USERTIME: CPU time spent in user mode in seconds
USERTIME=3.17823
# SYSTEMTIME: CPU time spent in system mode in seconds
SYSTEMTIME=3.56511
# CPUUSAGE: CPUTIME/WCTIME in percent
CPUUSAGE=74.0378
# MAXVM: maximum virtual memory used in KiB
MAXVM=3896448
# MAXMM: maximum memory used in KiB
MAXMM=370308
# MAXRSS: maximum Resident Segment Size in KiB
MAXRSS=333572
# TIMEOUT: did the solver exceed the time limit?
TIMEOUT=false
# MEMOUT: did the solver exceed the memory limit?
MEMOUT=false
# EXITSTATUS: Exit status of the solver
EXITSTATUS=0
