# WCTIME: wall clock time in seconds
WCTIME=1522.68
# CPUTIME: CPU time in seconds (USERTIME+SYSTEMTIME)
CPUTIME=1458.33
# USERTIME: CPU time spent in user mode in seconds
USERTIME=1443.32
# SYSTEMTIME: CPU time spent in system mode in seconds
SYSTEMTIME=15.0138
# CPUUSAGE: CPUTIME/WCTIME in percent
CPUUSAGE=95.774
# MAXVM: maximum virtual memory used in KiB
MAXVM=9189304
# MAXMM: maximum memory used in KiB
MAXMM=8158640
# MAXRSS: maximum Resident Segment Size in KiB
MAXRSS=8119732
# TIMEOUT: did the solver exceed the time limit?
TIMEOUT=false
# MEMOUT: did the solver exceed the memory limit?
MEMOUT=false
# EXITSTATUS: Exit status of the solver
EXITSTATUS=0
