# WCTIME: wall clock time in seconds
WCTIME=1877.77
# CPUTIME: CPU time in seconds (USERTIME+SYSTEMTIME)
CPUTIME=1800.2
# USERTIME: CPU time spent in user mode in seconds
USERTIME=1797.58
# SYSTEMTIME: CPU time spent in system mode in seconds
SYSTEMTIME=2.62404
# CPUUSAGE: CPUTIME/WCTIME in percent
CPUUSAGE=95.8694
# MAXVM: maximum virtual memory used in KiB
MAXVM=3383028
# MAXMM: maximum memory used in KiB
MAXMM=2342872
# MAXRSS: maximum Resident Segment Size in KiB
MAXRSS=2296432
# TIMEOUT: did the solver exceed the time limit?
TIMEOUT=true
# MEMOUT: did the solver exceed the memory limit?
MEMOUT=false
# EXITSTATUS: Exit status of the solver
EXITSTATUS=15
