# WCTIME: wall clock time in seconds
WCTIME=1830.86
# CPUTIME: CPU time in seconds (USERTIME+SYSTEMTIME)
CPUTIME=1742.38
# USERTIME: CPU time spent in user mode in seconds
USERTIME=1733.86
# SYSTEMTIME: CPU time spent in system mode in seconds
SYSTEMTIME=8.52197
# CPUUSAGE: CPUTIME/WCTIME in percent
CPUUSAGE=95.1675
# MAXVM: maximum virtual memory used in KiB
MAXVM=8167200
# MAXMM: maximum memory used in KiB
MAXMM=5057520
# MAXRSS: maximum Resident Segment Size in KiB
MAXRSS=4754512
# TIMEOUT: did the solver exceed the time limit?
TIMEOUT=false
# MEMOUT: did the solver exceed the memory limit?
MEMOUT=false
# EXITSTATUS: Exit status of the solver
EXITSTATUS=9
