# WCTIME: wall clock time in seconds
WCTIME=435.231
# CPUTIME: CPU time in seconds (USERTIME+SYSTEMTIME)
CPUTIME=414.71
# USERTIME: CPU time spent in user mode in seconds
USERTIME=409.03
# SYSTEMTIME: CPU time spent in system mode in seconds
SYSTEMTIME=5.67933
# CPUUSAGE: CPUTIME/WCTIME in percent
CPUUSAGE=95.2851
# MAXVM: maximum virtual memory used in KiB
MAXVM=9186980
# MAXMM: maximum memory used in KiB
MAXMM=8138420
# MAXRSS: maximum Resident Segment Size in KiB
MAXRSS=8100056
# TIMEOUT: did the solver exceed the time limit?
TIMEOUT=false
# MEMOUT: did the solver exceed the memory limit?
MEMOUT=false
# EXITSTATUS: Exit status of the solver
EXITSTATUS=0
