# WCTIME: wall clock time in seconds
WCTIME=38.9767
# CPUTIME: CPU time in seconds (USERTIME+SYSTEMTIME)
CPUTIME=37.1684
# USERTIME: CPU time spent in user mode in seconds
USERTIME=34.0735
# SYSTEMTIME: CPU time spent in system mode in seconds
SYSTEMTIME=3.09481
# CPUUSAGE: CPUTIME/WCTIME in percent
CPUUSAGE=95.3605
# MAXVM: maximum virtual memory used in KiB
MAXVM=1791748
# MAXMM: maximum memory used in KiB
MAXMM=177976
# MAXRSS: maximum Resident Segment Size in KiB
MAXRSS=133772
# TIMEOUT: did the solver exceed the time limit?
TIMEOUT=false
# MEMOUT: did the solver exceed the memory limit?
MEMOUT=false
# EXITSTATUS: Exit status of the solver
EXITSTATUS=0
