# WCTIME: wall clock time in seconds
WCTIME=497.13
# CPUTIME: CPU time in seconds (USERTIME+SYSTEMTIME)
CPUTIME=474.77
# USERTIME: CPU time spent in user mode in seconds
USERTIME=464.873
# SYSTEMTIME: CPU time spent in system mode in seconds
SYSTEMTIME=9.89786
# CPUUSAGE: CPUTIME/WCTIME in percent
CPUUSAGE=95.5023
# MAXVM: maximum virtual memory used in KiB
MAXVM=9466972
# MAXMM: maximum memory used in KiB
MAXMM=8390448
# MAXRSS: maximum Resident Segment Size in KiB
MAXRSS=8347244
# TIMEOUT: did the solver exceed the time limit?
TIMEOUT=false
# MEMOUT: did the solver exceed the memory limit?
MEMOUT=true
# EXITSTATUS: Exit status of the solver
EXITSTATUS=15
