# WCTIME: wall clock time in seconds
WCTIME=3.74633
# CPUTIME: CPU time in seconds (USERTIME+SYSTEMTIME)
CPUTIME=1.31725
# USERTIME: CPU time spent in user mode in seconds
USERTIME=0.946761
# SYSTEMTIME: CPU time spent in system mode in seconds
SYSTEMTIME=0.370492
# CPUUSAGE: CPUTIME/WCTIME in percent
CPUUSAGE=35.1612
# MAXVM: maximum virtual memory used in KiB
MAXVM=1046600
# MAXMM: maximum memory used in KiB
MAXMM=89800
# MAXRSS: maximum Resident Segment Size in KiB
MAXRSS=50972
# TIMEOUT: did the solver exceed the time limit?
TIMEOUT=false
# MEMOUT: did the solver exceed the memory limit?
MEMOUT=false
# EXITSTATUS: Exit status of the solver
EXITSTATUS=0
