# WCTIME: wall clock time in seconds
WCTIME=1866.43
# CPUTIME: CPU time in seconds (USERTIME+SYSTEMTIME)
CPUTIME=1800.27
# USERTIME: CPU time spent in user mode in seconds
USERTIME=1793.28
# SYSTEMTIME: CPU time spent in system mode in seconds
SYSTEMTIME=6.99458
# CPUUSAGE: CPUTIME/WCTIME in percent
CPUUSAGE=96.4557
# MAXVM: maximum virtual memory used in KiB
MAXVM=3901340
# MAXMM: maximum memory used in KiB
MAXMM=921956
# MAXRSS: maximum Resident Segment Size in KiB
MAXRSS=878304
# TIMEOUT: did the solver exceed the time limit?
TIMEOUT=true
# MEMOUT: did the solver exceed the memory limit?
MEMOUT=false
# EXITSTATUS: Exit status of the solver
EXITSTATUS=15
