# WCTIME: wall clock time in seconds
WCTIME=8.14611
# CPUTIME: CPU time in seconds (USERTIME+SYSTEMTIME)
CPUTIME=7.22843
# USERTIME: CPU time spent in user mode in seconds
USERTIME=3.54884
# SYSTEMTIME: CPU time spent in system mode in seconds
SYSTEMTIME=3.67959
# CPUUSAGE: CPUTIME/WCTIME in percent
CPUUSAGE=88.7347
# MAXVM: maximum virtual memory used in KiB
MAXVM=3898988
# MAXMM: maximum memory used in KiB
MAXMM=374160
# MAXRSS: maximum Resident Segment Size in KiB
MAXRSS=334888
# TIMEOUT: did the solver exceed the time limit?
TIMEOUT=false
# MEMOUT: did the solver exceed the memory limit?
MEMOUT=false
# EXITSTATUS: Exit status of the solver
EXITSTATUS=0
