# WCTIME: wall clock time in seconds
WCTIME=1684.8
# CPUTIME: CPU time in seconds (USERTIME+SYSTEMTIME)
CPUTIME=1624.74
# USERTIME: CPU time spent in user mode in seconds
USERTIME=1618.92
# SYSTEMTIME: CPU time spent in system mode in seconds
SYSTEMTIME=5.82557
# CPUUSAGE: CPUTIME/WCTIME in percent
CPUUSAGE=96.4352
# MAXVM: maximum virtual memory used in KiB
MAXVM=6083388
# MAXMM: maximum memory used in KiB
MAXMM=2687072
# MAXRSS: maximum Resident Segment Size in KiB
MAXRSS=2667596
# TIMEOUT: did the solver exceed the time limit?
TIMEOUT=false
# MEMOUT: did the solver exceed the memory limit?
MEMOUT=false
# EXITSTATUS: Exit status of the solver
EXITSTATUS=0
