# WCTIME: wall clock time in seconds
WCTIME=49.8287
# CPUTIME: CPU time in seconds (USERTIME+SYSTEMTIME)
CPUTIME=47.2054
# USERTIME: CPU time spent in user mode in seconds
USERTIME=46.306
# SYSTEMTIME: CPU time spent in system mode in seconds
SYSTEMTIME=0.899465
# CPUUSAGE: CPUTIME/WCTIME in percent
CPUUSAGE=94.7354
# MAXVM: maximum virtual memory used in KiB
MAXVM=1245392
# MAXMM: maximum memory used in KiB
MAXMM=165716
# MAXRSS: maximum Resident Segment Size in KiB
MAXRSS=120636
# TIMEOUT: did the solver exceed the time limit?
TIMEOUT=false
# MEMOUT: did the solver exceed the memory limit?
MEMOUT=false
# EXITSTATUS: Exit status of the solver
EXITSTATUS=0
