# WCTIME: wall clock time in seconds
WCTIME=1871.11
# CPUTIME: CPU time in seconds (USERTIME+SYSTEMTIME)
CPUTIME=1800.31
# USERTIME: CPU time spent in user mode in seconds
USERTIME=1790.16
# SYSTEMTIME: CPU time spent in system mode in seconds
SYSTEMTIME=10.1504
# CPUUSAGE: CPUTIME/WCTIME in percent
CPUUSAGE=96.2164
# MAXVM: maximum virtual memory used in KiB
MAXVM=5462040
# MAXMM: maximum memory used in KiB
MAXMM=2469652
# MAXRSS: maximum Resident Segment Size in KiB
MAXRSS=2429856
# TIMEOUT: did the solver exceed the time limit?
TIMEOUT=true
# MEMOUT: did the solver exceed the memory limit?
MEMOUT=false
# EXITSTATUS: Exit status of the solver
EXITSTATUS=15
