# WCTIME: wall clock time in seconds
WCTIME=1878.77
# CPUTIME: CPU time in seconds (USERTIME+SYSTEMTIME)
CPUTIME=1800.35
# USERTIME: CPU time spent in user mode in seconds
USERTIME=1784.55
# SYSTEMTIME: CPU time spent in system mode in seconds
SYSTEMTIME=15.8079
# CPUUSAGE: CPUTIME/WCTIME in percent
CPUUSAGE=95.826
# MAXVM: maximum virtual memory used in KiB
MAXVM=7996660
# MAXMM: maximum memory used in KiB
MAXMM=6935968
# MAXRSS: maximum Resident Segment Size in KiB
MAXRSS=6905940
# TIMEOUT: did the solver exceed the time limit?
TIMEOUT=true
# MEMOUT: did the solver exceed the memory limit?
MEMOUT=false
# EXITSTATUS: Exit status of the solver
EXITSTATUS=15
