# WCTIME: wall clock time in seconds
WCTIME=1.05686
# CPUTIME: CPU time in seconds (USERTIME+SYSTEMTIME)
CPUTIME=0.799679
# USERTIME: CPU time spent in user mode in seconds
USERTIME=0.395191
# SYSTEMTIME: CPU time spent in system mode in seconds
SYSTEMTIME=0.404488
# CPUUSAGE: CPUTIME/WCTIME in percent
CPUUSAGE=75.6656
# MAXVM: maximum virtual memory used in KiB
MAXVM=1240756
# MAXMM: maximum memory used in KiB
MAXMM=89128
# MAXRSS: maximum Resident Segment Size in KiB
MAXRSS=50888
# TIMEOUT: did the solver exceed the time limit?
TIMEOUT=false
# MEMOUT: did the solver exceed the memory limit?
MEMOUT=false
# EXITSTATUS: Exit status of the solver
EXITSTATUS=0
