# WCTIME: wall clock time in seconds
WCTIME=2.24843
# CPUTIME: CPU time in seconds (USERTIME+SYSTEMTIME)
CPUTIME=1.88733
# USERTIME: CPU time spent in user mode in seconds
USERTIME=1.23175
# SYSTEMTIME: CPU time spent in system mode in seconds
SYSTEMTIME=0.655574
# CPUUSAGE: CPUTIME/WCTIME in percent
CPUUSAGE=83.9399
# MAXVM: maximum virtual memory used in KiB
MAXVM=1688024
# MAXMM: maximum memory used in KiB
MAXMM=167540
# MAXRSS: maximum Resident Segment Size in KiB
MAXRSS=121072
# TIMEOUT: did the solver exceed the time limit?
TIMEOUT=false
# MEMOUT: did the solver exceed the memory limit?
MEMOUT=false
# EXITSTATUS: Exit status of the solver
EXITSTATUS=0
