# WCTIME: wall clock time in seconds
WCTIME=1683.1
# CPUTIME: CPU time in seconds (USERTIME+SYSTEMTIME)
CPUTIME=1602.68
# USERTIME: CPU time spent in user mode in seconds
USERTIME=1596.6
# SYSTEMTIME: CPU time spent in system mode in seconds
SYSTEMTIME=6.08041
# CPUUSAGE: CPUTIME/WCTIME in percent
CPUUSAGE=95.2216
# MAXVM: maximum virtual memory used in KiB
MAXVM=3848596
# MAXMM: maximum memory used in KiB
MAXMM=321744
# MAXRSS: maximum Resident Segment Size in KiB
MAXRSS=304380
# TIMEOUT: did the solver exceed the time limit?
TIMEOUT=false
# MEMOUT: did the solver exceed the memory limit?
MEMOUT=false
# EXITSTATUS: Exit status of the solver
EXITSTATUS=0
