# WCTIME: wall clock time in seconds
WCTIME=1866.95
# CPUTIME: CPU time in seconds (USERTIME+SYSTEMTIME)
CPUTIME=1800.16
# USERTIME: CPU time spent in user mode in seconds
USERTIME=1797.64
# SYSTEMTIME: CPU time spent in system mode in seconds
SYSTEMTIME=2.52077
# CPUUSAGE: CPUTIME/WCTIME in percent
CPUUSAGE=96.4221
# MAXVM: maximum virtual memory used in KiB
MAXVM=2357668
# MAXMM: maximum memory used in KiB
MAXMM=1319280
# MAXRSS: maximum Resident Segment Size in KiB
MAXRSS=1279140
# TIMEOUT: did the solver exceed the time limit?
TIMEOUT=true
# MEMOUT: did the solver exceed the memory limit?
MEMOUT=false
# EXITSTATUS: Exit status of the solver
EXITSTATUS=15
