# WCTIME: wall clock time in seconds
WCTIME=77.4419
# CPUTIME: CPU time in seconds (USERTIME+SYSTEMTIME)
CPUTIME=70.8866
# USERTIME: CPU time spent in user mode in seconds
USERTIME=61.6736
# SYSTEMTIME: CPU time spent in system mode in seconds
SYSTEMTIME=9.21304
# CPUUSAGE: CPUTIME/WCTIME in percent
CPUUSAGE=91.5353
# MAXVM: maximum virtual memory used in KiB
MAXVM=11496340
# MAXMM: maximum memory used in KiB
MAXMM=8353436
# MAXRSS: maximum Resident Segment Size in KiB
MAXRSS=8056352
# TIMEOUT: did the solver exceed the time limit?
TIMEOUT=false
# MEMOUT: did the solver exceed the memory limit?
MEMOUT=false
# EXITSTATUS: Exit status of the solver
EXITSTATUS=0
