# WCTIME: wall clock time in seconds
WCTIME=1.23003
# CPUTIME: CPU time in seconds (USERTIME+SYSTEMTIME)
CPUTIME=0.942759
# USERTIME: CPU time spent in user mode in seconds
USERTIME=0.490037
# SYSTEMTIME: CPU time spent in system mode in seconds
SYSTEMTIME=0.452722
# CPUUSAGE: CPUTIME/WCTIME in percent
CPUUSAGE=76.645
# MAXVM: maximum virtual memory used in KiB
MAXVM=1179412
# MAXMM: maximum memory used in KiB
MAXMM=97096
# MAXRSS: maximum Resident Segment Size in KiB
MAXRSS=64168
# TIMEOUT: did the solver exceed the time limit?
TIMEOUT=false
# MEMOUT: did the solver exceed the memory limit?
MEMOUT=false
# EXITSTATUS: Exit status of the solver
EXITSTATUS=0
