# WCTIME: wall clock time in seconds
WCTIME=1899.99
# CPUTIME: CPU time in seconds (USERTIME+SYSTEMTIME)
CPUTIME=1800.26
# USERTIME: CPU time spent in user mode in seconds
USERTIME=1785.3
# SYSTEMTIME: CPU time spent in system mode in seconds
SYSTEMTIME=14.9607
# CPUUSAGE: CPUTIME/WCTIME in percent
CPUUSAGE=94.7509
# MAXVM: maximum virtual memory used in KiB
MAXVM=3835424
# MAXMM: maximum memory used in KiB
MAXMM=2825608
# MAXRSS: maximum Resident Segment Size in KiB
MAXRSS=2777460
# TIMEOUT: did the solver exceed the time limit?
TIMEOUT=true
# MEMOUT: did the solver exceed the memory limit?
MEMOUT=false
# EXITSTATUS: Exit status of the solver
EXITSTATUS=15
