# WCTIME: wall clock time in seconds
WCTIME=511.547
# CPUTIME: CPU time in seconds (USERTIME+SYSTEMTIME)
CPUTIME=487.552
# USERTIME: CPU time spent in user mode in seconds
USERTIME=477.289
# SYSTEMTIME: CPU time spent in system mode in seconds
SYSTEMTIME=10.2628
# CPUUSAGE: CPUTIME/WCTIME in percent
CPUUSAGE=95.3093
# MAXVM: maximum virtual memory used in KiB
MAXVM=9484020
# MAXMM: maximum memory used in KiB
MAXMM=8389520
# MAXRSS: maximum Resident Segment Size in KiB
MAXRSS=8350144
# TIMEOUT: did the solver exceed the time limit?
TIMEOUT=false
# MEMOUT: did the solver exceed the memory limit?
MEMOUT=true
# EXITSTATUS: Exit status of the solver
EXITSTATUS=15
