# WCTIME: wall clock time in seconds
WCTIME=1888.14
# CPUTIME: CPU time in seconds (USERTIME+SYSTEMTIME)
CPUTIME=1800.33
# USERTIME: CPU time spent in user mode in seconds
USERTIME=1786.06
# SYSTEMTIME: CPU time spent in system mode in seconds
SYSTEMTIME=14.2703
# CPUUSAGE: CPUTIME/WCTIME in percent
CPUUSAGE=95.3496
# MAXVM: maximum virtual memory used in KiB
MAXVM=6693344
# MAXMM: maximum memory used in KiB
MAXMM=5651380
# MAXRSS: maximum Resident Segment Size in KiB
MAXRSS=5612592
# TIMEOUT: did the solver exceed the time limit?
TIMEOUT=true
# MEMOUT: did the solver exceed the memory limit?
MEMOUT=false
# EXITSTATUS: Exit status of the solver
EXITSTATUS=15
