# WCTIME: wall clock time in seconds
WCTIME=52.9111
# CPUTIME: CPU time in seconds (USERTIME+SYSTEMTIME)
CPUTIME=50.0884
# USERTIME: CPU time spent in user mode in seconds
USERTIME=48.1187
# SYSTEMTIME: CPU time spent in system mode in seconds
SYSTEMTIME=1.96977
# CPUUSAGE: CPUTIME/WCTIME in percent
CPUUSAGE=94.6652
# MAXVM: maximum virtual memory used in KiB
MAXVM=3575516
# MAXMM: maximum memory used in KiB
MAXMM=252736
# MAXRSS: maximum Resident Segment Size in KiB
MAXRSS=233664
# TIMEOUT: did the solver exceed the time limit?
TIMEOUT=false
# MEMOUT: did the solver exceed the memory limit?
MEMOUT=false
# EXITSTATUS: Exit status of the solver
EXITSTATUS=0
