# WCTIME: wall clock time in seconds
WCTIME=0.878252
# CPUTIME: CPU time in seconds (USERTIME+SYSTEMTIME)
CPUTIME=0.593508
# USERTIME: CPU time spent in user mode in seconds
USERTIME=0.259995
# SYSTEMTIME: CPU time spent in system mode in seconds
SYSTEMTIME=0.333513
# CPUUSAGE: CPUTIME/WCTIME in percent
CPUUSAGE=67.5783
# MAXVM: maximum virtual memory used in KiB
MAXVM=1024008
# MAXMM: maximum memory used in KiB
MAXMM=60676
# MAXRSS: maximum Resident Segment Size in KiB
MAXRSS=27892
# TIMEOUT: did the solver exceed the time limit?
TIMEOUT=false
# MEMOUT: did the solver exceed the memory limit?
MEMOUT=false
# EXITSTATUS: Exit status of the solver
EXITSTATUS=0
