# WCTIME: wall clock time in seconds
WCTIME=702.931
# CPUTIME: CPU time in seconds (USERTIME+SYSTEMTIME)
CPUTIME=671.933
# USERTIME: CPU time spent in user mode in seconds
USERTIME=665.116
# SYSTEMTIME: CPU time spent in system mode in seconds
SYSTEMTIME=6.81757
# CPUUSAGE: CPUTIME/WCTIME in percent
CPUUSAGE=95.5902
# MAXVM: maximum virtual memory used in KiB
MAXVM=9187380
# MAXMM: maximum memory used in KiB
MAXMM=8155152
# MAXRSS: maximum Resident Segment Size in KiB
MAXRSS=8114212
# TIMEOUT: did the solver exceed the time limit?
TIMEOUT=false
# MEMOUT: did the solver exceed the memory limit?
MEMOUT=false
# EXITSTATUS: Exit status of the solver
EXITSTATUS=0
