# WCTIME: wall clock time in seconds
WCTIME=0.933936
# CPUTIME: CPU time in seconds (USERTIME+SYSTEMTIME)
CPUTIME=0.674181
# USERTIME: CPU time spent in user mode in seconds
USERTIME=0.259651
# SYSTEMTIME: CPU time spent in system mode in seconds
SYSTEMTIME=0.41453
# CPUUSAGE: CPUTIME/WCTIME in percent
CPUUSAGE=72.1871
# MAXVM: maximum virtual memory used in KiB
MAXVM=1063444
# MAXMM: maximum memory used in KiB
MAXMM=44600
# MAXRSS: maximum Resident Segment Size in KiB
MAXRSS=40428
# TIMEOUT: did the solver exceed the time limit?
TIMEOUT=false
# MEMOUT: did the solver exceed the memory limit?
MEMOUT=false
# EXITSTATUS: Exit status of the solver
EXITSTATUS=0
