# WCTIME: wall clock time in seconds
WCTIME=90.4454
# CPUTIME: CPU time in seconds (USERTIME+SYSTEMTIME)
CPUTIME=85.9857
# USERTIME: CPU time spent in user mode in seconds
USERTIME=80.7927
# SYSTEMTIME: CPU time spent in system mode in seconds
SYSTEMTIME=5.19303
# CPUUSAGE: CPUTIME/WCTIME in percent
CPUUSAGE=95.0692
# MAXVM: maximum virtual memory used in KiB
MAXVM=9391588
# MAXMM: maximum memory used in KiB
MAXMM=8399576
# MAXRSS: maximum Resident Segment Size in KiB
MAXRSS=8360260
# TIMEOUT: did the solver exceed the time limit?
TIMEOUT=false
# MEMOUT: did the solver exceed the memory limit?
MEMOUT=true
# EXITSTATUS: Exit status of the solver
EXITSTATUS=15
