# WCTIME: wall clock time in seconds
WCTIME=8.29278
# CPUTIME: CPU time in seconds (USERTIME+SYSTEMTIME)
CPUTIME=7.57471
# USERTIME: CPU time spent in user mode in seconds
USERTIME=3.37418
# SYSTEMTIME: CPU time spent in system mode in seconds
SYSTEMTIME=4.20053
# CPUUSAGE: CPUTIME/WCTIME in percent
CPUUSAGE=91.3409
# MAXVM: maximum virtual memory used in KiB
MAXVM=1689888
# MAXMM: maximum memory used in KiB
MAXMM=167232
# MAXRSS: maximum Resident Segment Size in KiB
MAXRSS=122680
# TIMEOUT: did the solver exceed the time limit?
TIMEOUT=false
# MEMOUT: did the solver exceed the memory limit?
MEMOUT=false
# EXITSTATUS: Exit status of the solver
EXITSTATUS=0
