# WCTIME: wall clock time in seconds
WCTIME=61.6349
# CPUTIME: CPU time in seconds (USERTIME+SYSTEMTIME)
CPUTIME=58.5116
# USERTIME: CPU time spent in user mode in seconds
USERTIME=54.7414
# SYSTEMTIME: CPU time spent in system mode in seconds
SYSTEMTIME=3.77018
# CPUUSAGE: CPUTIME/WCTIME in percent
CPUUSAGE=94.9326
# MAXVM: maximum virtual memory used in KiB
MAXVM=3931088
# MAXMM: maximum memory used in KiB
MAXMM=408512
# MAXRSS: maximum Resident Segment Size in KiB
MAXRSS=370476
# TIMEOUT: did the solver exceed the time limit?
TIMEOUT=false
# MEMOUT: did the solver exceed the memory limit?
MEMOUT=false
# EXITSTATUS: Exit status of the solver
EXITSTATUS=0
