# WCTIME: wall clock time in seconds
WCTIME=1683.86
# CPUTIME: CPU time in seconds (USERTIME+SYSTEMTIME)
CPUTIME=1612.78
# USERTIME: CPU time spent in user mode in seconds
USERTIME=1579.05
# SYSTEMTIME: CPU time spent in system mode in seconds
SYSTEMTIME=33.7273
# CPUUSAGE: CPUTIME/WCTIME in percent
CPUUSAGE=95.7786
# MAXVM: maximum virtual memory used in KiB
MAXVM=3790060
# MAXMM: maximum memory used in KiB
MAXMM=394516
# MAXRSS: maximum Resident Segment Size in KiB
MAXRSS=377084
# TIMEOUT: did the solver exceed the time limit?
TIMEOUT=false
# MEMOUT: did the solver exceed the memory limit?
MEMOUT=false
# EXITSTATUS: Exit status of the solver
EXITSTATUS=0
