# WCTIME: wall clock time in seconds
WCTIME=9.85001
# CPUTIME: CPU time in seconds (USERTIME+SYSTEMTIME)
CPUTIME=9.2694
# USERTIME: CPU time spent in user mode in seconds
USERTIME=2.81002
# SYSTEMTIME: CPU time spent in system mode in seconds
SYSTEMTIME=6.45937
# CPUUSAGE: CPUTIME/WCTIME in percent
CPUUSAGE=94.1054
# MAXVM: maximum virtual memory used in KiB
MAXVM=10021304
# MAXMM: maximum memory used in KiB
MAXMM=6553896
# MAXRSS: maximum Resident Segment Size in KiB
MAXRSS=6536612
# TIMEOUT: did the solver exceed the time limit?
TIMEOUT=false
# MEMOUT: did the solver exceed the memory limit?
MEMOUT=false
# EXITSTATUS: Exit status of the solver
EXITSTATUS=0
