# WCTIME: wall clock time in seconds
WCTIME=50.5917
# CPUTIME: CPU time in seconds (USERTIME+SYSTEMTIME)
CPUTIME=47.858
# USERTIME: CPU time spent in user mode in seconds
USERTIME=30.8172
# SYSTEMTIME: CPU time spent in system mode in seconds
SYSTEMTIME=17.0408
# CPUUSAGE: CPUTIME/WCTIME in percent
CPUUSAGE=94.5965
# MAXVM: maximum virtual memory used in KiB
MAXVM=1805000
# MAXMM: maximum memory used in KiB
MAXMM=721804
# MAXRSS: maximum Resident Segment Size in KiB
MAXRSS=676468
# TIMEOUT: did the solver exceed the time limit?
TIMEOUT=false
# MEMOUT: did the solver exceed the memory limit?
MEMOUT=false
# EXITSTATUS: Exit status of the solver
EXITSTATUS=0
