# WCTIME: wall clock time in seconds
WCTIME=0.799243
# CPUTIME: CPU time in seconds (USERTIME+SYSTEMTIME)
CPUTIME=0.57685
# USERTIME: CPU time spent in user mode in seconds
USERTIME=0.19649
# SYSTEMTIME: CPU time spent in system mode in seconds
SYSTEMTIME=0.38036
# CPUUSAGE: CPUTIME/WCTIME in percent
CPUUSAGE=72.1746
# MAXVM: maximum virtual memory used in KiB
MAXVM=1759528
# MAXMM: maximum memory used in KiB
MAXMM=77400
# MAXRSS: maximum Resident Segment Size in KiB
MAXRSS=33932
# TIMEOUT: did the solver exceed the time limit?
TIMEOUT=false
# MEMOUT: did the solver exceed the memory limit?
MEMOUT=false
# EXITSTATUS: Exit status of the solver
EXITSTATUS=0
