# WCTIME: wall clock time in seconds
WCTIME=82672.1
# CPUTIME: CPU time in seconds (USERTIME+SYSTEMTIME)
CPUTIME=79656.8
# USERTIME: CPU time spent in user mode in seconds
USERTIME=79598.9
# SYSTEMTIME: CPU time spent in system mode in seconds
SYSTEMTIME=57.8238
# CPUUSAGE: CPUTIME/WCTIME in percent
CPUUSAGE=96.3526
# MAXVM: maximum virtual memory used in KiB
MAXVM=13770392
# MAXMM: maximum memory used in KiB
MAXMM=10018572
# MAXRSS: maximum Resident Segment Size in KiB
MAXRSS=9998540
# TIMEOUT: did the solver exceed the time limit?
TIMEOUT=false
# MEMOUT: did the solver exceed the memory limit?
MEMOUT=false
# EXITSTATUS: Exit status of the solver
EXITSTATUS=0
