# WCTIME: wall clock time in seconds
WCTIME=1043.18
# CPUTIME: CPU time in seconds (USERTIME+SYSTEMTIME)
CPUTIME=1000.53
# USERTIME: CPU time spent in user mode in seconds
USERTIME=955.406
# SYSTEMTIME: CPU time spent in system mode in seconds
SYSTEMTIME=45.1211
# CPUUSAGE: CPUTIME/WCTIME in percent
CPUUSAGE=95.9114
# MAXVM: maximum virtual memory used in KiB
MAXVM=9191900
# MAXMM: maximum memory used in KiB
MAXMM=8131676
# MAXRSS: maximum Resident Segment Size in KiB
MAXRSS=8085196
# TIMEOUT: did the solver exceed the time limit?
TIMEOUT=false
# MEMOUT: did the solver exceed the memory limit?
MEMOUT=false
# EXITSTATUS: Exit status of the solver
EXITSTATUS=0
