# WCTIME: wall clock time in seconds
WCTIME=5.99814
# CPUTIME: CPU time in seconds (USERTIME+SYSTEMTIME)
CPUTIME=5.45371
# USERTIME: CPU time spent in user mode in seconds
USERTIME=4.09297
# SYSTEMTIME: CPU time spent in system mode in seconds
SYSTEMTIME=1.36074
# CPUUSAGE: CPUTIME/WCTIME in percent
CPUUSAGE=90.9233
# MAXVM: maximum virtual memory used in KiB
MAXVM=1247116
# MAXMM: maximum memory used in KiB
MAXMM=167916
# MAXRSS: maximum Resident Segment Size in KiB
MAXRSS=121360
# TIMEOUT: did the solver exceed the time limit?
TIMEOUT=false
# MEMOUT: did the solver exceed the memory limit?
MEMOUT=false
# EXITSTATUS: Exit status of the solver
EXITSTATUS=0
