# WCTIME: wall clock time in seconds
WCTIME=1.03482
# CPUTIME: CPU time in seconds (USERTIME+SYSTEMTIME)
CPUTIME=0.755325
# USERTIME: CPU time spent in user mode in seconds
USERTIME=0.416744
# SYSTEMTIME: CPU time spent in system mode in seconds
SYSTEMTIME=0.338581
# CPUUSAGE: CPUTIME/WCTIME in percent
CPUUSAGE=72.9912
# MAXVM: maximum virtual memory used in KiB
MAXVM=1109944
# MAXMM: maximum memory used in KiB
MAXMM=70716
# MAXRSS: maximum Resident Segment Size in KiB
MAXRSS=26056
# TIMEOUT: did the solver exceed the time limit?
TIMEOUT=false
# MEMOUT: did the solver exceed the memory limit?
MEMOUT=false
# EXITSTATUS: Exit status of the solver
EXITSTATUS=0
