# WCTIME: wall clock time in seconds
WCTIME=0.839556
# CPUTIME: CPU time in seconds (USERTIME+SYSTEMTIME)
CPUTIME=0.599301
# USERTIME: CPU time spent in user mode in seconds
USERTIME=0.186906
# SYSTEMTIME: CPU time spent in system mode in seconds
SYSTEMTIME=0.412395
# CPUUSAGE: CPUTIME/WCTIME in percent
CPUUSAGE=71.3831
# MAXVM: maximum virtual memory used in KiB
MAXVM=1163564
# MAXMM: maximum memory used in KiB
MAXMM=77936
# MAXRSS: maximum Resident Segment Size in KiB
MAXRSS=34840
# TIMEOUT: did the solver exceed the time limit?
TIMEOUT=false
# MEMOUT: did the solver exceed the memory limit?
MEMOUT=false
# EXITSTATUS: Exit status of the solver
EXITSTATUS=0
