# WCTIME: wall clock time in seconds
WCTIME=1694.17
# CPUTIME: CPU time in seconds (USERTIME+SYSTEMTIME)
CPUTIME=1624.58
# USERTIME: CPU time spent in user mode in seconds
USERTIME=1268.9
# SYSTEMTIME: CPU time spent in system mode in seconds
SYSTEMTIME=355.676
# CPUUSAGE: CPUTIME/WCTIME in percent
CPUUSAGE=95.8922
# MAXVM: maximum virtual memory used in KiB
MAXVM=4796852
# MAXMM: maximum memory used in KiB
MAXMM=1400324
# MAXRSS: maximum Resident Segment Size in KiB
MAXRSS=1383744
# TIMEOUT: did the solver exceed the time limit?
TIMEOUT=false
# MEMOUT: did the solver exceed the memory limit?
MEMOUT=false
# EXITSTATUS: Exit status of the solver
EXITSTATUS=0
