# WCTIME: wall clock time in seconds
WCTIME=10.6294
# CPUTIME: CPU time in seconds (USERTIME+SYSTEMTIME)
CPUTIME=9.59031
# USERTIME: CPU time spent in user mode in seconds
USERTIME=9.11221
# SYSTEMTIME: CPU time spent in system mode in seconds
SYSTEMTIME=0.478093
# CPUUSAGE: CPUTIME/WCTIME in percent
CPUUSAGE=90.2242
# MAXVM: maximum virtual memory used in KiB
MAXVM=1757476
# MAXMM: maximum memory used in KiB
MAXMM=114508
# MAXRSS: maximum Resident Segment Size in KiB
MAXRSS=72892
# TIMEOUT: did the solver exceed the time limit?
TIMEOUT=false
# MEMOUT: did the solver exceed the memory limit?
MEMOUT=false
# EXITSTATUS: Exit status of the solver
EXITSTATUS=0
