# WCTIME: wall clock time in seconds
WCTIME=1830.72
# CPUTIME: CPU time in seconds (USERTIME+SYSTEMTIME)
CPUTIME=1745.43
# USERTIME: CPU time spent in user mode in seconds
USERTIME=1738.32
# SYSTEMTIME: CPU time spent in system mode in seconds
SYSTEMTIME=7.10617
# CPUUSAGE: CPUTIME/WCTIME in percent
CPUUSAGE=95.3408
# MAXVM: maximum virtual memory used in KiB
MAXVM=5690520
# MAXMM: maximum memory used in KiB
MAXMM=2324344
# MAXRSS: maximum Resident Segment Size in KiB
MAXRSS=1350392
# TIMEOUT: did the solver exceed the time limit?
TIMEOUT=false
# MEMOUT: did the solver exceed the memory limit?
MEMOUT=false
# EXITSTATUS: Exit status of the solver
EXITSTATUS=9
