# WCTIME: wall clock time in seconds
WCTIME=638.131
# CPUTIME: CPU time in seconds (USERTIME+SYSTEMTIME)
CPUTIME=607.01
# USERTIME: CPU time spent in user mode in seconds
USERTIME=596.414
# SYSTEMTIME: CPU time spent in system mode in seconds
SYSTEMTIME=10.5963
# CPUUSAGE: CPUTIME/WCTIME in percent
CPUUSAGE=95.1232
# MAXVM: maximum virtual memory used in KiB
MAXVM=9183396
# MAXMM: maximum memory used in KiB
MAXMM=8109508
# MAXRSS: maximum Resident Segment Size in KiB
MAXRSS=8070496
# TIMEOUT: did the solver exceed the time limit?
TIMEOUT=false
# MEMOUT: did the solver exceed the memory limit?
MEMOUT=false
# EXITSTATUS: Exit status of the solver
EXITSTATUS=0
