# WCTIME: wall clock time in seconds
WCTIME=355.278
# CPUTIME: CPU time in seconds (USERTIME+SYSTEMTIME)
CPUTIME=342.341
# USERTIME: CPU time spent in user mode in seconds
USERTIME=318.562
# SYSTEMTIME: CPU time spent in system mode in seconds
SYSTEMTIME=23.7792
# CPUUSAGE: CPUTIME/WCTIME in percent
CPUUSAGE=96.3585
# MAXVM: maximum virtual memory used in KiB
MAXVM=34863560
# MAXMM: maximum memory used in KiB
MAXMM=31461488
# MAXRSS: maximum Resident Segment Size in KiB
MAXRSS=31446684
# TIMEOUT: did the solver exceed the time limit?
TIMEOUT=false
# MEMOUT: did the solver exceed the memory limit?
MEMOUT=false
# EXITSTATUS: Exit status of the solver
EXITSTATUS=0
