# WCTIME: wall clock time in seconds
WCTIME=29.8953
# CPUTIME: CPU time in seconds (USERTIME+SYSTEMTIME)
CPUTIME=25.3595
# USERTIME: CPU time spent in user mode in seconds
USERTIME=21.7187
# SYSTEMTIME: CPU time spent in system mode in seconds
SYSTEMTIME=3.64077
# CPUUSAGE: CPUTIME/WCTIME in percent
CPUUSAGE=84.8275
# MAXVM: maximum virtual memory used in KiB
MAXVM=3645288
# MAXMM: maximum memory used in KiB
MAXMM=581956
# MAXRSS: maximum Resident Segment Size in KiB
MAXRSS=280420
# TIMEOUT: did the solver exceed the time limit?
TIMEOUT=false
# MEMOUT: did the solver exceed the memory limit?
MEMOUT=false
# EXITSTATUS: Exit status of the solver
EXITSTATUS=0
