# WCTIME: wall clock time in seconds
WCTIME=1683.81
# CPUTIME: CPU time in seconds (USERTIME+SYSTEMTIME)
CPUTIME=1608.55
# USERTIME: CPU time spent in user mode in seconds
USERTIME=1605.78
# SYSTEMTIME: CPU time spent in system mode in seconds
SYSTEMTIME=2.76609
# CPUUSAGE: CPUTIME/WCTIME in percent
CPUUSAGE=95.5304
# MAXVM: maximum virtual memory used in KiB
MAXVM=4010880
# MAXMM: maximum memory used in KiB
MAXMM=618676
# MAXRSS: maximum Resident Segment Size in KiB
MAXRSS=599204
# TIMEOUT: did the solver exceed the time limit?
TIMEOUT=false
# MEMOUT: did the solver exceed the memory limit?
MEMOUT=false
# EXITSTATUS: Exit status of the solver
EXITSTATUS=0
