# WCTIME: wall clock time in seconds
WCTIME=1888.9
# CPUTIME: CPU time in seconds (USERTIME+SYSTEMTIME)
CPUTIME=1800.11
# USERTIME: CPU time spent in user mode in seconds
USERTIME=1798.1
# SYSTEMTIME: CPU time spent in system mode in seconds
SYSTEMTIME=2.00776
# CPUUSAGE: CPUTIME/WCTIME in percent
CPUUSAGE=95.2994
# MAXVM: maximum virtual memory used in KiB
MAXVM=1688024
# MAXMM: maximum memory used in KiB
MAXMM=673872
# MAXRSS: maximum Resident Segment Size in KiB
MAXRSS=636180
# TIMEOUT: did the solver exceed the time limit?
TIMEOUT=true
# MEMOUT: did the solver exceed the memory limit?
MEMOUT=false
# EXITSTATUS: Exit status of the solver
EXITSTATUS=61696
