# WCTIME: wall clock time in seconds
WCTIME=142.761
# CPUTIME: CPU time in seconds (USERTIME+SYSTEMTIME)
CPUTIME=136.063
# USERTIME: CPU time spent in user mode in seconds
USERTIME=130.058
# SYSTEMTIME: CPU time spent in system mode in seconds
SYSTEMTIME=6.00485
# CPUUSAGE: CPUTIME/WCTIME in percent
CPUUSAGE=95.3086
# MAXVM: maximum virtual memory used in KiB
MAXVM=9539384
# MAXMM: maximum memory used in KiB
MAXMM=8403592
# MAXRSS: maximum Resident Segment Size in KiB
MAXRSS=8357792
# TIMEOUT: did the solver exceed the time limit?
TIMEOUT=false
# MEMOUT: did the solver exceed the memory limit?
MEMOUT=true
# EXITSTATUS: Exit status of the solver
EXITSTATUS=15
