# WCTIME: wall clock time in seconds
WCTIME=257.265
# CPUTIME: CPU time in seconds (USERTIME+SYSTEMTIME)
CPUTIME=239.225
# USERTIME: CPU time spent in user mode in seconds
USERTIME=227.071
# SYSTEMTIME: CPU time spent in system mode in seconds
SYSTEMTIME=12.1536
# CPUUSAGE: CPUTIME/WCTIME in percent
CPUUSAGE=92.9877
# MAXVM: maximum virtual memory used in KiB
MAXVM=9200308
# MAXMM: maximum memory used in KiB
MAXMM=8141120
# MAXRSS: maximum Resident Segment Size in KiB
MAXRSS=8091136
# TIMEOUT: did the solver exceed the time limit?
TIMEOUT=false
# MEMOUT: did the solver exceed the memory limit?
MEMOUT=false
# EXITSTATUS: Exit status of the solver
EXITSTATUS=0
