# WCTIME: wall clock time in seconds
WCTIME=1874.64
# CPUTIME: CPU time in seconds (USERTIME+SYSTEMTIME)
CPUTIME=1800.26
# USERTIME: CPU time spent in user mode in seconds
USERTIME=1794.58
# SYSTEMTIME: CPU time spent in system mode in seconds
SYSTEMTIME=5.68106
# CPUUSAGE: CPUTIME/WCTIME in percent
CPUUSAGE=96.0322
# MAXVM: maximum virtual memory used in KiB
MAXVM=3394268
# MAXMM: maximum memory used in KiB
MAXMM=2420448
# MAXRSS: maximum Resident Segment Size in KiB
MAXRSS=2392440
# TIMEOUT: did the solver exceed the time limit?
TIMEOUT=true
# MEMOUT: did the solver exceed the memory limit?
MEMOUT=false
# EXITSTATUS: Exit status of the solver
EXITSTATUS=15
