# WCTIME: wall clock time in seconds
WCTIME=126.939
# CPUTIME: CPU time in seconds (USERTIME+SYSTEMTIME)
CPUTIME=121.656
# USERTIME: CPU time spent in user mode in seconds
USERTIME=117.101
# SYSTEMTIME: CPU time spent in system mode in seconds
SYSTEMTIME=4.55495
# CPUUSAGE: CPUTIME/WCTIME in percent
CPUUSAGE=95.8382
# MAXVM: maximum virtual memory used in KiB
MAXVM=5103084
# MAXMM: maximum memory used in KiB
MAXMM=4072588
# MAXRSS: maximum Resident Segment Size in KiB
MAXRSS=4028764
# TIMEOUT: did the solver exceed the time limit?
TIMEOUT=false
# MEMOUT: did the solver exceed the memory limit?
MEMOUT=false
# EXITSTATUS: Exit status of the solver
EXITSTATUS=256
