# WCTIME: wall clock time in seconds
WCTIME=1.23836
# CPUTIME: CPU time in seconds (USERTIME+SYSTEMTIME)
CPUTIME=0.886731
# USERTIME: CPU time spent in user mode in seconds
USERTIME=0.407025
# SYSTEMTIME: CPU time spent in system mode in seconds
SYSTEMTIME=0.479706
# CPUUSAGE: CPUTIME/WCTIME in percent
CPUUSAGE=71.6052
# MAXVM: maximum virtual memory used in KiB
MAXVM=1069480
# MAXMM: maximum memory used in KiB
MAXMM=45660
# MAXRSS: maximum Resident Segment Size in KiB
MAXRSS=60276
# TIMEOUT: did the solver exceed the time limit?
TIMEOUT=false
# MEMOUT: did the solver exceed the memory limit?
MEMOUT=false
# EXITSTATUS: Exit status of the solver
EXITSTATUS=0
