# WCTIME: wall clock time in seconds
WCTIME=94.5277
# CPUTIME: CPU time in seconds (USERTIME+SYSTEMTIME)
CPUTIME=90.003
# USERTIME: CPU time spent in user mode in seconds
USERTIME=85.2691
# SYSTEMTIME: CPU time spent in system mode in seconds
SYSTEMTIME=4.73385
# CPUUSAGE: CPUTIME/WCTIME in percent
CPUUSAGE=95.2133
# MAXVM: maximum virtual memory used in KiB
MAXVM=5108932
# MAXMM: maximum memory used in KiB
MAXMM=3883828
# MAXRSS: maximum Resident Segment Size in KiB
MAXRSS=3839320
# TIMEOUT: did the solver exceed the time limit?
TIMEOUT=false
# MEMOUT: did the solver exceed the memory limit?
MEMOUT=false
# EXITSTATUS: Exit status of the solver
EXITSTATUS=256
