# WCTIME: wall clock time in seconds
WCTIME=1876.11
# CPUTIME: CPU time in seconds (USERTIME+SYSTEMTIME)
CPUTIME=1800.23
# USERTIME: CPU time spent in user mode in seconds
USERTIME=1797.56
# SYSTEMTIME: CPU time spent in system mode in seconds
SYSTEMTIME=2.66711
# CPUUSAGE: CPUTIME/WCTIME in percent
CPUUSAGE=95.9554
# MAXVM: maximum virtual memory used in KiB
MAXVM=2814320
# MAXMM: maximum memory used in KiB
MAXMM=1844480
# MAXRSS: maximum Resident Segment Size in KiB
MAXRSS=1795176
# TIMEOUT: did the solver exceed the time limit?
TIMEOUT=true
# MEMOUT: did the solver exceed the memory limit?
MEMOUT=false
# EXITSTATUS: Exit status of the solver
EXITSTATUS=15
