# WCTIME: wall clock time in seconds
WCTIME=169.038
# CPUTIME: CPU time in seconds (USERTIME+SYSTEMTIME)
CPUTIME=162.124
# USERTIME: CPU time spent in user mode in seconds
USERTIME=160.881
# SYSTEMTIME: CPU time spent in system mode in seconds
SYSTEMTIME=1.2429
# CPUUSAGE: CPUTIME/WCTIME in percent
CPUUSAGE=95.9096
# MAXVM: maximum virtual memory used in KiB
MAXVM=1692408
# MAXMM: maximum memory used in KiB
MAXMM=736144
# MAXRSS: maximum Resident Segment Size in KiB
MAXRSS=706092
# TIMEOUT: did the solver exceed the time limit?
TIMEOUT=false
# MEMOUT: did the solver exceed the memory limit?
MEMOUT=false
# EXITSTATUS: Exit status of the solver
EXITSTATUS=0
