# WCTIME: wall clock time in seconds
WCTIME=32.6738
# CPUTIME: CPU time in seconds (USERTIME+SYSTEMTIME)
CPUTIME=30.5344
# USERTIME: CPU time spent in user mode in seconds
USERTIME=21.0257
# SYSTEMTIME: CPU time spent in system mode in seconds
SYSTEMTIME=9.50866
# CPUUSAGE: CPUTIME/WCTIME in percent
CPUUSAGE=93.4523
# MAXVM: maximum virtual memory used in KiB
MAXVM=1860232
# MAXMM: maximum memory used in KiB
MAXMM=775676
# MAXRSS: maximum Resident Segment Size in KiB
MAXRSS=731912
# TIMEOUT: did the solver exceed the time limit?
TIMEOUT=false
# MEMOUT: did the solver exceed the memory limit?
MEMOUT=false
# EXITSTATUS: Exit status of the solver
EXITSTATUS=0
