# WCTIME: wall clock time in seconds
WCTIME=1864.09
# CPUTIME: CPU time in seconds (USERTIME+SYSTEMTIME)
CPUTIME=1800.13
# USERTIME: CPU time spent in user mode in seconds
USERTIME=1792.48
# SYSTEMTIME: CPU time spent in system mode in seconds
SYSTEMTIME=7.65033
# CPUUSAGE: CPUTIME/WCTIME in percent
CPUUSAGE=96.5688
# MAXVM: maximum virtual memory used in KiB
MAXVM=1791748
# MAXMM: maximum memory used in KiB
MAXMM=659028
# MAXRSS: maximum Resident Segment Size in KiB
MAXRSS=621524
# TIMEOUT: did the solver exceed the time limit?
TIMEOUT=true
# MEMOUT: did the solver exceed the memory limit?
MEMOUT=false
# EXITSTATUS: Exit status of the solver
EXITSTATUS=15
