# WCTIME: wall clock time in seconds
WCTIME=1885.66
# CPUTIME: CPU time in seconds (USERTIME+SYSTEMTIME)
CPUTIME=1800.23
# USERTIME: CPU time spent in user mode in seconds
USERTIME=1645.9
# SYSTEMTIME: CPU time spent in system mode in seconds
SYSTEMTIME=154.33
# CPUUSAGE: CPUTIME/WCTIME in percent
CPUUSAGE=95.4697
# MAXVM: maximum virtual memory used in KiB
MAXVM=2592372
# MAXMM: maximum memory used in KiB
MAXMM=1567180
# MAXRSS: maximum Resident Segment Size in KiB
MAXRSS=1522448
# TIMEOUT: did the solver exceed the time limit?
TIMEOUT=true
# MEMOUT: did the solver exceed the memory limit?
MEMOUT=false
# EXITSTATUS: Exit status of the solver
EXITSTATUS=15
