# WCTIME: wall clock time in seconds
WCTIME=8.43829
# CPUTIME: CPU time in seconds (USERTIME+SYSTEMTIME)
CPUTIME=7.17065
# USERTIME: CPU time spent in user mode in seconds
USERTIME=3.46736
# SYSTEMTIME: CPU time spent in system mode in seconds
SYSTEMTIME=3.70329
# CPUUSAGE: CPUTIME/WCTIME in percent
CPUUSAGE=84.9775
# MAXVM: maximum virtual memory used in KiB
MAXVM=3893728
# MAXMM: maximum memory used in KiB
MAXMM=374224
# MAXRSS: maximum Resident Segment Size in KiB
MAXRSS=334780
# TIMEOUT: did the solver exceed the time limit?
TIMEOUT=false
# MEMOUT: did the solver exceed the memory limit?
MEMOUT=false
# EXITSTATUS: Exit status of the solver
EXITSTATUS=0
