# WCTIME: wall clock time in seconds
WCTIME=1690.2
# CPUTIME: CPU time in seconds (USERTIME+SYSTEMTIME)
CPUTIME=1615.28
# USERTIME: CPU time spent in user mode in seconds
USERTIME=1591.99
# SYSTEMTIME: CPU time spent in system mode in seconds
SYSTEMTIME=23.2865
# CPUUSAGE: CPUTIME/WCTIME in percent
CPUUSAGE=95.5673
# MAXVM: maximum virtual memory used in KiB
MAXVM=1757476
# MAXMM: maximum memory used in KiB
MAXMM=586388
# MAXRSS: maximum Resident Segment Size in KiB
MAXRSS=539756
# TIMEOUT: did the solver exceed the time limit?
TIMEOUT=false
# MEMOUT: did the solver exceed the memory limit?
MEMOUT=false
# EXITSTATUS: Exit status of the solver
EXITSTATUS=0
