# WCTIME: wall clock time in seconds
WCTIME=1868.72
# CPUTIME: CPU time in seconds (USERTIME+SYSTEMTIME)
CPUTIME=1800.47
# USERTIME: CPU time spent in user mode in seconds
USERTIME=1793.85
# SYSTEMTIME: CPU time spent in system mode in seconds
SYSTEMTIME=6.61825
# CPUUSAGE: CPUTIME/WCTIME in percent
CPUUSAGE=96.3477
# MAXVM: maximum virtual memory used in KiB
MAXVM=5776188
# MAXMM: maximum memory used in KiB
MAXMM=4742180
# MAXRSS: maximum Resident Segment Size in KiB
MAXRSS=4700788
# TIMEOUT: did the solver exceed the time limit?
TIMEOUT=true
# MEMOUT: did the solver exceed the memory limit?
MEMOUT=false
# EXITSTATUS: Exit status of the solver
EXITSTATUS=15
