# WCTIME: wall clock time in seconds
WCTIME=1879.55
# CPUTIME: CPU time in seconds (USERTIME+SYSTEMTIME)
CPUTIME=1800.46
# USERTIME: CPU time spent in user mode in seconds
USERTIME=1793.79
# SYSTEMTIME: CPU time spent in system mode in seconds
SYSTEMTIME=6.67463
# CPUUSAGE: CPUTIME/WCTIME in percent
CPUUSAGE=95.7923
# MAXVM: maximum virtual memory used in KiB
MAXVM=5291728
# MAXMM: maximum memory used in KiB
MAXMM=4205888
# MAXRSS: maximum Resident Segment Size in KiB
MAXRSS=4168744
# TIMEOUT: did the solver exceed the time limit?
TIMEOUT=true
# MEMOUT: did the solver exceed the memory limit?
MEMOUT=false
# EXITSTATUS: Exit status of the solver
EXITSTATUS=15
