# WCTIME: wall clock time in seconds
WCTIME=970.389
# CPUTIME: CPU time in seconds (USERTIME+SYSTEMTIME)
CPUTIME=933.848
# USERTIME: CPU time spent in user mode in seconds
USERTIME=921.562
# SYSTEMTIME: CPU time spent in system mode in seconds
SYSTEMTIME=12.2856
# CPUUSAGE: CPUTIME/WCTIME in percent
CPUUSAGE=96.2344
# MAXVM: maximum virtual memory used in KiB
MAXVM=10134208
# MAXMM: maximum memory used in KiB
MAXMM=5744092
# MAXRSS: maximum Resident Segment Size in KiB
MAXRSS=5726692
# TIMEOUT: did the solver exceed the time limit?
TIMEOUT=false
# MEMOUT: did the solver exceed the memory limit?
MEMOUT=false
# EXITSTATUS: Exit status of the solver
EXITSTATUS=0
