# WCTIME: wall clock time in seconds
WCTIME=245.256
# CPUTIME: CPU time in seconds (USERTIME+SYSTEMTIME)
CPUTIME=233.259
# USERTIME: CPU time spent in user mode in seconds
USERTIME=226.799
# SYSTEMTIME: CPU time spent in system mode in seconds
SYSTEMTIME=6.4602
# CPUUSAGE: CPUTIME/WCTIME in percent
CPUUSAGE=95.1085
# MAXVM: maximum virtual memory used in KiB
MAXVM=9441808
# MAXMM: maximum memory used in KiB
MAXMM=8389880
# MAXRSS: maximum Resident Segment Size in KiB
MAXRSS=8353272
# TIMEOUT: did the solver exceed the time limit?
TIMEOUT=false
# MEMOUT: did the solver exceed the memory limit?
MEMOUT=true
# EXITSTATUS: Exit status of the solver
EXITSTATUS=9
