# WCTIME: wall clock time in seconds
WCTIME=7.82843
# CPUTIME: CPU time in seconds (USERTIME+SYSTEMTIME)
CPUTIME=7.1427
# USERTIME: CPU time spent in user mode in seconds
USERTIME=3.55824
# SYSTEMTIME: CPU time spent in system mode in seconds
SYSTEMTIME=3.58447
# CPUUSAGE: CPUTIME/WCTIME in percent
CPUUSAGE=91.2405
# MAXVM: maximum virtual memory used in KiB
MAXVM=3899116
# MAXMM: maximum memory used in KiB
MAXMM=375404
# MAXRSS: maximum Resident Segment Size in KiB
MAXRSS=338160
# TIMEOUT: did the solver exceed the time limit?
TIMEOUT=false
# MEMOUT: did the solver exceed the memory limit?
MEMOUT=false
# EXITSTATUS: Exit status of the solver
EXITSTATUS=0
