# WCTIME: wall clock time in seconds
WCTIME=8.1349
# CPUTIME: CPU time in seconds (USERTIME+SYSTEMTIME)
CPUTIME=7.41387
# USERTIME: CPU time spent in user mode in seconds
USERTIME=3.79592
# SYSTEMTIME: CPU time spent in system mode in seconds
SYSTEMTIME=3.61795
# CPUUSAGE: CPUTIME/WCTIME in percent
CPUUSAGE=91.1366
# MAXVM: maximum virtual memory used in KiB
MAXVM=3899172
# MAXMM: maximum memory used in KiB
MAXMM=382780
# MAXRSS: maximum Resident Segment Size in KiB
MAXRSS=343420
# TIMEOUT: did the solver exceed the time limit?
TIMEOUT=false
# MEMOUT: did the solver exceed the memory limit?
MEMOUT=false
# EXITSTATUS: Exit status of the solver
EXITSTATUS=0
