# WCTIME: wall clock time in seconds
WCTIME=211.542
# CPUTIME: CPU time in seconds (USERTIME+SYSTEMTIME)
CPUTIME=202.491
# USERTIME: CPU time spent in user mode in seconds
USERTIME=195.552
# SYSTEMTIME: CPU time spent in system mode in seconds
SYSTEMTIME=6.93908
# CPUUSAGE: CPUTIME/WCTIME in percent
CPUUSAGE=95.7215
# MAXVM: maximum virtual memory used in KiB
MAXVM=6504828
# MAXMM: maximum memory used in KiB
MAXMM=5393016
# MAXRSS: maximum Resident Segment Size in KiB
MAXRSS=5346396
# TIMEOUT: did the solver exceed the time limit?
TIMEOUT=false
# MEMOUT: did the solver exceed the memory limit?
MEMOUT=false
# EXITSTATUS: Exit status of the solver
EXITSTATUS=256
