# WCTIME: wall clock time in seconds
WCTIME=15.8558
# CPUTIME: CPU time in seconds (USERTIME+SYSTEMTIME)
CPUTIME=14.6231
# USERTIME: CPU time spent in user mode in seconds
USERTIME=10.3548
# SYSTEMTIME: CPU time spent in system mode in seconds
SYSTEMTIME=4.26835
# CPUUSAGE: CPUTIME/WCTIME in percent
CPUUSAGE=92.2259
# MAXVM: maximum virtual memory used in KiB
MAXVM=3964908
# MAXMM: maximum memory used in KiB
MAXMM=377308
# MAXRSS: maximum Resident Segment Size in KiB
MAXRSS=341060
# TIMEOUT: did the solver exceed the time limit?
TIMEOUT=false
# MEMOUT: did the solver exceed the memory limit?
MEMOUT=false
# EXITSTATUS: Exit status of the solver
EXITSTATUS=0
