# WCTIME: wall clock time in seconds
WCTIME=1861.54
# CPUTIME: CPU time in seconds (USERTIME+SYSTEMTIME)
CPUTIME=1800.18
# USERTIME: CPU time spent in user mode in seconds
USERTIME=1783.54
# SYSTEMTIME: CPU time spent in system mode in seconds
SYSTEMTIME=16.6443
# CPUUSAGE: CPUTIME/WCTIME in percent
CPUUSAGE=96.7037
# MAXVM: maximum virtual memory used in KiB
MAXVM=1692128
# MAXMM: maximum memory used in KiB
MAXMM=323828
# MAXRSS: maximum Resident Segment Size in KiB
MAXRSS=277276
# TIMEOUT: did the solver exceed the time limit?
TIMEOUT=true
# MEMOUT: did the solver exceed the memory limit?
MEMOUT=false
# EXITSTATUS: Exit status of the solver
EXITSTATUS=15
