# WCTIME: wall clock time in seconds
WCTIME=398.342
# CPUTIME: CPU time in seconds (USERTIME+SYSTEMTIME)
CPUTIME=380.065
# USERTIME: CPU time spent in user mode in seconds
USERTIME=374.686
# SYSTEMTIME: CPU time spent in system mode in seconds
SYSTEMTIME=5.37891
# CPUUSAGE: CPUTIME/WCTIME in percent
CPUUSAGE=95.4117
# MAXVM: maximum virtual memory used in KiB
MAXVM=9506164
# MAXMM: maximum memory used in KiB
MAXMM=8389452
# MAXRSS: maximum Resident Segment Size in KiB
MAXRSS=8359680
# TIMEOUT: did the solver exceed the time limit?
TIMEOUT=false
# MEMOUT: did the solver exceed the memory limit?
MEMOUT=true
# EXITSTATUS: Exit status of the solver
EXITSTATUS=15
