# WCTIME: wall clock time in seconds
WCTIME=2.14729
# CPUTIME: CPU time in seconds (USERTIME+SYSTEMTIME)
CPUTIME=1.81917
# USERTIME: CPU time spent in user mode in seconds
USERTIME=1.31892
# SYSTEMTIME: CPU time spent in system mode in seconds
SYSTEMTIME=0.500246
# CPUUSAGE: CPUTIME/WCTIME in percent
CPUUSAGE=84.719
# MAXVM: maximum virtual memory used in KiB
MAXVM=1757476
# MAXMM: maximum memory used in KiB
MAXMM=146688
# MAXRSS: maximum Resident Segment Size in KiB
MAXRSS=109684
# TIMEOUT: did the solver exceed the time limit?
TIMEOUT=false
# MEMOUT: did the solver exceed the memory limit?
MEMOUT=false
# EXITSTATUS: Exit status of the solver
EXITSTATUS=0
