# WCTIME: wall clock time in seconds
WCTIME=1887.77
# CPUTIME: CPU time in seconds (USERTIME+SYSTEMTIME)
CPUTIME=1800.11
# USERTIME: CPU time spent in user mode in seconds
USERTIME=1787.93
# SYSTEMTIME: CPU time spent in system mode in seconds
SYSTEMTIME=12.178
# CPUUSAGE: CPUTIME/WCTIME in percent
CPUUSAGE=95.3563
# MAXVM: maximum virtual memory used in KiB
MAXVM=3214120
# MAXMM: maximum memory used in KiB
MAXMM=2249268
# MAXRSS: maximum Resident Segment Size in KiB
MAXRSS=2211672
# TIMEOUT: did the solver exceed the time limit?
TIMEOUT=true
# MEMOUT: did the solver exceed the memory limit?
MEMOUT=false
# EXITSTATUS: Exit status of the solver
EXITSTATUS=0
