# WCTIME: wall clock time in seconds
WCTIME=16.259
# CPUTIME: CPU time in seconds (USERTIME+SYSTEMTIME)
CPUTIME=15.1938
# USERTIME: CPU time spent in user mode in seconds
USERTIME=10.0162
# SYSTEMTIME: CPU time spent in system mode in seconds
SYSTEMTIME=5.17758
# CPUUSAGE: CPUTIME/WCTIME in percent
CPUUSAGE=93.4485
# MAXVM: maximum virtual memory used in KiB
MAXVM=1759528
# MAXMM: maximum memory used in KiB
MAXMM=366520
# MAXRSS: maximum Resident Segment Size in KiB
MAXRSS=320712
# TIMEOUT: did the solver exceed the time limit?
TIMEOUT=false
# MEMOUT: did the solver exceed the memory limit?
MEMOUT=false
# EXITSTATUS: Exit status of the solver
EXITSTATUS=0
