# WCTIME: wall clock time in seconds
WCTIME=11.4411
# CPUTIME: CPU time in seconds (USERTIME+SYSTEMTIME)
CPUTIME=7.76122
# USERTIME: CPU time spent in user mode in seconds
USERTIME=4.26837
# SYSTEMTIME: CPU time spent in system mode in seconds
SYSTEMTIME=3.49285
# CPUUSAGE: CPUTIME/WCTIME in percent
CPUUSAGE=67.8361
# MAXVM: maximum virtual memory used in KiB
MAXVM=3584628
# MAXMM: maximum memory used in KiB
MAXMM=523956
# MAXRSS: maximum Resident Segment Size in KiB
MAXRSS=273268
# TIMEOUT: did the solver exceed the time limit?
TIMEOUT=false
# MEMOUT: did the solver exceed the memory limit?
MEMOUT=false
# EXITSTATUS: Exit status of the solver
EXITSTATUS=0
