# WCTIME: wall clock time in seconds
WCTIME=1684.24
# CPUTIME: CPU time in seconds (USERTIME+SYSTEMTIME)
CPUTIME=1615.63
# USERTIME: CPU time spent in user mode in seconds
USERTIME=1612.29
# SYSTEMTIME: CPU time spent in system mode in seconds
SYSTEMTIME=3.34011
# CPUUSAGE: CPUTIME/WCTIME in percent
CPUUSAGE=95.9259
# MAXVM: maximum virtual memory used in KiB
MAXVM=4155640
# MAXMM: maximum memory used in KiB
MAXMM=740504
# MAXRSS: maximum Resident Segment Size in KiB
MAXRSS=721504
# TIMEOUT: did the solver exceed the time limit?
TIMEOUT=false
# MEMOUT: did the solver exceed the memory limit?
MEMOUT=false
# EXITSTATUS: Exit status of the solver
EXITSTATUS=0
