# WCTIME: wall clock time in seconds
WCTIME=37.6843
# CPUTIME: CPU time in seconds (USERTIME+SYSTEMTIME)
CPUTIME=33.379
# USERTIME: CPU time spent in user mode in seconds
USERTIME=29.2422
# SYSTEMTIME: CPU time spent in system mode in seconds
SYSTEMTIME=4.1368
# CPUUSAGE: CPUTIME/WCTIME in percent
CPUUSAGE=88.5752
# MAXVM: maximum virtual memory used in KiB
MAXVM=4095268
# MAXMM: maximum memory used in KiB
MAXMM=756656
# MAXRSS: maximum Resident Segment Size in KiB
MAXRSS=485548
# TIMEOUT: did the solver exceed the time limit?
TIMEOUT=false
# MEMOUT: did the solver exceed the memory limit?
MEMOUT=false
# EXITSTATUS: Exit status of the solver
EXITSTATUS=0
