# WCTIME: wall clock time in seconds
WCTIME=39480
# CPUTIME: CPU time in seconds (USERTIME+SYSTEMTIME)
CPUTIME=38015.2
# USERTIME: CPU time spent in user mode in seconds
USERTIME=37570.6
# SYSTEMTIME: CPU time spent in system mode in seconds
SYSTEMTIME=444.566
# CPUUSAGE: CPUTIME/WCTIME in percent
CPUUSAGE=96.2897
# MAXVM: maximum virtual memory used in KiB
MAXVM=35346936
# MAXMM: maximum memory used in KiB
MAXMM=33556632
# MAXRSS: maximum Resident Segment Size in KiB
MAXRSS=6521320
# TIMEOUT: did the solver exceed the time limit?
TIMEOUT=false
# MEMOUT: did the solver exceed the memory limit?
MEMOUT=true
# EXITSTATUS: Exit status of the solver
EXITSTATUS=13
