# WCTIME: wall clock time in seconds
WCTIME=1875.95
# CPUTIME: CPU time in seconds (USERTIME+SYSTEMTIME)
CPUTIME=1800.52
# USERTIME: CPU time spent in user mode in seconds
USERTIME=1646.38
# SYSTEMTIME: CPU time spent in system mode in seconds
SYSTEMTIME=154.137
# CPUUSAGE: CPUTIME/WCTIME in percent
CPUUSAGE=95.9789
# MAXVM: maximum virtual memory used in KiB
MAXVM=4762236
# MAXMM: maximum memory used in KiB
MAXMM=1287152
# MAXRSS: maximum Resident Segment Size in KiB
MAXRSS=1283148
# TIMEOUT: did the solver exceed the time limit?
TIMEOUT=true
# MEMOUT: did the solver exceed the memory limit?
MEMOUT=false
# EXITSTATUS: Exit status of the solver
EXITSTATUS=0
