# WCTIME: wall clock time in seconds
WCTIME=4.52386
# CPUTIME: CPU time in seconds (USERTIME+SYSTEMTIME)
CPUTIME=3.61524
# USERTIME: CPU time spent in user mode in seconds
USERTIME=1.85695
# SYSTEMTIME: CPU time spent in system mode in seconds
SYSTEMTIME=1.75829
# CPUUSAGE: CPUTIME/WCTIME in percent
CPUUSAGE=79.9149
# MAXVM: maximum virtual memory used in KiB
MAXVM=1924872
# MAXMM: maximum memory used in KiB
MAXMM=170984
# MAXRSS: maximum Resident Segment Size in KiB
MAXRSS=122616
# TIMEOUT: did the solver exceed the time limit?
TIMEOUT=false
# MEMOUT: did the solver exceed the memory limit?
MEMOUT=false
# EXITSTATUS: Exit status of the solver
EXITSTATUS=0
