# WCTIME: wall clock time in seconds
WCTIME=1867.46
# CPUTIME: CPU time in seconds (USERTIME+SYSTEMTIME)
CPUTIME=1800.13
# USERTIME: CPU time spent in user mode in seconds
USERTIME=1797.3
# SYSTEMTIME: CPU time spent in system mode in seconds
SYSTEMTIME=2.83671
# CPUUSAGE: CPUTIME/WCTIME in percent
CPUUSAGE=96.3948
# MAXVM: maximum virtual memory used in KiB
MAXVM=1967160
# MAXMM: maximum memory used in KiB
MAXMM=996784
# MAXRSS: maximum Resident Segment Size in KiB
MAXRSS=948840
# TIMEOUT: did the solver exceed the time limit?
TIMEOUT=true
# MEMOUT: did the solver exceed the memory limit?
MEMOUT=false
# EXITSTATUS: Exit status of the solver
EXITSTATUS=15
