# WCTIME: wall clock time in seconds
WCTIME=1.53949
# CPUTIME: CPU time in seconds (USERTIME+SYSTEMTIME)
CPUTIME=1.02088
# USERTIME: CPU time spent in user mode in seconds
USERTIME=0.675993
# SYSTEMTIME: CPU time spent in system mode in seconds
SYSTEMTIME=0.344887
# CPUUSAGE: CPUTIME/WCTIME in percent
CPUUSAGE=66.313
# MAXVM: maximum virtual memory used in KiB
MAXVM=1685972
# MAXMM: maximum memory used in KiB
MAXMM=69532
# MAXRSS: maximum Resident Segment Size in KiB
MAXRSS=33084
# TIMEOUT: did the solver exceed the time limit?
TIMEOUT=false
# MEMOUT: did the solver exceed the memory limit?
MEMOUT=false
# EXITSTATUS: Exit status of the solver
EXITSTATUS=0
