# WCTIME: wall clock time in seconds
WCTIME=1713.83
# CPUTIME: CPU time in seconds (USERTIME+SYSTEMTIME)
CPUTIME=1629.77
# USERTIME: CPU time spent in user mode in seconds
USERTIME=1618.4
# SYSTEMTIME: CPU time spent in system mode in seconds
SYSTEMTIME=11.3709
# CPUUSAGE: CPUTIME/WCTIME in percent
CPUUSAGE=95.0951
# MAXVM: maximum virtual memory used in KiB
MAXVM=5184524
# MAXMM: maximum memory used in KiB
MAXMM=4092824
# MAXRSS: maximum Resident Segment Size in KiB
MAXRSS=4048392
# TIMEOUT: did the solver exceed the time limit?
TIMEOUT=false
# MEMOUT: did the solver exceed the memory limit?
MEMOUT=false
# EXITSTATUS: Exit status of the solver
EXITSTATUS=256
