# WCTIME: wall clock time in seconds
WCTIME=721.678
# CPUTIME: CPU time in seconds (USERTIME+SYSTEMTIME)
CPUTIME=691.656
# USERTIME: CPU time spent in user mode in seconds
USERTIME=686.382
# SYSTEMTIME: CPU time spent in system mode in seconds
SYSTEMTIME=5.27454
# CPUUSAGE: CPUTIME/WCTIME in percent
CPUUSAGE=95.84
# MAXVM: maximum virtual memory used in KiB
MAXVM=9121804
# MAXMM: maximum memory used in KiB
MAXMM=8117512
# MAXRSS: maximum Resident Segment Size in KiB
MAXRSS=8080396
# TIMEOUT: did the solver exceed the time limit?
TIMEOUT=false
# MEMOUT: did the solver exceed the memory limit?
MEMOUT=false
# EXITSTATUS: Exit status of the solver
EXITSTATUS=0
