# WCTIME: wall clock time in seconds
WCTIME=81251.9
# CPUTIME: CPU time in seconds (USERTIME+SYSTEMTIME)
CPUTIME=78890.7
# USERTIME: CPU time spent in user mode in seconds
USERTIME=78807.6
# SYSTEMTIME: CPU time spent in system mode in seconds
SYSTEMTIME=83.1577
# CPUUSAGE: CPUTIME/WCTIME in percent
CPUUSAGE=97.094
# MAXVM: maximum virtual memory used in KiB
MAXVM=20533024
# MAXMM: maximum memory used in KiB
MAXMM=16796356
# MAXRSS: maximum Resident Segment Size in KiB
MAXRSS=16778328
# TIMEOUT: did the solver exceed the time limit?
TIMEOUT=false
# MEMOUT: did the solver exceed the memory limit?
MEMOUT=false
# EXITSTATUS: Exit status of the solver
EXITSTATUS=0
