# WCTIME: wall clock time in seconds
WCTIME=1683.49
# CPUTIME: CPU time in seconds (USERTIME+SYSTEMTIME)
CPUTIME=1606.7
# USERTIME: CPU time spent in user mode in seconds
USERTIME=1603.58
# SYSTEMTIME: CPU time spent in system mode in seconds
SYSTEMTIME=3.11769
# CPUUSAGE: CPUTIME/WCTIME in percent
CPUUSAGE=95.4385
# MAXVM: maximum virtual memory used in KiB
MAXVM=4916276
# MAXMM: maximum memory used in KiB
MAXMM=1230500
# MAXRSS: maximum Resident Segment Size in KiB
MAXRSS=1213056
# TIMEOUT: did the solver exceed the time limit?
TIMEOUT=false
# MEMOUT: did the solver exceed the memory limit?
MEMOUT=false
# EXITSTATUS: Exit status of the solver
EXITSTATUS=0
