# WCTIME: wall clock time in seconds
WCTIME=912.692
# CPUTIME: CPU time in seconds (USERTIME+SYSTEMTIME)
CPUTIME=874.019
# USERTIME: CPU time spent in user mode in seconds
USERTIME=867.285
# SYSTEMTIME: CPU time spent in system mode in seconds
SYSTEMTIME=6.73472
# CPUUSAGE: CPUTIME/WCTIME in percent
CPUUSAGE=95.7628
# MAXVM: maximum virtual memory used in KiB
MAXVM=4181376
# MAXMM: maximum memory used in KiB
MAXMM=720488
# MAXRSS: maximum Resident Segment Size in KiB
MAXRSS=680548
# TIMEOUT: did the solver exceed the time limit?
TIMEOUT=false
# MEMOUT: did the solver exceed the memory limit?
MEMOUT=false
# EXITSTATUS: Exit status of the solver
EXITSTATUS=256
