# WCTIME: wall clock time in seconds
WCTIME=1683.66
# CPUTIME: CPU time in seconds (USERTIME+SYSTEMTIME)
CPUTIME=1618.24
# USERTIME: CPU time spent in user mode in seconds
USERTIME=1574.57
# SYSTEMTIME: CPU time spent in system mode in seconds
SYSTEMTIME=43.6694
# CPUUSAGE: CPUTIME/WCTIME in percent
CPUUSAGE=96.114
# MAXVM: maximum virtual memory used in KiB
MAXVM=3743164
# MAXMM: maximum memory used in KiB
MAXMM=346508
# MAXRSS: maximum Resident Segment Size in KiB
MAXRSS=329728
# TIMEOUT: did the solver exceed the time limit?
TIMEOUT=false
# MEMOUT: did the solver exceed the memory limit?
MEMOUT=false
# EXITSTATUS: Exit status of the solver
EXITSTATUS=0
