# WCTIME: wall clock time in seconds
WCTIME=1807.12
# CPUTIME: CPU time in seconds (USERTIME+SYSTEMTIME)
CPUTIME=1724.34
# USERTIME: CPU time spent in user mode in seconds
USERTIME=1720.49
# SYSTEMTIME: CPU time spent in system mode in seconds
SYSTEMTIME=3.84327
# CPUUSAGE: CPUTIME/WCTIME in percent
CPUUSAGE=95.4192
# MAXVM: maximum virtual memory used in KiB
MAXVM=3614464
# MAXMM: maximum memory used in KiB
MAXMM=481396
# MAXRSS: maximum Resident Segment Size in KiB
MAXRSS=273280
# TIMEOUT: did the solver exceed the time limit?
TIMEOUT=false
# MEMOUT: did the solver exceed the memory limit?
MEMOUT=false
# EXITSTATUS: Exit status of the solver
EXITSTATUS=0
