# WCTIME: wall clock time in seconds
WCTIME=1890.72
# CPUTIME: CPU time in seconds (USERTIME+SYSTEMTIME)
CPUTIME=1800.47
# USERTIME: CPU time spent in user mode in seconds
USERTIME=1785.95
# SYSTEMTIME: CPU time spent in system mode in seconds
SYSTEMTIME=14.5233
# CPUUSAGE: CPUTIME/WCTIME in percent
CPUUSAGE=95.2267
# MAXVM: maximum virtual memory used in KiB
MAXVM=4417588
# MAXMM: maximum memory used in KiB
MAXMM=3350732
# MAXRSS: maximum Resident Segment Size in KiB
MAXRSS=3313660
# TIMEOUT: did the solver exceed the time limit?
TIMEOUT=true
# MEMOUT: did the solver exceed the memory limit?
MEMOUT=false
# EXITSTATUS: Exit status of the solver
EXITSTATUS=15
