# WCTIME: wall clock time in seconds
WCTIME=1687.19
# CPUTIME: CPU time in seconds (USERTIME+SYSTEMTIME)
CPUTIME=1607.58
# USERTIME: CPU time spent in user mode in seconds
USERTIME=1503.01
# SYSTEMTIME: CPU time spent in system mode in seconds
SYSTEMTIME=104.572
# CPUUSAGE: CPUTIME/WCTIME in percent
CPUUSAGE=95.2814
# MAXVM: maximum virtual memory used in KiB
MAXVM=4323088
# MAXMM: maximum memory used in KiB
MAXMM=863748
# MAXRSS: maximum Resident Segment Size in KiB
MAXRSS=843912
# TIMEOUT: did the solver exceed the time limit?
TIMEOUT=false
# MEMOUT: did the solver exceed the memory limit?
MEMOUT=false
# EXITSTATUS: Exit status of the solver
EXITSTATUS=0
