# WCTIME: wall clock time in seconds
WCTIME=7.87962
# CPUTIME: CPU time in seconds (USERTIME+SYSTEMTIME)
CPUTIME=7.41698
# USERTIME: CPU time spent in user mode in seconds
USERTIME=6.83642
# SYSTEMTIME: CPU time spent in system mode in seconds
SYSTEMTIME=0.580559
# CPUUSAGE: CPUTIME/WCTIME in percent
CPUUSAGE=94.1286
# MAXVM: maximum virtual memory used in KiB
MAXVM=1310980
# MAXMM: maximum memory used in KiB
MAXMM=164352
# MAXRSS: maximum Resident Segment Size in KiB
MAXRSS=122204
# TIMEOUT: did the solver exceed the time limit?
TIMEOUT=false
# MEMOUT: did the solver exceed the memory limit?
MEMOUT=false
# EXITSTATUS: Exit status of the solver
EXITSTATUS=0
