# WCTIME: wall clock time in seconds
WCTIME=1871.34
# CPUTIME: CPU time in seconds (USERTIME+SYSTEMTIME)
CPUTIME=1800.13
# USERTIME: CPU time spent in user mode in seconds
USERTIME=1797.5
# SYSTEMTIME: CPU time spent in system mode in seconds
SYSTEMTIME=2.63562
# CPUUSAGE: CPUTIME/WCTIME in percent
CPUUSAGE=96.195
# MAXVM: maximum virtual memory used in KiB
MAXVM=1759528
# MAXMM: maximum memory used in KiB
MAXMM=500548
# MAXRSS: maximum Resident Segment Size in KiB
MAXRSS=472516
# TIMEOUT: did the solver exceed the time limit?
TIMEOUT=true
# MEMOUT: did the solver exceed the memory limit?
MEMOUT=false
# EXITSTATUS: Exit status of the solver
EXITSTATUS=15
