# WCTIME: wall clock time in seconds
WCTIME=4.05616
# CPUTIME: CPU time in seconds (USERTIME+SYSTEMTIME)
CPUTIME=3.17784
# USERTIME: CPU time spent in user mode in seconds
USERTIME=1.21661
# SYSTEMTIME: CPU time spent in system mode in seconds
SYSTEMTIME=1.96123
# CPUUSAGE: CPUTIME/WCTIME in percent
CPUUSAGE=78.3461
# MAXVM: maximum virtual memory used in KiB
MAXVM=3625000
# MAXMM: maximum memory used in KiB
MAXMM=230228
# MAXRSS: maximum Resident Segment Size in KiB
MAXRSS=212944
# TIMEOUT: did the solver exceed the time limit?
TIMEOUT=false
# MEMOUT: did the solver exceed the memory limit?
MEMOUT=false
# EXITSTATUS: Exit status of the solver
EXITSTATUS=0
