# WCTIME: wall clock time in seconds
WCTIME=12.9904
# CPUTIME: CPU time in seconds (USERTIME+SYSTEMTIME)
CPUTIME=11.9919
# USERTIME: CPU time spent in user mode in seconds
USERTIME=11.1797
# SYSTEMTIME: CPU time spent in system mode in seconds
SYSTEMTIME=0.812246
# CPUUSAGE: CPUTIME/WCTIME in percent
CPUUSAGE=92.3139
# MAXVM: maximum virtual memory used in KiB
MAXVM=1793800
# MAXMM: maximum memory used in KiB
MAXMM=402944
# MAXRSS: maximum Resident Segment Size in KiB
MAXRSS=367488
# TIMEOUT: did the solver exceed the time limit?
TIMEOUT=false
# MEMOUT: did the solver exceed the memory limit?
MEMOUT=false
# EXITSTATUS: Exit status of the solver
EXITSTATUS=0
