# WCTIME: wall clock time in seconds
WCTIME=1690.46
# CPUTIME: CPU time in seconds (USERTIME+SYSTEMTIME)
CPUTIME=1619.83
# USERTIME: CPU time spent in user mode in seconds
USERTIME=1617.54
# SYSTEMTIME: CPU time spent in system mode in seconds
SYSTEMTIME=2.28179
# CPUUSAGE: CPUTIME/WCTIME in percent
CPUUSAGE=95.8215
# MAXVM: maximum virtual memory used in KiB
MAXVM=3900580
# MAXMM: maximum memory used in KiB
MAXMM=514008
# MAXRSS: maximum Resident Segment Size in KiB
MAXRSS=494752
# TIMEOUT: did the solver exceed the time limit?
TIMEOUT=false
# MEMOUT: did the solver exceed the memory limit?
MEMOUT=false
# EXITSTATUS: Exit status of the solver
EXITSTATUS=0
