# WCTIME: wall clock time in seconds
WCTIME=1690.46
# CPUTIME: CPU time in seconds (USERTIME+SYSTEMTIME)
CPUTIME=1603.87
# USERTIME: CPU time spent in user mode in seconds
USERTIME=1598.76
# SYSTEMTIME: CPU time spent in system mode in seconds
SYSTEMTIME=5.1115
# CPUUSAGE: CPUTIME/WCTIME in percent
CPUUSAGE=94.8778
# MAXVM: maximum virtual memory used in KiB
MAXVM=4377192
# MAXMM: maximum memory used in KiB
MAXMM=764756
# MAXRSS: maximum Resident Segment Size in KiB
MAXRSS=747300
# TIMEOUT: did the solver exceed the time limit?
TIMEOUT=false
# MEMOUT: did the solver exceed the memory limit?
MEMOUT=false
# EXITSTATUS: Exit status of the solver
EXITSTATUS=0
