# WCTIME: wall clock time in seconds
WCTIME=0.884718
# CPUTIME: CPU time in seconds (USERTIME+SYSTEMTIME)
CPUTIME=0.663364
# USERTIME: CPU time spent in user mode in seconds
USERTIME=0.248451
# SYSTEMTIME: CPU time spent in system mode in seconds
SYSTEMTIME=0.414913
# CPUUSAGE: CPUTIME/WCTIME in percent
CPUUSAGE=74.9803
# MAXVM: maximum virtual memory used in KiB
MAXVM=1232928
# MAXMM: maximum memory used in KiB
MAXMM=80292
# MAXRSS: maximum Resident Segment Size in KiB
MAXRSS=41476
# TIMEOUT: did the solver exceed the time limit?
TIMEOUT=false
# MEMOUT: did the solver exceed the memory limit?
MEMOUT=false
# EXITSTATUS: Exit status of the solver
EXITSTATUS=0
