# WCTIME: wall clock time in seconds
WCTIME=1682.63
# CPUTIME: CPU time in seconds (USERTIME+SYSTEMTIME)
CPUTIME=1605.01
# USERTIME: CPU time spent in user mode in seconds
USERTIME=1602.64
# SYSTEMTIME: CPU time spent in system mode in seconds
SYSTEMTIME=2.36982
# CPUUSAGE: CPUTIME/WCTIME in percent
CPUUSAGE=95.387
# MAXVM: maximum virtual memory used in KiB
MAXVM=4043604
# MAXMM: maximum memory used in KiB
MAXMM=522996
# MAXRSS: maximum Resident Segment Size in KiB
MAXRSS=503896
# TIMEOUT: did the solver exceed the time limit?
TIMEOUT=false
# MEMOUT: did the solver exceed the memory limit?
MEMOUT=false
# EXITSTATUS: Exit status of the solver
EXITSTATUS=0
