# WCTIME: wall clock time in seconds
WCTIME=7.58321
# CPUTIME: CPU time in seconds (USERTIME+SYSTEMTIME)
CPUTIME=6.88681
# USERTIME: CPU time spent in user mode in seconds
USERTIME=3.29889
# SYSTEMTIME: CPU time spent in system mode in seconds
SYSTEMTIME=3.58792
# CPUUSAGE: CPUTIME/WCTIME in percent
CPUUSAGE=90.8166
# MAXVM: maximum virtual memory used in KiB
MAXVM=3894148
# MAXMM: maximum memory used in KiB
MAXMM=371884
# MAXRSS: maximum Resident Segment Size in KiB
MAXRSS=332548
# TIMEOUT: did the solver exceed the time limit?
TIMEOUT=false
# MEMOUT: did the solver exceed the memory limit?
MEMOUT=false
# EXITSTATUS: Exit status of the solver
EXITSTATUS=0
