# WCTIME: wall clock time in seconds
WCTIME=20.5751
# CPUTIME: CPU time in seconds (USERTIME+SYSTEMTIME)
CPUTIME=19.152
# USERTIME: CPU time spent in user mode in seconds
USERTIME=17.2369
# SYSTEMTIME: CPU time spent in system mode in seconds
SYSTEMTIME=1.91507
# CPUUSAGE: CPUTIME/WCTIME in percent
CPUUSAGE=93.0832
# MAXVM: maximum virtual memory used in KiB
MAXVM=1861388
# MAXMM: maximum memory used in KiB
MAXMM=54392
# MAXRSS: maximum Resident Segment Size in KiB
MAXRSS=35984
# TIMEOUT: did the solver exceed the time limit?
TIMEOUT=false
# MEMOUT: did the solver exceed the memory limit?
MEMOUT=false
# EXITSTATUS: Exit status of the solver
EXITSTATUS=34304
