# WCTIME: wall clock time in seconds
WCTIME=1.23226
# CPUTIME: CPU time in seconds (USERTIME+SYSTEMTIME)
CPUTIME=0.898605
# USERTIME: CPU time spent in user mode in seconds
USERTIME=0.509932
# SYSTEMTIME: CPU time spent in system mode in seconds
SYSTEMTIME=0.388673
# CPUUSAGE: CPUTIME/WCTIME in percent
CPUUSAGE=72.9231
# MAXVM: maximum virtual memory used in KiB
MAXVM=1012172
# MAXMM: maximum memory used in KiB
MAXMM=49868
# MAXRSS: maximum Resident Segment Size in KiB
MAXRSS=27860
# TIMEOUT: did the solver exceed the time limit?
TIMEOUT=false
# MEMOUT: did the solver exceed the memory limit?
MEMOUT=false
# EXITSTATUS: Exit status of the solver
EXITSTATUS=0
