# WCTIME: wall clock time in seconds
WCTIME=1683.08
# CPUTIME: CPU time in seconds (USERTIME+SYSTEMTIME)
CPUTIME=1614.83
# USERTIME: CPU time spent in user mode in seconds
USERTIME=1611.45
# SYSTEMTIME: CPU time spent in system mode in seconds
SYSTEMTIME=3.37724
# CPUUSAGE: CPUTIME/WCTIME in percent
CPUUSAGE=95.945
# MAXVM: maximum virtual memory used in KiB
MAXVM=3720788
# MAXMM: maximum memory used in KiB
MAXMM=331896
# MAXRSS: maximum Resident Segment Size in KiB
MAXRSS=312660
# TIMEOUT: did the solver exceed the time limit?
TIMEOUT=false
# MEMOUT: did the solver exceed the memory limit?
MEMOUT=false
# EXITSTATUS: Exit status of the solver
EXITSTATUS=0
