# WCTIME: wall clock time in seconds
WCTIME=1.6594
# CPUTIME: CPU time in seconds (USERTIME+SYSTEMTIME)
CPUTIME=1.31498
# USERTIME: CPU time spent in user mode in seconds
USERTIME=0.815643
# SYSTEMTIME: CPU time spent in system mode in seconds
SYSTEMTIME=0.499338
# CPUUSAGE: CPUTIME/WCTIME in percent
CPUUSAGE=79.2445
# MAXVM: maximum virtual memory used in KiB
MAXVM=1226400
# MAXMM: maximum memory used in KiB
MAXMM=144984
# MAXRSS: maximum Resident Segment Size in KiB
MAXRSS=107652
# TIMEOUT: did the solver exceed the time limit?
TIMEOUT=false
# MEMOUT: did the solver exceed the memory limit?
MEMOUT=false
# EXITSTATUS: Exit status of the solver
EXITSTATUS=0
