# WCTIME: wall clock time in seconds
WCTIME=898.639
# CPUTIME: CPU time in seconds (USERTIME+SYSTEMTIME)
CPUTIME=861.199
# USERTIME: CPU time spent in user mode in seconds
USERTIME=854.408
# SYSTEMTIME: CPU time spent in system mode in seconds
SYSTEMTIME=6.79074
# CPUUSAGE: CPUTIME/WCTIME in percent
CPUUSAGE=95.8337
# MAXVM: maximum virtual memory used in KiB
MAXVM=4166212
# MAXMM: maximum memory used in KiB
MAXMM=722968
# MAXRSS: maximum Resident Segment Size in KiB
MAXRSS=682836
# TIMEOUT: did the solver exceed the time limit?
TIMEOUT=false
# MEMOUT: did the solver exceed the memory limit?
MEMOUT=false
# EXITSTATUS: Exit status of the solver
EXITSTATUS=256
