# WCTIME: wall clock time in seconds
WCTIME=202.147
# CPUTIME: CPU time in seconds (USERTIME+SYSTEMTIME)
CPUTIME=192.073
# USERTIME: CPU time spent in user mode in seconds
USERTIME=184.68
# SYSTEMTIME: CPU time spent in system mode in seconds
SYSTEMTIME=7.39277
# CPUUSAGE: CPUTIME/WCTIME in percent
CPUUSAGE=95.0163
# MAXVM: maximum virtual memory used in KiB
MAXVM=9415936
# MAXMM: maximum memory used in KiB
MAXMM=8391868
# MAXRSS: maximum Resident Segment Size in KiB
MAXRSS=8352704
# TIMEOUT: did the solver exceed the time limit?
TIMEOUT=false
# MEMOUT: did the solver exceed the memory limit?
MEMOUT=true
# EXITSTATUS: Exit status of the solver
EXITSTATUS=15
