# WCTIME: wall clock time in seconds
WCTIME=10.4413
# CPUTIME: CPU time in seconds (USERTIME+SYSTEMTIME)
CPUTIME=7.68891
# USERTIME: CPU time spent in user mode in seconds
USERTIME=3.73971
# SYSTEMTIME: CPU time spent in system mode in seconds
SYSTEMTIME=3.9492
# CPUUSAGE: CPUTIME/WCTIME in percent
CPUUSAGE=73.6395
# MAXVM: maximum virtual memory used in KiB
MAXVM=3857468
# MAXMM: maximum memory used in KiB
MAXMM=519280
# MAXRSS: maximum Resident Segment Size in KiB
MAXRSS=305084
# TIMEOUT: did the solver exceed the time limit?
TIMEOUT=false
# MEMOUT: did the solver exceed the memory limit?
MEMOUT=false
# EXITSTATUS: Exit status of the solver
EXITSTATUS=0
