# WCTIME: wall clock time in seconds
WCTIME=8.13848
# CPUTIME: CPU time in seconds (USERTIME+SYSTEMTIME)
CPUTIME=7.41889
# USERTIME: CPU time spent in user mode in seconds
USERTIME=3.7529
# SYSTEMTIME: CPU time spent in system mode in seconds
SYSTEMTIME=3.66599
# CPUUSAGE: CPUTIME/WCTIME in percent
CPUUSAGE=91.1582
# MAXVM: maximum virtual memory used in KiB
MAXVM=3894924
# MAXMM: maximum memory used in KiB
MAXMM=376036
# MAXRSS: maximum Resident Segment Size in KiB
MAXRSS=336712
# TIMEOUT: did the solver exceed the time limit?
TIMEOUT=false
# MEMOUT: did the solver exceed the memory limit?
MEMOUT=false
# EXITSTATUS: Exit status of the solver
EXITSTATUS=0
