# WCTIME: wall clock time in seconds
WCTIME=1683.93
# CPUTIME: CPU time in seconds (USERTIME+SYSTEMTIME)
CPUTIME=1613.77
# USERTIME: CPU time spent in user mode in seconds
USERTIME=1589.46
# SYSTEMTIME: CPU time spent in system mode in seconds
SYSTEMTIME=24.3055
# CPUUSAGE: CPUTIME/WCTIME in percent
CPUUSAGE=95.8334
# MAXVM: maximum virtual memory used in KiB
MAXVM=9199420
# MAXMM: maximum memory used in KiB
MAXMM=8162876
# MAXRSS: maximum Resident Segment Size in KiB
MAXRSS=8115692
# TIMEOUT: did the solver exceed the time limit?
TIMEOUT=false
# MEMOUT: did the solver exceed the memory limit?
MEMOUT=false
# EXITSTATUS: Exit status of the solver
EXITSTATUS=0
