# WCTIME: wall clock time in seconds
WCTIME=1.24543
# CPUTIME: CPU time in seconds (USERTIME+SYSTEMTIME)
CPUTIME=0.874391
# USERTIME: CPU time spent in user mode in seconds
USERTIME=0.374636
# SYSTEMTIME: CPU time spent in system mode in seconds
SYSTEMTIME=0.499755
# CPUUSAGE: CPUTIME/WCTIME in percent
CPUUSAGE=70.2077
# MAXVM: maximum virtual memory used in KiB
MAXVM=1069348
# MAXMM: maximum memory used in KiB
MAXMM=45420
# MAXRSS: maximum Resident Segment Size in KiB
MAXRSS=46684
# TIMEOUT: did the solver exceed the time limit?
TIMEOUT=false
# MEMOUT: did the solver exceed the memory limit?
MEMOUT=false
# EXITSTATUS: Exit status of the solver
EXITSTATUS=0
