# WCTIME: wall clock time in seconds
WCTIME=25.5667
# CPUTIME: CPU time in seconds (USERTIME+SYSTEMTIME)
CPUTIME=24.0887
# USERTIME: CPU time spent in user mode in seconds
USERTIME=22.1288
# SYSTEMTIME: CPU time spent in system mode in seconds
SYSTEMTIME=1.95995
# CPUUSAGE: CPUTIME/WCTIME in percent
CPUUSAGE=94.2189
# MAXVM: maximum virtual memory used in KiB
MAXVM=3636948
# MAXMM: maximum memory used in KiB
MAXMM=243128
# MAXRSS: maximum Resident Segment Size in KiB
MAXRSS=224352
# TIMEOUT: did the solver exceed the time limit?
TIMEOUT=false
# MEMOUT: did the solver exceed the memory limit?
MEMOUT=false
# EXITSTATUS: Exit status of the solver
EXITSTATUS=0
