# WCTIME: wall clock time in seconds
WCTIME=7.82077
# CPUTIME: CPU time in seconds (USERTIME+SYSTEMTIME)
CPUTIME=7.12961
# USERTIME: CPU time spent in user mode in seconds
USERTIME=3.4395
# SYSTEMTIME: CPU time spent in system mode in seconds
SYSTEMTIME=3.69011
# CPUUSAGE: CPUTIME/WCTIME in percent
CPUUSAGE=91.1625
# MAXVM: maximum virtual memory used in KiB
MAXVM=3891352
# MAXMM: maximum memory used in KiB
MAXMM=372504
# MAXRSS: maximum Resident Segment Size in KiB
MAXRSS=333408
# TIMEOUT: did the solver exceed the time limit?
TIMEOUT=false
# MEMOUT: did the solver exceed the memory limit?
MEMOUT=false
# EXITSTATUS: Exit status of the solver
EXITSTATUS=0
