# WCTIME: wall clock time in seconds
WCTIME=59.9719
# CPUTIME: CPU time in seconds (USERTIME+SYSTEMTIME)
CPUTIME=56.5644
# USERTIME: CPU time spent in user mode in seconds
USERTIME=54.2129
# SYSTEMTIME: CPU time spent in system mode in seconds
SYSTEMTIME=2.35148
# CPUUSAGE: CPUTIME/WCTIME in percent
CPUUSAGE=94.3181
# MAXVM: maximum virtual memory used in KiB
MAXVM=3640720
# MAXMM: maximum memory used in KiB
MAXMM=248368
# MAXRSS: maximum Resident Segment Size in KiB
MAXRSS=229360
# TIMEOUT: did the solver exceed the time limit?
TIMEOUT=false
# MEMOUT: did the solver exceed the memory limit?
MEMOUT=false
# EXITSTATUS: Exit status of the solver
EXITSTATUS=0
