# WCTIME: wall clock time in seconds
WCTIME=0.886562
# CPUTIME: CPU time in seconds (USERTIME+SYSTEMTIME)
CPUTIME=0.668832
# USERTIME: CPU time spent in user mode in seconds
USERTIME=0.240568
# SYSTEMTIME: CPU time spent in system mode in seconds
SYSTEMTIME=0.428264
# CPUUSAGE: CPUTIME/WCTIME in percent
CPUUSAGE=75.4411
# MAXVM: maximum virtual memory used in KiB
MAXVM=1759528
# MAXMM: maximum memory used in KiB
MAXMM=82356
# MAXRSS: maximum Resident Segment Size in KiB
MAXRSS=39504
# TIMEOUT: did the solver exceed the time limit?
TIMEOUT=false
# MEMOUT: did the solver exceed the memory limit?
MEMOUT=false
# EXITSTATUS: Exit status of the solver
EXITSTATUS=0
