# WCTIME: wall clock time in seconds
WCTIME=7.99662
# CPUTIME: CPU time in seconds (USERTIME+SYSTEMTIME)
CPUTIME=7.2689
# USERTIME: CPU time spent in user mode in seconds
USERTIME=3.6389
# SYSTEMTIME: CPU time spent in system mode in seconds
SYSTEMTIME=3.63001
# CPUUSAGE: CPUTIME/WCTIME in percent
CPUUSAGE=90.8997
# MAXVM: maximum virtual memory used in KiB
MAXVM=3897820
# MAXMM: maximum memory used in KiB
MAXMM=376548
# MAXRSS: maximum Resident Segment Size in KiB
MAXRSS=337968
# TIMEOUT: did the solver exceed the time limit?
TIMEOUT=false
# MEMOUT: did the solver exceed the memory limit?
MEMOUT=false
# EXITSTATUS: Exit status of the solver
EXITSTATUS=0
