# WCTIME: wall clock time in seconds
WCTIME=1885.83
# CPUTIME: CPU time in seconds (USERTIME+SYSTEMTIME)
CPUTIME=1800.3
# USERTIME: CPU time spent in user mode in seconds
USERTIME=1790.39
# SYSTEMTIME: CPU time spent in system mode in seconds
SYSTEMTIME=9.91159
# CPUUSAGE: CPUTIME/WCTIME in percent
CPUUSAGE=95.4647
# MAXVM: maximum virtual memory used in KiB
MAXVM=4244504
# MAXMM: maximum memory used in KiB
MAXMM=2032520
# MAXRSS: maximum Resident Segment Size in KiB
MAXRSS=1991060
# TIMEOUT: did the solver exceed the time limit?
TIMEOUT=true
# MEMOUT: did the solver exceed the memory limit?
MEMOUT=false
# EXITSTATUS: Exit status of the solver
EXITSTATUS=15
