# WCTIME: wall clock time in seconds
WCTIME=10.7379
# CPUTIME: CPU time in seconds (USERTIME+SYSTEMTIME)
CPUTIME=10.0208
# USERTIME: CPU time spent in user mode in seconds
USERTIME=6.48856
# SYSTEMTIME: CPU time spent in system mode in seconds
SYSTEMTIME=3.53229
# CPUUSAGE: CPUTIME/WCTIME in percent
CPUUSAGE=93.3225
# MAXVM: maximum virtual memory used in KiB
MAXVM=3993884
# MAXMM: maximum memory used in KiB
MAXMM=404156
# MAXRSS: maximum Resident Segment Size in KiB
MAXRSS=371496
# TIMEOUT: did the solver exceed the time limit?
TIMEOUT=false
# MEMOUT: did the solver exceed the memory limit?
MEMOUT=false
# EXITSTATUS: Exit status of the solver
EXITSTATUS=0
