# WCTIME: wall clock time in seconds
WCTIME=46.4363
# CPUTIME: CPU time in seconds (USERTIME+SYSTEMTIME)
CPUTIME=43.9955
# USERTIME: CPU time spent in user mode in seconds
USERTIME=31.4976
# SYSTEMTIME: CPU time spent in system mode in seconds
SYSTEMTIME=12.4979
# CPUUSAGE: CPUTIME/WCTIME in percent
CPUUSAGE=94.7436
# MAXVM: maximum virtual memory used in KiB
MAXVM=10247908
# MAXMM: maximum memory used in KiB
MAXMM=6747512
# MAXRSS: maximum Resident Segment Size in KiB
MAXRSS=6751612
# TIMEOUT: did the solver exceed the time limit?
TIMEOUT=false
# MEMOUT: did the solver exceed the memory limit?
MEMOUT=false
# EXITSTATUS: Exit status of the solver
EXITSTATUS=0
