# WCTIME: wall clock time in seconds
WCTIME=0.861145
# CPUTIME: CPU time in seconds (USERTIME+SYSTEMTIME)
CPUTIME=0.608464
# USERTIME: CPU time spent in user mode in seconds
USERTIME=0.203641
# SYSTEMTIME: CPU time spent in system mode in seconds
SYSTEMTIME=0.404823
# CPUUSAGE: CPUTIME/WCTIME in percent
CPUUSAGE=70.6576
# MAXVM: maximum virtual memory used in KiB
MAXVM=1825064
# MAXMM: maximum memory used in KiB
MAXMM=44380
# MAXRSS: maximum Resident Segment Size in KiB
MAXRSS=34792
# TIMEOUT: did the solver exceed the time limit?
TIMEOUT=false
# MEMOUT: did the solver exceed the memory limit?
MEMOUT=false
# EXITSTATUS: Exit status of the solver
EXITSTATUS=0
