# WCTIME: wall clock time in seconds
WCTIME=2891.34
# CPUTIME: CPU time in seconds (USERTIME+SYSTEMTIME)
CPUTIME=2791.34
# USERTIME: CPU time spent in user mode in seconds
USERTIME=2763.27
# SYSTEMTIME: CPU time spent in system mode in seconds
SYSTEMTIME=28.0723
# CPUUSAGE: CPUTIME/WCTIME in percent
CPUUSAGE=96.5416
# MAXVM: maximum virtual memory used in KiB
MAXVM=34539072
# MAXMM: maximum memory used in KiB
MAXMM=33555320
# MAXRSS: maximum Resident Segment Size in KiB
MAXRSS=33536864
# TIMEOUT: did the solver exceed the time limit?
TIMEOUT=false
# MEMOUT: did the solver exceed the memory limit?
MEMOUT=true
# EXITSTATUS: Exit status of the solver
EXITSTATUS=15
