# WCTIME: wall clock time in seconds
WCTIME=1888.86
# CPUTIME: CPU time in seconds (USERTIME+SYSTEMTIME)
CPUTIME=1800.58
# USERTIME: CPU time spent in user mode in seconds
USERTIME=1793.52
# SYSTEMTIME: CPU time spent in system mode in seconds
SYSTEMTIME=7.05885
# CPUUSAGE: CPUTIME/WCTIME in percent
CPUUSAGE=95.3264
# MAXVM: maximum virtual memory used in KiB
MAXVM=5920192
# MAXMM: maximum memory used in KiB
MAXMM=4840912
# MAXRSS: maximum Resident Segment Size in KiB
MAXRSS=4801644
# TIMEOUT: did the solver exceed the time limit?
TIMEOUT=true
# MEMOUT: did the solver exceed the memory limit?
MEMOUT=false
# EXITSTATUS: Exit status of the solver
EXITSTATUS=15
