# WCTIME: wall clock time in seconds
WCTIME=0.981844
# CPUTIME: CPU time in seconds (USERTIME+SYSTEMTIME)
CPUTIME=0.720891
# USERTIME: CPU time spent in user mode in seconds
USERTIME=0.296533
# SYSTEMTIME: CPU time spent in system mode in seconds
SYSTEMTIME=0.424358
# CPUUSAGE: CPUTIME/WCTIME in percent
CPUUSAGE=73.4221
# MAXVM: maximum virtual memory used in KiB
MAXVM=1757476
# MAXMM: maximum memory used in KiB
MAXMM=44628
# MAXRSS: maximum Resident Segment Size in KiB
MAXRSS=48696
# TIMEOUT: did the solver exceed the time limit?
TIMEOUT=false
# MEMOUT: did the solver exceed the memory limit?
MEMOUT=false
# EXITSTATUS: Exit status of the solver
EXITSTATUS=0
