# WCTIME: wall clock time in seconds
WCTIME=61.1248
# CPUTIME: CPU time in seconds (USERTIME+SYSTEMTIME)
CPUTIME=58.2632
# USERTIME: CPU time spent in user mode in seconds
USERTIME=42.8682
# SYSTEMTIME: CPU time spent in system mode in seconds
SYSTEMTIME=15.395
# CPUUSAGE: CPUTIME/WCTIME in percent
CPUUSAGE=95.3185
# MAXVM: maximum virtual memory used in KiB
MAXVM=10188896
# MAXMM: maximum memory used in KiB
MAXMM=6744128
# MAXRSS: maximum Resident Segment Size in KiB
MAXRSS=6737148
# TIMEOUT: did the solver exceed the time limit?
TIMEOUT=false
# MEMOUT: did the solver exceed the memory limit?
MEMOUT=false
# EXITSTATUS: Exit status of the solver
EXITSTATUS=0
