# WCTIME: wall clock time in seconds
WCTIME=55.3003
# CPUTIME: CPU time in seconds (USERTIME+SYSTEMTIME)
CPUTIME=52.319
# USERTIME: CPU time spent in user mode in seconds
USERTIME=36.7016
# SYSTEMTIME: CPU time spent in system mode in seconds
SYSTEMTIME=15.6174
# CPUUSAGE: CPUTIME/WCTIME in percent
CPUUSAGE=94.6089
# MAXVM: maximum virtual memory used in KiB
MAXVM=10198008
# MAXMM: maximum memory used in KiB
MAXMM=6700472
# MAXRSS: maximum Resident Segment Size in KiB
MAXRSS=6684284
# TIMEOUT: did the solver exceed the time limit?
TIMEOUT=false
# MEMOUT: did the solver exceed the memory limit?
MEMOUT=false
# EXITSTATUS: Exit status of the solver
EXITSTATUS=0
