# WCTIME: wall clock time in seconds
WCTIME=171.844
# CPUTIME: CPU time in seconds (USERTIME+SYSTEMTIME)
CPUTIME=164.098
# USERTIME: CPU time spent in user mode in seconds
USERTIME=158.339
# SYSTEMTIME: CPU time spent in system mode in seconds
SYSTEMTIME=5.75922
# CPUUSAGE: CPUTIME/WCTIME in percent
CPUUSAGE=95.4923
# MAXVM: maximum virtual memory used in KiB
MAXVM=5094816
# MAXMM: maximum memory used in KiB
MAXMM=4073744
# MAXRSS: maximum Resident Segment Size in KiB
MAXRSS=4034204
# TIMEOUT: did the solver exceed the time limit?
TIMEOUT=false
# MEMOUT: did the solver exceed the memory limit?
MEMOUT=false
# EXITSTATUS: Exit status of the solver
EXITSTATUS=256
