# WCTIME: wall clock time in seconds
WCTIME=20.981
# CPUTIME: CPU time in seconds (USERTIME+SYSTEMTIME)
CPUTIME=19.8576
# USERTIME: CPU time spent in user mode in seconds
USERTIME=19.3495
# SYSTEMTIME: CPU time spent in system mode in seconds
SYSTEMTIME=0.508048
# CPUUSAGE: CPUTIME/WCTIME in percent
CPUUSAGE=94.6456
# MAXVM: maximum virtual memory used in KiB
MAXVM=1194308
# MAXMM: maximum memory used in KiB
MAXMM=114360
# MAXRSS: maximum Resident Segment Size in KiB
MAXRSS=67984
# TIMEOUT: did the solver exceed the time limit?
TIMEOUT=false
# MEMOUT: did the solver exceed the memory limit?
MEMOUT=false
# EXITSTATUS: Exit status of the solver
EXITSTATUS=0
