# WCTIME: wall clock time in seconds
WCTIME=76.1951
# CPUTIME: CPU time in seconds (USERTIME+SYSTEMTIME)
CPUTIME=72.0776
# USERTIME: CPU time spent in user mode in seconds
USERTIME=71.5235
# SYSTEMTIME: CPU time spent in system mode in seconds
SYSTEMTIME=0.55404
# CPUUSAGE: CPUTIME/WCTIME in percent
CPUUSAGE=94.5961
# MAXVM: maximum virtual memory used in KiB
MAXVM=1757664
# MAXMM: maximum memory used in KiB
MAXMM=154952
# MAXRSS: maximum Resident Segment Size in KiB
MAXRSS=124924
# TIMEOUT: did the solver exceed the time limit?
TIMEOUT=false
# MEMOUT: did the solver exceed the memory limit?
MEMOUT=false
# EXITSTATUS: Exit status of the solver
EXITSTATUS=0
