# WCTIME: wall clock time in seconds
WCTIME=53453.2
# CPUTIME: CPU time in seconds (USERTIME+SYSTEMTIME)
CPUTIME=50665.1
# USERTIME: CPU time spent in user mode in seconds
USERTIME=49616.7
# SYSTEMTIME: CPU time spent in system mode in seconds
SYSTEMTIME=1048.39
# CPUUSAGE: CPUTIME/WCTIME in percent
CPUUSAGE=94.784
# MAXVM: maximum virtual memory used in KiB
MAXVM=4241756
# MAXMM: maximum memory used in KiB
MAXMM=2911196
# MAXRSS: maximum Resident Segment Size in KiB
MAXRSS=2740260
# TIMEOUT: did the solver exceed the time limit?
TIMEOUT=false
# MEMOUT: did the solver exceed the memory limit?
MEMOUT=false
# EXITSTATUS: Exit status of the solver
EXITSTATUS=256
