# WCTIME: wall clock time in seconds
WCTIME=1809.32
# CPUTIME: CPU time in seconds (USERTIME+SYSTEMTIME)
CPUTIME=1718.38
# USERTIME: CPU time spent in user mode in seconds
USERTIME=1700.08
# SYSTEMTIME: CPU time spent in system mode in seconds
SYSTEMTIME=18.2985
# CPUUSAGE: CPUTIME/WCTIME in percent
CPUUSAGE=94.9737
# MAXVM: maximum virtual memory used in KiB
MAXVM=8613736
# MAXMM: maximum memory used in KiB
MAXMM=5483108
# MAXRSS: maximum Resident Segment Size in KiB
MAXRSS=5178436
# TIMEOUT: did the solver exceed the time limit?
TIMEOUT=false
# MEMOUT: did the solver exceed the memory limit?
MEMOUT=false
# EXITSTATUS: Exit status of the solver
EXITSTATUS=0
