# WCTIME: wall clock time in seconds
WCTIME=1874.7
# CPUTIME: CPU time in seconds (USERTIME+SYSTEMTIME)
CPUTIME=1800.24
# USERTIME: CPU time spent in user mode in seconds
USERTIME=1612.58
# SYSTEMTIME: CPU time spent in system mode in seconds
SYSTEMTIME=187.668
# CPUUSAGE: CPUTIME/WCTIME in percent
CPUUSAGE=96.0282
# MAXVM: maximum virtual memory used in KiB
MAXVM=2975688
# MAXMM: maximum memory used in KiB
MAXMM=1941620
# MAXRSS: maximum Resident Segment Size in KiB
MAXRSS=1894952
# TIMEOUT: did the solver exceed the time limit?
TIMEOUT=true
# MEMOUT: did the solver exceed the memory limit?
MEMOUT=false
# EXITSTATUS: Exit status of the solver
EXITSTATUS=15
