# WCTIME: wall clock time in seconds
WCTIME=1684.53
# CPUTIME: CPU time in seconds (USERTIME+SYSTEMTIME)
CPUTIME=1604.09
# USERTIME: CPU time spent in user mode in seconds
USERTIME=1601.52
# SYSTEMTIME: CPU time spent in system mode in seconds
SYSTEMTIME=2.57419
# CPUUSAGE: CPUTIME/WCTIME in percent
CPUUSAGE=95.2246
# MAXVM: maximum virtual memory used in KiB
MAXVM=3853244
# MAXMM: maximum memory used in KiB
MAXMM=464656
# MAXRSS: maximum Resident Segment Size in KiB
MAXRSS=447420
# TIMEOUT: did the solver exceed the time limit?
TIMEOUT=false
# MEMOUT: did the solver exceed the memory limit?
MEMOUT=false
# EXITSTATUS: Exit status of the solver
EXITSTATUS=0
