# WCTIME: wall clock time in seconds
WCTIME=7.85868
# CPUTIME: CPU time in seconds (USERTIME+SYSTEMTIME)
CPUTIME=6.84381
# USERTIME: CPU time spent in user mode in seconds
USERTIME=3.24059
# SYSTEMTIME: CPU time spent in system mode in seconds
SYSTEMTIME=3.60322
# CPUUSAGE: CPUTIME/WCTIME in percent
CPUUSAGE=87.086
# MAXVM: maximum virtual memory used in KiB
MAXVM=3896440
# MAXMM: maximum memory used in KiB
MAXMM=372236
# MAXRSS: maximum Resident Segment Size in KiB
MAXRSS=333576
# TIMEOUT: did the solver exceed the time limit?
TIMEOUT=false
# MEMOUT: did the solver exceed the memory limit?
MEMOUT=false
# EXITSTATUS: Exit status of the solver
EXITSTATUS=0
