# WCTIME: wall clock time in seconds
WCTIME=9.92266
# CPUTIME: CPU time in seconds (USERTIME+SYSTEMTIME)
CPUTIME=7.07495
# USERTIME: CPU time spent in user mode in seconds
USERTIME=3.39114
# SYSTEMTIME: CPU time spent in system mode in seconds
SYSTEMTIME=3.68381
# CPUUSAGE: CPUTIME/WCTIME in percent
CPUUSAGE=71.3009
# MAXVM: maximum virtual memory used in KiB
MAXVM=3616020
# MAXMM: maximum memory used in KiB
MAXMM=474016
# MAXRSS: maximum Resident Segment Size in KiB
MAXRSS=291636
# TIMEOUT: did the solver exceed the time limit?
TIMEOUT=false
# MEMOUT: did the solver exceed the memory limit?
MEMOUT=false
# EXITSTATUS: Exit status of the solver
EXITSTATUS=0
