# WCTIME: wall clock time in seconds
WCTIME=1888.25
# CPUTIME: CPU time in seconds (USERTIME+SYSTEMTIME)
CPUTIME=1800.46
# USERTIME: CPU time spent in user mode in seconds
USERTIME=1780.33
# SYSTEMTIME: CPU time spent in system mode in seconds
SYSTEMTIME=20.1243
# CPUUSAGE: CPUTIME/WCTIME in percent
CPUUSAGE=95.3504
# MAXVM: maximum virtual memory used in KiB
MAXVM=8731940
# MAXMM: maximum memory used in KiB
MAXMM=7768676
# MAXRSS: maximum Resident Segment Size in KiB
MAXRSS=7729256
# TIMEOUT: did the solver exceed the time limit?
TIMEOUT=true
# MEMOUT: did the solver exceed the memory limit?
MEMOUT=false
# EXITSTATUS: Exit status of the solver
EXITSTATUS=15
