# WCTIME: wall clock time in seconds
WCTIME=1.66021
# CPUTIME: CPU time in seconds (USERTIME+SYSTEMTIME)
CPUTIME=0.833697
# USERTIME: CPU time spent in user mode in seconds
USERTIME=0.40756
# SYSTEMTIME: CPU time spent in system mode in seconds
SYSTEMTIME=0.426137
# CPUUSAGE: CPUTIME/WCTIME in percent
CPUUSAGE=50.2162
# MAXVM: maximum virtual memory used in KiB
MAXVM=1184668
# MAXMM: maximum memory used in KiB
MAXMM=104560
# MAXRSS: maximum Resident Segment Size in KiB
MAXRSS=59500
# TIMEOUT: did the solver exceed the time limit?
TIMEOUT=false
# MEMOUT: did the solver exceed the memory limit?
MEMOUT=false
# EXITSTATUS: Exit status of the solver
EXITSTATUS=0
