# WCTIME: wall clock time in seconds
WCTIME=8.0027
# CPUTIME: CPU time in seconds (USERTIME+SYSTEMTIME)
CPUTIME=7.17748
# USERTIME: CPU time spent in user mode in seconds
USERTIME=3.55589
# SYSTEMTIME: CPU time spent in system mode in seconds
SYSTEMTIME=3.62159
# CPUUSAGE: CPUTIME/WCTIME in percent
CPUUSAGE=89.6883
# MAXVM: maximum virtual memory used in KiB
MAXVM=3899088
# MAXMM: maximum memory used in KiB
MAXMM=373712
# MAXRSS: maximum Resident Segment Size in KiB
MAXRSS=337160
# TIMEOUT: did the solver exceed the time limit?
TIMEOUT=false
# MEMOUT: did the solver exceed the memory limit?
MEMOUT=false
# EXITSTATUS: Exit status of the solver
EXITSTATUS=0
