# WCTIME: wall clock time in seconds
WCTIME=1875.08
# CPUTIME: CPU time in seconds (USERTIME+SYSTEMTIME)
CPUTIME=1800.57
# USERTIME: CPU time spent in user mode in seconds
USERTIME=1791.91
# SYSTEMTIME: CPU time spent in system mode in seconds
SYSTEMTIME=8.66444
# CPUUSAGE: CPUTIME/WCTIME in percent
CPUUSAGE=96.0266
# MAXVM: maximum virtual memory used in KiB
MAXVM=5813876
# MAXMM: maximum memory used in KiB
MAXMM=4824628
# MAXRSS: maximum Resident Segment Size in KiB
MAXRSS=4785080
# TIMEOUT: did the solver exceed the time limit?
TIMEOUT=true
# MEMOUT: did the solver exceed the memory limit?
MEMOUT=false
# EXITSTATUS: Exit status of the solver
EXITSTATUS=15
