# WCTIME: wall clock time in seconds
WCTIME=1201.43
# CPUTIME: CPU time in seconds (USERTIME+SYSTEMTIME)
CPUTIME=1143.31
# USERTIME: CPU time spent in user mode in seconds
USERTIME=1135.47
# SYSTEMTIME: CPU time spent in system mode in seconds
SYSTEMTIME=7.84428
# CPUUSAGE: CPUTIME/WCTIME in percent
CPUUSAGE=95.1626
# MAXVM: maximum virtual memory used in KiB
MAXVM=9473276
# MAXMM: maximum memory used in KiB
MAXMM=8389324
# MAXRSS: maximum Resident Segment Size in KiB
MAXRSS=8361780
# TIMEOUT: did the solver exceed the time limit?
TIMEOUT=false
# MEMOUT: did the solver exceed the memory limit?
MEMOUT=true
# EXITSTATUS: Exit status of the solver
EXITSTATUS=15
