# WCTIME: wall clock time in seconds
WCTIME=104.538
# CPUTIME: CPU time in seconds (USERTIME+SYSTEMTIME)
CPUTIME=99.4569
# USERTIME: CPU time spent in user mode in seconds
USERTIME=93.4631
# SYSTEMTIME: CPU time spent in system mode in seconds
SYSTEMTIME=5.99382
# CPUUSAGE: CPUTIME/WCTIME in percent
CPUUSAGE=95.1397
# MAXVM: maximum virtual memory used in KiB
MAXVM=9532600
# MAXMM: maximum memory used in KiB
MAXMM=8394872
# MAXRSS: maximum Resident Segment Size in KiB
MAXRSS=8348480
# TIMEOUT: did the solver exceed the time limit?
TIMEOUT=false
# MEMOUT: did the solver exceed the memory limit?
MEMOUT=true
# EXITSTATUS: Exit status of the solver
EXITSTATUS=15
