# WCTIME: wall clock time in seconds
WCTIME=82817.5
# CPUTIME: CPU time in seconds (USERTIME+SYSTEMTIME)
CPUTIME=75691.8
# USERTIME: CPU time spent in user mode in seconds
USERTIME=73754.7
# SYSTEMTIME: CPU time spent in system mode in seconds
SYSTEMTIME=1937.08
# CPUUSAGE: CPUTIME/WCTIME in percent
CPUUSAGE=91.3959
# MAXVM: maximum virtual memory used in KiB
MAXVM=8887628
# MAXMM: maximum memory used in KiB
MAXMM=4729564
# MAXRSS: maximum Resident Segment Size in KiB
MAXRSS=2336904
# TIMEOUT: did the solver exceed the time limit?
TIMEOUT=false
# MEMOUT: did the solver exceed the memory limit?
MEMOUT=false
# EXITSTATUS: Exit status of the solver
EXITSTATUS=0
