# WCTIME: wall clock time in seconds
WCTIME=1877.19
# CPUTIME: CPU time in seconds (USERTIME+SYSTEMTIME)
CPUTIME=1800.72
# USERTIME: CPU time spent in user mode in seconds
USERTIME=1791.91
# SYSTEMTIME: CPU time spent in system mode in seconds
SYSTEMTIME=8.81754
# CPUUSAGE: CPUTIME/WCTIME in percent
CPUUSAGE=95.9266
# MAXVM: maximum virtual memory used in KiB
MAXVM=7887816
# MAXMM: maximum memory used in KiB
MAXMM=6871184
# MAXRSS: maximum Resident Segment Size in KiB
MAXRSS=6843248
# TIMEOUT: did the solver exceed the time limit?
TIMEOUT=true
# MEMOUT: did the solver exceed the memory limit?
MEMOUT=false
# EXITSTATUS: Exit status of the solver
EXITSTATUS=15
