# WCTIME: wall clock time in seconds
WCTIME=6.7389
# CPUTIME: CPU time in seconds (USERTIME+SYSTEMTIME)
CPUTIME=6.09134
# USERTIME: CPU time spent in user mode in seconds
USERTIME=5.49312
# SYSTEMTIME: CPU time spent in system mode in seconds
SYSTEMTIME=0.598215
# CPUUSAGE: CPUTIME/WCTIME in percent
CPUUSAGE=90.3907
# MAXVM: maximum virtual memory used in KiB
MAXVM=1308164
# MAXMM: maximum memory used in KiB
MAXMM=158724
# MAXRSS: maximum Resident Segment Size in KiB
MAXRSS=120328
# TIMEOUT: did the solver exceed the time limit?
TIMEOUT=false
# MEMOUT: did the solver exceed the memory limit?
MEMOUT=false
# EXITSTATUS: Exit status of the solver
EXITSTATUS=0
