# WCTIME: wall clock time in seconds
WCTIME=17.0544
# CPUTIME: CPU time in seconds (USERTIME+SYSTEMTIME)
CPUTIME=15.4628
# USERTIME: CPU time spent in user mode in seconds
USERTIME=13.6998
# SYSTEMTIME: CPU time spent in system mode in seconds
SYSTEMTIME=1.76297
# CPUUSAGE: CPUTIME/WCTIME in percent
CPUUSAGE=90.6678
# MAXVM: maximum virtual memory used in KiB
MAXVM=920996
# MAXMM: maximum memory used in KiB
MAXMM=35340
# MAXRSS: maximum Resident Segment Size in KiB
MAXRSS=26088
# TIMEOUT: did the solver exceed the time limit?
TIMEOUT=false
# MEMOUT: did the solver exceed the memory limit?
MEMOUT=false
# EXITSTATUS: Exit status of the solver
EXITSTATUS=34304
