# WCTIME: wall clock time in seconds
WCTIME=1890.44
# CPUTIME: CPU time in seconds (USERTIME+SYSTEMTIME)
CPUTIME=1800.17
# USERTIME: CPU time spent in user mode in seconds
USERTIME=1790.57
# SYSTEMTIME: CPU time spent in system mode in seconds
SYSTEMTIME=9.60044
# CPUUSAGE: CPUTIME/WCTIME in percent
CPUUSAGE=95.2246
# MAXVM: maximum virtual memory used in KiB
MAXVM=1757476
# MAXMM: maximum memory used in KiB
MAXMM=416804
# MAXRSS: maximum Resident Segment Size in KiB
MAXRSS=369408
# TIMEOUT: did the solver exceed the time limit?
TIMEOUT=true
# MEMOUT: did the solver exceed the memory limit?
MEMOUT=false
# EXITSTATUS: Exit status of the solver
EXITSTATUS=15
