# WCTIME: wall clock time in seconds
WCTIME=1685.29
# CPUTIME: CPU time in seconds (USERTIME+SYSTEMTIME)
CPUTIME=1608.03
# USERTIME: CPU time spent in user mode in seconds
USERTIME=1602.05
# SYSTEMTIME: CPU time spent in system mode in seconds
SYSTEMTIME=5.97969
# CPUUSAGE: CPUTIME/WCTIME in percent
CPUUSAGE=95.4154
# MAXVM: maximum virtual memory used in KiB
MAXVM=5353608
# MAXMM: maximum memory used in KiB
MAXMM=1951744
# MAXRSS: maximum Resident Segment Size in KiB
MAXRSS=1934292
# TIMEOUT: did the solver exceed the time limit?
TIMEOUT=false
# MEMOUT: did the solver exceed the memory limit?
MEMOUT=false
# EXITSTATUS: Exit status of the solver
EXITSTATUS=0
