# WCTIME: wall clock time in seconds
WCTIME=1868.59
# CPUTIME: CPU time in seconds (USERTIME+SYSTEMTIME)
CPUTIME=1800.39
# USERTIME: CPU time spent in user mode in seconds
USERTIME=1790.72
# SYSTEMTIME: CPU time spent in system mode in seconds
SYSTEMTIME=9.66841
# CPUUSAGE: CPUTIME/WCTIME in percent
CPUUSAGE=96.3504
# MAXVM: maximum virtual memory used in KiB
MAXVM=3735500
# MAXMM: maximum memory used in KiB
MAXMM=2666580
# MAXRSS: maximum Resident Segment Size in KiB
MAXRSS=2622640
# TIMEOUT: did the solver exceed the time limit?
TIMEOUT=true
# MEMOUT: did the solver exceed the memory limit?
MEMOUT=false
# EXITSTATUS: Exit status of the solver
EXITSTATUS=15
