# WCTIME: wall clock time in seconds
WCTIME=176.483
# CPUTIME: CPU time in seconds (USERTIME+SYSTEMTIME)
CPUTIME=168.452
# USERTIME: CPU time spent in user mode in seconds
USERTIME=152.831
# SYSTEMTIME: CPU time spent in system mode in seconds
SYSTEMTIME=15.6217
# CPUUSAGE: CPUTIME/WCTIME in percent
CPUUSAGE=95.4493
# MAXVM: maximum virtual memory used in KiB
MAXVM=5112784
# MAXMM: maximum memory used in KiB
MAXMM=4059436
# MAXRSS: maximum Resident Segment Size in KiB
MAXRSS=4014304
# TIMEOUT: did the solver exceed the time limit?
TIMEOUT=false
# MEMOUT: did the solver exceed the memory limit?
MEMOUT=false
# EXITSTATUS: Exit status of the solver
EXITSTATUS=256
