# WCTIME: wall clock time in seconds
WCTIME=1.04706
# CPUTIME: CPU time in seconds (USERTIME+SYSTEMTIME)
CPUTIME=0.702161
# USERTIME: CPU time spent in user mode in seconds
USERTIME=0.263192
# SYSTEMTIME: CPU time spent in system mode in seconds
SYSTEMTIME=0.438969
# CPUUSAGE: CPUTIME/WCTIME in percent
CPUUSAGE=67.0606
# MAXVM: maximum virtual memory used in KiB
MAXVM=1685972
# MAXMM: maximum memory used in KiB
MAXMM=46668
# MAXRSS: maximum Resident Segment Size in KiB
MAXRSS=39412
# TIMEOUT: did the solver exceed the time limit?
TIMEOUT=false
# MEMOUT: did the solver exceed the memory limit?
MEMOUT=false
# EXITSTATUS: Exit status of the solver
EXITSTATUS=0
