# WCTIME: wall clock time in seconds
WCTIME=0.935119
# CPUTIME: CPU time in seconds (USERTIME+SYSTEMTIME)
CPUTIME=0.649552
# USERTIME: CPU time spent in user mode in seconds
USERTIME=0.212419
# SYSTEMTIME: CPU time spent in system mode in seconds
SYSTEMTIME=0.437133
# CPUUSAGE: CPUTIME/WCTIME in percent
CPUUSAGE=69.462
# MAXVM: maximum virtual memory used in KiB
MAXVM=1063312
# MAXMM: maximum memory used in KiB
MAXMM=44580
# MAXRSS: maximum Resident Segment Size in KiB
MAXRSS=36120
# TIMEOUT: did the solver exceed the time limit?
TIMEOUT=false
# MEMOUT: did the solver exceed the memory limit?
MEMOUT=false
# EXITSTATUS: Exit status of the solver
EXITSTATUS=0
