# WCTIME: wall clock time in seconds
WCTIME=209.138
# CPUTIME: CPU time in seconds (USERTIME+SYSTEMTIME)
CPUTIME=198.833
# USERTIME: CPU time spent in user mode in seconds
USERTIME=171.839
# SYSTEMTIME: CPU time spent in system mode in seconds
SYSTEMTIME=26.9937
# CPUUSAGE: CPUTIME/WCTIME in percent
CPUUSAGE=95.0724
# MAXVM: maximum virtual memory used in KiB
MAXVM=5047872
# MAXMM: maximum memory used in KiB
MAXMM=3997804
# MAXRSS: maximum Resident Segment Size in KiB
MAXRSS=3952112
# TIMEOUT: did the solver exceed the time limit?
TIMEOUT=false
# MEMOUT: did the solver exceed the memory limit?
MEMOUT=false
# EXITSTATUS: Exit status of the solver
EXITSTATUS=256
