# WCTIME: wall clock time in seconds
WCTIME=86400.2
# CPUTIME: CPU time in seconds (USERTIME+SYSTEMTIME)
CPUTIME=71139
# USERTIME: CPU time spent in user mode in seconds
USERTIME=64987
# SYSTEMTIME: CPU time spent in system mode in seconds
SYSTEMTIME=6152
# CPUUSAGE: CPUTIME/WCTIME in percent
CPUUSAGE=82.3367
# MAXVM: maximum virtual memory used in KiB
MAXVM=50807460
# MAXMM: maximum memory used in KiB
MAXMM=7561360
# MAXRSS: maximum Resident Segment Size in KiB
MAXRSS=284412
# TIMEOUT: did the solver exceed the time limit?
TIMEOUT=true
# MEMOUT: did the solver exceed the memory limit?
MEMOUT=false
# EXITSTATUS: Exit status of the solver
EXITSTATUS=36608
