# WCTIME: wall clock time in seconds
WCTIME=1684.97
# CPUTIME: CPU time in seconds (USERTIME+SYSTEMTIME)
CPUTIME=1618.14
# USERTIME: CPU time spent in user mode in seconds
USERTIME=1499.77
# SYSTEMTIME: CPU time spent in system mode in seconds
SYSTEMTIME=118.372
# CPUUSAGE: CPUTIME/WCTIME in percent
CPUUSAGE=96.034
# MAXVM: maximum virtual memory used in KiB
MAXVM=3820036
# MAXMM: maximum memory used in KiB
MAXMM=428100
# MAXRSS: maximum Resident Segment Size in KiB
MAXRSS=410908
# TIMEOUT: did the solver exceed the time limit?
TIMEOUT=false
# MEMOUT: did the solver exceed the memory limit?
MEMOUT=false
# EXITSTATUS: Exit status of the solver
EXITSTATUS=0
