# WCTIME: wall clock time in seconds
WCTIME=1903.68
# CPUTIME: CPU time in seconds (USERTIME+SYSTEMTIME)
CPUTIME=1800.19
# USERTIME: CPU time spent in user mode in seconds
USERTIME=1797.19
# SYSTEMTIME: CPU time spent in system mode in seconds
SYSTEMTIME=2.9951
# CPUUSAGE: CPUTIME/WCTIME in percent
CPUUSAGE=94.5636
# MAXVM: maximum virtual memory used in KiB
MAXVM=1685972
# MAXMM: maximum memory used in KiB
MAXMM=441764
# MAXRSS: maximum Resident Segment Size in KiB
MAXRSS=395268
# TIMEOUT: did the solver exceed the time limit?
TIMEOUT=true
# MEMOUT: did the solver exceed the memory limit?
MEMOUT=false
# EXITSTATUS: Exit status of the solver
EXITSTATUS=15
