# WCTIME: wall clock time in seconds
WCTIME=1871.57
# CPUTIME: CPU time in seconds (USERTIME+SYSTEMTIME)
CPUTIME=1800.21
# USERTIME: CPU time spent in user mode in seconds
USERTIME=1784.43
# SYSTEMTIME: CPU time spent in system mode in seconds
SYSTEMTIME=15.7808
# CPUUSAGE: CPUTIME/WCTIME in percent
CPUUSAGE=96.1874
# MAXVM: maximum virtual memory used in KiB
MAXVM=7492136
# MAXMM: maximum memory used in KiB
MAXMM=4577988
# MAXRSS: maximum Resident Segment Size in KiB
MAXRSS=4536172
# TIMEOUT: did the solver exceed the time limit?
TIMEOUT=true
# MEMOUT: did the solver exceed the memory limit?
MEMOUT=false
# EXITSTATUS: Exit status of the solver
EXITSTATUS=15
