# WCTIME: wall clock time in seconds
WCTIME=23.9958
# CPUTIME: CPU time in seconds (USERTIME+SYSTEMTIME)
CPUTIME=22.5016
# USERTIME: CPU time spent in user mode in seconds
USERTIME=15.7078
# SYSTEMTIME: CPU time spent in system mode in seconds
SYSTEMTIME=6.79385
# CPUUSAGE: CPUTIME/WCTIME in percent
CPUUSAGE=93.7733
# MAXVM: maximum virtual memory used in KiB
MAXVM=10067236
# MAXMM: maximum memory used in KiB
MAXMM=6588476
# MAXRSS: maximum Resident Segment Size in KiB
MAXRSS=6572456
# TIMEOUT: did the solver exceed the time limit?
TIMEOUT=false
# MEMOUT: did the solver exceed the memory limit?
MEMOUT=false
# EXITSTATUS: Exit status of the solver
EXITSTATUS=0
