# WCTIME: wall clock time in seconds
WCTIME=1682.83
# CPUTIME: CPU time in seconds (USERTIME+SYSTEMTIME)
CPUTIME=1612.24
# USERTIME: CPU time spent in user mode in seconds
USERTIME=1609.64
# SYSTEMTIME: CPU time spent in system mode in seconds
SYSTEMTIME=2.60555
# CPUUSAGE: CPUTIME/WCTIME in percent
CPUUSAGE=95.8056
# MAXVM: maximum virtual memory used in KiB
MAXVM=3656672
# MAXMM: maximum memory used in KiB
MAXMM=334756
# MAXRSS: maximum Resident Segment Size in KiB
MAXRSS=315400
# TIMEOUT: did the solver exceed the time limit?
TIMEOUT=false
# MEMOUT: did the solver exceed the memory limit?
MEMOUT=false
# EXITSTATUS: Exit status of the solver
EXITSTATUS=0
