# WCTIME: wall clock time in seconds
WCTIME=4.64481
# CPUTIME: CPU time in seconds (USERTIME+SYSTEMTIME)
CPUTIME=4.00211
# USERTIME: CPU time spent in user mode in seconds
USERTIME=3.42376
# SYSTEMTIME: CPU time spent in system mode in seconds
SYSTEMTIME=0.578342
# CPUUSAGE: CPUTIME/WCTIME in percent
CPUUSAGE=86.1629
# MAXVM: maximum virtual memory used in KiB
MAXVM=1791748
# MAXMM: maximum memory used in KiB
MAXMM=153076
# MAXRSS: maximum Resident Segment Size in KiB
MAXRSS=116128
# TIMEOUT: did the solver exceed the time limit?
TIMEOUT=false
# MEMOUT: did the solver exceed the memory limit?
MEMOUT=false
# EXITSTATUS: Exit status of the solver
EXITSTATUS=0
