# WCTIME: wall clock time in seconds
WCTIME=749.447
# CPUTIME: CPU time in seconds (USERTIME+SYSTEMTIME)
CPUTIME=715.172
# USERTIME: CPU time spent in user mode in seconds
USERTIME=708.602
# SYSTEMTIME: CPU time spent in system mode in seconds
SYSTEMTIME=6.56941
# CPUUSAGE: CPUTIME/WCTIME in percent
CPUUSAGE=95.4266
# MAXVM: maximum virtual memory used in KiB
MAXVM=9254032
# MAXMM: maximum memory used in KiB
MAXMM=8129116
# MAXRSS: maximum Resident Segment Size in KiB
MAXRSS=8093408
# TIMEOUT: did the solver exceed the time limit?
TIMEOUT=false
# MEMOUT: did the solver exceed the memory limit?
MEMOUT=false
# EXITSTATUS: Exit status of the solver
EXITSTATUS=0
