# WCTIME: wall clock time in seconds
WCTIME=3.52636
# CPUTIME: CPU time in seconds (USERTIME+SYSTEMTIME)
CPUTIME=3.04685
# USERTIME: CPU time spent in user mode in seconds
USERTIME=2.6175
# SYSTEMTIME: CPU time spent in system mode in seconds
SYSTEMTIME=0.429346
# CPUUSAGE: CPUTIME/WCTIME in percent
CPUUSAGE=86.4022
# MAXVM: maximum virtual memory used in KiB
MAXVM=1023988
# MAXMM: maximum memory used in KiB
MAXMM=61028
# MAXRSS: maximum Resident Segment Size in KiB
MAXRSS=28396
# TIMEOUT: did the solver exceed the time limit?
TIMEOUT=false
# MEMOUT: did the solver exceed the memory limit?
MEMOUT=false
# EXITSTATUS: Exit status of the solver
EXITSTATUS=0
