# WCTIME: wall clock time in seconds
WCTIME=22.1161
# CPUTIME: CPU time in seconds (USERTIME+SYSTEMTIME)
CPUTIME=20.7179
# USERTIME: CPU time spent in user mode in seconds
USERTIME=18.7267
# SYSTEMTIME: CPU time spent in system mode in seconds
SYSTEMTIME=1.99121
# CPUUSAGE: CPUTIME/WCTIME in percent
CPUUSAGE=93.6779
# MAXVM: maximum virtual memory used in KiB
MAXVM=3641900
# MAXMM: maximum memory used in KiB
MAXMM=253604
# MAXRSS: maximum Resident Segment Size in KiB
MAXRSS=234116
# TIMEOUT: did the solver exceed the time limit?
TIMEOUT=false
# MEMOUT: did the solver exceed the memory limit?
MEMOUT=false
# EXITSTATUS: Exit status of the solver
EXITSTATUS=0
