# WCTIME: wall clock time in seconds
WCTIME=683.371
# CPUTIME: CPU time in seconds (USERTIME+SYSTEMTIME)
CPUTIME=650.617
# USERTIME: CPU time spent in user mode in seconds
USERTIME=643.476
# SYSTEMTIME: CPU time spent in system mode in seconds
SYSTEMTIME=7.14035
# CPUUSAGE: CPUTIME/WCTIME in percent
CPUUSAGE=95.207
# MAXVM: maximum virtual memory used in KiB
MAXVM=9186776
# MAXMM: maximum memory used in KiB
MAXMM=8098684
# MAXRSS: maximum Resident Segment Size in KiB
MAXRSS=8062452
# TIMEOUT: did the solver exceed the time limit?
TIMEOUT=false
# MEMOUT: did the solver exceed the memory limit?
MEMOUT=false
# EXITSTATUS: Exit status of the solver
EXITSTATUS=0
