# WCTIME: wall clock time in seconds
WCTIME=1683.39
# CPUTIME: CPU time in seconds (USERTIME+SYSTEMTIME)
CPUTIME=1616.49
# USERTIME: CPU time spent in user mode in seconds
USERTIME=1614.19
# SYSTEMTIME: CPU time spent in system mode in seconds
SYSTEMTIME=2.3026
# CPUUSAGE: CPUTIME/WCTIME in percent
CPUUSAGE=96.0259
# MAXVM: maximum virtual memory used in KiB
MAXVM=3738944
# MAXMM: maximum memory used in KiB
MAXMM=349476
# MAXRSS: maximum Resident Segment Size in KiB
MAXRSS=332140
# TIMEOUT: did the solver exceed the time limit?
TIMEOUT=false
# MEMOUT: did the solver exceed the memory limit?
MEMOUT=false
# EXITSTATUS: Exit status of the solver
EXITSTATUS=0
