# WCTIME: wall clock time in seconds
WCTIME=1686.21
# CPUTIME: CPU time in seconds (USERTIME+SYSTEMTIME)
CPUTIME=1629.19
# USERTIME: CPU time spent in user mode in seconds
USERTIME=1555.57
# SYSTEMTIME: CPU time spent in system mode in seconds
SYSTEMTIME=73.6234
# CPUUSAGE: CPUTIME/WCTIME in percent
CPUUSAGE=96.6182
# MAXVM: maximum virtual memory used in KiB
MAXVM=4047776
# MAXMM: maximum memory used in KiB
MAXMM=588192
# MAXRSS: maximum Resident Segment Size in KiB
MAXRSS=568732
# TIMEOUT: did the solver exceed the time limit?
TIMEOUT=false
# MEMOUT: did the solver exceed the memory limit?
MEMOUT=false
# EXITSTATUS: Exit status of the solver
EXITSTATUS=0
