# WCTIME: wall clock time in seconds
WCTIME=1831.53
# CPUTIME: CPU time in seconds (USERTIME+SYSTEMTIME)
CPUTIME=1736.89
# USERTIME: CPU time spent in user mode in seconds
USERTIME=1721.21
# SYSTEMTIME: CPU time spent in system mode in seconds
SYSTEMTIME=15.6705
# CPUUSAGE: CPUTIME/WCTIME in percent
CPUUSAGE=94.8327
# MAXVM: maximum virtual memory used in KiB
MAXVM=7221480
# MAXMM: maximum memory used in KiB
MAXMM=4900192
# MAXRSS: maximum Resident Segment Size in KiB
MAXRSS=5286108
# TIMEOUT: did the solver exceed the time limit?
TIMEOUT=false
# MEMOUT: did the solver exceed the memory limit?
MEMOUT=false
# EXITSTATUS: Exit status of the solver
EXITSTATUS=9
