# WCTIME: wall clock time in seconds
WCTIME=1682.9
# CPUTIME: CPU time in seconds (USERTIME+SYSTEMTIME)
CPUTIME=1602.39
# USERTIME: CPU time spent in user mode in seconds
USERTIME=1599.83
# SYSTEMTIME: CPU time spent in system mode in seconds
SYSTEMTIME=2.55325
# CPUUSAGE: CPUTIME/WCTIME in percent
CPUUSAGE=95.2157
# MAXVM: maximum virtual memory used in KiB
MAXVM=3689676
# MAXMM: maximum memory used in KiB
MAXMM=299788
# MAXRSS: maximum Resident Segment Size in KiB
MAXRSS=280412
# TIMEOUT: did the solver exceed the time limit?
TIMEOUT=false
# MEMOUT: did the solver exceed the memory limit?
MEMOUT=false
# EXITSTATUS: Exit status of the solver
EXITSTATUS=0
