# WCTIME: wall clock time in seconds
WCTIME=40654.5
# CPUTIME: CPU time in seconds (USERTIME+SYSTEMTIME)
CPUTIME=38732.5
# USERTIME: CPU time spent in user mode in seconds
USERTIME=38643.5
# SYSTEMTIME: CPU time spent in system mode in seconds
SYSTEMTIME=89.0126
# CPUUSAGE: CPUTIME/WCTIME in percent
CPUUSAGE=95.2724
# MAXVM: maximum virtual memory used in KiB
MAXVM=34932540
# MAXMM: maximum memory used in KiB
MAXMM=33550704
# MAXRSS: maximum Resident Segment Size in KiB
MAXRSS=33530504
# TIMEOUT: did the solver exceed the time limit?
TIMEOUT=false
# MEMOUT: did the solver exceed the memory limit?
MEMOUT=false
# EXITSTATUS: Exit status of the solver
EXITSTATUS=34304
