# WCTIME: wall clock time in seconds
WCTIME=1871.77
# CPUTIME: CPU time in seconds (USERTIME+SYSTEMTIME)
CPUTIME=1800.15
# USERTIME: CPU time spent in user mode in seconds
USERTIME=1779.37
# SYSTEMTIME: CPU time spent in system mode in seconds
SYSTEMTIME=20.7822
# CPUUSAGE: CPUTIME/WCTIME in percent
CPUUSAGE=96.174
# MAXVM: maximum virtual memory used in KiB
MAXVM=2012976
# MAXMM: maximum memory used in KiB
MAXMM=1043156
# MAXRSS: maximum Resident Segment Size in KiB
MAXRSS=1003188
# TIMEOUT: did the solver exceed the time limit?
TIMEOUT=true
# MEMOUT: did the solver exceed the memory limit?
MEMOUT=false
# EXITSTATUS: Exit status of the solver
EXITSTATUS=15
