# WCTIME: wall clock time in seconds
WCTIME=1683.65
# CPUTIME: CPU time in seconds (USERTIME+SYSTEMTIME)
CPUTIME=1619.54
# USERTIME: CPU time spent in user mode in seconds
USERTIME=1614.67
# SYSTEMTIME: CPU time spent in system mode in seconds
SYSTEMTIME=4.87111
# CPUUSAGE: CPUTIME/WCTIME in percent
CPUUSAGE=96.1922
# MAXVM: maximum virtual memory used in KiB
MAXVM=4101576
# MAXMM: maximum memory used in KiB
MAXMM=639560
# MAXRSS: maximum Resident Segment Size in KiB
MAXRSS=624656
# TIMEOUT: did the solver exceed the time limit?
TIMEOUT=false
# MEMOUT: did the solver exceed the memory limit?
MEMOUT=false
# EXITSTATUS: Exit status of the solver
EXITSTATUS=0
