# WCTIME: wall clock time in seconds
WCTIME=9.07924
# CPUTIME: CPU time in seconds (USERTIME+SYSTEMTIME)
CPUTIME=6.41208
# USERTIME: CPU time spent in user mode in seconds
USERTIME=2.94059
# SYSTEMTIME: CPU time spent in system mode in seconds
SYSTEMTIME=3.47148
# CPUUSAGE: CPUTIME/WCTIME in percent
CPUUSAGE=70.6235
# MAXVM: maximum virtual memory used in KiB
MAXVM=3854588
# MAXMM: maximum memory used in KiB
MAXMM=516956
# MAXRSS: maximum Resident Segment Size in KiB
MAXRSS=304432
# TIMEOUT: did the solver exceed the time limit?
TIMEOUT=false
# MEMOUT: did the solver exceed the memory limit?
MEMOUT=false
# EXITSTATUS: Exit status of the solver
EXITSTATUS=0
