# WCTIME: wall clock time in seconds
WCTIME=176.442
# CPUTIME: CPU time in seconds (USERTIME+SYSTEMTIME)
CPUTIME=168.455
# USERTIME: CPU time spent in user mode in seconds
USERTIME=167.468
# SYSTEMTIME: CPU time spent in system mode in seconds
SYSTEMTIME=0.987034
# CPUUSAGE: CPUTIME/WCTIME in percent
CPUUSAGE=95.4731
# MAXVM: maximum virtual memory used in KiB
MAXVM=1438216
# MAXMM: maximum memory used in KiB
MAXMM=475944
# MAXRSS: maximum Resident Segment Size in KiB
MAXRSS=435632
# TIMEOUT: did the solver exceed the time limit?
TIMEOUT=false
# MEMOUT: did the solver exceed the memory limit?
MEMOUT=false
# EXITSTATUS: Exit status of the solver
EXITSTATUS=0
