# WCTIME: wall clock time in seconds
WCTIME=244.856
# CPUTIME: CPU time in seconds (USERTIME+SYSTEMTIME)
CPUTIME=233.291
# USERTIME: CPU time spent in user mode in seconds
USERTIME=226.959
# SYSTEMTIME: CPU time spent in system mode in seconds
SYSTEMTIME=6.33266
# CPUUSAGE: CPUTIME/WCTIME in percent
CPUUSAGE=95.277
# MAXVM: maximum virtual memory used in KiB
MAXVM=9417684
# MAXMM: maximum memory used in KiB
MAXMM=8399996
# MAXRSS: maximum Resident Segment Size in KiB
MAXRSS=8363392
# TIMEOUT: did the solver exceed the time limit?
TIMEOUT=false
# MEMOUT: did the solver exceed the memory limit?
MEMOUT=true
# EXITSTATUS: Exit status of the solver
EXITSTATUS=9
