# WCTIME: wall clock time in seconds
WCTIME=1.0405
# CPUTIME: CPU time in seconds (USERTIME+SYSTEMTIME)
CPUTIME=0.755061
# USERTIME: CPU time spent in user mode in seconds
USERTIME=0.336046
# SYSTEMTIME: CPU time spent in system mode in seconds
SYSTEMTIME=0.419015
# CPUUSAGE: CPUTIME/WCTIME in percent
CPUUSAGE=72.567
# MAXVM: maximum virtual memory used in KiB
MAXVM=1759528
# MAXMM: maximum memory used in KiB
MAXMM=46604
# MAXRSS: maximum Resident Segment Size in KiB
MAXRSS=47236
# TIMEOUT: did the solver exceed the time limit?
TIMEOUT=false
# MEMOUT: did the solver exceed the memory limit?
MEMOUT=false
# EXITSTATUS: Exit status of the solver
EXITSTATUS=0
