# WCTIME: wall clock time in seconds
WCTIME=1887.03
# CPUTIME: CPU time in seconds (USERTIME+SYSTEMTIME)
CPUTIME=1800.32
# USERTIME: CPU time spent in user mode in seconds
USERTIME=1789.5
# SYSTEMTIME: CPU time spent in system mode in seconds
SYSTEMTIME=10.8216
# CPUUSAGE: CPUTIME/WCTIME in percent
CPUUSAGE=95.4047
# MAXVM: maximum virtual memory used in KiB
MAXVM=7226424
# MAXMM: maximum memory used in KiB
MAXMM=6181956
# MAXRSS: maximum Resident Segment Size in KiB
MAXRSS=6197256
# TIMEOUT: did the solver exceed the time limit?
TIMEOUT=true
# MEMOUT: did the solver exceed the memory limit?
MEMOUT=false
# EXITSTATUS: Exit status of the solver
EXITSTATUS=15
