# WCTIME: wall clock time in seconds
WCTIME=280.113
# CPUTIME: CPU time in seconds (USERTIME+SYSTEMTIME)
CPUTIME=263.952
# USERTIME: CPU time spent in user mode in seconds
USERTIME=258.532
# SYSTEMTIME: CPU time spent in system mode in seconds
SYSTEMTIME=5.4209
# CPUUSAGE: CPUTIME/WCTIME in percent
CPUUSAGE=94.2308
# MAXVM: maximum virtual memory used in KiB
MAXVM=3851796
# MAXMM: maximum memory used in KiB
MAXMM=868496
# MAXRSS: maximum Resident Segment Size in KiB
MAXRSS=844316
# TIMEOUT: did the solver exceed the time limit?
TIMEOUT=false
# MEMOUT: did the solver exceed the memory limit?
MEMOUT=false
# EXITSTATUS: Exit status of the solver
EXITSTATUS=0
