# WCTIME: wall clock time in seconds
WCTIME=3.37837
# CPUTIME: CPU time in seconds (USERTIME+SYSTEMTIME)
CPUTIME=2.86758
# USERTIME: CPU time spent in user mode in seconds
USERTIME=2.33604
# SYSTEMTIME: CPU time spent in system mode in seconds
SYSTEMTIME=0.531544
# CPUUSAGE: CPUTIME/WCTIME in percent
CPUUSAGE=84.8805
# MAXVM: maximum virtual memory used in KiB
MAXVM=1825064
# MAXMM: maximum memory used in KiB
MAXMM=160036
# MAXRSS: maximum Resident Segment Size in KiB
MAXRSS=116360
# TIMEOUT: did the solver exceed the time limit?
TIMEOUT=false
# MEMOUT: did the solver exceed the memory limit?
MEMOUT=false
# EXITSTATUS: Exit status of the solver
EXITSTATUS=0
