# WCTIME: wall clock time in seconds
WCTIME=1882.65
# CPUTIME: CPU time in seconds (USERTIME+SYSTEMTIME)
CPUTIME=1800.22
# USERTIME: CPU time spent in user mode in seconds
USERTIME=1792.5
# SYSTEMTIME: CPU time spent in system mode in seconds
SYSTEMTIME=7.71829
# CPUUSAGE: CPUTIME/WCTIME in percent
CPUUSAGE=95.6216
# MAXVM: maximum virtual memory used in KiB
MAXVM=3959532
# MAXMM: maximum memory used in KiB
MAXMM=2954492
# MAXRSS: maximum Resident Segment Size in KiB
MAXRSS=2922280
# TIMEOUT: did the solver exceed the time limit?
TIMEOUT=true
# MEMOUT: did the solver exceed the memory limit?
MEMOUT=false
# EXITSTATUS: Exit status of the solver
EXITSTATUS=15
