# WCTIME: wall clock time in seconds
WCTIME=1893.77
# CPUTIME: CPU time in seconds (USERTIME+SYSTEMTIME)
CPUTIME=1800.22
# USERTIME: CPU time spent in user mode in seconds
USERTIME=1788.32
# SYSTEMTIME: CPU time spent in system mode in seconds
SYSTEMTIME=11.8997
# CPUUSAGE: CPUTIME/WCTIME in percent
CPUUSAGE=95.0602
# MAXVM: maximum virtual memory used in KiB
MAXVM=9204220
# MAXMM: maximum memory used in KiB
MAXMM=8150968
# MAXRSS: maximum Resident Segment Size in KiB
MAXRSS=8103984
# TIMEOUT: did the solver exceed the time limit?
TIMEOUT=true
# MEMOUT: did the solver exceed the memory limit?
MEMOUT=false
# EXITSTATUS: Exit status of the solver
EXITSTATUS=15
