# WCTIME: wall clock time in seconds
WCTIME=1688.66
# CPUTIME: CPU time in seconds (USERTIME+SYSTEMTIME)
CPUTIME=1617.12
# USERTIME: CPU time spent in user mode in seconds
USERTIME=1612.77
# SYSTEMTIME: CPU time spent in system mode in seconds
SYSTEMTIME=4.35241
# CPUUSAGE: CPUTIME/WCTIME in percent
CPUUSAGE=95.7636
# MAXVM: maximum virtual memory used in KiB
MAXVM=4475724
# MAXMM: maximum memory used in KiB
MAXMM=836952
# MAXRSS: maximum Resident Segment Size in KiB
MAXRSS=817472
# TIMEOUT: did the solver exceed the time limit?
TIMEOUT=false
# MEMOUT: did the solver exceed the memory limit?
MEMOUT=false
# EXITSTATUS: Exit status of the solver
EXITSTATUS=0
