# WCTIME: wall clock time in seconds
WCTIME=8.59953
# CPUTIME: CPU time in seconds (USERTIME+SYSTEMTIME)
CPUTIME=7.80509
# USERTIME: CPU time spent in user mode in seconds
USERTIME=3.96349
# SYSTEMTIME: CPU time spent in system mode in seconds
SYSTEMTIME=3.84161
# CPUUSAGE: CPUTIME/WCTIME in percent
CPUUSAGE=90.7619
# MAXVM: maximum virtual memory used in KiB
MAXVM=3894964
# MAXMM: maximum memory used in KiB
MAXMM=373568
# MAXRSS: maximum Resident Segment Size in KiB
MAXRSS=336240
# TIMEOUT: did the solver exceed the time limit?
TIMEOUT=false
# MEMOUT: did the solver exceed the memory limit?
MEMOUT=false
# EXITSTATUS: Exit status of the solver
EXITSTATUS=0
