# WCTIME: wall clock time in seconds
WCTIME=81687.6
# CPUTIME: CPU time in seconds (USERTIME+SYSTEMTIME)
CPUTIME=78503.2
# USERTIME: CPU time spent in user mode in seconds
USERTIME=78204.7
# SYSTEMTIME: CPU time spent in system mode in seconds
SYSTEMTIME=298.514
# CPUUSAGE: CPUTIME/WCTIME in percent
CPUUSAGE=96.1018
# MAXVM: maximum virtual memory used in KiB
MAXVM=29926508
# MAXMM: maximum memory used in KiB
MAXMM=26256852
# MAXRSS: maximum Resident Segment Size in KiB
MAXRSS=26238900
# TIMEOUT: did the solver exceed the time limit?
TIMEOUT=false
# MEMOUT: did the solver exceed the memory limit?
MEMOUT=false
# EXITSTATUS: Exit status of the solver
EXITSTATUS=0
