# WCTIME: wall clock time in seconds
WCTIME=1004.99
# CPUTIME: CPU time in seconds (USERTIME+SYSTEMTIME)
CPUTIME=954.91
# USERTIME: CPU time spent in user mode in seconds
USERTIME=944.548
# SYSTEMTIME: CPU time spent in system mode in seconds
SYSTEMTIME=10.3621
# CPUUSAGE: CPUTIME/WCTIME in percent
CPUUSAGE=95.0173
# MAXVM: maximum virtual memory used in KiB
MAXVM=4513432
# MAXMM: maximum memory used in KiB
MAXMM=1781912
# MAXRSS: maximum Resident Segment Size in KiB
MAXRSS=1744528
# TIMEOUT: did the solver exceed the time limit?
TIMEOUT=false
# MEMOUT: did the solver exceed the memory limit?
MEMOUT=false
# EXITSTATUS: Exit status of the solver
EXITSTATUS=256
