# WCTIME: wall clock time in seconds
WCTIME=1.35918
# CPUTIME: CPU time in seconds (USERTIME+SYSTEMTIME)
CPUTIME=0.835242
# USERTIME: CPU time spent in user mode in seconds
USERTIME=0.332171
# SYSTEMTIME: CPU time spent in system mode in seconds
SYSTEMTIME=0.503071
# CPUUSAGE: CPUTIME/WCTIME in percent
CPUUSAGE=61.4517
# MAXVM: maximum virtual memory used in KiB
MAXVM=1759528
# MAXMM: maximum memory used in KiB
MAXMM=98580
# MAXRSS: maximum Resident Segment Size in KiB
MAXRSS=53728
# TIMEOUT: did the solver exceed the time limit?
TIMEOUT=false
# MEMOUT: did the solver exceed the memory limit?
MEMOUT=false
# EXITSTATUS: Exit status of the solver
EXITSTATUS=0
