# WCTIME: wall clock time in seconds
WCTIME=1684.37
# CPUTIME: CPU time in seconds (USERTIME+SYSTEMTIME)
CPUTIME=1610.45
# USERTIME: CPU time spent in user mode in seconds
USERTIME=1514.06
# SYSTEMTIME: CPU time spent in system mode in seconds
SYSTEMTIME=96.3967
# CPUUSAGE: CPUTIME/WCTIME in percent
CPUUSAGE=95.6118
# MAXVM: maximum virtual memory used in KiB
MAXVM=3791784
# MAXMM: maximum memory used in KiB
MAXMM=327840
# MAXRSS: maximum Resident Segment Size in KiB
MAXRSS=311256
# TIMEOUT: did the solver exceed the time limit?
TIMEOUT=false
# MEMOUT: did the solver exceed the memory limit?
MEMOUT=false
# EXITSTATUS: Exit status of the solver
EXITSTATUS=0
