# WCTIME: wall clock time in seconds
WCTIME=1688.37
# CPUTIME: CPU time in seconds (USERTIME+SYSTEMTIME)
CPUTIME=1600.87
# USERTIME: CPU time spent in user mode in seconds
USERTIME=1589.24
# SYSTEMTIME: CPU time spent in system mode in seconds
SYSTEMTIME=11.6344
# CPUUSAGE: CPUTIME/WCTIME in percent
CPUUSAGE=94.8177
# MAXVM: maximum virtual memory used in KiB
MAXVM=3733964
# MAXMM: maximum memory used in KiB
MAXMM=336672
# MAXRSS: maximum Resident Segment Size in KiB
MAXRSS=317172
# TIMEOUT: did the solver exceed the time limit?
TIMEOUT=false
# MEMOUT: did the solver exceed the memory limit?
MEMOUT=false
# EXITSTATUS: Exit status of the solver
EXITSTATUS=0
