# WCTIME: wall clock time in seconds
WCTIME=1878.55
# CPUTIME: CPU time in seconds (USERTIME+SYSTEMTIME)
CPUTIME=1800.21
# USERTIME: CPU time spent in user mode in seconds
USERTIME=1791.78
# SYSTEMTIME: CPU time spent in system mode in seconds
SYSTEMTIME=8.43695
# CPUUSAGE: CPUTIME/WCTIME in percent
CPUUSAGE=95.8298
# MAXVM: maximum virtual memory used in KiB
MAXVM=1357616
# MAXMM: maximum memory used in KiB
MAXMM=389064
# MAXRSS: maximum Resident Segment Size in KiB
MAXRSS=339212
# TIMEOUT: did the solver exceed the time limit?
TIMEOUT=true
# MEMOUT: did the solver exceed the memory limit?
MEMOUT=false
# EXITSTATUS: Exit status of the solver
EXITSTATUS=15
