# WCTIME: wall clock time in seconds
WCTIME=889.337
# CPUTIME: CPU time in seconds (USERTIME+SYSTEMTIME)
CPUTIME=849.686
# USERTIME: CPU time spent in user mode in seconds
USERTIME=841.788
# SYSTEMTIME: CPU time spent in system mode in seconds
SYSTEMTIME=7.89871
# CPUUSAGE: CPUTIME/WCTIME in percent
CPUUSAGE=95.5415
# MAXVM: maximum virtual memory used in KiB
MAXVM=9187228
# MAXMM: maximum memory used in KiB
MAXMM=8147236
# MAXRSS: maximum Resident Segment Size in KiB
MAXRSS=8108584
# TIMEOUT: did the solver exceed the time limit?
TIMEOUT=false
# MEMOUT: did the solver exceed the memory limit?
MEMOUT=false
# EXITSTATUS: Exit status of the solver
EXITSTATUS=0
