# WCTIME: wall clock time in seconds
WCTIME=428.546
# CPUTIME: CPU time in seconds (USERTIME+SYSTEMTIME)
CPUTIME=410.861
# USERTIME: CPU time spent in user mode in seconds
USERTIME=404.653
# SYSTEMTIME: CPU time spent in system mode in seconds
SYSTEMTIME=6.20753
# CPUUSAGE: CPUTIME/WCTIME in percent
CPUUSAGE=95.8731
# MAXVM: maximum virtual memory used in KiB
MAXVM=9489548
# MAXMM: maximum memory used in KiB
MAXMM=8389248
# MAXRSS: maximum Resident Segment Size in KiB
MAXRSS=8361348
# TIMEOUT: did the solver exceed the time limit?
TIMEOUT=false
# MEMOUT: did the solver exceed the memory limit?
MEMOUT=true
# EXITSTATUS: Exit status of the solver
EXITSTATUS=15
