# WCTIME: wall clock time in seconds
WCTIME=6.93226
# CPUTIME: CPU time in seconds (USERTIME+SYSTEMTIME)
CPUTIME=6.37924
# USERTIME: CPU time spent in user mode in seconds
USERTIME=5.99932
# SYSTEMTIME: CPU time spent in system mode in seconds
SYSTEMTIME=0.37992
# CPUUSAGE: CPUTIME/WCTIME in percent
CPUUSAGE=92.0225
# MAXVM: maximum virtual memory used in KiB
MAXVM=1759528
# MAXMM: maximum memory used in KiB
MAXMM=61528
# MAXRSS: maximum Resident Segment Size in KiB
MAXRSS=27936
# TIMEOUT: did the solver exceed the time limit?
TIMEOUT=false
# MEMOUT: did the solver exceed the memory limit?
MEMOUT=false
# EXITSTATUS: Exit status of the solver
EXITSTATUS=0
