# WCTIME: wall clock time in seconds
WCTIME=20.928
# CPUTIME: CPU time in seconds (USERTIME+SYSTEMTIME)
CPUTIME=14.3101
# USERTIME: CPU time spent in user mode in seconds
USERTIME=9.56376
# SYSTEMTIME: CPU time spent in system mode in seconds
SYSTEMTIME=4.74629
# CPUUSAGE: CPUTIME/WCTIME in percent
CPUUSAGE=68.3775
# MAXVM: maximum virtual memory used in KiB
MAXVM=3585624
# MAXMM: maximum memory used in KiB
MAXMM=509964
# MAXRSS: maximum Resident Segment Size in KiB
MAXRSS=368036
# TIMEOUT: did the solver exceed the time limit?
TIMEOUT=false
# MEMOUT: did the solver exceed the memory limit?
MEMOUT=false
# EXITSTATUS: Exit status of the solver
EXITSTATUS=0
