# WCTIME: wall clock time in seconds
WCTIME=1872.94
# CPUTIME: CPU time in seconds (USERTIME+SYSTEMTIME)
CPUTIME=1800.14
# USERTIME: CPU time spent in user mode in seconds
USERTIME=1797.53
# SYSTEMTIME: CPU time spent in system mode in seconds
SYSTEMTIME=2.61384
# CPUUSAGE: CPUTIME/WCTIME in percent
CPUUSAGE=96.113
# MAXVM: maximum virtual memory used in KiB
MAXVM=1759528
# MAXMM: maximum memory used in KiB
MAXMM=392424
# MAXRSS: maximum Resident Segment Size in KiB
MAXRSS=345820
# TIMEOUT: did the solver exceed the time limit?
TIMEOUT=true
# MEMOUT: did the solver exceed the memory limit?
MEMOUT=false
# EXITSTATUS: Exit status of the solver
EXITSTATUS=15
