# WCTIME: wall clock time in seconds
WCTIME=11.8924
# CPUTIME: CPU time in seconds (USERTIME+SYSTEMTIME)
CPUTIME=10.7323
# USERTIME: CPU time spent in user mode in seconds
USERTIME=4.84528
# SYSTEMTIME: CPU time spent in system mode in seconds
SYSTEMTIME=5.88698
# CPUUSAGE: CPUTIME/WCTIME in percent
CPUUSAGE=90.2445
# MAXVM: maximum virtual memory used in KiB
MAXVM=1751508
# MAXMM: maximum memory used in KiB
MAXMM=167824
# MAXRSS: maximum Resident Segment Size in KiB
MAXRSS=123500
# TIMEOUT: did the solver exceed the time limit?
TIMEOUT=false
# MEMOUT: did the solver exceed the memory limit?
MEMOUT=false
# EXITSTATUS: Exit status of the solver
EXITSTATUS=0
