# WCTIME: wall clock time in seconds
WCTIME=11.7148
# CPUTIME: CPU time in seconds (USERTIME+SYSTEMTIME)
CPUTIME=8.74705
# USERTIME: CPU time spent in user mode in seconds
USERTIME=4.90411
# SYSTEMTIME: CPU time spent in system mode in seconds
SYSTEMTIME=3.84294
# CPUUSAGE: CPUTIME/WCTIME in percent
CPUUSAGE=74.6665
# MAXVM: maximum virtual memory used in KiB
MAXVM=3889908
# MAXMM: maximum memory used in KiB
MAXMM=556820
# MAXRSS: maximum Resident Segment Size in KiB
MAXRSS=327724
# TIMEOUT: did the solver exceed the time limit?
TIMEOUT=false
# MEMOUT: did the solver exceed the memory limit?
MEMOUT=false
# EXITSTATUS: Exit status of the solver
EXITSTATUS=0
