# WCTIME: wall clock time in seconds
WCTIME=1807.59
# CPUTIME: CPU time in seconds (USERTIME+SYSTEMTIME)
CPUTIME=1721.48
# USERTIME: CPU time spent in user mode in seconds
USERTIME=1707.31
# SYSTEMTIME: CPU time spent in system mode in seconds
SYSTEMTIME=14.1692
# CPUUSAGE: CPUTIME/WCTIME in percent
CPUUSAGE=95.2363
# MAXVM: maximum virtual memory used in KiB
MAXVM=7096220
# MAXMM: maximum memory used in KiB
MAXMM=4030972
# MAXRSS: maximum Resident Segment Size in KiB
MAXRSS=3726268
# TIMEOUT: did the solver exceed the time limit?
TIMEOUT=false
# MEMOUT: did the solver exceed the memory limit?
MEMOUT=false
# EXITSTATUS: Exit status of the solver
EXITSTATUS=0
