# WCTIME: wall clock time in seconds
WCTIME=1683.45
# CPUTIME: CPU time in seconds (USERTIME+SYSTEMTIME)
CPUTIME=1619.4
# USERTIME: CPU time spent in user mode in seconds
USERTIME=1615.78
# SYSTEMTIME: CPU time spent in system mode in seconds
SYSTEMTIME=3.62388
# CPUUSAGE: CPUTIME/WCTIME in percent
CPUUSAGE=96.1957
# MAXVM: maximum virtual memory used in KiB
MAXVM=3968256
# MAXMM: maximum memory used in KiB
MAXMM=506612
# MAXRSS: maximum Resident Segment Size in KiB
MAXRSS=489396
# TIMEOUT: did the solver exceed the time limit?
TIMEOUT=false
# MEMOUT: did the solver exceed the memory limit?
MEMOUT=false
# EXITSTATUS: Exit status of the solver
EXITSTATUS=0
