# WCTIME: wall clock time in seconds
WCTIME=17.3116
# CPUTIME: CPU time in seconds (USERTIME+SYSTEMTIME)
CPUTIME=15.0735
# USERTIME: CPU time spent in user mode in seconds
USERTIME=11.1817
# SYSTEMTIME: CPU time spent in system mode in seconds
SYSTEMTIME=3.89181
# CPUUSAGE: CPUTIME/WCTIME in percent
CPUUSAGE=87.0715
# MAXVM: maximum virtual memory used in KiB
MAXVM=3979236
# MAXMM: maximum memory used in KiB
MAXMM=453472
# MAXRSS: maximum Resident Segment Size in KiB
MAXRSS=416924
# TIMEOUT: did the solver exceed the time limit?
TIMEOUT=false
# MEMOUT: did the solver exceed the memory limit?
MEMOUT=false
# EXITSTATUS: Exit status of the solver
EXITSTATUS=0
