# WCTIME: wall clock time in seconds
WCTIME=12.731
# CPUTIME: CPU time in seconds (USERTIME+SYSTEMTIME)
CPUTIME=11.9501
# USERTIME: CPU time spent in user mode in seconds
USERTIME=11.5556
# SYSTEMTIME: CPU time spent in system mode in seconds
SYSTEMTIME=0.394459
# CPUUSAGE: CPUTIME/WCTIME in percent
CPUUSAGE=93.8663
# MAXVM: maximum virtual memory used in KiB
MAXVM=1827116
# MAXMM: maximum memory used in KiB
MAXMM=53628
# MAXRSS: maximum Resident Segment Size in KiB
MAXRSS=28272
# TIMEOUT: did the solver exceed the time limit?
TIMEOUT=false
# MEMOUT: did the solver exceed the memory limit?
MEMOUT=false
# EXITSTATUS: Exit status of the solver
EXITSTATUS=0
