# WCTIME: wall clock time in seconds
WCTIME=1808.07
# CPUTIME: CPU time in seconds (USERTIME+SYSTEMTIME)
CPUTIME=1715.2
# USERTIME: CPU time spent in user mode in seconds
USERTIME=1710.6
# SYSTEMTIME: CPU time spent in system mode in seconds
SYSTEMTIME=4.60017
# CPUUSAGE: CPUTIME/WCTIME in percent
CPUUSAGE=94.8636
# MAXVM: maximum virtual memory used in KiB
MAXVM=3554972
# MAXMM: maximum memory used in KiB
MAXMM=491576
# MAXRSS: maximum Resident Segment Size in KiB
MAXRSS=273264
# TIMEOUT: did the solver exceed the time limit?
TIMEOUT=false
# MEMOUT: did the solver exceed the memory limit?
MEMOUT=false
# EXITSTATUS: Exit status of the solver
EXITSTATUS=0
