# WCTIME: wall clock time in seconds
WCTIME=1.12149
# CPUTIME: CPU time in seconds (USERTIME+SYSTEMTIME)
CPUTIME=0.692041
# USERTIME: CPU time spent in user mode in seconds
USERTIME=0.234446
# SYSTEMTIME: CPU time spent in system mode in seconds
SYSTEMTIME=0.457595
# CPUUSAGE: CPUTIME/WCTIME in percent
CPUUSAGE=61.7073
# MAXVM: maximum virtual memory used in KiB
MAXVM=1075564
# MAXMM: maximum memory used in KiB
MAXMM=49636
# MAXRSS: maximum Resident Segment Size in KiB
MAXRSS=35728
# TIMEOUT: did the solver exceed the time limit?
TIMEOUT=false
# MEMOUT: did the solver exceed the memory limit?
MEMOUT=false
# EXITSTATUS: Exit status of the solver
EXITSTATUS=0
