# WCTIME: wall clock time in seconds
WCTIME=1417.34
# CPUTIME: CPU time in seconds (USERTIME+SYSTEMTIME)
CPUTIME=1361.46
# USERTIME: CPU time spent in user mode in seconds
USERTIME=1352.66
# SYSTEMTIME: CPU time spent in system mode in seconds
SYSTEMTIME=8.79181
# CPUUSAGE: CPUTIME/WCTIME in percent
CPUUSAGE=96.0574
# MAXVM: maximum virtual memory used in KiB
MAXVM=9448624
# MAXMM: maximum memory used in KiB
MAXMM=8388728
# MAXRSS: maximum Resident Segment Size in KiB
MAXRSS=8358916
# TIMEOUT: did the solver exceed the time limit?
TIMEOUT=false
# MEMOUT: did the solver exceed the memory limit?
MEMOUT=true
# EXITSTATUS: Exit status of the solver
EXITSTATUS=15
