# WCTIME: wall clock time in seconds
WCTIME=1875.73
# CPUTIME: CPU time in seconds (USERTIME+SYSTEMTIME)
CPUTIME=1800.57
# USERTIME: CPU time spent in user mode in seconds
USERTIME=1687.09
# SYSTEMTIME: CPU time spent in system mode in seconds
SYSTEMTIME=113.473
# CPUUSAGE: CPUTIME/WCTIME in percent
CPUUSAGE=95.9929
# MAXVM: maximum virtual memory used in KiB
MAXVM=4960792
# MAXMM: maximum memory used in KiB
MAXMM=1497976
# MAXRSS: maximum Resident Segment Size in KiB
MAXRSS=1481328
# TIMEOUT: did the solver exceed the time limit?
TIMEOUT=true
# MEMOUT: did the solver exceed the memory limit?
MEMOUT=false
# EXITSTATUS: Exit status of the solver
EXITSTATUS=0
