# WCTIME: wall clock time in seconds
WCTIME=1682.7
# CPUTIME: CPU time in seconds (USERTIME+SYSTEMTIME)
CPUTIME=1615.18
# USERTIME: CPU time spent in user mode in seconds
USERTIME=1612.93
# SYSTEMTIME: CPU time spent in system mode in seconds
SYSTEMTIME=2.24924
# CPUUSAGE: CPUTIME/WCTIME in percent
CPUUSAGE=95.9873
# MAXVM: maximum virtual memory used in KiB
MAXVM=4105392
# MAXMM: maximum memory used in KiB
MAXMM=718136
# MAXRSS: maximum Resident Segment Size in KiB
MAXRSS=698756
# TIMEOUT: did the solver exceed the time limit?
TIMEOUT=false
# MEMOUT: did the solver exceed the memory limit?
MEMOUT=false
# EXITSTATUS: Exit status of the solver
EXITSTATUS=0
