Timeout reached: floortile-19 (p19.pddl), initial memory: 2584 MB, current memory: 19723 MB
Timeout reached: floortile-18 (p18.pddl), initial memory: 2586 MB, current memory: 21015 MB
Timeout reached: floortile-21 (p21.pddl), initial memory: 2586 MB, current memory: 20990 MB
Timeout reached: floortile-23 (p23.pddl), initial memory: 2589 MB, current memory: 22305 MB
Timeout reached: floortile-24 (p24.pddl), initial memory: 2589 MB, current memory: 22255 MB
Timeout reached: floortile-22 (p22.pddl), initial memory: 2589 MB, current memory: 22348 MB
Timeout reached: floortile-20 (p20.pddl), initial memory: 2589 MB, current memory: 22186 MB
Timeout reached: floortile-26 (p26.pddl), initial memory: 2589 MB, current memory: 23816 MB
Exceeded memory limit: floortile-25 (p25.pddl), initial memory: 2589 MB, current memory: 24577 MB
Exceeded memory limit: floortile-32 (p32.pddl), initial memory: 2589 MB, current memory: 24577 MB
Exceeded memory limit: floortile-33 (p33.pddl), initial memory: 2589 MB, current memory: 24577 MB
Exceeded memory limit: floortile-34 (p34.pddl), initial memory: 2589 MB, current memory: 24577 MB
Exceeded memory limit: floortile-35 (p35.pddl), initial memory: 2589 MB, current memory: 24577 MB
Exceeded memory limit: floortile-36 (p36.pddl), initial memory: 2589 MB, current memory: 24577 MB
Timeout reached: floortile-38 (p38.pddl), initial memory: 2589 MB, current memory: 22670 MB
Exceeded memory limit: floortile-27 (p27.pddl), initial memory: 2589 MB, current memory: 24577 MB
Exceeded memory limit: floortile-28 (p28.pddl), initial memory: 2589 MB, current memory: 24577 MB
Exceeded memory limit: floortile-29 (p29.pddl), initial memory: 2589 MB, current memory: 24577 MB
Exceeded memory limit: floortile-30 (p30.pddl), initial memory: 2589 MB, current memory: 24577 MB
Exceeded memory limit: floortile-31 (p31.pddl), initial memory: 2589 MB, current memory: 24577 MB
Timeout reached: floortile-54 (p54.pddl), initial memory: 2589 MB, current memory: 21037 MB
Exceeded memory limit: floortile-37 (p37.pddl), initial memory: 2589 MB, current memory: 24577 MB
Timeout reached: floortile-47 (p47.pddl), initial memory: 2589 MB, current memory: 21283 MB
Timeout reached: floortile-48 (p48.pddl), initial memory: 2589 MB, current memory: 21655 MB
Timeout reached: floortile-49 (p49.pddl), initial memory: 2589 MB, current memory: 21292 MB
Timeout reached: floortile-51 (p51.pddl), initial memory: 2589 MB, current memory: 20907 MB
Timeout reached: floortile-52 (p52.pddl), initial memory: 2589 MB, current memory: 21331 MB
Timeout reached: floortile-53 (p53.pddl), initial memory: 2589 MB, current memory: 21136 MB
Timeout reached: floortile-50 (p50.pddl), initial memory: 2589 MB, current memory: 21531 MB
Exceeded memory limit: floortile-44 (p44.pddl), initial memory: 2589 MB, current memory: 24577 MB
Exceeded memory limit: floortile-43 (p43.pddl), initial memory: 2589 MB, current memory: 24577 MB
Exceeded memory limit: floortile-42 (p42.pddl), initial memory: 2589 MB, current memory: 24577 MB
Exceeded memory limit: floortile-41 (p41.pddl), initial memory: 2589 MB, current memory: 24577 MB
Exceeded memory limit: floortile-40 (p40.pddl), initial memory: 2589 MB, current memory: 24577 MB
Timeout reached: floortile-56 (p56.pddl), initial memory: 2589 MB, current memory: 20494 MB
Timeout reached: floortile-55 (p55.pddl), initial memory: 2589 MB, current memory: 20534 MB
Timeout reached: floortile-69 (p69.pddl), initial memory: 2589 MB, current memory: 19123 MB
Timeout reached: floortile-67 (p67.pddl), initial memory: 2589 MB, current memory: 20663 MB
Timeout reached: floortile-66 (p66.pddl), initial memory: 2589 MB, current memory: 20047 MB
Timeout reached: floortile-65 (p65.pddl), initial memory: 2589 MB, current memory: 19685 MB
Timeout reached: floortile-64 (p64.pddl), initial memory: 2589 MB, current memory: 20104 MB
Timeout reached: floortile-63 (p63.pddl), initial memory: 2589 MB, current memory: 20188 MB
Timeout reached: floortile-62 (p62.pddl), initial memory: 2589 MB, current memory: 20148 MB
Timeout reached: floortile-61 (p61.pddl), initial memory: 2589 MB, current memory: 20316 MB
Timeout reached: floortile-45 (p45.pddl), initial memory: 2589 MB, current memory: 20159 MB
Timeout reached: floortile-57 (p57.pddl), initial memory: 2589 MB, current memory: 20905 MB
Timeout reached: floortile-58 (p58.pddl), initial memory: 2589 MB, current memory: 20303 MB
Timeout reached: floortile-59 (p59.pddl), initial memory: 2589 MB, current memory: 20648 MB
Timeout reached: floortile-60 (p60.pddl), initial memory: 2589 MB, current memory: 20432 MB
Timeout reached: floortile-46 (p46.pddl), initial memory: 2589 MB, current memory: 19984 MB
Exceeded memory limit: floortile-39 (p39.pddl), initial memory: 2589 MB, current memory: 24577 MB
Timeout reached: floortile-87 (p87.pddl), initial memory: 2589 MB, current memory: 20406 MB
Timeout reached: floortile-86 (p86.pddl), initial memory: 2589 MB, current memory: 21518 MB
Timeout reached: floortile-85 (p85.pddl), initial memory: 2589 MB, current memory: 20339 MB
Timeout reached: floortile-84 (p84.pddl), initial memory: 2589 MB, current memory: 20186 MB
Timeout reached: floortile-83 (p83.pddl), initial memory: 2589 MB, current memory: 21228 MB
Timeout reached: floortile-82 (p82.pddl), initial memory: 2589 MB, current memory: 20867 MB
Timeout reached: floortile-81 (p81.pddl), initial memory: 2589 MB, current memory: 21121 MB
Timeout reached: floortile-80 (p80.pddl), initial memory: 2589 MB, current memory: 21424 MB
Timeout reached: floortile-79 (p79.pddl), initial memory: 2589 MB, current memory: 20848 MB
Timeout reached: floortile-72 (p72.pddl), initial memory: 2589 MB, current memory: 19893 MB
Timeout reached: floortile-71 (p71.pddl), initial memory: 2589 MB, current memory: 19649 MB
Timeout reached: floortile-70 (p70.pddl), initial memory: 2589 MB, current memory: 19643 MB
Timeout reached: floortile-77 (p77.pddl), initial memory: 2589 MB, current memory: 21559 MB
Timeout reached: floortile-76 (p76.pddl), initial memory: 2589 MB, current memory: 21381 MB
Timeout reached: floortile-75 (p75.pddl), initial memory: 2589 MB, current memory: 21436 MB
Timeout reached: floortile-74 (p74.pddl), initial memory: 2589 MB, current memory: 22179 MB
Timeout reached: floortile-73 (p73.pddl), initial memory: 2589 MB, current memory: 21920 MB
Timeout reached: floortile-68 (p68.pddl), initial memory: 2589 MB, current memory: 20004 MB
Timeout reached: floortile-78 (p78.pddl), initial memory: 2589 MB, current memory: 22630 MB
Timeout reached: floortile-98 (p98.pddl), initial memory: 2589 MB, current memory: 22455 MB
Timeout reached: floortile-97 (p97.pddl), initial memory: 2589 MB, current memory: 21590 MB
Timeout reached: floortile-96 (p96.pddl), initial memory: 2589 MB, current memory: 22531 MB
Timeout reached: floortile-95 (p95.pddl), initial memory: 2589 MB, current memory: 21618 MB
Timeout reached: floortile-94 (p94.pddl), initial memory: 2589 MB, current memory: 22448 MB
Timeout reached: floortile-93 (p93.pddl), initial memory: 2589 MB, current memory: 22129 MB
Timeout reached: floortile-92 (p92.pddl), initial memory: 2589 MB, current memory: 21349 MB
Timeout reached: floortile-91 (p91.pddl), initial memory: 2589 MB, current memory: 22171 MB
Timeout reached: floortile-90 (p90.pddl), initial memory: 2589 MB, current memory: 20813 MB
Timeout reached: floortile-89 (p89.pddl), initial memory: 2589 MB, current memory: 21959 MB
Timeout reached: floortile-99 (p99.pddl), initial memory: 2589 MB, current memory: 22594 MB
Timeout reached: floortile-88 (p88.pddl), initial memory: 2589 MB, current memory: 19175 MB
terminate called after throwing an instance of 'std::out_of_range'
  what():  _Map_base::at
Aborted
