# WCTIME: wall clock time in seconds
WCTIME=1.1269
# CPUTIME: CPU time in seconds (USERTIME+SYSTEMTIME)
CPUTIME=0.82301
# USERTIME: CPU time spent in user mode in seconds
USERTIME=0.358959
# SYSTEMTIME: CPU time spent in system mode in seconds
SYSTEMTIME=0.464051
# CPUUSAGE: CPUTIME/WCTIME in percent
CPUUSAGE=73.0328
# MAXVM: maximum virtual memory used in KiB
MAXVM=1139448
# MAXMM: maximum memory used in KiB
MAXMM=45920
# MAXRSS: maximum Resident Segment Size in KiB
MAXRSS=54344
# TIMEOUT: did the solver exceed the time limit?
TIMEOUT=false
# MEMOUT: did the solver exceed the memory limit?
MEMOUT=false
# EXITSTATUS: Exit status of the solver
EXITSTATUS=0
