# WCTIME: wall clock time in seconds
WCTIME=236.276
# CPUTIME: CPU time in seconds (USERTIME+SYSTEMTIME)
CPUTIME=224.943
# USERTIME: CPU time spent in user mode in seconds
USERTIME=219.573
# SYSTEMTIME: CPU time spent in system mode in seconds
SYSTEMTIME=5.37055
# CPUUSAGE: CPUTIME/WCTIME in percent
CPUUSAGE=95.2037
# MAXVM: maximum virtual memory used in KiB
MAXVM=3668888
# MAXMM: maximum memory used in KiB
MAXMM=275444
# MAXRSS: maximum Resident Segment Size in KiB
MAXRSS=258112
# TIMEOUT: did the solver exceed the time limit?
TIMEOUT=false
# MEMOUT: did the solver exceed the memory limit?
MEMOUT=false
# EXITSTATUS: Exit status of the solver
EXITSTATUS=0
