# WCTIME: wall clock time in seconds
WCTIME=21.4353
# CPUTIME: CPU time in seconds (USERTIME+SYSTEMTIME)
CPUTIME=19.086
# USERTIME: CPU time spent in user mode in seconds
USERTIME=15.5566
# SYSTEMTIME: CPU time spent in system mode in seconds
SYSTEMTIME=3.52933
# CPUUSAGE: CPUTIME/WCTIME in percent
CPUUSAGE=89.04
# MAXVM: maximum virtual memory used in KiB
MAXVM=3627956
# MAXMM: maximum memory used in KiB
MAXMM=565040
# MAXRSS: maximum Resident Segment Size in KiB
MAXRSS=273248
# TIMEOUT: did the solver exceed the time limit?
TIMEOUT=false
# MEMOUT: did the solver exceed the memory limit?
MEMOUT=false
# EXITSTATUS: Exit status of the solver
EXITSTATUS=0
