# WCTIME: wall clock time in seconds
WCTIME=3.76382
# CPUTIME: CPU time in seconds (USERTIME+SYSTEMTIME)
CPUTIME=3.39069
# USERTIME: CPU time spent in user mode in seconds
USERTIME=2.06806
# SYSTEMTIME: CPU time spent in system mode in seconds
SYSTEMTIME=1.32263
# CPUUSAGE: CPUTIME/WCTIME in percent
CPUUSAGE=90.0862
# MAXVM: maximum virtual memory used in KiB
MAXVM=1692128
# MAXMM: maximum memory used in KiB
MAXMM=166012
# MAXRSS: maximum Resident Segment Size in KiB
MAXRSS=120312
# TIMEOUT: did the solver exceed the time limit?
TIMEOUT=false
# MEMOUT: did the solver exceed the memory limit?
MEMOUT=false
# EXITSTATUS: Exit status of the solver
EXITSTATUS=0
