# WCTIME: wall clock time in seconds
WCTIME=1863.42
# CPUTIME: CPU time in seconds (USERTIME+SYSTEMTIME)
CPUTIME=1800.63
# USERTIME: CPU time spent in user mode in seconds
USERTIME=1796.98
# SYSTEMTIME: CPU time spent in system mode in seconds
SYSTEMTIME=3.64608
# CPUUSAGE: CPUTIME/WCTIME in percent
CPUUSAGE=96.6304
# MAXVM: maximum virtual memory used in KiB
MAXVM=4599108
# MAXMM: maximum memory used in KiB
MAXMM=1119360
# MAXRSS: maximum Resident Segment Size in KiB
MAXRSS=1114364
# TIMEOUT: did the solver exceed the time limit?
TIMEOUT=true
# MEMOUT: did the solver exceed the memory limit?
MEMOUT=false
# EXITSTATUS: Exit status of the solver
EXITSTATUS=0
