# WCTIME: wall clock time in seconds
WCTIME=53.4614
# CPUTIME: CPU time in seconds (USERTIME+SYSTEMTIME)
CPUTIME=51.2555
# USERTIME: CPU time spent in user mode in seconds
USERTIME=38.0134
# SYSTEMTIME: CPU time spent in system mode in seconds
SYSTEMTIME=13.2421
# CPUUSAGE: CPUTIME/WCTIME in percent
CPUUSAGE=95.8739
# MAXVM: maximum virtual memory used in KiB
MAXVM=10193396
# MAXMM: maximum memory used in KiB
MAXMM=6772792
# MAXRSS: maximum Resident Segment Size in KiB
MAXRSS=6763280
# TIMEOUT: did the solver exceed the time limit?
TIMEOUT=false
# MEMOUT: did the solver exceed the memory limit?
MEMOUT=false
# EXITSTATUS: Exit status of the solver
EXITSTATUS=0
