# WCTIME: wall clock time in seconds
WCTIME=247.835
# CPUTIME: CPU time in seconds (USERTIME+SYSTEMTIME)
CPUTIME=235.894
# USERTIME: CPU time spent in user mode in seconds
USERTIME=223.569
# SYSTEMTIME: CPU time spent in system mode in seconds
SYSTEMTIME=12.3248
# CPUUSAGE: CPUTIME/WCTIME in percent
CPUUSAGE=95.1818
# MAXVM: maximum virtual memory used in KiB
MAXVM=9199780
# MAXMM: maximum memory used in KiB
MAXMM=8139096
# MAXRSS: maximum Resident Segment Size in KiB
MAXRSS=8091696
# TIMEOUT: did the solver exceed the time limit?
TIMEOUT=false
# MEMOUT: did the solver exceed the memory limit?
MEMOUT=false
# EXITSTATUS: Exit status of the solver
EXITSTATUS=0
