# WCTIME: wall clock time in seconds
WCTIME=1880.85
# CPUTIME: CPU time in seconds (USERTIME+SYSTEMTIME)
CPUTIME=1800.2
# USERTIME: CPU time spent in user mode in seconds
USERTIME=1795.23
# SYSTEMTIME: CPU time spent in system mode in seconds
SYSTEMTIME=4.97742
# CPUUSAGE: CPUTIME/WCTIME in percent
CPUUSAGE=95.7123
# MAXVM: maximum virtual memory used in KiB
MAXVM=1548948
# MAXMM: maximum memory used in KiB
MAXMM=507580
# MAXRSS: maximum Resident Segment Size in KiB
MAXRSS=461944
# TIMEOUT: did the solver exceed the time limit?
TIMEOUT=true
# MEMOUT: did the solver exceed the memory limit?
MEMOUT=false
# EXITSTATUS: Exit status of the solver
EXITSTATUS=15
