# WCTIME: wall clock time in seconds
WCTIME=86400.3
# CPUTIME: CPU time in seconds (USERTIME+SYSTEMTIME)
CPUTIME=81413.9
# USERTIME: CPU time spent in user mode in seconds
USERTIME=81106.4
# SYSTEMTIME: CPU time spent in system mode in seconds
SYSTEMTIME=307.518
# CPUUSAGE: CPUTIME/WCTIME in percent
CPUUSAGE=94.2287
# MAXVM: maximum virtual memory used in KiB
MAXVM=3617396
# MAXMM: maximum memory used in KiB
MAXMM=1114280
# MAXRSS: maximum Resident Segment Size in KiB
MAXRSS=1080188
# TIMEOUT: did the solver exceed the time limit?
TIMEOUT=true
# MEMOUT: did the solver exceed the memory limit?
MEMOUT=false
# EXITSTATUS: Exit status of the solver
EXITSTATUS=256
