# WCTIME: wall clock time in seconds
WCTIME=899.594
# CPUTIME: CPU time in seconds (USERTIME+SYSTEMTIME)
CPUTIME=861.62
# USERTIME: CPU time spent in user mode in seconds
USERTIME=854.701
# SYSTEMTIME: CPU time spent in system mode in seconds
SYSTEMTIME=6.91881
# CPUUSAGE: CPUTIME/WCTIME in percent
CPUUSAGE=95.7788
# MAXVM: maximum virtual memory used in KiB
MAXVM=4164932
# MAXMM: maximum memory used in KiB
MAXMM=666596
# MAXRSS: maximum Resident Segment Size in KiB
MAXRSS=624656
# TIMEOUT: did the solver exceed the time limit?
TIMEOUT=false
# MEMOUT: did the solver exceed the memory limit?
MEMOUT=false
# EXITSTATUS: Exit status of the solver
EXITSTATUS=256
