# WCTIME: wall clock time in seconds
WCTIME=1795.84
# CPUTIME: CPU time in seconds (USERTIME+SYSTEMTIME)
CPUTIME=1725.54
# USERTIME: CPU time spent in user mode in seconds
USERTIME=1693.33
# SYSTEMTIME: CPU time spent in system mode in seconds
SYSTEMTIME=32.2016
# CPUUSAGE: CPUTIME/WCTIME in percent
CPUUSAGE=96.085
# MAXVM: maximum virtual memory used in KiB
MAXVM=3115164
# MAXMM: maximum memory used in KiB
MAXMM=2022076
# MAXRSS: maximum Resident Segment Size in KiB
MAXRSS=1978060
# TIMEOUT: did the solver exceed the time limit?
TIMEOUT=false
# MEMOUT: did the solver exceed the memory limit?
MEMOUT=false
# EXITSTATUS: Exit status of the solver
EXITSTATUS=0
