# WCTIME: wall clock time in seconds
WCTIME=9.89516
# CPUTIME: CPU time in seconds (USERTIME+SYSTEMTIME)
CPUTIME=7.76789
# USERTIME: CPU time spent in user mode in seconds
USERTIME=3.76911
# SYSTEMTIME: CPU time spent in system mode in seconds
SYSTEMTIME=3.99878
# CPUUSAGE: CPUTIME/WCTIME in percent
CPUUSAGE=78.5019
# MAXVM: maximum virtual memory used in KiB
MAXVM=3894804
# MAXMM: maximum memory used in KiB
MAXMM=373008
# MAXRSS: maximum Resident Segment Size in KiB
MAXRSS=333392
# TIMEOUT: did the solver exceed the time limit?
TIMEOUT=false
# MEMOUT: did the solver exceed the memory limit?
MEMOUT=false
# EXITSTATUS: Exit status of the solver
EXITSTATUS=0
