# WCTIME: wall clock time in seconds
WCTIME=1687.17
# CPUTIME: CPU time in seconds (USERTIME+SYSTEMTIME)
CPUTIME=1622.79
# USERTIME: CPU time spent in user mode in seconds
USERTIME=1611.56
# SYSTEMTIME: CPU time spent in system mode in seconds
SYSTEMTIME=11.2239
# CPUUSAGE: CPUTIME/WCTIME in percent
CPUUSAGE=96.1842
# MAXVM: maximum virtual memory used in KiB
MAXVM=8292540
# MAXMM: maximum memory used in KiB
MAXMM=4862632
# MAXRSS: maximum Resident Segment Size in KiB
MAXRSS=4870120
# TIMEOUT: did the solver exceed the time limit?
TIMEOUT=false
# MEMOUT: did the solver exceed the memory limit?
MEMOUT=false
# EXITSTATUS: Exit status of the solver
EXITSTATUS=0
