# WCTIME: wall clock time in seconds
WCTIME=9.1558
# CPUTIME: CPU time in seconds (USERTIME+SYSTEMTIME)
CPUTIME=7.00244
# USERTIME: CPU time spent in user mode in seconds
USERTIME=3.44458
# SYSTEMTIME: CPU time spent in system mode in seconds
SYSTEMTIME=3.55786
# CPUUSAGE: CPUTIME/WCTIME in percent
CPUUSAGE=76.4809
# MAXVM: maximum virtual memory used in KiB
MAXVM=3570648
# MAXMM: maximum memory used in KiB
MAXMM=510856
# MAXRSS: maximum Resident Segment Size in KiB
MAXRSS=273248
# TIMEOUT: did the solver exceed the time limit?
TIMEOUT=false
# MEMOUT: did the solver exceed the memory limit?
MEMOUT=false
# EXITSTATUS: Exit status of the solver
EXITSTATUS=0
