# WCTIME: wall clock time in seconds
WCTIME=1.59457
# CPUTIME: CPU time in seconds (USERTIME+SYSTEMTIME)
CPUTIME=1.12612
# USERTIME: CPU time spent in user mode in seconds
USERTIME=0.617381
# SYSTEMTIME: CPU time spent in system mode in seconds
SYSTEMTIME=0.508741
# CPUUSAGE: CPUTIME/WCTIME in percent
CPUUSAGE=70.6223
# MAXVM: maximum virtual memory used in KiB
MAXVM=1200008
# MAXMM: maximum memory used in KiB
MAXMM=118064
# MAXRSS: maximum Resident Segment Size in KiB
MAXRSS=79968
# TIMEOUT: did the solver exceed the time limit?
TIMEOUT=false
# MEMOUT: did the solver exceed the memory limit?
MEMOUT=false
# EXITSTATUS: Exit status of the solver
EXITSTATUS=0
