# WCTIME: wall clock time in seconds
WCTIME=3.27832
# CPUTIME: CPU time in seconds (USERTIME+SYSTEMTIME)
CPUTIME=2.72878
# USERTIME: CPU time spent in user mode in seconds
USERTIME=0.872771
# SYSTEMTIME: CPU time spent in system mode in seconds
SYSTEMTIME=1.85601
# CPUUSAGE: CPUTIME/WCTIME in percent
CPUUSAGE=83.2371
# MAXVM: maximum virtual memory used in KiB
MAXVM=3628240
# MAXMM: maximum memory used in KiB
MAXMM=238076
# MAXRSS: maximum Resident Segment Size in KiB
MAXRSS=220924
# TIMEOUT: did the solver exceed the time limit?
TIMEOUT=false
# MEMOUT: did the solver exceed the memory limit?
MEMOUT=false
# EXITSTATUS: Exit status of the solver
EXITSTATUS=0
