# WCTIME: wall clock time in seconds
WCTIME=11.1397
# CPUTIME: CPU time in seconds (USERTIME+SYSTEMTIME)
CPUTIME=8.54217
# USERTIME: CPU time spent in user mode in seconds
USERTIME=4.45512
# SYSTEMTIME: CPU time spent in system mode in seconds
SYSTEMTIME=4.08705
# CPUUSAGE: CPUTIME/WCTIME in percent
CPUUSAGE=76.6824
# MAXVM: maximum virtual memory used in KiB
MAXVM=3966556
# MAXMM: maximum memory used in KiB
MAXMM=379508
# MAXRSS: maximum Resident Segment Size in KiB
MAXRSS=340988
# TIMEOUT: did the solver exceed the time limit?
TIMEOUT=false
# MEMOUT: did the solver exceed the memory limit?
MEMOUT=false
# EXITSTATUS: Exit status of the solver
EXITSTATUS=0
