# WCTIME: wall clock time in seconds
WCTIME=8.29093
# CPUTIME: CPU time in seconds (USERTIME+SYSTEMTIME)
CPUTIME=7.46583
# USERTIME: CPU time spent in user mode in seconds
USERTIME=7.01578
# SYSTEMTIME: CPU time spent in system mode in seconds
SYSTEMTIME=0.450049
# CPUUSAGE: CPUTIME/WCTIME in percent
CPUUSAGE=90.0482
# MAXVM: maximum virtual memory used in KiB
MAXVM=1057596
# MAXMM: maximum memory used in KiB
MAXMM=99104
# MAXRSS: maximum Resident Segment Size in KiB
MAXRSS=60272
# TIMEOUT: did the solver exceed the time limit?
TIMEOUT=false
# MEMOUT: did the solver exceed the memory limit?
MEMOUT=false
# EXITSTATUS: Exit status of the solver
EXITSTATUS=0
