# WCTIME: wall clock time in seconds
WCTIME=1007.06
# CPUTIME: CPU time in seconds (USERTIME+SYSTEMTIME)
CPUTIME=965.216
# USERTIME: CPU time spent in user mode in seconds
USERTIME=959.675
# SYSTEMTIME: CPU time spent in system mode in seconds
SYSTEMTIME=5.54161
# CPUUSAGE: CPUTIME/WCTIME in percent
CPUUSAGE=95.8448
# MAXVM: maximum virtual memory used in KiB
MAXVM=5064876
# MAXMM: maximum memory used in KiB
MAXMM=2068508
# MAXRSS: maximum Resident Segment Size in KiB
MAXRSS=1763980
# TIMEOUT: did the solver exceed the time limit?
TIMEOUT=false
# MEMOUT: did the solver exceed the memory limit?
MEMOUT=false
# EXITSTATUS: Exit status of the solver
EXITSTATUS=0
