# WCTIME: wall clock time in seconds
WCTIME=53.2527
# CPUTIME: CPU time in seconds (USERTIME+SYSTEMTIME)
CPUTIME=50.4608
# USERTIME: CPU time spent in user mode in seconds
USERTIME=38.2499
# SYSTEMTIME: CPU time spent in system mode in seconds
SYSTEMTIME=12.2109
# CPUUSAGE: CPUTIME/WCTIME in percent
CPUUSAGE=94.7574
# MAXVM: maximum virtual memory used in KiB
MAXVM=10188364
# MAXMM: maximum memory used in KiB
MAXMM=6768144
# MAXRSS: maximum Resident Segment Size in KiB
MAXRSS=6757240
# TIMEOUT: did the solver exceed the time limit?
TIMEOUT=false
# MEMOUT: did the solver exceed the memory limit?
MEMOUT=false
# EXITSTATUS: Exit status of the solver
EXITSTATUS=0
