# WCTIME: wall clock time in seconds
WCTIME=1887.9
# CPUTIME: CPU time in seconds (USERTIME+SYSTEMTIME)
CPUTIME=1800.26
# USERTIME: CPU time spent in user mode in seconds
USERTIME=1630.17
# SYSTEMTIME: CPU time spent in system mode in seconds
SYSTEMTIME=170.087
# CPUUSAGE: CPUTIME/WCTIME in percent
CPUUSAGE=95.3577
# MAXVM: maximum virtual memory used in KiB
MAXVM=2815560
# MAXMM: maximum memory used in KiB
MAXMM=1790192
# MAXRSS: maximum Resident Segment Size in KiB
MAXRSS=1749548
# TIMEOUT: did the solver exceed the time limit?
TIMEOUT=true
# MEMOUT: did the solver exceed the memory limit?
MEMOUT=false
# EXITSTATUS: Exit status of the solver
EXITSTATUS=15
