# WCTIME: wall clock time in seconds
WCTIME=1.03232
# CPUTIME: CPU time in seconds (USERTIME+SYSTEMTIME)
CPUTIME=0.753478
# USERTIME: CPU time spent in user mode in seconds
USERTIME=0.405898
# SYSTEMTIME: CPU time spent in system mode in seconds
SYSTEMTIME=0.34758
# CPUUSAGE: CPUTIME/WCTIME in percent
CPUUSAGE=72.9886
# MAXVM: maximum virtual memory used in KiB
MAXVM=1028596
# MAXMM: maximum memory used in KiB
MAXMM=60484
# MAXRSS: maximum Resident Segment Size in KiB
MAXRSS=25892
# TIMEOUT: did the solver exceed the time limit?
TIMEOUT=false
# MEMOUT: did the solver exceed the memory limit?
MEMOUT=false
# EXITSTATUS: Exit status of the solver
EXITSTATUS=0
