# WCTIME: wall clock time in seconds
WCTIME=456.627
# CPUTIME: CPU time in seconds (USERTIME+SYSTEMTIME)
CPUTIME=436.973
# USERTIME: CPU time spent in user mode in seconds
USERTIME=430.643
# SYSTEMTIME: CPU time spent in system mode in seconds
SYSTEMTIME=6.33013
# CPUUSAGE: CPUTIME/WCTIME in percent
CPUUSAGE=95.6957
# MAXVM: maximum virtual memory used in KiB
MAXVM=9187192
# MAXMM: maximum memory used in KiB
MAXMM=8142488
# MAXRSS: maximum Resident Segment Size in KiB
MAXRSS=8103824
# TIMEOUT: did the solver exceed the time limit?
TIMEOUT=false
# MEMOUT: did the solver exceed the memory limit?
MEMOUT=false
# EXITSTATUS: Exit status of the solver
EXITSTATUS=0
