# WCTIME: wall clock time in seconds
WCTIME=2.04112
# CPUTIME: CPU time in seconds (USERTIME+SYSTEMTIME)
CPUTIME=1.00718
# USERTIME: CPU time spent in user mode in seconds
USERTIME=0.472057
# SYSTEMTIME: CPU time spent in system mode in seconds
SYSTEMTIME=0.535124
# CPUUSAGE: CPUTIME/WCTIME in percent
CPUUSAGE=49.3446
# MAXVM: maximum virtual memory used in KiB
MAXVM=1819096
# MAXMM: maximum memory used in KiB
MAXMM=25232
# MAXRSS: maximum Resident Segment Size in KiB
MAXRSS=25936
# TIMEOUT: did the solver exceed the time limit?
TIMEOUT=false
# MEMOUT: did the solver exceed the memory limit?
MEMOUT=false
# EXITSTATUS: Exit status of the solver
EXITSTATUS=0
