# WCTIME: wall clock time in seconds
WCTIME=15.8369
# CPUTIME: CPU time in seconds (USERTIME+SYSTEMTIME)
CPUTIME=13.9173
# USERTIME: CPU time spent in user mode in seconds
USERTIME=12.3205
# SYSTEMTIME: CPU time spent in system mode in seconds
SYSTEMTIME=1.59684
# CPUUSAGE: CPUTIME/WCTIME in percent
CPUUSAGE=87.8787
# MAXVM: maximum virtual memory used in KiB
MAXVM=1759716
# MAXMM: maximum memory used in KiB
MAXMM=35156
# MAXRSS: maximum Resident Segment Size in KiB
MAXRSS=27944
# TIMEOUT: did the solver exceed the time limit?
TIMEOUT=false
# MEMOUT: did the solver exceed the memory limit?
MEMOUT=false
# EXITSTATUS: Exit status of the solver
EXITSTATUS=34304
