# WCTIME: wall clock time in seconds
WCTIME=9.48316
# CPUTIME: CPU time in seconds (USERTIME+SYSTEMTIME)
CPUTIME=8.71495
# USERTIME: CPU time spent in user mode in seconds
USERTIME=6.87826
# SYSTEMTIME: CPU time spent in system mode in seconds
SYSTEMTIME=1.83669
# CPUUSAGE: CPUTIME/WCTIME in percent
CPUUSAGE=91.8992
# MAXVM: maximum virtual memory used in KiB
MAXVM=3700212
# MAXMM: maximum memory used in KiB
MAXMM=243568
# MAXRSS: maximum Resident Segment Size in KiB
MAXRSS=224140
# TIMEOUT: did the solver exceed the time limit?
TIMEOUT=false
# MEMOUT: did the solver exceed the memory limit?
MEMOUT=false
# EXITSTATUS: Exit status of the solver
EXITSTATUS=0
