# WCTIME: wall clock time in seconds
WCTIME=8.51962
# CPUTIME: CPU time in seconds (USERTIME+SYSTEMTIME)
CPUTIME=5.83394
# USERTIME: CPU time spent in user mode in seconds
USERTIME=2.40201
# SYSTEMTIME: CPU time spent in system mode in seconds
SYSTEMTIME=3.43193
# CPUUSAGE: CPUTIME/WCTIME in percent
CPUUSAGE=68.4765
# MAXVM: maximum virtual memory used in KiB
MAXVM=3540932
# MAXMM: maximum memory used in KiB
MAXMM=475740
# MAXRSS: maximum Resident Segment Size in KiB
MAXRSS=293388
# TIMEOUT: did the solver exceed the time limit?
TIMEOUT=false
# MEMOUT: did the solver exceed the memory limit?
MEMOUT=false
# EXITSTATUS: Exit status of the solver
EXITSTATUS=0
