# WCTIME: wall clock time in seconds
WCTIME=15.3651
# CPUTIME: CPU time in seconds (USERTIME+SYSTEMTIME)
CPUTIME=14.3318
# USERTIME: CPU time spent in user mode in seconds
USERTIME=12.6986
# SYSTEMTIME: CPU time spent in system mode in seconds
SYSTEMTIME=1.63324
# CPUUSAGE: CPUTIME/WCTIME in percent
CPUUSAGE=93.2751
# MAXVM: maximum virtual memory used in KiB
MAXVM=986528
# MAXMM: maximum memory used in KiB
MAXMM=35400
# MAXRSS: maximum Resident Segment Size in KiB
MAXRSS=27980
# TIMEOUT: did the solver exceed the time limit?
TIMEOUT=false
# MEMOUT: did the solver exceed the memory limit?
MEMOUT=false
# EXITSTATUS: Exit status of the solver
EXITSTATUS=34304
