# WCTIME: wall clock time in seconds
WCTIME=1879.03
# CPUTIME: CPU time in seconds (USERTIME+SYSTEMTIME)
CPUTIME=1800.36
# USERTIME: CPU time spent in user mode in seconds
USERTIME=1788.62
# SYSTEMTIME: CPU time spent in system mode in seconds
SYSTEMTIME=11.7345
# CPUUSAGE: CPUTIME/WCTIME in percent
CPUUSAGE=95.8131
# MAXVM: maximum virtual memory used in KiB
MAXVM=4544108
# MAXMM: maximum memory used in KiB
MAXMM=3547228
# MAXRSS: maximum Resident Segment Size in KiB
MAXRSS=3507060
# TIMEOUT: did the solver exceed the time limit?
TIMEOUT=true
# MEMOUT: did the solver exceed the memory limit?
MEMOUT=false
# EXITSTATUS: Exit status of the solver
EXITSTATUS=15
