# WCTIME: wall clock time in seconds
WCTIME=782.294
# CPUTIME: CPU time in seconds (USERTIME+SYSTEMTIME)
CPUTIME=747.641
# USERTIME: CPU time spent in user mode in seconds
USERTIME=722.702
# SYSTEMTIME: CPU time spent in system mode in seconds
SYSTEMTIME=24.9384
# CPUUSAGE: CPUTIME/WCTIME in percent
CPUUSAGE=95.5703
# MAXVM: maximum virtual memory used in KiB
MAXVM=10198828
# MAXMM: maximum memory used in KiB
MAXMM=5166568
# MAXRSS: maximum Resident Segment Size in KiB
MAXRSS=5149152
# TIMEOUT: did the solver exceed the time limit?
TIMEOUT=false
# MEMOUT: did the solver exceed the memory limit?
MEMOUT=false
# EXITSTATUS: Exit status of the solver
EXITSTATUS=0
