# WCTIME: wall clock time in seconds
WCTIME=407.356
# CPUTIME: CPU time in seconds (USERTIME+SYSTEMTIME)
CPUTIME=386.641
# USERTIME: CPU time spent in user mode in seconds
USERTIME=252.863
# SYSTEMTIME: CPU time spent in system mode in seconds
SYSTEMTIME=133.778
# CPUUSAGE: CPUTIME/WCTIME in percent
CPUUSAGE=94.9149
# MAXVM: maximum virtual memory used in KiB
MAXVM=6079480
# MAXMM: maximum memory used in KiB
MAXMM=4900088
# MAXRSS: maximum Resident Segment Size in KiB
MAXRSS=4853760
# TIMEOUT: did the solver exceed the time limit?
TIMEOUT=false
# MEMOUT: did the solver exceed the memory limit?
MEMOUT=false
# EXITSTATUS: Exit status of the solver
EXITSTATUS=0
