# WCTIME: wall clock time in seconds
WCTIME=1683.21
# CPUTIME: CPU time in seconds (USERTIME+SYSTEMTIME)
CPUTIME=1596
# USERTIME: CPU time spent in user mode in seconds
USERTIME=1592.23
# SYSTEMTIME: CPU time spent in system mode in seconds
SYSTEMTIME=3.77249
# CPUUSAGE: CPUTIME/WCTIME in percent
CPUUSAGE=94.819
# MAXVM: maximum virtual memory used in KiB
MAXVM=3796412
# MAXMM: maximum memory used in KiB
MAXMM=402560
# MAXRSS: maximum Resident Segment Size in KiB
MAXRSS=385136
# TIMEOUT: did the solver exceed the time limit?
TIMEOUT=false
# MEMOUT: did the solver exceed the memory limit?
MEMOUT=false
# EXITSTATUS: Exit status of the solver
EXITSTATUS=0
