# WCTIME: wall clock time in seconds
WCTIME=7.63536
# CPUTIME: CPU time in seconds (USERTIME+SYSTEMTIME)
CPUTIME=6.9691
# USERTIME: CPU time spent in user mode in seconds
USERTIME=3.53519
# SYSTEMTIME: CPU time spent in system mode in seconds
SYSTEMTIME=3.43391
# CPUUSAGE: CPUTIME/WCTIME in percent
CPUUSAGE=91.2741
# MAXVM: maximum virtual memory used in KiB
MAXVM=3896088
# MAXMM: maximum memory used in KiB
MAXMM=376908
# MAXRSS: maximum Resident Segment Size in KiB
MAXRSS=337724
# TIMEOUT: did the solver exceed the time limit?
TIMEOUT=false
# MEMOUT: did the solver exceed the memory limit?
MEMOUT=false
# EXITSTATUS: Exit status of the solver
EXITSTATUS=0
