# WCTIME: wall clock time in seconds
WCTIME=136.835
# CPUTIME: CPU time in seconds (USERTIME+SYSTEMTIME)
CPUTIME=130.72
# USERTIME: CPU time spent in user mode in seconds
USERTIME=125.799
# SYSTEMTIME: CPU time spent in system mode in seconds
SYSTEMTIME=4.92107
# CPUUSAGE: CPUTIME/WCTIME in percent
CPUUSAGE=95.5314
# MAXVM: maximum virtual memory used in KiB
MAXVM=5091860
# MAXMM: maximum memory used in KiB
MAXMM=4064604
# MAXRSS: maximum Resident Segment Size in KiB
MAXRSS=4026576
# TIMEOUT: did the solver exceed the time limit?
TIMEOUT=false
# MEMOUT: did the solver exceed the memory limit?
MEMOUT=false
# EXITSTATUS: Exit status of the solver
EXITSTATUS=256
