# WCTIME: wall clock time in seconds
WCTIME=1868.88
# CPUTIME: CPU time in seconds (USERTIME+SYSTEMTIME)
CPUTIME=1800.29
# USERTIME: CPU time spent in user mode in seconds
USERTIME=1791
# SYSTEMTIME: CPU time spent in system mode in seconds
SYSTEMTIME=9.28489
# CPUUSAGE: CPUTIME/WCTIME in percent
CPUUSAGE=96.3297
# MAXVM: maximum virtual memory used in KiB
MAXVM=5309904
# MAXMM: maximum memory used in KiB
MAXMM=2161820
# MAXRSS: maximum Resident Segment Size in KiB
MAXRSS=2123960
# TIMEOUT: did the solver exceed the time limit?
TIMEOUT=true
# MEMOUT: did the solver exceed the memory limit?
MEMOUT=false
# EXITSTATUS: Exit status of the solver
EXITSTATUS=15
