# WCTIME: wall clock time in seconds
WCTIME=541.346
# CPUTIME: CPU time in seconds (USERTIME+SYSTEMTIME)
CPUTIME=517.335
# USERTIME: CPU time spent in user mode in seconds
USERTIME=508.248
# SYSTEMTIME: CPU time spent in system mode in seconds
SYSTEMTIME=9.08653
# CPUUSAGE: CPUTIME/WCTIME in percent
CPUUSAGE=95.5645
# MAXVM: maximum virtual memory used in KiB
MAXVM=5050796
# MAXMM: maximum memory used in KiB
MAXMM=4064612
# MAXRSS: maximum Resident Segment Size in KiB
MAXRSS=4018192
# TIMEOUT: did the solver exceed the time limit?
TIMEOUT=false
# MEMOUT: did the solver exceed the memory limit?
MEMOUT=false
# EXITSTATUS: Exit status of the solver
EXITSTATUS=256
