# WCTIME: wall clock time in seconds
WCTIME=1867.09
# CPUTIME: CPU time in seconds (USERTIME+SYSTEMTIME)
CPUTIME=1800.31
# USERTIME: CPU time spent in user mode in seconds
USERTIME=1611.31
# SYSTEMTIME: CPU time spent in system mode in seconds
SYSTEMTIME=189
# CPUUSAGE: CPUTIME/WCTIME in percent
CPUUSAGE=96.4233
# MAXVM: maximum virtual memory used in KiB
MAXVM=5018956
# MAXMM: maximum memory used in KiB
MAXMM=3883816
# MAXRSS: maximum Resident Segment Size in KiB
MAXRSS=3847148
# TIMEOUT: did the solver exceed the time limit?
TIMEOUT=true
# MEMOUT: did the solver exceed the memory limit?
MEMOUT=false
# EXITSTATUS: Exit status of the solver
EXITSTATUS=15
