# WCTIME: wall clock time in seconds
WCTIME=1865.66
# CPUTIME: CPU time in seconds (USERTIME+SYSTEMTIME)
CPUTIME=1800.18
# USERTIME: CPU time spent in user mode in seconds
USERTIME=1695.94
# SYSTEMTIME: CPU time spent in system mode in seconds
SYSTEMTIME=104.241
# CPUUSAGE: CPUTIME/WCTIME in percent
CPUUSAGE=96.4903
# MAXVM: maximum virtual memory used in KiB
MAXVM=2320312
# MAXMM: maximum memory used in KiB
MAXMM=1290356
# MAXRSS: maximum Resident Segment Size in KiB
MAXRSS=1245756
# TIMEOUT: did the solver exceed the time limit?
TIMEOUT=true
# MEMOUT: did the solver exceed the memory limit?
MEMOUT=false
# EXITSTATUS: Exit status of the solver
EXITSTATUS=15
