# WCTIME: wall clock time in seconds
WCTIME=460.767
# CPUTIME: CPU time in seconds (USERTIME+SYSTEMTIME)
CPUTIME=438.808
# USERTIME: CPU time spent in user mode in seconds
USERTIME=416.939
# SYSTEMTIME: CPU time spent in system mode in seconds
SYSTEMTIME=21.8694
# CPUUSAGE: CPUTIME/WCTIME in percent
CPUUSAGE=95.2342
# MAXVM: maximum virtual memory used in KiB
MAXVM=9192012
# MAXMM: maximum memory used in KiB
MAXMM=8214216
# MAXRSS: maximum Resident Segment Size in KiB
MAXRSS=8179192
# TIMEOUT: did the solver exceed the time limit?
TIMEOUT=false
# MEMOUT: did the solver exceed the memory limit?
MEMOUT=false
# EXITSTATUS: Exit status of the solver
EXITSTATUS=0
