# WCTIME: wall clock time in seconds
WCTIME=0.875418
# CPUTIME: CPU time in seconds (USERTIME+SYSTEMTIME)
CPUTIME=0.650523
# USERTIME: CPU time spent in user mode in seconds
USERTIME=0.216814
# SYSTEMTIME: CPU time spent in system mode in seconds
SYSTEMTIME=0.433709
# CPUUSAGE: CPUTIME/WCTIME in percent
CPUUSAGE=74.31
# MAXVM: maximum virtual memory used in KiB
MAXVM=1757476
# MAXMM: maximum memory used in KiB
MAXMM=46652
# MAXRSS: maximum Resident Segment Size in KiB
MAXRSS=39132
# TIMEOUT: did the solver exceed the time limit?
TIMEOUT=false
# MEMOUT: did the solver exceed the memory limit?
MEMOUT=false
# EXITSTATUS: Exit status of the solver
EXITSTATUS=0
