# WCTIME: wall clock time in seconds
WCTIME=448.085
# CPUTIME: CPU time in seconds (USERTIME+SYSTEMTIME)
CPUTIME=420.626
# USERTIME: CPU time spent in user mode in seconds
USERTIME=403.895
# SYSTEMTIME: CPU time spent in system mode in seconds
SYSTEMTIME=16.7313
# CPUUSAGE: CPUTIME/WCTIME in percent
CPUUSAGE=93.8721
# MAXVM: maximum virtual memory used in KiB
MAXVM=9201384
# MAXMM: maximum memory used in KiB
MAXMM=8180052
# MAXRSS: maximum Resident Segment Size in KiB
MAXRSS=8134872
# TIMEOUT: did the solver exceed the time limit?
TIMEOUT=false
# MEMOUT: did the solver exceed the memory limit?
MEMOUT=false
# EXITSTATUS: Exit status of the solver
EXITSTATUS=0
