# WCTIME: wall clock time in seconds
WCTIME=25.396
# CPUTIME: CPU time in seconds (USERTIME+SYSTEMTIME)
CPUTIME=23.8598
# USERTIME: CPU time spent in user mode in seconds
USERTIME=21.9699
# SYSTEMTIME: CPU time spent in system mode in seconds
SYSTEMTIME=1.88985
# CPUUSAGE: CPUTIME/WCTIME in percent
CPUUSAGE=93.951
# MAXVM: maximum virtual memory used in KiB
MAXVM=3632748
# MAXMM: maximum memory used in KiB
MAXMM=242064
# MAXRSS: maximum Resident Segment Size in KiB
MAXRSS=222620
# TIMEOUT: did the solver exceed the time limit?
TIMEOUT=false
# MEMOUT: did the solver exceed the memory limit?
MEMOUT=false
# EXITSTATUS: Exit status of the solver
EXITSTATUS=0
