# WCTIME: wall clock time in seconds
WCTIME=29.5522
# CPUTIME: CPU time in seconds (USERTIME+SYSTEMTIME)
CPUTIME=26.9721
# USERTIME: CPU time spent in user mode in seconds
USERTIME=25.0096
# SYSTEMTIME: CPU time spent in system mode in seconds
SYSTEMTIME=1.96251
# CPUUSAGE: CPUTIME/WCTIME in percent
CPUUSAGE=91.2694
# MAXVM: maximum virtual memory used in KiB
MAXVM=1759528
# MAXMM: maximum memory used in KiB
MAXMM=141032
# MAXRSS: maximum Resident Segment Size in KiB
MAXRSS=120608
# TIMEOUT: did the solver exceed the time limit?
TIMEOUT=false
# MEMOUT: did the solver exceed the memory limit?
MEMOUT=false
# EXITSTATUS: Exit status of the solver
EXITSTATUS=35584
