# WCTIME: wall clock time in seconds
WCTIME=8.65167
# CPUTIME: CPU time in seconds (USERTIME+SYSTEMTIME)
CPUTIME=7.78296
# USERTIME: CPU time spent in user mode in seconds
USERTIME=3.78081
# SYSTEMTIME: CPU time spent in system mode in seconds
SYSTEMTIME=4.00215
# CPUUSAGE: CPUTIME/WCTIME in percent
CPUUSAGE=89.959
# MAXVM: maximum virtual memory used in KiB
MAXVM=3832648
# MAXMM: maximum memory used in KiB
MAXMM=372288
# MAXRSS: maximum Resident Segment Size in KiB
MAXRSS=333632
# TIMEOUT: did the solver exceed the time limit?
TIMEOUT=false
# MEMOUT: did the solver exceed the memory limit?
MEMOUT=false
# EXITSTATUS: Exit status of the solver
EXITSTATUS=0
