# WCTIME: wall clock time in seconds
WCTIME=10.2623
# CPUTIME: CPU time in seconds (USERTIME+SYSTEMTIME)
CPUTIME=9.51906
# USERTIME: CPU time spent in user mode in seconds
USERTIME=6.12555
# SYSTEMTIME: CPU time spent in system mode in seconds
SYSTEMTIME=3.39351
# CPUUSAGE: CPUTIME/WCTIME in percent
CPUUSAGE=92.7578
# MAXVM: maximum virtual memory used in KiB
MAXVM=3896716
# MAXMM: maximum memory used in KiB
MAXMM=377480
# MAXRSS: maximum Resident Segment Size in KiB
MAXRSS=338056
# TIMEOUT: did the solver exceed the time limit?
TIMEOUT=false
# MEMOUT: did the solver exceed the memory limit?
MEMOUT=false
# EXITSTATUS: Exit status of the solver
EXITSTATUS=0
