# WCTIME: wall clock time in seconds
WCTIME=1732.27
# CPUTIME: CPU time in seconds (USERTIME+SYSTEMTIME)
CPUTIME=1665.32
# USERTIME: CPU time spent in user mode in seconds
USERTIME=1661.24
# SYSTEMTIME: CPU time spent in system mode in seconds
SYSTEMTIME=4.08122
# CPUUSAGE: CPUTIME/WCTIME in percent
CPUUSAGE=96.1349
# MAXVM: maximum virtual memory used in KiB
MAXVM=4427540
# MAXMM: maximum memory used in KiB
MAXMM=955500
# MAXRSS: maximum Resident Segment Size in KiB
MAXRSS=947864
# TIMEOUT: did the solver exceed the time limit?
TIMEOUT=false
# MEMOUT: did the solver exceed the memory limit?
MEMOUT=false
# EXITSTATUS: Exit status of the solver
EXITSTATUS=0
