# WCTIME: wall clock time in seconds
WCTIME=1.04897
# CPUTIME: CPU time in seconds (USERTIME+SYSTEMTIME)
CPUTIME=0.737538
# USERTIME: CPU time spent in user mode in seconds
USERTIME=0.40708
# SYSTEMTIME: CPU time spent in system mode in seconds
SYSTEMTIME=0.330458
# CPUUSAGE: CPUTIME/WCTIME in percent
CPUUSAGE=70.311
# MAXVM: maximum virtual memory used in KiB
MAXVM=1026056
# MAXMM: maximum memory used in KiB
MAXMM=65032
# MAXRSS: maximum Resident Segment Size in KiB
MAXRSS=27988
# TIMEOUT: did the solver exceed the time limit?
TIMEOUT=false
# MEMOUT: did the solver exceed the memory limit?
MEMOUT=false
# EXITSTATUS: Exit status of the solver
EXITSTATUS=0
