# WCTIME: wall clock time in seconds
WCTIME=1874.88
# CPUTIME: CPU time in seconds (USERTIME+SYSTEMTIME)
CPUTIME=1800.36
# USERTIME: CPU time spent in user mode in seconds
USERTIME=1547.37
# SYSTEMTIME: CPU time spent in system mode in seconds
SYSTEMTIME=252.982
# CPUUSAGE: CPUTIME/WCTIME in percent
CPUUSAGE=96.0249
# MAXVM: maximum virtual memory used in KiB
MAXVM=3723288
# MAXMM: maximum memory used in KiB
MAXMM=2656080
# MAXRSS: maximum Resident Segment Size in KiB
MAXRSS=2611456
# TIMEOUT: did the solver exceed the time limit?
TIMEOUT=true
# MEMOUT: did the solver exceed the memory limit?
MEMOUT=false
# EXITSTATUS: Exit status of the solver
EXITSTATUS=15
