# WCTIME: wall clock time in seconds
WCTIME=1092
# CPUTIME: CPU time in seconds (USERTIME+SYSTEMTIME)
CPUTIME=1048.9
# USERTIME: CPU time spent in user mode in seconds
USERTIME=1034.19
# SYSTEMTIME: CPU time spent in system mode in seconds
SYSTEMTIME=14.7068
# CPUUSAGE: CPUTIME/WCTIME in percent
CPUUSAGE=96.0524
# MAXVM: maximum virtual memory used in KiB
MAXVM=9551044
# MAXMM: maximum memory used in KiB
MAXMM=8390600
# MAXRSS: maximum Resident Segment Size in KiB
MAXRSS=8353316
# TIMEOUT: did the solver exceed the time limit?
TIMEOUT=false
# MEMOUT: did the solver exceed the memory limit?
MEMOUT=true
# EXITSTATUS: Exit status of the solver
EXITSTATUS=15
