# WCTIME: wall clock time in seconds
WCTIME=1878.64
# CPUTIME: CPU time in seconds (USERTIME+SYSTEMTIME)
CPUTIME=1800.16
# USERTIME: CPU time spent in user mode in seconds
USERTIME=1798.37
# SYSTEMTIME: CPU time spent in system mode in seconds
SYSTEMTIME=1.78526
# CPUUSAGE: CPUTIME/WCTIME in percent
CPUUSAGE=95.8225
# MAXVM: maximum virtual memory used in KiB
MAXVM=1793544
# MAXMM: maximum memory used in KiB
MAXMM=537568
# MAXRSS: maximum Resident Segment Size in KiB
MAXRSS=507416
# TIMEOUT: did the solver exceed the time limit?
TIMEOUT=true
# MEMOUT: did the solver exceed the memory limit?
MEMOUT=false
# EXITSTATUS: Exit status of the solver
EXITSTATUS=15
