# WCTIME: wall clock time in seconds
WCTIME=10.0267
# CPUTIME: CPU time in seconds (USERTIME+SYSTEMTIME)
CPUTIME=7.30508
# USERTIME: CPU time spent in user mode in seconds
USERTIME=3.49633
# SYSTEMTIME: CPU time spent in system mode in seconds
SYSTEMTIME=3.80875
# CPUUSAGE: CPUTIME/WCTIME in percent
CPUUSAGE=72.8563
# MAXVM: maximum virtual memory used in KiB
MAXVM=3837804
# MAXMM: maximum memory used in KiB
MAXMM=498228
# MAXRSS: maximum Resident Segment Size in KiB
MAXRSS=295040
# TIMEOUT: did the solver exceed the time limit?
TIMEOUT=false
# MEMOUT: did the solver exceed the memory limit?
MEMOUT=false
# EXITSTATUS: Exit status of the solver
EXITSTATUS=0
