# WCTIME: wall clock time in seconds
WCTIME=1873.4
# CPUTIME: CPU time in seconds (USERTIME+SYSTEMTIME)
CPUTIME=1800.31
# USERTIME: CPU time spent in user mode in seconds
USERTIME=1788.25
# SYSTEMTIME: CPU time spent in system mode in seconds
SYSTEMTIME=12.0591
# CPUUSAGE: CPUTIME/WCTIME in percent
CPUUSAGE=96.0986
# MAXVM: maximum virtual memory used in KiB
MAXVM=3545104
# MAXMM: maximum memory used in KiB
MAXMM=2545104
# MAXRSS: maximum Resident Segment Size in KiB
MAXRSS=2497580
# TIMEOUT: did the solver exceed the time limit?
TIMEOUT=true
# MEMOUT: did the solver exceed the memory limit?
MEMOUT=false
# EXITSTATUS: Exit status of the solver
EXITSTATUS=15
