# WCTIME: wall clock time in seconds
WCTIME=1891.95
# CPUTIME: CPU time in seconds (USERTIME+SYSTEMTIME)
CPUTIME=1800.41
# USERTIME: CPU time spent in user mode in seconds
USERTIME=1792.4
# SYSTEMTIME: CPU time spent in system mode in seconds
SYSTEMTIME=8.01147
# CPUUSAGE: CPUTIME/WCTIME in percent
CPUUSAGE=95.1618
# MAXVM: maximum virtual memory used in KiB
MAXVM=4922888
# MAXMM: maximum memory used in KiB
MAXMM=3898916
# MAXRSS: maximum Resident Segment Size in KiB
MAXRSS=3852336
# TIMEOUT: did the solver exceed the time limit?
TIMEOUT=true
# MEMOUT: did the solver exceed the memory limit?
MEMOUT=false
# EXITSTATUS: Exit status of the solver
EXITSTATUS=9
