# WCTIME: wall clock time in seconds
WCTIME=12.1075
# CPUTIME: CPU time in seconds (USERTIME+SYSTEMTIME)
CPUTIME=11.0789
# USERTIME: CPU time spent in user mode in seconds
USERTIME=7.12649
# SYSTEMTIME: CPU time spent in system mode in seconds
SYSTEMTIME=3.95243
# CPUUSAGE: CPUTIME/WCTIME in percent
CPUUSAGE=91.5047
# MAXVM: maximum virtual memory used in KiB
MAXVM=3897824
# MAXMM: maximum memory used in KiB
MAXMM=381936
# MAXRSS: maximum Resident Segment Size in KiB
MAXRSS=342516
# TIMEOUT: did the solver exceed the time limit?
TIMEOUT=false
# MEMOUT: did the solver exceed the memory limit?
MEMOUT=false
# EXITSTATUS: Exit status of the solver
EXITSTATUS=0
