# WCTIME: wall clock time in seconds
WCTIME=1889.11
# CPUTIME: CPU time in seconds (USERTIME+SYSTEMTIME)
CPUTIME=1800.29
# USERTIME: CPU time spent in user mode in seconds
USERTIME=1791.41
# SYSTEMTIME: CPU time spent in system mode in seconds
SYSTEMTIME=8.87175
# CPUUSAGE: CPUTIME/WCTIME in percent
CPUUSAGE=95.298
# MAXVM: maximum virtual memory used in KiB
MAXVM=3992076
# MAXMM: maximum memory used in KiB
MAXMM=1561728
# MAXRSS: maximum Resident Segment Size in KiB
MAXRSS=1524668
# TIMEOUT: did the solver exceed the time limit?
TIMEOUT=true
# MEMOUT: did the solver exceed the memory limit?
MEMOUT=false
# EXITSTATUS: Exit status of the solver
EXITSTATUS=15
