# WCTIME: wall clock time in seconds
WCTIME=86400.3
# CPUTIME: CPU time in seconds (USERTIME+SYSTEMTIME)
CPUTIME=82785.7
# USERTIME: CPU time spent in user mode in seconds
USERTIME=82612.9
# SYSTEMTIME: CPU time spent in system mode in seconds
SYSTEMTIME=172.838
# CPUUSAGE: CPUTIME/WCTIME in percent
CPUUSAGE=95.8165
# MAXVM: maximum virtual memory used in KiB
MAXVM=3552728
# MAXMM: maximum memory used in KiB
MAXMM=1297788
# MAXRSS: maximum Resident Segment Size in KiB
MAXRSS=1261736
# TIMEOUT: did the solver exceed the time limit?
TIMEOUT=true
# MEMOUT: did the solver exceed the memory limit?
MEMOUT=false
# EXITSTATUS: Exit status of the solver
EXITSTATUS=256
