# WCTIME: wall clock time in seconds
WCTIME=1869.61
# CPUTIME: CPU time in seconds (USERTIME+SYSTEMTIME)
CPUTIME=1800.67
# USERTIME: CPU time spent in user mode in seconds
USERTIME=1782.57
# SYSTEMTIME: CPU time spent in system mode in seconds
SYSTEMTIME=18.1016
# CPUUSAGE: CPUTIME/WCTIME in percent
CPUUSAGE=96.3125
# MAXVM: maximum virtual memory used in KiB
MAXVM=7880484
# MAXMM: maximum memory used in KiB
MAXMM=6876856
# MAXRSS: maximum Resident Segment Size in KiB
MAXRSS=6835924
# TIMEOUT: did the solver exceed the time limit?
TIMEOUT=true
# MEMOUT: did the solver exceed the memory limit?
MEMOUT=false
# EXITSTATUS: Exit status of the solver
EXITSTATUS=15
