# WCTIME: wall clock time in seconds
WCTIME=1685.26
# CPUTIME: CPU time in seconds (USERTIME+SYSTEMTIME)
CPUTIME=1602.44
# USERTIME: CPU time spent in user mode in seconds
USERTIME=1570.31
# SYSTEMTIME: CPU time spent in system mode in seconds
SYSTEMTIME=32.1353
# CPUUSAGE: CPUTIME/WCTIME in percent
CPUUSAGE=95.0861
# MAXVM: maximum virtual memory used in KiB
MAXVM=3982924
# MAXMM: maximum memory used in KiB
MAXMM=587120
# MAXRSS: maximum Resident Segment Size in KiB
MAXRSS=567644
# TIMEOUT: did the solver exceed the time limit?
TIMEOUT=false
# MEMOUT: did the solver exceed the memory limit?
MEMOUT=false
# EXITSTATUS: Exit status of the solver
EXITSTATUS=0
