# WCTIME: wall clock time in seconds
WCTIME=1557.08
# CPUTIME: CPU time in seconds (USERTIME+SYSTEMTIME)
CPUTIME=1484.55
# USERTIME: CPU time spent in user mode in seconds
USERTIME=1461.75
# SYSTEMTIME: CPU time spent in system mode in seconds
SYSTEMTIME=22.8083
# CPUUSAGE: CPUTIME/WCTIME in percent
CPUUSAGE=95.3424
# MAXVM: maximum virtual memory used in KiB
MAXVM=9199388
# MAXMM: maximum memory used in KiB
MAXMM=8194640
# MAXRSS: maximum Resident Segment Size in KiB
MAXRSS=8153720
# TIMEOUT: did the solver exceed the time limit?
TIMEOUT=false
# MEMOUT: did the solver exceed the memory limit?
MEMOUT=false
# EXITSTATUS: Exit status of the solver
EXITSTATUS=0
