# WCTIME: wall clock time in seconds
WCTIME=2.994
# CPUTIME: CPU time in seconds (USERTIME+SYSTEMTIME)
CPUTIME=2.54542
# USERTIME: CPU time spent in user mode in seconds
USERTIME=0.683186
# SYSTEMTIME: CPU time spent in system mode in seconds
SYSTEMTIME=1.86224
# CPUUSAGE: CPUTIME/WCTIME in percent
CPUUSAGE=85.0175
# MAXVM: maximum virtual memory used in KiB
MAXVM=3553968
# MAXMM: maximum memory used in KiB
MAXMM=230660
# MAXRSS: maximum Resident Segment Size in KiB
MAXRSS=211228
# TIMEOUT: did the solver exceed the time limit?
TIMEOUT=false
# MEMOUT: did the solver exceed the memory limit?
MEMOUT=false
# EXITSTATUS: Exit status of the solver
EXITSTATUS=0
