# WCTIME: wall clock time in seconds
WCTIME=472.002
# CPUTIME: CPU time in seconds (USERTIME+SYSTEMTIME)
CPUTIME=453.571
# USERTIME: CPU time spent in user mode in seconds
USERTIME=442.945
# SYSTEMTIME: CPU time spent in system mode in seconds
SYSTEMTIME=10.6258
# CPUUSAGE: CPUTIME/WCTIME in percent
CPUUSAGE=96.0951
# MAXVM: maximum virtual memory used in KiB
MAXVM=5826032
# MAXMM: maximum memory used in KiB
MAXMM=3161336
# MAXRSS: maximum Resident Segment Size in KiB
MAXRSS=3123964
# TIMEOUT: did the solver exceed the time limit?
TIMEOUT=false
# MEMOUT: did the solver exceed the memory limit?
MEMOUT=false
# EXITSTATUS: Exit status of the solver
EXITSTATUS=0
