# WCTIME: wall clock time in seconds
WCTIME=3.69754
# CPUTIME: CPU time in seconds (USERTIME+SYSTEMTIME)
CPUTIME=0.846706
# USERTIME: CPU time spent in user mode in seconds
USERTIME=0.47491
# SYSTEMTIME: CPU time spent in system mode in seconds
SYSTEMTIME=0.371796
# CPUUSAGE: CPUTIME/WCTIME in percent
CPUUSAGE=22.8992
# MAXVM: maximum virtual memory used in KiB
MAXVM=995840
# MAXMM: maximum memory used in KiB
MAXMM=41604
# MAXRSS: maximum Resident Segment Size in KiB
MAXRSS=28068
# TIMEOUT: did the solver exceed the time limit?
TIMEOUT=false
# MEMOUT: did the solver exceed the memory limit?
MEMOUT=false
# EXITSTATUS: Exit status of the solver
EXITSTATUS=0
