# WCTIME: wall clock time in seconds
WCTIME=18.6803
# CPUTIME: CPU time in seconds (USERTIME+SYSTEMTIME)
CPUTIME=17.3784
# USERTIME: CPU time spent in user mode in seconds
USERTIME=16.4247
# SYSTEMTIME: CPU time spent in system mode in seconds
SYSTEMTIME=0.95378
# CPUUSAGE: CPUTIME/WCTIME in percent
CPUUSAGE=93.0309
# MAXVM: maximum virtual memory used in KiB
MAXVM=1459516
# MAXMM: maximum memory used in KiB
MAXMM=499252
# MAXRSS: maximum Resident Segment Size in KiB
MAXRSS=463468
# TIMEOUT: did the solver exceed the time limit?
TIMEOUT=false
# MEMOUT: did the solver exceed the memory limit?
MEMOUT=false
# EXITSTATUS: Exit status of the solver
EXITSTATUS=0
