# WCTIME: wall clock time in seconds
WCTIME=36.6358
# CPUTIME: CPU time in seconds (USERTIME+SYSTEMTIME)
CPUTIME=34.1916
# USERTIME: CPU time spent in user mode in seconds
USERTIME=29.6212
# SYSTEMTIME: CPU time spent in system mode in seconds
SYSTEMTIME=4.57035
# CPUUSAGE: CPUTIME/WCTIME in percent
CPUUSAGE=93.3283
# MAXVM: maximum virtual memory used in KiB
MAXVM=3923764
# MAXMM: maximum memory used in KiB
MAXMM=405504
# MAXRSS: maximum Resident Segment Size in KiB
MAXRSS=368116
# TIMEOUT: did the solver exceed the time limit?
TIMEOUT=false
# MEMOUT: did the solver exceed the memory limit?
MEMOUT=false
# EXITSTATUS: Exit status of the solver
EXITSTATUS=0
