# WCTIME: wall clock time in seconds
WCTIME=8.10484
# CPUTIME: CPU time in seconds (USERTIME+SYSTEMTIME)
CPUTIME=7.03591
# USERTIME: CPU time spent in user mode in seconds
USERTIME=3.38477
# SYSTEMTIME: CPU time spent in system mode in seconds
SYSTEMTIME=3.65114
# CPUUSAGE: CPUTIME/WCTIME in percent
CPUUSAGE=86.8113
# MAXVM: maximum virtual memory used in KiB
MAXVM=3894744
# MAXMM: maximum memory used in KiB
MAXMM=370656
# MAXRSS: maximum Resident Segment Size in KiB
MAXRSS=332140
# TIMEOUT: did the solver exceed the time limit?
TIMEOUT=false
# MEMOUT: did the solver exceed the memory limit?
MEMOUT=false
# EXITSTATUS: Exit status of the solver
EXITSTATUS=0
