# WCTIME: wall clock time in seconds
WCTIME=1879.52
# CPUTIME: CPU time in seconds (USERTIME+SYSTEMTIME)
CPUTIME=1800.27
# USERTIME: CPU time spent in user mode in seconds
USERTIME=1784.48
# SYSTEMTIME: CPU time spent in system mode in seconds
SYSTEMTIME=15.7914
# CPUUSAGE: CPUTIME/WCTIME in percent
CPUUSAGE=95.7836
# MAXVM: maximum virtual memory used in KiB
MAXVM=3585624
# MAXMM: maximum memory used in KiB
MAXMM=2604364
# MAXRSS: maximum Resident Segment Size in KiB
MAXRSS=2564968
# TIMEOUT: did the solver exceed the time limit?
TIMEOUT=true
# MEMOUT: did the solver exceed the memory limit?
MEMOUT=false
# EXITSTATUS: Exit status of the solver
EXITSTATUS=15
