# WCTIME: wall clock time in seconds
WCTIME=1874.44
# CPUTIME: CPU time in seconds (USERTIME+SYSTEMTIME)
CPUTIME=1800.52
# USERTIME: CPU time spent in user mode in seconds
USERTIME=1794.56
# SYSTEMTIME: CPU time spent in system mode in seconds
SYSTEMTIME=5.96392
# CPUUSAGE: CPUTIME/WCTIME in percent
CPUUSAGE=96.0563
# MAXVM: maximum virtual memory used in KiB
MAXVM=5596660
# MAXMM: maximum memory used in KiB
MAXMM=4535040
# MAXRSS: maximum Resident Segment Size in KiB
MAXRSS=4494568
# TIMEOUT: did the solver exceed the time limit?
TIMEOUT=true
# MEMOUT: did the solver exceed the memory limit?
MEMOUT=false
# EXITSTATUS: Exit status of the solver
EXITSTATUS=15
