# WCTIME: wall clock time in seconds
WCTIME=1744.49
# CPUTIME: CPU time in seconds (USERTIME+SYSTEMTIME)
CPUTIME=1666.87
# USERTIME: CPU time spent in user mode in seconds
USERTIME=1551.63
# SYSTEMTIME: CPU time spent in system mode in seconds
SYSTEMTIME=115.236
# CPUUSAGE: CPUTIME/WCTIME in percent
CPUUSAGE=95.5502
# MAXVM: maximum virtual memory used in KiB
MAXVM=4296104
# MAXMM: maximum memory used in KiB
MAXMM=904028
# MAXRSS: maximum Resident Segment Size in KiB
MAXRSS=884564
# TIMEOUT: did the solver exceed the time limit?
TIMEOUT=false
# MEMOUT: did the solver exceed the memory limit?
MEMOUT=false
# EXITSTATUS: Exit status of the solver
EXITSTATUS=0
