# WCTIME: wall clock time in seconds
WCTIME=186.349
# CPUTIME: CPU time in seconds (USERTIME+SYSTEMTIME)
CPUTIME=175.868
# USERTIME: CPU time spent in user mode in seconds
USERTIME=158.043
# SYSTEMTIME: CPU time spent in system mode in seconds
SYSTEMTIME=17.8251
# CPUUSAGE: CPUTIME/WCTIME in percent
CPUUSAGE=94.3756
# MAXVM: maximum virtual memory used in KiB
MAXVM=34640656
# MAXMM: maximum memory used in KiB
MAXMM=33570768
# MAXRSS: maximum Resident Segment Size in KiB
MAXRSS=33550464
# TIMEOUT: did the solver exceed the time limit?
TIMEOUT=false
# MEMOUT: did the solver exceed the memory limit?
MEMOUT=true
# EXITSTATUS: Exit status of the solver
EXITSTATUS=15
