# WCTIME: wall clock time in seconds
WCTIME=65.6892
# CPUTIME: CPU time in seconds (USERTIME+SYSTEMTIME)
CPUTIME=61.3834
# USERTIME: CPU time spent in user mode in seconds
USERTIME=55.8644
# SYSTEMTIME: CPU time spent in system mode in seconds
SYSTEMTIME=5.51909
# CPUUSAGE: CPUTIME/WCTIME in percent
CPUUSAGE=93.4453
# MAXVM: maximum virtual memory used in KiB
MAXVM=4407764
# MAXMM: maximum memory used in KiB
MAXMM=818980
# MAXRSS: maximum Resident Segment Size in KiB
MAXRSS=781480
# TIMEOUT: did the solver exceed the time limit?
TIMEOUT=false
# MEMOUT: did the solver exceed the memory limit?
MEMOUT=false
# EXITSTATUS: Exit status of the solver
EXITSTATUS=0
