# WCTIME: wall clock time in seconds
WCTIME=538.228
# CPUTIME: CPU time in seconds (USERTIME+SYSTEMTIME)
CPUTIME=512.505
# USERTIME: CPU time spent in user mode in seconds
USERTIME=504.122
# SYSTEMTIME: CPU time spent in system mode in seconds
SYSTEMTIME=8.38243
# CPUUSAGE: CPUTIME/WCTIME in percent
CPUUSAGE=95.2207
# MAXVM: maximum virtual memory used in KiB
MAXVM=5646992
# MAXMM: maximum memory used in KiB
MAXMM=4647120
# MAXRSS: maximum Resident Segment Size in KiB
MAXRSS=4607980
# TIMEOUT: did the solver exceed the time limit?
TIMEOUT=false
# MEMOUT: did the solver exceed the memory limit?
MEMOUT=false
# EXITSTATUS: Exit status of the solver
EXITSTATUS=0
