# WCTIME: wall clock time in seconds
WCTIME=14.3234
# CPUTIME: CPU time in seconds (USERTIME+SYSTEMTIME)
CPUTIME=11.0582
# USERTIME: CPU time spent in user mode in seconds
USERTIME=7.60569
# SYSTEMTIME: CPU time spent in system mode in seconds
SYSTEMTIME=3.45256
# CPUUSAGE: CPUTIME/WCTIME in percent
CPUUSAGE=77.2042
# MAXVM: maximum virtual memory used in KiB
MAXVM=3537896
# MAXMM: maximum memory used in KiB
MAXMM=473216
# MAXRSS: maximum Resident Segment Size in KiB
MAXRSS=273264
# TIMEOUT: did the solver exceed the time limit?
TIMEOUT=false
# MEMOUT: did the solver exceed the memory limit?
MEMOUT=false
# EXITSTATUS: Exit status of the solver
EXITSTATUS=0
