# WCTIME: wall clock time in seconds
WCTIME=7.64135
# CPUTIME: CPU time in seconds (USERTIME+SYSTEMTIME)
CPUTIME=6.91119
# USERTIME: CPU time spent in user mode in seconds
USERTIME=3.36011
# SYSTEMTIME: CPU time spent in system mode in seconds
SYSTEMTIME=3.55108
# CPUUSAGE: CPUTIME/WCTIME in percent
CPUUSAGE=90.4446
# MAXVM: maximum virtual memory used in KiB
MAXVM=3961480
# MAXMM: maximum memory used in KiB
MAXMM=370224
# MAXRSS: maximum Resident Segment Size in KiB
MAXRSS=331688
# TIMEOUT: did the solver exceed the time limit?
TIMEOUT=false
# MEMOUT: did the solver exceed the memory limit?
MEMOUT=false
# EXITSTATUS: Exit status of the solver
EXITSTATUS=0
