# WCTIME: wall clock time in seconds
WCTIME=410.066
# CPUTIME: CPU time in seconds (USERTIME+SYSTEMTIME)
CPUTIME=388.434
# USERTIME: CPU time spent in user mode in seconds
USERTIME=379.431
# SYSTEMTIME: CPU time spent in system mode in seconds
SYSTEMTIME=9.00306
# CPUUSAGE: CPUTIME/WCTIME in percent
CPUUSAGE=94.7248
# MAXVM: maximum virtual memory used in KiB
MAXVM=4969172
# MAXMM: maximum memory used in KiB
MAXMM=2298208
# MAXRSS: maximum Resident Segment Size in KiB
MAXRSS=2260856
# TIMEOUT: did the solver exceed the time limit?
TIMEOUT=false
# MEMOUT: did the solver exceed the memory limit?
MEMOUT=false
# EXITSTATUS: Exit status of the solver
EXITSTATUS=0
