# WCTIME: wall clock time in seconds
WCTIME=0.898709
# CPUTIME: CPU time in seconds (USERTIME+SYSTEMTIME)
CPUTIME=0.634268
# USERTIME: CPU time spent in user mode in seconds
USERTIME=0.200193
# SYSTEMTIME: CPU time spent in system mode in seconds
SYSTEMTIME=0.434075
# CPUUSAGE: CPUTIME/WCTIME in percent
CPUUSAGE=70.5755
# MAXVM: maximum virtual memory used in KiB
MAXVM=1791748
# MAXMM: maximum memory used in KiB
MAXMM=44628
# MAXRSS: maximum Resident Segment Size in KiB
MAXRSS=36400
# TIMEOUT: did the solver exceed the time limit?
TIMEOUT=false
# MEMOUT: did the solver exceed the memory limit?
MEMOUT=false
# EXITSTATUS: Exit status of the solver
EXITSTATUS=0
