# WCTIME: wall clock time in seconds
WCTIME=4.68568
# CPUTIME: CPU time in seconds (USERTIME+SYSTEMTIME)
CPUTIME=4.24642
# USERTIME: CPU time spent in user mode in seconds
USERTIME=2.79909
# SYSTEMTIME: CPU time spent in system mode in seconds
SYSTEMTIME=1.44732
# CPUUSAGE: CPUTIME/WCTIME in percent
CPUUSAGE=90.6255
# MAXVM: maximum virtual memory used in KiB
MAXVM=1330744
# MAXMM: maximum memory used in KiB
MAXMM=181348
# MAXRSS: maximum Resident Segment Size in KiB
MAXRSS=137372
# TIMEOUT: did the solver exceed the time limit?
TIMEOUT=false
# MEMOUT: did the solver exceed the memory limit?
MEMOUT=false
# EXITSTATUS: Exit status of the solver
EXITSTATUS=0
