# WCTIME: wall clock time in seconds
WCTIME=3.0096
# CPUTIME: CPU time in seconds (USERTIME+SYSTEMTIME)
CPUTIME=2.55204
# USERTIME: CPU time spent in user mode in seconds
USERTIME=0.733547
# SYSTEMTIME: CPU time spent in system mode in seconds
SYSTEMTIME=1.8185
# CPUUSAGE: CPUTIME/WCTIME in percent
CPUUSAGE=84.7969
# MAXVM: maximum virtual memory used in KiB
MAXVM=3623676
# MAXMM: maximum memory used in KiB
MAXMM=234676
# MAXRSS: maximum Resident Segment Size in KiB
MAXRSS=215348
# TIMEOUT: did the solver exceed the time limit?
TIMEOUT=false
# MEMOUT: did the solver exceed the memory limit?
MEMOUT=false
# EXITSTATUS: Exit status of the solver
EXITSTATUS=0
