# WCTIME: wall clock time in seconds
WCTIME=1876.61
# CPUTIME: CPU time in seconds (USERTIME+SYSTEMTIME)
CPUTIME=1800.28
# USERTIME: CPU time spent in user mode in seconds
USERTIME=1793.76
# SYSTEMTIME: CPU time spent in system mode in seconds
SYSTEMTIME=6.51559
# CPUUSAGE: CPUTIME/WCTIME in percent
CPUUSAGE=95.9323
# MAXVM: maximum virtual memory used in KiB
MAXVM=3904128
# MAXMM: maximum memory used in KiB
MAXMM=781628
# MAXRSS: maximum Resident Segment Size in KiB
MAXRSS=742284
# TIMEOUT: did the solver exceed the time limit?
TIMEOUT=true
# MEMOUT: did the solver exceed the memory limit?
MEMOUT=false
# EXITSTATUS: Exit status of the solver
EXITSTATUS=15
