# WCTIME: wall clock time in seconds
WCTIME=1887.91
# CPUTIME: CPU time in seconds (USERTIME+SYSTEMTIME)
CPUTIME=1800.4
# USERTIME: CPU time spent in user mode in seconds
USERTIME=1794.6
# SYSTEMTIME: CPU time spent in system mode in seconds
SYSTEMTIME=5.8074
# CPUUSAGE: CPUTIME/WCTIME in percent
CPUUSAGE=95.3651
# MAXVM: maximum virtual memory used in KiB
MAXVM=4534820
# MAXMM: maximum memory used in KiB
MAXMM=3552424
# MAXRSS: maximum Resident Segment Size in KiB
MAXRSS=3509628
# TIMEOUT: did the solver exceed the time limit?
TIMEOUT=true
# MEMOUT: did the solver exceed the memory limit?
MEMOUT=false
# EXITSTATUS: Exit status of the solver
EXITSTATUS=15
