# WCTIME: wall clock time in seconds
WCTIME=4.52478
# CPUTIME: CPU time in seconds (USERTIME+SYSTEMTIME)
CPUTIME=4.00763
# USERTIME: CPU time spent in user mode in seconds
USERTIME=2.00792
# SYSTEMTIME: CPU time spent in system mode in seconds
SYSTEMTIME=1.99971
# CPUUSAGE: CPUTIME/WCTIME in percent
CPUUSAGE=88.5707
# MAXVM: maximum virtual memory used in KiB
MAXVM=3623496
# MAXMM: maximum memory used in KiB
MAXMM=232820
# MAXRSS: maximum Resident Segment Size in KiB
MAXRSS=213452
# TIMEOUT: did the solver exceed the time limit?
TIMEOUT=false
# MEMOUT: did the solver exceed the memory limit?
MEMOUT=false
# EXITSTATUS: Exit status of the solver
EXITSTATUS=0
