# WCTIME: wall clock time in seconds
WCTIME=45.4491
# CPUTIME: CPU time in seconds (USERTIME+SYSTEMTIME)
CPUTIME=43.2102
# USERTIME: CPU time spent in user mode in seconds
USERTIME=34.0728
# SYSTEMTIME: CPU time spent in system mode in seconds
SYSTEMTIME=9.13744
# CPUUSAGE: CPUTIME/WCTIME in percent
CPUUSAGE=95.074
# MAXVM: maximum virtual memory used in KiB
MAXVM=1497108
# MAXMM: maximum memory used in KiB
MAXMM=415580
# MAXRSS: maximum Resident Segment Size in KiB
MAXRSS=371100
# TIMEOUT: did the solver exceed the time limit?
TIMEOUT=false
# MEMOUT: did the solver exceed the memory limit?
MEMOUT=false
# EXITSTATUS: Exit status of the solver
EXITSTATUS=0
