# WCTIME: wall clock time in seconds
WCTIME=873.031
# CPUTIME: CPU time in seconds (USERTIME+SYSTEMTIME)
CPUTIME=831.028
# USERTIME: CPU time spent in user mode in seconds
USERTIME=822.521
# SYSTEMTIME: CPU time spent in system mode in seconds
SYSTEMTIME=8.50746
# CPUUSAGE: CPUTIME/WCTIME in percent
CPUUSAGE=95.1889
# MAXVM: maximum virtual memory used in KiB
MAXVM=9185848
# MAXMM: maximum memory used in KiB
MAXMM=8129888
# MAXRSS: maximum Resident Segment Size in KiB
MAXRSS=8092596
# TIMEOUT: did the solver exceed the time limit?
TIMEOUT=false
# MEMOUT: did the solver exceed the memory limit?
MEMOUT=false
# EXITSTATUS: Exit status of the solver
EXITSTATUS=0
