# WCTIME: wall clock time in seconds
WCTIME=1.07607
# CPUTIME: CPU time in seconds (USERTIME+SYSTEMTIME)
CPUTIME=0.686233
# USERTIME: CPU time spent in user mode in seconds
USERTIME=0.238736
# SYSTEMTIME: CPU time spent in system mode in seconds
SYSTEMTIME=0.447497
# CPUUSAGE: CPUTIME/WCTIME in percent
CPUUSAGE=63.7721
# MAXVM: maximum virtual memory used in KiB
MAXVM=1759528
# MAXMM: maximum memory used in KiB
MAXMM=46668
# MAXRSS: maximum Resident Segment Size in KiB
MAXRSS=40052
# TIMEOUT: did the solver exceed the time limit?
TIMEOUT=false
# MEMOUT: did the solver exceed the memory limit?
MEMOUT=false
# EXITSTATUS: Exit status of the solver
EXITSTATUS=0
