# WCTIME: wall clock time in seconds
WCTIME=8.98668
# CPUTIME: CPU time in seconds (USERTIME+SYSTEMTIME)
CPUTIME=8.12154
# USERTIME: CPU time spent in user mode in seconds
USERTIME=4.46706
# SYSTEMTIME: CPU time spent in system mode in seconds
SYSTEMTIME=3.65448
# CPUUSAGE: CPUTIME/WCTIME in percent
CPUUSAGE=90.3731
# MAXVM: maximum virtual memory used in KiB
MAXVM=3976720
# MAXMM: maximum memory used in KiB
MAXMM=388468
# MAXRSS: maximum Resident Segment Size in KiB
MAXRSS=351368
# TIMEOUT: did the solver exceed the time limit?
TIMEOUT=false
# MEMOUT: did the solver exceed the memory limit?
MEMOUT=false
# EXITSTATUS: Exit status of the solver
EXITSTATUS=0
