# WCTIME: wall clock time in seconds
WCTIME=0.965996
# CPUTIME: CPU time in seconds (USERTIME+SYSTEMTIME)
CPUTIME=0.501309
# USERTIME: CPU time spent in user mode in seconds
USERTIME=0.212148
# SYSTEMTIME: CPU time spent in system mode in seconds
SYSTEMTIME=0.289161
# CPUUSAGE: CPUTIME/WCTIME in percent
CPUUSAGE=51.8955
# MAXVM: maximum virtual memory used in KiB
MAXVM=1827372
# MAXMM: maximum memory used in KiB
MAXMM=36868
# MAXRSS: maximum Resident Segment Size in KiB
MAXRSS=25812
# TIMEOUT: did the solver exceed the time limit?
TIMEOUT=false
# MEMOUT: did the solver exceed the memory limit?
MEMOUT=false
# EXITSTATUS: Exit status of the solver
EXITSTATUS=0
