# WCTIME: wall clock time in seconds
WCTIME=1878.35
# CPUTIME: CPU time in seconds (USERTIME+SYSTEMTIME)
CPUTIME=1800.17
# USERTIME: CPU time spent in user mode in seconds
USERTIME=1795.89
# SYSTEMTIME: CPU time spent in system mode in seconds
SYSTEMTIME=4.27717
# CPUUSAGE: CPUTIME/WCTIME in percent
CPUUSAGE=95.8377
# MAXVM: maximum virtual memory used in KiB
MAXVM=1764076
# MAXMM: maximum memory used in KiB
MAXMM=785392
# MAXRSS: maximum Resident Segment Size in KiB
MAXRSS=739020
# TIMEOUT: did the solver exceed the time limit?
TIMEOUT=true
# MEMOUT: did the solver exceed the memory limit?
MEMOUT=false
# EXITSTATUS: Exit status of the solver
EXITSTATUS=15
