# WCTIME: wall clock time in seconds
WCTIME=11.8772
# CPUTIME: CPU time in seconds (USERTIME+SYSTEMTIME)
CPUTIME=11.1528
# USERTIME: CPU time spent in user mode in seconds
USERTIME=5.03643
# SYSTEMTIME: CPU time spent in system mode in seconds
SYSTEMTIME=6.11641
# CPUUSAGE: CPUTIME/WCTIME in percent
CPUUSAGE=93.9015
# MAXVM: maximum virtual memory used in KiB
MAXVM=1757476
# MAXMM: maximum memory used in KiB
MAXMM=167628
# MAXRSS: maximum Resident Segment Size in KiB
MAXRSS=123124
# TIMEOUT: did the solver exceed the time limit?
TIMEOUT=false
# MEMOUT: did the solver exceed the memory limit?
MEMOUT=false
# EXITSTATUS: Exit status of the solver
EXITSTATUS=0
