# WCTIME: wall clock time in seconds
WCTIME=1830.76
# CPUTIME: CPU time in seconds (USERTIME+SYSTEMTIME)
CPUTIME=1747.7
# USERTIME: CPU time spent in user mode in seconds
USERTIME=1740.18
# SYSTEMTIME: CPU time spent in system mode in seconds
SYSTEMTIME=7.51202
# CPUUSAGE: CPUTIME/WCTIME in percent
CPUUSAGE=95.4627
# MAXVM: maximum virtual memory used in KiB
MAXVM=5820840
# MAXMM: maximum memory used in KiB
MAXMM=2406000
# MAXRSS: maximum Resident Segment Size in KiB
MAXRSS=1545492
# TIMEOUT: did the solver exceed the time limit?
TIMEOUT=false
# MEMOUT: did the solver exceed the memory limit?
MEMOUT=false
# EXITSTATUS: Exit status of the solver
EXITSTATUS=9
