# WCTIME: wall clock time in seconds
WCTIME=9.7674
# CPUTIME: CPU time in seconds (USERTIME+SYSTEMTIME)
CPUTIME=8.90187
# USERTIME: CPU time spent in user mode in seconds
USERTIME=6.89583
# SYSTEMTIME: CPU time spent in system mode in seconds
SYSTEMTIME=2.00604
# CPUUSAGE: CPUTIME/WCTIME in percent
CPUUSAGE=91.1386
# MAXVM: maximum virtual memory used in KiB
MAXVM=3640448
# MAXMM: maximum memory used in KiB
MAXMM=245636
# MAXRSS: maximum Resident Segment Size in KiB
MAXRSS=226164
# TIMEOUT: did the solver exceed the time limit?
TIMEOUT=false
# MEMOUT: did the solver exceed the memory limit?
MEMOUT=false
# EXITSTATUS: Exit status of the solver
EXITSTATUS=0
