# WCTIME: wall clock time in seconds
WCTIME=1882.61
# CPUTIME: CPU time in seconds (USERTIME+SYSTEMTIME)
CPUTIME=1800.3
# USERTIME: CPU time spent in user mode in seconds
USERTIME=1792.2
# SYSTEMTIME: CPU time spent in system mode in seconds
SYSTEMTIME=8.09971
# CPUUSAGE: CPUTIME/WCTIME in percent
CPUUSAGE=95.6282
# MAXVM: maximum virtual memory used in KiB
MAXVM=3602232
# MAXMM: maximum memory used in KiB
MAXMM=2577752
# MAXRSS: maximum Resident Segment Size in KiB
MAXRSS=2533152
# TIMEOUT: did the solver exceed the time limit?
TIMEOUT=true
# MEMOUT: did the solver exceed the memory limit?
MEMOUT=false
# EXITSTATUS: Exit status of the solver
EXITSTATUS=15
