# WCTIME: wall clock time in seconds
WCTIME=1722.17
# CPUTIME: CPU time in seconds (USERTIME+SYSTEMTIME)
CPUTIME=1647.44
# USERTIME: CPU time spent in user mode in seconds
USERTIME=1644.94
# SYSTEMTIME: CPU time spent in system mode in seconds
SYSTEMTIME=2.50687
# CPUUSAGE: CPUTIME/WCTIME in percent
CPUUSAGE=95.661
# MAXVM: maximum virtual memory used in KiB
MAXVM=4061756
# MAXMM: maximum memory used in KiB
MAXMM=606364
# MAXRSS: maximum Resident Segment Size in KiB
MAXRSS=587640
# TIMEOUT: did the solver exceed the time limit?
TIMEOUT=false
# MEMOUT: did the solver exceed the memory limit?
MEMOUT=false
# EXITSTATUS: Exit status of the solver
EXITSTATUS=0
