# WCTIME: wall clock time in seconds
WCTIME=1879.99
# CPUTIME: CPU time in seconds (USERTIME+SYSTEMTIME)
CPUTIME=1800.24
# USERTIME: CPU time spent in user mode in seconds
USERTIME=1793.23
# SYSTEMTIME: CPU time spent in system mode in seconds
SYSTEMTIME=7.00479
# CPUUSAGE: CPUTIME/WCTIME in percent
CPUUSAGE=95.7577
# MAXVM: maximum virtual memory used in KiB
MAXVM=7428336
# MAXMM: maximum memory used in KiB
MAXMM=6460180
# MAXRSS: maximum Resident Segment Size in KiB
MAXRSS=6421864
# TIMEOUT: did the solver exceed the time limit?
TIMEOUT=true
# MEMOUT: did the solver exceed the memory limit?
MEMOUT=false
# EXITSTATUS: Exit status of the solver
EXITSTATUS=15
