# WCTIME: wall clock time in seconds
WCTIME=15.0314
# CPUTIME: CPU time in seconds (USERTIME+SYSTEMTIME)
CPUTIME=13.9274
# USERTIME: CPU time spent in user mode in seconds
USERTIME=9.96158
# SYSTEMTIME: CPU time spent in system mode in seconds
SYSTEMTIME=3.96586
# CPUUSAGE: CPUTIME/WCTIME in percent
CPUUSAGE=92.6555
# MAXVM: maximum virtual memory used in KiB
MAXVM=4004772
# MAXMM: maximum memory used in KiB
MAXMM=412704
# MAXRSS: maximum Resident Segment Size in KiB
MAXRSS=379332
# TIMEOUT: did the solver exceed the time limit?
TIMEOUT=false
# MEMOUT: did the solver exceed the memory limit?
MEMOUT=false
# EXITSTATUS: Exit status of the solver
EXITSTATUS=0
