# WCTIME: wall clock time in seconds
WCTIME=1683.24
# CPUTIME: CPU time in seconds (USERTIME+SYSTEMTIME)
CPUTIME=1611.8
# USERTIME: CPU time spent in user mode in seconds
USERTIME=1608.83
# SYSTEMTIME: CPU time spent in system mode in seconds
SYSTEMTIME=2.96243
# CPUUSAGE: CPUTIME/WCTIME in percent
CPUUSAGE=95.7558
# MAXVM: maximum virtual memory used in KiB
MAXVM=4992320
# MAXMM: maximum memory used in KiB
MAXMM=1601672
# MAXRSS: maximum Resident Segment Size in KiB
MAXRSS=1584348
# TIMEOUT: did the solver exceed the time limit?
TIMEOUT=false
# MEMOUT: did the solver exceed the memory limit?
MEMOUT=false
# EXITSTATUS: Exit status of the solver
EXITSTATUS=0
