# WCTIME: wall clock time in seconds
WCTIME=1.07983
# CPUTIME: CPU time in seconds (USERTIME+SYSTEMTIME)
CPUTIME=0.772236
# USERTIME: CPU time spent in user mode in seconds
USERTIME=0.333227
# SYSTEMTIME: CPU time spent in system mode in seconds
SYSTEMTIME=0.439009
# CPUUSAGE: CPUTIME/WCTIME in percent
CPUUSAGE=71.5146
# MAXVM: maximum virtual memory used in KiB
MAXVM=1759784
# MAXMM: maximum memory used in KiB
MAXMM=98704
# MAXRSS: maximum Resident Segment Size in KiB
MAXRSS=54648
# TIMEOUT: did the solver exceed the time limit?
TIMEOUT=false
# MEMOUT: did the solver exceed the memory limit?
MEMOUT=false
# EXITSTATUS: Exit status of the solver
EXITSTATUS=0
