# WCTIME: wall clock time in seconds
WCTIME=1.52792
# CPUTIME: CPU time in seconds (USERTIME+SYSTEMTIME)
CPUTIME=1.18848
# USERTIME: CPU time spent in user mode in seconds
USERTIME=0.859503
# SYSTEMTIME: CPU time spent in system mode in seconds
SYSTEMTIME=0.328974
# CPUUSAGE: CPUTIME/WCTIME in percent
CPUUSAGE=77.7838
# MAXVM: maximum virtual memory used in KiB
MAXVM=1106956
# MAXMM: maximum memory used in KiB
MAXMM=79852
# MAXRSS: maximum Resident Segment Size in KiB
MAXRSS=45164
# TIMEOUT: did the solver exceed the time limit?
TIMEOUT=false
# MEMOUT: did the solver exceed the memory limit?
MEMOUT=false
# EXITSTATUS: Exit status of the solver
EXITSTATUS=0
