# WCTIME: wall clock time in seconds
WCTIME=1888.72
# CPUTIME: CPU time in seconds (USERTIME+SYSTEMTIME)
CPUTIME=1800.26
# USERTIME: CPU time spent in user mode in seconds
USERTIME=1792.61
# SYSTEMTIME: CPU time spent in system mode in seconds
SYSTEMTIME=7.65378
# CPUUSAGE: CPUTIME/WCTIME in percent
CPUUSAGE=95.3163
# MAXVM: maximum virtual memory used in KiB
MAXVM=3968608
# MAXMM: maximum memory used in KiB
MAXMM=735152
# MAXRSS: maximum Resident Segment Size in KiB
MAXRSS=695300
# TIMEOUT: did the solver exceed the time limit?
TIMEOUT=true
# MEMOUT: did the solver exceed the memory limit?
MEMOUT=false
# EXITSTATUS: Exit status of the solver
EXITSTATUS=15
