# WCTIME: wall clock time in seconds
WCTIME=1883.69
# CPUTIME: CPU time in seconds (USERTIME+SYSTEMTIME)
CPUTIME=1800.18
# USERTIME: CPU time spent in user mode in seconds
USERTIME=1796.26
# SYSTEMTIME: CPU time spent in system mode in seconds
SYSTEMTIME=3.92084
# CPUUSAGE: CPUTIME/WCTIME in percent
CPUUSAGE=95.5665
# MAXVM: maximum virtual memory used in KiB
MAXVM=1825320
# MAXMM: maximum memory used in KiB
MAXMM=705352
# MAXRSS: maximum Resident Segment Size in KiB
MAXRSS=663820
# TIMEOUT: did the solver exceed the time limit?
TIMEOUT=true
# MEMOUT: did the solver exceed the memory limit?
MEMOUT=false
# EXITSTATUS: Exit status of the solver
EXITSTATUS=15
