# WCTIME: wall clock time in seconds
WCTIME=7.80467
# CPUTIME: CPU time in seconds (USERTIME+SYSTEMTIME)
CPUTIME=7.10506
# USERTIME: CPU time spent in user mode in seconds
USERTIME=5.17926
# SYSTEMTIME: CPU time spent in system mode in seconds
SYSTEMTIME=1.92581
# CPUUSAGE: CPUTIME/WCTIME in percent
CPUUSAGE=91.0361
# MAXVM: maximum virtual memory used in KiB
MAXVM=3634356
# MAXMM: maximum memory used in KiB
MAXMM=238616
# MAXRSS: maximum Resident Segment Size in KiB
MAXRSS=221984
# TIMEOUT: did the solver exceed the time limit?
TIMEOUT=false
# MEMOUT: did the solver exceed the memory limit?
MEMOUT=false
# EXITSTATUS: Exit status of the solver
EXITSTATUS=0
