# WCTIME: wall clock time in seconds
WCTIME=320.967
# CPUTIME: CPU time in seconds (USERTIME+SYSTEMTIME)
CPUTIME=310.442
# USERTIME: CPU time spent in user mode in seconds
USERTIME=304.594
# SYSTEMTIME: CPU time spent in system mode in seconds
SYSTEMTIME=5.84773
# CPUUSAGE: CPUTIME/WCTIME in percent
CPUUSAGE=96.7208
# MAXVM: maximum virtual memory used in KiB
MAXVM=4770740
# MAXMM: maximum memory used in KiB
MAXMM=1245184
# MAXRSS: maximum Resident Segment Size in KiB
MAXRSS=1205548
# TIMEOUT: did the solver exceed the time limit?
TIMEOUT=false
# MEMOUT: did the solver exceed the memory limit?
MEMOUT=false
# EXITSTATUS: Exit status of the solver
EXITSTATUS=0
