# WCTIME: wall clock time in seconds
WCTIME=144.894
# CPUTIME: CPU time in seconds (USERTIME+SYSTEMTIME)
CPUTIME=138.718
# USERTIME: CPU time spent in user mode in seconds
USERTIME=133.159
# SYSTEMTIME: CPU time spent in system mode in seconds
SYSTEMTIME=5.55909
# CPUUSAGE: CPUTIME/WCTIME in percent
CPUUSAGE=95.7372
# MAXVM: maximum virtual memory used in KiB
MAXVM=9522108
# MAXMM: maximum memory used in KiB
MAXMM=8389740
# MAXRSS: maximum Resident Segment Size in KiB
MAXRSS=8343248
# TIMEOUT: did the solver exceed the time limit?
TIMEOUT=false
# MEMOUT: did the solver exceed the memory limit?
MEMOUT=true
# EXITSTATUS: Exit status of the solver
EXITSTATUS=15
