# WCTIME: wall clock time in seconds
WCTIME=1.19384
# CPUTIME: CPU time in seconds (USERTIME+SYSTEMTIME)
CPUTIME=0.76753
# USERTIME: CPU time spent in user mode in seconds
USERTIME=0.428541
# SYSTEMTIME: CPU time spent in system mode in seconds
SYSTEMTIME=0.338989
# CPUUSAGE: CPUTIME/WCTIME in percent
CPUUSAGE=64.2906
# MAXVM: maximum virtual memory used in KiB
MAXVM=1691940
# MAXMM: maximum memory used in KiB
MAXMM=51476
# MAXRSS: maximum Resident Segment Size in KiB
MAXRSS=27884
# TIMEOUT: did the solver exceed the time limit?
TIMEOUT=false
# MEMOUT: did the solver exceed the memory limit?
MEMOUT=false
# EXITSTATUS: Exit status of the solver
EXITSTATUS=0
