# WCTIME: wall clock time in seconds
WCTIME=1868.94
# CPUTIME: CPU time in seconds (USERTIME+SYSTEMTIME)
CPUTIME=1800.29
# USERTIME: CPU time spent in user mode in seconds
USERTIME=1788.07
# SYSTEMTIME: CPU time spent in system mode in seconds
SYSTEMTIME=12.2248
# CPUUSAGE: CPUTIME/WCTIME in percent
CPUUSAGE=96.3267
# MAXVM: maximum virtual memory used in KiB
MAXVM=5061752
# MAXMM: maximum memory used in KiB
MAXMM=4028988
# MAXRSS: maximum Resident Segment Size in KiB
MAXRSS=3991572
# TIMEOUT: did the solver exceed the time limit?
TIMEOUT=true
# MEMOUT: did the solver exceed the memory limit?
MEMOUT=false
# EXITSTATUS: Exit status of the solver
EXITSTATUS=15
