# WCTIME: wall clock time in seconds
WCTIME=9.87513
# CPUTIME: CPU time in seconds (USERTIME+SYSTEMTIME)
CPUTIME=6.9788
# USERTIME: CPU time spent in user mode in seconds
USERTIME=3.29953
# SYSTEMTIME: CPU time spent in system mode in seconds
SYSTEMTIME=3.67927
# CPUUSAGE: CPUTIME/WCTIME in percent
CPUUSAGE=70.6705
# MAXVM: maximum virtual memory used in KiB
MAXVM=3542080
# MAXMM: maximum memory used in KiB
MAXMM=476684
# MAXRSS: maximum Resident Segment Size in KiB
MAXRSS=299532
# TIMEOUT: did the solver exceed the time limit?
TIMEOUT=false
# MEMOUT: did the solver exceed the memory limit?
MEMOUT=false
# EXITSTATUS: Exit status of the solver
EXITSTATUS=0
