Domain=domain.pddl Problem=p01.pddl
Domain=domain.pddl Problem=p02.pddl
Domain=domain.pddl Problem=p03.pddl
Domain=domain.pddl Problem=p04.pddl
Domain=domain.pddl Problem=p05.pddl
Domain=domain.pddl Problem=p06.pddl
Domain=domain.pddl Problem=p07.pddl
Domain=domain.pddl Problem=p08.pddl
Domain=domain.pddl Problem=p09.pddl
Domain=domain.pddl Problem=p10.pddl
Domain=domain.pddl Problem=p11.pddl
Domain=domain.pddl Problem=p12.pddl
Domain=domain.pddl Problem=p13.pddl
Domain=domain.pddl Problem=p14.pddl
Domain=domain.pddl Problem=p15.pddl
Domain=domain.pddl Problem=p16.pddl
Domain=domain.pddl Problem=p17.pddl
Domain=domain.pddl Problem=p18.pddl
Domain=domain.pddl Problem=p19.pddl
Domain=domain.pddl Problem=p20.pddl
Domain=domain.pddl Problem=p21.pddl
Domain=domain.pddl Problem=p22.pddl
Domain=domain.pddl Problem=p23.pddl
Domain=domain.pddl Problem=p24.pddl
Domain=domain.pddl Problem=p25.pddl
Domain=domain.pddl Problem=p26.pddl
Domain=domain.pddl Problem=p27.pddl
Domain=domain.pddl Problem=p28.pddl
Domain=domain.pddl Problem=p29.pddl
Domain=domain.pddl Problem=p30.pddl
Domain=domain.pddl Problem=p31.pddl
Domain=domain.pddl Problem=p32.pddl
Domain=domain.pddl Problem=p33.pddl
Domain=domain.pddl Problem=p34.pddl
Domain=domain.pddl Problem=p35.pddl
Domain=domain.pddl Problem=p36.pddl
Domain=domain.pddl Problem=p37.pddl
Domain=domain.pddl Problem=p38.pddl
Domain=domain.pddl Problem=p39.pddl
Domain=domain.pddl Problem=p40.pddl
Domain=domain.pddl Problem=p41.pddl
Domain=domain.pddl Problem=p42.pddl
Domain=domain.pddl Problem=p43.pddl
Domain=domain.pddl Problem=p44.pddl
Domain=domain.pddl Problem=p45.pddl
Domain=domain.pddl Problem=p46.pddl
Domain=domain.pddl Problem=p47.pddl
Domain=domain.pddl Problem=p48.pddl
Domain=domain.pddl Problem=p49.pddl
Domain=domain.pddl Problem=p50.pddl
Domain=domain.pddl Problem=p51.pddl
Domain=domain.pddl Problem=p52.pddl
Domain=domain.pddl Problem=p53.pddl
Domain=domain.pddl Problem=p54.pddl
Domain=domain.pddl Problem=p55.pddl
Domain=domain.pddl Problem=p56.pddl
Domain=domain.pddl Problem=p57.pddl
Domain=domain.pddl Problem=p58.pddl
Domain=domain.pddl Problem=p59.pddl
Domain=domain.pddl Problem=p60.pddl
Domain=domain.pddl Problem=p61.pddl
Domain=domain.pddl Problem=p62.pddl
Domain=domain.pddl Problem=p63.pddl
Domain=domain.pddl Problem=p64.pddl
Domain=domain.pddl Problem=p65.pddl
Domain=domain.pddl Problem=p66.pddl
Domain=domain.pddl Problem=p67.pddl
Domain=domain.pddl Problem=p68.pddl
Domain=domain.pddl Problem=p69.pddl
Domain=domain.pddl Problem=p70.pddl
Domain=domain.pddl Problem=p71.pddl
Domain=domain.pddl Problem=p72.pddl
Domain=domain.pddl Problem=p73.pddl
Domain=domain.pddl Problem=p74.pddl
Domain=domain.pddl Problem=p75.pddl
Domain=domain.pddl Problem=p76.pddl
Domain=domain.pddl Problem=p77.pddl
Domain=domain.pddl Problem=p78.pddl
Domain=domain.pddl Problem=p79.pddl
Domain=domain.pddl Problem=p80.pddl
Domain=domain.pddl Problem=p81.pddl
Domain=domain.pddl Problem=p82.pddl
Domain=domain.pddl Problem=p83.pddl
Domain=domain.pddl Problem=p84.pddl
Domain=domain.pddl Problem=p85.pddl
Domain=domain.pddl Problem=p86.pddl
Domain=domain.pddl Problem=p87.pddl
Domain=domain.pddl Problem=p88.pddl
Domain=domain.pddl Problem=p89.pddl
Domain=domain.pddl Problem=p90.pddl
Domain=domain.pddl Problem=p91.pddl
Domain=domain.pddl Problem=p92.pddl
Domain=domain.pddl Problem=p93.pddl
Domain=domain.pddl Problem=p94.pddl
Domain=domain.pddl Problem=p95.pddl
Domain=domain.pddl Problem=p96.pddl
Domain=domain.pddl Problem=p97.pddl
Domain=domain.pddl Problem=p98.pddl
Domain=domain.pddl Problem=p99.pddl
[INFO] Parsed domain. [0.000]
[INFO] Generalized Planning Problem created. [2.000]
[INFO] Generalized Domain created. [0.000]
[INFO] Landmarks created. [2.000]
[INFO] Engine created. [0.000]
[INFO] Heuristic landmarks added.
[INFO] Heuristic h1 added.
[INFO] Searching... [0.000]
[INFO] Possible solution found at node id 1962 when solving instance ids: #0
[NODE]: f1=0 f2=0
0. inc(ptr-floor1)
1. down(ptr-floor1,ptr-floor2)
2. board(ptr-floor2,ptr-passenger1)
3. up(ptr-floor2,ptr-floor1)
4. depart(ptr-floor1,ptr-passenger1)
5. end
6. empty
7. empty
8. empty
9. empty
10. empty
11. empty
12. empty
13. empty
14. end

[INFO] Failed on instance id 1. Reevaluating the queue... 
[INFO] DONE!
[INFO] Possible solution found at node id 2190 when solving instance ids: #0 #1
[NODE]: f1=0 f2=0
0. inc(ptr-floor1)
1. down(ptr-floor1,ptr-floor2)
2. board(ptr-floor2,ptr-passenger1)
3. up(ptr-floor2,ptr-floor1)
4. depart(ptr-floor1,ptr-passenger1)
5. board(ptr-floor1,ptr-passenger1)
6. down(ptr-floor1,ptr-floor2)
7. depart(ptr-floor2,ptr-passenger1)
8. end
9. empty
10. empty
11. empty
12. empty
13. empty
14. end

[INFO] Failed on instance id 2. Reevaluating the queue... 
[INFO] DONE!
[INFO] Possible solution found at node id 2360 when solving instance ids: #0 #1 #2
[NODE]: f1=0 f2=1
0. inc(ptr-floor1)
1. down(ptr-floor1,ptr-floor2)
2. board(ptr-floor2,ptr-passenger1)
3. up(ptr-floor2,ptr-floor1)
4. depart(ptr-floor1,ptr-passenger1)
5. board(ptr-floor1,ptr-passenger1)
6. down(ptr-floor1,ptr-floor2)
7. depart(ptr-floor2,ptr-passenger1)
8. inc(ptr-passenger1)
9. goto(0,!(( zf = 1 )))
10. end
11. empty
12. empty
13. empty
14. end

[INFO] Failed on instance id 6. Reevaluating the queue... 
[INFO] DONE!
[INFO] Possible solution found at node id 4407 when solving instance ids: #0 #1 #2 #6
[NODE]: f1=0 f2=2
0. inc(ptr-floor1)
1. down(ptr-floor1,ptr-floor2)
2. board(ptr-floor2,ptr-passenger1)
3. up(ptr-floor2,ptr-floor1)
4. depart(ptr-floor1,ptr-passenger1)
5. board(ptr-floor1,ptr-passenger1)
6. down(ptr-floor1,ptr-floor2)
7. depart(ptr-floor2,ptr-passenger1)
8. inc(ptr-passenger1)
9. goto(0,!(( zf = 1 )))
10. inc(ptr-floor1)
11. inc(ptr-floor3)
12. goto(0,!(( zf = 1 )))
13. up(ptr-floor1,ptr-floor2)
14. end

[INFO] Failed on instance id 8. Reevaluating the queue... 
[INFO] DONE!
[INFO] Possible solution found at node id 695112 when solving instance ids: #0 #1 #2 #6 #8
[NODE]: f1=0 f2=3
0. inc(ptr-floor1)
1. down(ptr-floor1,ptr-floor2)
2. board(ptr-floor2,ptr-passenger1)
3. up(ptr-floor2,ptr-floor1)
4. depart(ptr-floor1,ptr-passenger1)
5. board(ptr-floor1,ptr-passenger1)
6. down(ptr-floor1,ptr-floor2)
7. depart(ptr-floor2,ptr-passenger1)
8. inc(ptr-passenger1)
9. goto(0,!(( zf = 1 )))
10. inc(ptr-floor3)
11. goto(0,!(( zf = 1 )))
12. dec(ptr-floor1)
13. goto(1,!(( zf = 1 )))
14. end

[INFO] Failed on instance id 13. Reevaluating the queue... 
[INFO] DONE!
[INFO] Possible solution found at node id 70729644 when solving instance ids: #0 #1 #2 #6 #8 #13
[NODE]: f1=0 f2=2
0. inc(ptr-floor1)
1. down(ptr-floor1,ptr-floor2)
2. board(ptr-floor2,ptr-passenger1)
3. up(ptr-floor2,ptr-floor1)
4. depart(ptr-floor1,ptr-passenger1)
5. board(ptr-floor1,ptr-passenger1)
6. down(ptr-floor1,ptr-floor2)
7. depart(ptr-floor2,ptr-passenger1)
8. inc(ptr-passenger1)
9. inc(ptr-floor3)
10. goto(0,!(( zf = 1 )))
11. dec(ptr-passenger1)
12. dec(ptr-floor1)
13. goto(1,!(( zf = 1 )))
14. end

[INFO] Failed on instance id 12. Reevaluating the queue... 
[INFO] DONE!
Running learning parser
Running runsolver parser
