# WCTIME: wall clock time in seconds
WCTIME=86400
# CPUTIME: CPU time in seconds (USERTIME+SYSTEMTIME)
CPUTIME=83962.9
# USERTIME: CPU time spent in user mode in seconds
USERTIME=83935.9
# SYSTEMTIME: CPU time spent in system mode in seconds
SYSTEMTIME=26.9646
# CPUUSAGE: CPUTIME/WCTIME in percent
CPUUSAGE=97.1792
# MAXVM: maximum virtual memory used in KiB
MAXVM=9403392
# MAXMM: maximum memory used in KiB
MAXMM=8455052
# MAXRSS: maximum Resident Segment Size in KiB
MAXRSS=8434544
# TIMEOUT: did the solver exceed the time limit?
TIMEOUT=true
# MEMOUT: did the solver exceed the memory limit?
MEMOUT=false
# EXITSTATUS: Exit status of the solver
EXITSTATUS=15
