# WCTIME: wall clock time in seconds
WCTIME=1881.75
# CPUTIME: CPU time in seconds (USERTIME+SYSTEMTIME)
CPUTIME=1800.56
# USERTIME: CPU time spent in user mode in seconds
USERTIME=1793.89
# SYSTEMTIME: CPU time spent in system mode in seconds
SYSTEMTIME=6.66837
# CPUUSAGE: CPUTIME/WCTIME in percent
CPUUSAGE=95.6854
# MAXVM: maximum virtual memory used in KiB
MAXVM=6595536
# MAXMM: maximum memory used in KiB
MAXMM=5572688
# MAXRSS: maximum Resident Segment Size in KiB
MAXRSS=5542688
# TIMEOUT: did the solver exceed the time limit?
TIMEOUT=true
# MEMOUT: did the solver exceed the memory limit?
MEMOUT=false
# EXITSTATUS: Exit status of the solver
EXITSTATUS=15
