# WCTIME: wall clock time in seconds
WCTIME=18.7237
# CPUTIME: CPU time in seconds (USERTIME+SYSTEMTIME)
CPUTIME=17.2625
# USERTIME: CPU time spent in user mode in seconds
USERTIME=15.5238
# SYSTEMTIME: CPU time spent in system mode in seconds
SYSTEMTIME=1.73871
# CPUUSAGE: CPUTIME/WCTIME in percent
CPUUSAGE=92.1958
# MAXVM: maximum virtual memory used in KiB
MAXVM=1759528
# MAXMM: maximum memory used in KiB
MAXMM=36016
# MAXRSS: maximum Resident Segment Size in KiB
MAXRSS=27964
# TIMEOUT: did the solver exceed the time limit?
TIMEOUT=false
# MEMOUT: did the solver exceed the memory limit?
MEMOUT=false
# EXITSTATUS: Exit status of the solver
EXITSTATUS=34304
