# WCTIME: wall clock time in seconds
WCTIME=1685.19
# CPUTIME: CPU time in seconds (USERTIME+SYSTEMTIME)
CPUTIME=1610.83
# USERTIME: CPU time spent in user mode in seconds
USERTIME=1607.53
# SYSTEMTIME: CPU time spent in system mode in seconds
SYSTEMTIME=3.30584
# CPUUSAGE: CPUTIME/WCTIME in percent
CPUUSAGE=95.588
# MAXVM: maximum virtual memory used in KiB
MAXVM=4019768
# MAXMM: maximum memory used in KiB
MAXMM=627976
# MAXRSS: maximum Resident Segment Size in KiB
MAXRSS=608496
# TIMEOUT: did the solver exceed the time limit?
TIMEOUT=false
# MEMOUT: did the solver exceed the memory limit?
MEMOUT=false
# EXITSTATUS: Exit status of the solver
EXITSTATUS=0
