# WCTIME: wall clock time in seconds
WCTIME=1515.59
# CPUTIME: CPU time in seconds (USERTIME+SYSTEMTIME)
CPUTIME=1437.65
# USERTIME: CPU time spent in user mode in seconds
USERTIME=1435.2
# SYSTEMTIME: CPU time spent in system mode in seconds
SYSTEMTIME=2.44219
# CPUUSAGE: CPUTIME/WCTIME in percent
CPUUSAGE=94.8571
# MAXVM: maximum virtual memory used in KiB
MAXVM=3746992
# MAXMM: maximum memory used in KiB
MAXMM=362996
# MAXRSS: maximum Resident Segment Size in KiB
MAXRSS=341704
# TIMEOUT: did the solver exceed the time limit?
TIMEOUT=false
# MEMOUT: did the solver exceed the memory limit?
MEMOUT=false
# EXITSTATUS: Exit status of the solver
EXITSTATUS=0
