# WCTIME: wall clock time in seconds
WCTIME=0.983536
# CPUTIME: CPU time in seconds (USERTIME+SYSTEMTIME)
CPUTIME=0.727917
# USERTIME: CPU time spent in user mode in seconds
USERTIME=0.368362
# SYSTEMTIME: CPU time spent in system mode in seconds
SYSTEMTIME=0.359555
# CPUUSAGE: CPUTIME/WCTIME in percent
CPUUSAGE=74.0102
# MAXVM: maximum virtual memory used in KiB
MAXVM=1693992
# MAXMM: maximum memory used in KiB
MAXMM=61704
# MAXRSS: maximum Resident Segment Size in KiB
MAXRSS=27984
# TIMEOUT: did the solver exceed the time limit?
TIMEOUT=false
# MEMOUT: did the solver exceed the memory limit?
MEMOUT=false
# EXITSTATUS: Exit status of the solver
EXITSTATUS=0
