# WCTIME: wall clock time in seconds
WCTIME=58.486
# CPUTIME: CPU time in seconds (USERTIME+SYSTEMTIME)
CPUTIME=55.8734
# USERTIME: CPU time spent in user mode in seconds
USERTIME=41.0449
# SYSTEMTIME: CPU time spent in system mode in seconds
SYSTEMTIME=14.8285
# CPUUSAGE: CPUTIME/WCTIME in percent
CPUUSAGE=95.533
# MAXVM: maximum virtual memory used in KiB
MAXVM=10182288
# MAXMM: maximum memory used in KiB
MAXMM=6730564
# MAXRSS: maximum Resident Segment Size in KiB
MAXRSS=6730268
# TIMEOUT: did the solver exceed the time limit?
TIMEOUT=false
# MEMOUT: did the solver exceed the memory limit?
MEMOUT=false
# EXITSTATUS: Exit status of the solver
EXITSTATUS=0
