# WCTIME: wall clock time in seconds
WCTIME=1.53041
# CPUTIME: CPU time in seconds (USERTIME+SYSTEMTIME)
CPUTIME=0.690841
# USERTIME: CPU time spent in user mode in seconds
USERTIME=0.351599
# SYSTEMTIME: CPU time spent in system mode in seconds
SYSTEMTIME=0.339242
# CPUUSAGE: CPUTIME/WCTIME in percent
CPUUSAGE=45.1409
# MAXVM: maximum virtual memory used in KiB
MAXVM=1757476
# MAXMM: maximum memory used in KiB
MAXMM=63516
# MAXRSS: maximum Resident Segment Size in KiB
MAXRSS=27964
# TIMEOUT: did the solver exceed the time limit?
TIMEOUT=false
# MEMOUT: did the solver exceed the memory limit?
MEMOUT=false
# EXITSTATUS: Exit status of the solver
EXITSTATUS=0
