# WCTIME: wall clock time in seconds
WCTIME=16.3996
# CPUTIME: CPU time in seconds (USERTIME+SYSTEMTIME)
CPUTIME=15.348
# USERTIME: CPU time spent in user mode in seconds
USERTIME=13.5305
# SYSTEMTIME: CPU time spent in system mode in seconds
SYSTEMTIME=1.81748
# CPUUSAGE: CPUTIME/WCTIME in percent
CPUUSAGE=93.5879
# MAXVM: maximum virtual memory used in KiB
MAXVM=3643584
# MAXMM: maximum memory used in KiB
MAXMM=249496
# MAXRSS: maximum Resident Segment Size in KiB
MAXRSS=232148
# TIMEOUT: did the solver exceed the time limit?
TIMEOUT=false
# MEMOUT: did the solver exceed the memory limit?
MEMOUT=false
# EXITSTATUS: Exit status of the solver
EXITSTATUS=0
