# WCTIME: wall clock time in seconds
WCTIME=1503.4
# CPUTIME: CPU time in seconds (USERTIME+SYSTEMTIME)
CPUTIME=1431.79
# USERTIME: CPU time spent in user mode in seconds
USERTIME=1422.67
# SYSTEMTIME: CPU time spent in system mode in seconds
SYSTEMTIME=9.11716
# CPUUSAGE: CPUTIME/WCTIME in percent
CPUUSAGE=95.237
# MAXVM: maximum virtual memory used in KiB
MAXVM=9187604
# MAXMM: maximum memory used in KiB
MAXMM=8137860
# MAXRSS: maximum Resident Segment Size in KiB
MAXRSS=8097620
# TIMEOUT: did the solver exceed the time limit?
TIMEOUT=false
# MEMOUT: did the solver exceed the memory limit?
MEMOUT=false
# EXITSTATUS: Exit status of the solver
EXITSTATUS=0
