# WCTIME: wall clock time in seconds
WCTIME=1873.61
# CPUTIME: CPU time in seconds (USERTIME+SYSTEMTIME)
CPUTIME=1800.48
# USERTIME: CPU time spent in user mode in seconds
USERTIME=1794.53
# SYSTEMTIME: CPU time spent in system mode in seconds
SYSTEMTIME=5.95711
# CPUUSAGE: CPUTIME/WCTIME in percent
CPUUSAGE=96.0972
# MAXVM: maximum virtual memory used in KiB
MAXVM=6903256
# MAXMM: maximum memory used in KiB
MAXMM=5890768
# MAXRSS: maximum Resident Segment Size in KiB
MAXRSS=5849904
# TIMEOUT: did the solver exceed the time limit?
TIMEOUT=true
# MEMOUT: did the solver exceed the memory limit?
MEMOUT=false
# EXITSTATUS: Exit status of the solver
EXITSTATUS=15
