# WCTIME: wall clock time in seconds
WCTIME=22.9301
# CPUTIME: CPU time in seconds (USERTIME+SYSTEMTIME)
CPUTIME=21.6612
# USERTIME: CPU time spent in user mode in seconds
USERTIME=17.8663
# SYSTEMTIME: CPU time spent in system mode in seconds
SYSTEMTIME=3.79487
# CPUUSAGE: CPUTIME/WCTIME in percent
CPUUSAGE=94.4661
# MAXVM: maximum virtual memory used in KiB
MAXVM=4012960
# MAXMM: maximum memory used in KiB
MAXMM=425296
# MAXRSS: maximum Resident Segment Size in KiB
MAXRSS=387324
# TIMEOUT: did the solver exceed the time limit?
TIMEOUT=false
# MEMOUT: did the solver exceed the memory limit?
MEMOUT=false
# EXITSTATUS: Exit status of the solver
EXITSTATUS=0
