# WCTIME: wall clock time in seconds
WCTIME=861.165
# CPUTIME: CPU time in seconds (USERTIME+SYSTEMTIME)
CPUTIME=812.58
# USERTIME: CPU time spent in user mode in seconds
USERTIME=802.835
# SYSTEMTIME: CPU time spent in system mode in seconds
SYSTEMTIME=9.74504
# CPUUSAGE: CPUTIME/WCTIME in percent
CPUUSAGE=94.3582
# MAXVM: maximum virtual memory used in KiB
MAXVM=3982612
# MAXMM: maximum memory used in KiB
MAXMM=2513052
# MAXRSS: maximum Resident Segment Size in KiB
MAXRSS=2473660
# TIMEOUT: did the solver exceed the time limit?
TIMEOUT=false
# MEMOUT: did the solver exceed the memory limit?
MEMOUT=false
# EXITSTATUS: Exit status of the solver
EXITSTATUS=256
