# WCTIME: wall clock time in seconds
WCTIME=1865.56
# CPUTIME: CPU time in seconds (USERTIME+SYSTEMTIME)
CPUTIME=1800.18
# USERTIME: CPU time spent in user mode in seconds
USERTIME=1793.88
# SYSTEMTIME: CPU time spent in system mode in seconds
SYSTEMTIME=6.29644
# CPUUSAGE: CPUTIME/WCTIME in percent
CPUUSAGE=96.4951
# MAXVM: maximum virtual memory used in KiB
MAXVM=2178160
# MAXMM: maximum memory used in KiB
MAXMM=1193672
# MAXRSS: maximum Resident Segment Size in KiB
MAXRSS=1146604
# TIMEOUT: did the solver exceed the time limit?
TIMEOUT=true
# MEMOUT: did the solver exceed the memory limit?
MEMOUT=false
# EXITSTATUS: Exit status of the solver
EXITSTATUS=15
