# WCTIME: wall clock time in seconds
WCTIME=3.38287
# CPUTIME: CPU time in seconds (USERTIME+SYSTEMTIME)
CPUTIME=2.94214
# USERTIME: CPU time spent in user mode in seconds
USERTIME=1.45871
# SYSTEMTIME: CPU time spent in system mode in seconds
SYSTEMTIME=1.48343
# CPUUSAGE: CPUTIME/WCTIME in percent
CPUUSAGE=86.9718
# MAXVM: maximum virtual memory used in KiB
MAXVM=3603664
# MAXMM: maximum memory used in KiB
MAXMM=203776
# MAXRSS: maximum Resident Segment Size in KiB
MAXRSS=193136
# TIMEOUT: did the solver exceed the time limit?
TIMEOUT=false
# MEMOUT: did the solver exceed the memory limit?
MEMOUT=false
# EXITSTATUS: Exit status of the solver
EXITSTATUS=0
