# WCTIME: wall clock time in seconds
WCTIME=3.88333
# CPUTIME: CPU time in seconds (USERTIME+SYSTEMTIME)
CPUTIME=3.3419
# USERTIME: CPU time spent in user mode in seconds
USERTIME=1.74406
# SYSTEMTIME: CPU time spent in system mode in seconds
SYSTEMTIME=1.59784
# CPUUSAGE: CPUTIME/WCTIME in percent
CPUUSAGE=86.0576
# MAXVM: maximum virtual memory used in KiB
MAXVM=3680368
# MAXMM: maximum memory used in KiB
MAXMM=212028
# MAXRSS: maximum Resident Segment Size in KiB
MAXRSS=211100
# TIMEOUT: did the solver exceed the time limit?
TIMEOUT=false
# MEMOUT: did the solver exceed the memory limit?
MEMOUT=false
# EXITSTATUS: Exit status of the solver
EXITSTATUS=0
