# WCTIME: wall clock time in seconds
WCTIME=32.7492
# CPUTIME: CPU time in seconds (USERTIME+SYSTEMTIME)
CPUTIME=31.2289
# USERTIME: CPU time spent in user mode in seconds
USERTIME=27.6984
# SYSTEMTIME: CPU time spent in system mode in seconds
SYSTEMTIME=3.53047
# CPUUSAGE: CPUTIME/WCTIME in percent
CPUUSAGE=95.3577
# MAXVM: maximum virtual memory used in KiB
MAXVM=3942888
# MAXMM: maximum memory used in KiB
MAXMM=420440
# MAXRSS: maximum Resident Segment Size in KiB
MAXRSS=382400
# TIMEOUT: did the solver exceed the time limit?
TIMEOUT=false
# MEMOUT: did the solver exceed the memory limit?
MEMOUT=false
# EXITSTATUS: Exit status of the solver
EXITSTATUS=0
