# WCTIME: wall clock time in seconds
WCTIME=20.7895
# CPUTIME: CPU time in seconds (USERTIME+SYSTEMTIME)
CPUTIME=16.6485
# USERTIME: CPU time spent in user mode in seconds
USERTIME=12.6386
# SYSTEMTIME: CPU time spent in system mode in seconds
SYSTEMTIME=4.00998
# CPUUSAGE: CPUTIME/WCTIME in percent
CPUUSAGE=80.0816
# MAXVM: maximum virtual memory used in KiB
MAXVM=3601732
# MAXMM: maximum memory used in KiB
MAXMM=524504
# MAXRSS: maximum Resident Segment Size in KiB
MAXRSS=398784
# TIMEOUT: did the solver exceed the time limit?
TIMEOUT=false
# MEMOUT: did the solver exceed the memory limit?
MEMOUT=false
# EXITSTATUS: Exit status of the solver
EXITSTATUS=0
