# WCTIME: wall clock time in seconds
WCTIME=1682.94
# CPUTIME: CPU time in seconds (USERTIME+SYSTEMTIME)
CPUTIME=1605.77
# USERTIME: CPU time spent in user mode in seconds
USERTIME=1603.04
# SYSTEMTIME: CPU time spent in system mode in seconds
SYSTEMTIME=2.73476
# CPUUSAGE: CPUTIME/WCTIME in percent
CPUUSAGE=95.4145
# MAXVM: maximum virtual memory used in KiB
MAXVM=3778516
# MAXMM: maximum memory used in KiB
MAXMM=390960
# MAXRSS: maximum Resident Segment Size in KiB
MAXRSS=371780
# TIMEOUT: did the solver exceed the time limit?
TIMEOUT=false
# MEMOUT: did the solver exceed the memory limit?
MEMOUT=false
# EXITSTATUS: Exit status of the solver
EXITSTATUS=0
