# WCTIME: wall clock time in seconds
WCTIME=405.548
# CPUTIME: CPU time in seconds (USERTIME+SYSTEMTIME)
CPUTIME=386.555
# USERTIME: CPU time spent in user mode in seconds
USERTIME=380.478
# SYSTEMTIME: CPU time spent in system mode in seconds
SYSTEMTIME=6.07698
# CPUUSAGE: CPUTIME/WCTIME in percent
CPUUSAGE=95.3167
# MAXVM: maximum virtual memory used in KiB
MAXVM=9523380
# MAXMM: maximum memory used in KiB
MAXMM=8389324
# MAXRSS: maximum Resident Segment Size in KiB
MAXRSS=8361816
# TIMEOUT: did the solver exceed the time limit?
TIMEOUT=false
# MEMOUT: did the solver exceed the memory limit?
MEMOUT=true
# EXITSTATUS: Exit status of the solver
EXITSTATUS=15
