# WCTIME: wall clock time in seconds
WCTIME=558.228
# CPUTIME: CPU time in seconds (USERTIME+SYSTEMTIME)
CPUTIME=534.346
# USERTIME: CPU time spent in user mode in seconds
USERTIME=528.312
# SYSTEMTIME: CPU time spent in system mode in seconds
SYSTEMTIME=6.03414
# CPUUSAGE: CPUTIME/WCTIME in percent
CPUUSAGE=95.7217
# MAXVM: maximum virtual memory used in KiB
MAXVM=9187392
# MAXMM: maximum memory used in KiB
MAXMM=8140660
# MAXRSS: maximum Resident Segment Size in KiB
MAXRSS=8101652
# TIMEOUT: did the solver exceed the time limit?
TIMEOUT=false
# MEMOUT: did the solver exceed the memory limit?
MEMOUT=false
# EXITSTATUS: Exit status of the solver
EXITSTATUS=0
