# WCTIME: wall clock time in seconds
WCTIME=1872.45
# CPUTIME: CPU time in seconds (USERTIME+SYSTEMTIME)
CPUTIME=1800.11
# USERTIME: CPU time spent in user mode in seconds
USERTIME=1798.58
# SYSTEMTIME: CPU time spent in system mode in seconds
SYSTEMTIME=1.53436
# CPUUSAGE: CPUTIME/WCTIME in percent
CPUUSAGE=96.1369
# MAXVM: maximum virtual memory used in KiB
MAXVM=1349924
# MAXMM: maximum memory used in KiB
MAXMM=385508
# MAXRSS: maximum Resident Segment Size in KiB
MAXRSS=346760
# TIMEOUT: did the solver exceed the time limit?
TIMEOUT=true
# MEMOUT: did the solver exceed the memory limit?
MEMOUT=false
# EXITSTATUS: Exit status of the solver
EXITSTATUS=15
