# WCTIME: wall clock time in seconds
WCTIME=117.738
# CPUTIME: CPU time in seconds (USERTIME+SYSTEMTIME)
CPUTIME=112.13
# USERTIME: CPU time spent in user mode in seconds
USERTIME=107.739
# SYSTEMTIME: CPU time spent in system mode in seconds
SYSTEMTIME=4.39035
# CPUUSAGE: CPUTIME/WCTIME in percent
CPUUSAGE=95.2368
# MAXVM: maximum virtual memory used in KiB
MAXVM=5107260
# MAXMM: maximum memory used in KiB
MAXMM=4086700
# MAXRSS: maximum Resident Segment Size in KiB
MAXRSS=4043684
# TIMEOUT: did the solver exceed the time limit?
TIMEOUT=false
# MEMOUT: did the solver exceed the memory limit?
MEMOUT=false
# EXITSTATUS: Exit status of the solver
EXITSTATUS=256
