# WCTIME: wall clock time in seconds
WCTIME=195.091
# CPUTIME: CPU time in seconds (USERTIME+SYSTEMTIME)
CPUTIME=187.335
# USERTIME: CPU time spent in user mode in seconds
USERTIME=181.211
# SYSTEMTIME: CPU time spent in system mode in seconds
SYSTEMTIME=6.12465
# CPUUSAGE: CPUTIME/WCTIME in percent
CPUUSAGE=96.0247
# MAXVM: maximum virtual memory used in KiB
MAXVM=9478352
# MAXMM: maximum memory used in KiB
MAXMM=8394872
# MAXRSS: maximum Resident Segment Size in KiB
MAXRSS=8355704
# TIMEOUT: did the solver exceed the time limit?
TIMEOUT=false
# MEMOUT: did the solver exceed the memory limit?
MEMOUT=true
# EXITSTATUS: Exit status of the solver
EXITSTATUS=15
