# WCTIME: wall clock time in seconds
WCTIME=40.7666
# CPUTIME: CPU time in seconds (USERTIME+SYSTEMTIME)
CPUTIME=38.6617
# USERTIME: CPU time spent in user mode in seconds
USERTIME=25.067
# SYSTEMTIME: CPU time spent in system mode in seconds
SYSTEMTIME=13.5947
# CPUUSAGE: CPUTIME/WCTIME in percent
CPUUSAGE=94.8367
# MAXVM: maximum virtual memory used in KiB
MAXVM=1944344
# MAXMM: maximum memory used in KiB
MAXMM=859136
# MAXRSS: maximum Resident Segment Size in KiB
MAXRSS=812452
# TIMEOUT: did the solver exceed the time limit?
TIMEOUT=false
# MEMOUT: did the solver exceed the memory limit?
MEMOUT=false
# EXITSTATUS: Exit status of the solver
EXITSTATUS=0
