# WCTIME: wall clock time in seconds
WCTIME=648.561
# CPUTIME: CPU time in seconds (USERTIME+SYSTEMTIME)
CPUTIME=621.755
# USERTIME: CPU time spent in user mode in seconds
USERTIME=612.639
# SYSTEMTIME: CPU time spent in system mode in seconds
SYSTEMTIME=9.11587
# CPUUSAGE: CPUTIME/WCTIME in percent
CPUUSAGE=95.8669
# MAXVM: maximum virtual memory used in KiB
MAXVM=9187512
# MAXMM: maximum memory used in KiB
MAXMM=8157584
# MAXRSS: maximum Resident Segment Size in KiB
MAXRSS=8118452
# TIMEOUT: did the solver exceed the time limit?
TIMEOUT=false
# MEMOUT: did the solver exceed the memory limit?
MEMOUT=false
# EXITSTATUS: Exit status of the solver
EXITSTATUS=0
