# WCTIME: wall clock time in seconds
WCTIME=1877.6
# CPUTIME: CPU time in seconds (USERTIME+SYSTEMTIME)
CPUTIME=1800.93
# USERTIME: CPU time spent in user mode in seconds
USERTIME=1793.03
# SYSTEMTIME: CPU time spent in system mode in seconds
SYSTEMTIME=7.90371
# CPUUSAGE: CPUTIME/WCTIME in percent
CPUUSAGE=95.9166
# MAXVM: maximum virtual memory used in KiB
MAXVM=8788124
# MAXMM: maximum memory used in KiB
MAXMM=5296368
# MAXRSS: maximum Resident Segment Size in KiB
MAXRSS=5285108
# TIMEOUT: did the solver exceed the time limit?
TIMEOUT=true
# MEMOUT: did the solver exceed the memory limit?
MEMOUT=false
# EXITSTATUS: Exit status of the solver
EXITSTATUS=0
