# WCTIME: wall clock time in seconds
WCTIME=596.027
# CPUTIME: CPU time in seconds (USERTIME+SYSTEMTIME)
CPUTIME=571.117
# USERTIME: CPU time spent in user mode in seconds
USERTIME=564.979
# SYSTEMTIME: CPU time spent in system mode in seconds
SYSTEMTIME=6.13807
# CPUUSAGE: CPUTIME/WCTIME in percent
CPUUSAGE=95.8207
# MAXVM: maximum virtual memory used in KiB
MAXVM=9187780
# MAXMM: maximum memory used in KiB
MAXMM=8142728
# MAXRSS: maximum Resident Segment Size in KiB
MAXRSS=8101308
# TIMEOUT: did the solver exceed the time limit?
TIMEOUT=false
# MEMOUT: did the solver exceed the memory limit?
MEMOUT=false
# EXITSTATUS: Exit status of the solver
EXITSTATUS=0
