# WCTIME: wall clock time in seconds
WCTIME=137.27
# CPUTIME: CPU time in seconds (USERTIME+SYSTEMTIME)
CPUTIME=130.092
# USERTIME: CPU time spent in user mode in seconds
USERTIME=112.968
# SYSTEMTIME: CPU time spent in system mode in seconds
SYSTEMTIME=17.1243
# CPUUSAGE: CPUTIME/WCTIME in percent
CPUUSAGE=94.7704
# MAXVM: maximum virtual memory used in KiB
MAXVM=3641176
# MAXMM: maximum memory used in KiB
MAXMM=247736
# MAXRSS: maximum Resident Segment Size in KiB
MAXRSS=229108
# TIMEOUT: did the solver exceed the time limit?
TIMEOUT=false
# MEMOUT: did the solver exceed the memory limit?
MEMOUT=false
# EXITSTATUS: Exit status of the solver
EXITSTATUS=0
