# WCTIME: wall clock time in seconds
WCTIME=1808.57
# CPUTIME: CPU time in seconds (USERTIME+SYSTEMTIME)
CPUTIME=1721.93
# USERTIME: CPU time spent in user mode in seconds
USERTIME=1716.79
# SYSTEMTIME: CPU time spent in system mode in seconds
SYSTEMTIME=5.14093
# CPUUSAGE: CPUTIME/WCTIME in percent
CPUUSAGE=95.2097
# MAXVM: maximum virtual memory used in KiB
MAXVM=3996160
# MAXMM: maximum memory used in KiB
MAXMM=933108
# MAXRSS: maximum Resident Segment Size in KiB
MAXRSS=625796
# TIMEOUT: did the solver exceed the time limit?
TIMEOUT=false
# MEMOUT: did the solver exceed the memory limit?
MEMOUT=false
# EXITSTATUS: Exit status of the solver
EXITSTATUS=0
