# WCTIME: wall clock time in seconds
WCTIME=831.989
# CPUTIME: CPU time in seconds (USERTIME+SYSTEMTIME)
CPUTIME=798.731
# USERTIME: CPU time spent in user mode in seconds
USERTIME=796.982
# SYSTEMTIME: CPU time spent in system mode in seconds
SYSTEMTIME=1.74915
# CPUUSAGE: CPUTIME/WCTIME in percent
CPUUSAGE=96.0026
# MAXVM: maximum virtual memory used in KiB
MAXVM=1757476
# MAXMM: maximum memory used in KiB
MAXMM=298008
# MAXRSS: maximum Resident Segment Size in KiB
MAXRSS=251444
# TIMEOUT: did the solver exceed the time limit?
TIMEOUT=false
# MEMOUT: did the solver exceed the memory limit?
MEMOUT=false
# EXITSTATUS: Exit status of the solver
EXITSTATUS=0
