# WCTIME: wall clock time in seconds
WCTIME=424.548
# CPUTIME: CPU time in seconds (USERTIME+SYSTEMTIME)
CPUTIME=405.896
# USERTIME: CPU time spent in user mode in seconds
USERTIME=399.975
# SYSTEMTIME: CPU time spent in system mode in seconds
SYSTEMTIME=5.92158
# CPUUSAGE: CPUTIME/WCTIME in percent
CPUUSAGE=95.6067
# MAXVM: maximum virtual memory used in KiB
MAXVM=9523216
# MAXMM: maximum memory used in KiB
MAXMM=8390652
# MAXRSS: maximum Resident Segment Size in KiB
MAXRSS=8360884
# TIMEOUT: did the solver exceed the time limit?
TIMEOUT=false
# MEMOUT: did the solver exceed the memory limit?
MEMOUT=true
# EXITSTATUS: Exit status of the solver
EXITSTATUS=15
