# WCTIME: wall clock time in seconds
WCTIME=1856.64
# CPUTIME: CPU time in seconds (USERTIME+SYSTEMTIME)
CPUTIME=1800.14
# USERTIME: CPU time spent in user mode in seconds
USERTIME=1778
# SYSTEMTIME: CPU time spent in system mode in seconds
SYSTEMTIME=22.145
# CPUUSAGE: CPUTIME/WCTIME in percent
CPUUSAGE=96.9568
# MAXVM: maximum virtual memory used in KiB
MAXVM=1532700
# MAXMM: maximum memory used in KiB
MAXMM=445016
# MAXRSS: maximum Resident Segment Size in KiB
MAXRSS=398360
# TIMEOUT: did the solver exceed the time limit?
TIMEOUT=true
# MEMOUT: did the solver exceed the memory limit?
MEMOUT=false
# EXITSTATUS: Exit status of the solver
EXITSTATUS=15
