# WCTIME: wall clock time in seconds
WCTIME=4.30043
# CPUTIME: CPU time in seconds (USERTIME+SYSTEMTIME)
CPUTIME=3.65248
# USERTIME: CPU time spent in user mode in seconds
USERTIME=1.56296
# SYSTEMTIME: CPU time spent in system mode in seconds
SYSTEMTIME=2.08952
# CPUUSAGE: CPUTIME/WCTIME in percent
CPUUSAGE=84.9329
# MAXVM: maximum virtual memory used in KiB
MAXVM=3625048
# MAXMM: maximum memory used in KiB
MAXMM=231776
# MAXRSS: maximum Resident Segment Size in KiB
MAXRSS=214200
# TIMEOUT: did the solver exceed the time limit?
TIMEOUT=false
# MEMOUT: did the solver exceed the memory limit?
MEMOUT=false
# EXITSTATUS: Exit status of the solver
EXITSTATUS=0
