# WCTIME: wall clock time in seconds
WCTIME=851.722
# CPUTIME: CPU time in seconds (USERTIME+SYSTEMTIME)
CPUTIME=810.302
# USERTIME: CPU time spent in user mode in seconds
USERTIME=800.365
# SYSTEMTIME: CPU time spent in system mode in seconds
SYSTEMTIME=9.9371
# CPUUSAGE: CPUTIME/WCTIME in percent
CPUUSAGE=95.1368
# MAXVM: maximum virtual memory used in KiB
MAXVM=9187636
# MAXMM: maximum memory used in KiB
MAXMM=8139856
# MAXRSS: maximum Resident Segment Size in KiB
MAXRSS=8099764
# TIMEOUT: did the solver exceed the time limit?
TIMEOUT=false
# MEMOUT: did the solver exceed the memory limit?
MEMOUT=false
# EXITSTATUS: Exit status of the solver
EXITSTATUS=0
