# WCTIME: wall clock time in seconds
WCTIME=1866.18
# CPUTIME: CPU time in seconds (USERTIME+SYSTEMTIME)
CPUTIME=1800.34
# USERTIME: CPU time spent in user mode in seconds
USERTIME=1789.59
# SYSTEMTIME: CPU time spent in system mode in seconds
SYSTEMTIME=10.7586
# CPUUSAGE: CPUTIME/WCTIME in percent
CPUUSAGE=96.4722
# MAXVM: maximum virtual memory used in KiB
MAXVM=3083324
# MAXMM: maximum memory used in KiB
MAXMM=2088856
# MAXRSS: maximum Resident Segment Size in KiB
MAXRSS=2039176
# TIMEOUT: did the solver exceed the time limit?
TIMEOUT=true
# MEMOUT: did the solver exceed the memory limit?
MEMOUT=false
# EXITSTATUS: Exit status of the solver
EXITSTATUS=15
