# WCTIME: wall clock time in seconds
WCTIME=1.03185
# CPUTIME: CPU time in seconds (USERTIME+SYSTEMTIME)
CPUTIME=0.757342
# USERTIME: CPU time spent in user mode in seconds
USERTIME=0.424235
# SYSTEMTIME: CPU time spent in system mode in seconds
SYSTEMTIME=0.333107
# CPUUSAGE: CPUTIME/WCTIME in percent
CPUUSAGE=73.3962
# MAXVM: maximum virtual memory used in KiB
MAXVM=1042464
# MAXMM: maximum memory used in KiB
MAXMM=71376
# MAXRSS: maximum Resident Segment Size in KiB
MAXRSS=25892
# TIMEOUT: did the solver exceed the time limit?
TIMEOUT=false
# MEMOUT: did the solver exceed the memory limit?
MEMOUT=false
# EXITSTATUS: Exit status of the solver
EXITSTATUS=0
