# WCTIME: wall clock time in seconds
WCTIME=8.00295
# CPUTIME: CPU time in seconds (USERTIME+SYSTEMTIME)
CPUTIME=7.27172
# USERTIME: CPU time spent in user mode in seconds
USERTIME=3.60954
# SYSTEMTIME: CPU time spent in system mode in seconds
SYSTEMTIME=3.66217
# CPUUSAGE: CPUTIME/WCTIME in percent
CPUUSAGE=90.8629
# MAXVM: maximum virtual memory used in KiB
MAXVM=3894904
# MAXMM: maximum memory used in KiB
MAXMM=372336
# MAXRSS: maximum Resident Segment Size in KiB
MAXRSS=335228
# TIMEOUT: did the solver exceed the time limit?
TIMEOUT=false
# MEMOUT: did the solver exceed the memory limit?
MEMOUT=false
# EXITSTATUS: Exit status of the solver
EXITSTATUS=0
