# WCTIME: wall clock time in seconds
WCTIME=1883.57
# CPUTIME: CPU time in seconds (USERTIME+SYSTEMTIME)
CPUTIME=1800.42
# USERTIME: CPU time spent in user mode in seconds
USERTIME=1789.2
# SYSTEMTIME: CPU time spent in system mode in seconds
SYSTEMTIME=11.2224
# CPUUSAGE: CPUTIME/WCTIME in percent
CPUUSAGE=95.5857
# MAXVM: maximum virtual memory used in KiB
MAXVM=7070820
# MAXMM: maximum memory used in KiB
MAXMM=6013036
# MAXRSS: maximum Resident Segment Size in KiB
MAXRSS=5974096
# TIMEOUT: did the solver exceed the time limit?
TIMEOUT=true
# MEMOUT: did the solver exceed the memory limit?
MEMOUT=false
# EXITSTATUS: Exit status of the solver
EXITSTATUS=15
