# WCTIME: wall clock time in seconds
WCTIME=1683.08
# CPUTIME: CPU time in seconds (USERTIME+SYSTEMTIME)
CPUTIME=1604.75
# USERTIME: CPU time spent in user mode in seconds
USERTIME=1602.15
# SYSTEMTIME: CPU time spent in system mode in seconds
SYSTEMTIME=2.60521
# CPUUSAGE: CPUTIME/WCTIME in percent
CPUUSAGE=95.3464
# MAXVM: maximum virtual memory used in KiB
MAXVM=3836504
# MAXMM: maximum memory used in KiB
MAXMM=430604
# MAXRSS: maximum Resident Segment Size in KiB
MAXRSS=413356
# TIMEOUT: did the solver exceed the time limit?
TIMEOUT=false
# MEMOUT: did the solver exceed the memory limit?
MEMOUT=false
# EXITSTATUS: Exit status of the solver
EXITSTATUS=0
