# WCTIME: wall clock time in seconds
WCTIME=10.0324
# CPUTIME: CPU time in seconds (USERTIME+SYSTEMTIME)
CPUTIME=8.62825
# USERTIME: CPU time spent in user mode in seconds
USERTIME=4.5514
# SYSTEMTIME: CPU time spent in system mode in seconds
SYSTEMTIME=4.07685
# CPUUSAGE: CPUTIME/WCTIME in percent
CPUUSAGE=86.0036
# MAXVM: maximum virtual memory used in KiB
MAXVM=3968188
# MAXMM: maximum memory used in KiB
MAXMM=380976
# MAXRSS: maximum Resident Segment Size in KiB
MAXRSS=344320
# TIMEOUT: did the solver exceed the time limit?
TIMEOUT=false
# MEMOUT: did the solver exceed the memory limit?
MEMOUT=false
# EXITSTATUS: Exit status of the solver
EXITSTATUS=0
