# WCTIME: wall clock time in seconds
WCTIME=430.224
# CPUTIME: CPU time in seconds (USERTIME+SYSTEMTIME)
CPUTIME=415.347
# USERTIME: CPU time spent in user mode in seconds
USERTIME=400.24
# SYSTEMTIME: CPU time spent in system mode in seconds
SYSTEMTIME=15.1071
# CPUUSAGE: CPUTIME/WCTIME in percent
CPUUSAGE=96.5422
# MAXVM: maximum virtual memory used in KiB
MAXVM=9267876
# MAXMM: maximum memory used in KiB
MAXMM=8138316
# MAXRSS: maximum Resident Segment Size in KiB
MAXRSS=8092620
# TIMEOUT: did the solver exceed the time limit?
TIMEOUT=false
# MEMOUT: did the solver exceed the memory limit?
MEMOUT=false
# EXITSTATUS: Exit status of the solver
EXITSTATUS=0
