# WCTIME: wall clock time in seconds
WCTIME=38.8921
# CPUTIME: CPU time in seconds (USERTIME+SYSTEMTIME)
CPUTIME=36.4755
# USERTIME: CPU time spent in user mode in seconds
USERTIME=33.9375
# SYSTEMTIME: CPU time spent in system mode in seconds
SYSTEMTIME=2.53798
# CPUUSAGE: CPUTIME/WCTIME in percent
CPUUSAGE=93.7862
# MAXVM: maximum virtual memory used in KiB
MAXVM=3821080
# MAXMM: maximum memory used in KiB
MAXMM=355412
# MAXRSS: maximum Resident Segment Size in KiB
MAXRSS=335932
# TIMEOUT: did the solver exceed the time limit?
TIMEOUT=false
# MEMOUT: did the solver exceed the memory limit?
MEMOUT=false
# EXITSTATUS: Exit status of the solver
EXITSTATUS=0
