# WCTIME: wall clock time in seconds
WCTIME=3.56401
# CPUTIME: CPU time in seconds (USERTIME+SYSTEMTIME)
CPUTIME=3.06733
# USERTIME: CPU time spent in user mode in seconds
USERTIME=1.20755
# SYSTEMTIME: CPU time spent in system mode in seconds
SYSTEMTIME=1.85978
# CPUUSAGE: CPUTIME/WCTIME in percent
CPUUSAGE=86.0639
# MAXVM: maximum virtual memory used in KiB
MAXVM=3625864
# MAXMM: maximum memory used in KiB
MAXMM=236532
# MAXRSS: maximum Resident Segment Size in KiB
MAXRSS=217400
# TIMEOUT: did the solver exceed the time limit?
TIMEOUT=false
# MEMOUT: did the solver exceed the memory limit?
MEMOUT=false
# EXITSTATUS: Exit status of the solver
EXITSTATUS=0
