# WCTIME: wall clock time in seconds
WCTIME=1140.6
# CPUTIME: CPU time in seconds (USERTIME+SYSTEMTIME)
CPUTIME=1097.69
# USERTIME: CPU time spent in user mode in seconds
USERTIME=1074.33
# SYSTEMTIME: CPU time spent in system mode in seconds
SYSTEMTIME=23.3585
# CPUUSAGE: CPUTIME/WCTIME in percent
CPUUSAGE=96.2374
# MAXVM: maximum virtual memory used in KiB
MAXVM=34497372
# MAXMM: maximum memory used in KiB
MAXMM=33559488
# MAXRSS: maximum Resident Segment Size in KiB
MAXRSS=33538992
# TIMEOUT: did the solver exceed the time limit?
TIMEOUT=false
# MEMOUT: did the solver exceed the memory limit?
MEMOUT=true
# EXITSTATUS: Exit status of the solver
EXITSTATUS=15
