# WCTIME: wall clock time in seconds
WCTIME=75.7209
# CPUTIME: CPU time in seconds (USERTIME+SYSTEMTIME)
CPUTIME=68.2611
# USERTIME: CPU time spent in user mode in seconds
USERTIME=59.9766
# SYSTEMTIME: CPU time spent in system mode in seconds
SYSTEMTIME=8.28451
# CPUUSAGE: CPUTIME/WCTIME in percent
CPUUSAGE=90.1483
# MAXVM: maximum virtual memory used in KiB
MAXVM=11463980
# MAXMM: maximum memory used in KiB
MAXMM=8390048
# MAXRSS: maximum Resident Segment Size in KiB
MAXRSS=8084420
# TIMEOUT: did the solver exceed the time limit?
TIMEOUT=false
# MEMOUT: did the solver exceed the memory limit?
MEMOUT=true
# EXITSTATUS: Exit status of the solver
EXITSTATUS=15
