# WCTIME: wall clock time in seconds
WCTIME=1.23165
# CPUTIME: CPU time in seconds (USERTIME+SYSTEMTIME)
CPUTIME=0.891416
# USERTIME: CPU time spent in user mode in seconds
USERTIME=0.4423
# SYSTEMTIME: CPU time spent in system mode in seconds
SYSTEMTIME=0.449116
# CPUUSAGE: CPUTIME/WCTIME in percent
CPUUSAGE=72.3759
# MAXVM: maximum virtual memory used in KiB
MAXVM=1125108
# MAXMM: maximum memory used in KiB
MAXMM=110796
# MAXRSS: maximum Resident Segment Size in KiB
MAXRSS=64188
# TIMEOUT: did the solver exceed the time limit?
TIMEOUT=false
# MEMOUT: did the solver exceed the memory limit?
MEMOUT=false
# EXITSTATUS: Exit status of the solver
EXITSTATUS=0
