# WCTIME: wall clock time in seconds
WCTIME=7.86511
# CPUTIME: CPU time in seconds (USERTIME+SYSTEMTIME)
CPUTIME=7.22003
# USERTIME: CPU time spent in user mode in seconds
USERTIME=3.5864
# SYSTEMTIME: CPU time spent in system mode in seconds
SYSTEMTIME=3.63364
# CPUUSAGE: CPUTIME/WCTIME in percent
CPUUSAGE=91.7983
# MAXVM: maximum virtual memory used in KiB
MAXVM=3893732
# MAXMM: maximum memory used in KiB
MAXMM=370688
# MAXRSS: maximum Resident Segment Size in KiB
MAXRSS=332152
# TIMEOUT: did the solver exceed the time limit?
TIMEOUT=false
# MEMOUT: did the solver exceed the memory limit?
MEMOUT=false
# EXITSTATUS: Exit status of the solver
EXITSTATUS=0
