# WCTIME: wall clock time in seconds
WCTIME=20.7544
# CPUTIME: CPU time in seconds (USERTIME+SYSTEMTIME)
CPUTIME=15.182
# USERTIME: CPU time spent in user mode in seconds
USERTIME=11.4834
# SYSTEMTIME: CPU time spent in system mode in seconds
SYSTEMTIME=3.69859
# CPUUSAGE: CPUTIME/WCTIME in percent
CPUUSAGE=73.1506
# MAXVM: maximum virtual memory used in KiB
MAXVM=3612244
# MAXMM: maximum memory used in KiB
MAXMM=553868
# MAXRSS: maximum Resident Segment Size in KiB
MAXRSS=273268
# TIMEOUT: did the solver exceed the time limit?
TIMEOUT=false
# MEMOUT: did the solver exceed the memory limit?
MEMOUT=false
# EXITSTATUS: Exit status of the solver
EXITSTATUS=0
