# WCTIME: wall clock time in seconds
WCTIME=1879.65
# CPUTIME: CPU time in seconds (USERTIME+SYSTEMTIME)
CPUTIME=1800.25
# USERTIME: CPU time spent in user mode in seconds
USERTIME=1781.23
# SYSTEMTIME: CPU time spent in system mode in seconds
SYSTEMTIME=19.0182
# CPUUSAGE: CPUTIME/WCTIME in percent
CPUUSAGE=95.7761
# MAXVM: maximum virtual memory used in KiB
MAXVM=7234888
# MAXMM: maximum memory used in KiB
MAXMM=6267220
# MAXRSS: maximum Resident Segment Size in KiB
MAXRSS=6228368
# TIMEOUT: did the solver exceed the time limit?
TIMEOUT=true
# MEMOUT: did the solver exceed the memory limit?
MEMOUT=false
# EXITSTATUS: Exit status of the solver
EXITSTATUS=15
