# WCTIME: wall clock time in seconds
WCTIME=1894.41
# CPUTIME: CPU time in seconds (USERTIME+SYSTEMTIME)
CPUTIME=1800.33
# USERTIME: CPU time spent in user mode in seconds
USERTIME=1770.26
# SYSTEMTIME: CPU time spent in system mode in seconds
SYSTEMTIME=30.068
# CPUUSAGE: CPUTIME/WCTIME in percent
CPUUSAGE=95.0339
# MAXVM: maximum virtual memory used in KiB
MAXVM=6496860
# MAXMM: maximum memory used in KiB
MAXMM=5445440
# MAXRSS: maximum Resident Segment Size in KiB
MAXRSS=5399840
# TIMEOUT: did the solver exceed the time limit?
TIMEOUT=true
# MEMOUT: did the solver exceed the memory limit?
MEMOUT=false
# EXITSTATUS: Exit status of the solver
EXITSTATUS=15
