# WCTIME: wall clock time in seconds
WCTIME=203.549
# CPUTIME: CPU time in seconds (USERTIME+SYSTEMTIME)
CPUTIME=194.082
# USERTIME: CPU time spent in user mode in seconds
USERTIME=186.377
# SYSTEMTIME: CPU time spent in system mode in seconds
SYSTEMTIME=7.70503
# CPUUSAGE: CPUTIME/WCTIME in percent
CPUUSAGE=95.3488
# MAXVM: maximum virtual memory used in KiB
MAXVM=11454232
# MAXMM: maximum memory used in KiB
MAXMM=8389496
# MAXRSS: maximum Resident Segment Size in KiB
MAXRSS=8084672
# TIMEOUT: did the solver exceed the time limit?
TIMEOUT=false
# MEMOUT: did the solver exceed the memory limit?
MEMOUT=true
# EXITSTATUS: Exit status of the solver
EXITSTATUS=15
