# WCTIME: wall clock time in seconds
WCTIME=0.966177
# CPUTIME: CPU time in seconds (USERTIME+SYSTEMTIME)
CPUTIME=0.490279
# USERTIME: CPU time spent in user mode in seconds
USERTIME=0.199956
# SYSTEMTIME: CPU time spent in system mode in seconds
SYSTEMTIME=0.290323
# CPUUSAGE: CPUTIME/WCTIME in percent
CPUUSAGE=50.7442
# MAXVM: maximum virtual memory used in KiB
MAXVM=970776
# MAXMM: maximum memory used in KiB
MAXMM=29040
# MAXRSS: maximum Resident Segment Size in KiB
MAXRSS=27924
# TIMEOUT: did the solver exceed the time limit?
TIMEOUT=false
# MEMOUT: did the solver exceed the memory limit?
MEMOUT=false
# EXITSTATUS: Exit status of the solver
EXITSTATUS=0
