# WCTIME: wall clock time in seconds
WCTIME=1807.54
# CPUTIME: CPU time in seconds (USERTIME+SYSTEMTIME)
CPUTIME=1743.08
# USERTIME: CPU time spent in user mode in seconds
USERTIME=1732.02
# SYSTEMTIME: CPU time spent in system mode in seconds
SYSTEMTIME=11.0538
# CPUUSAGE: CPUTIME/WCTIME in percent
CPUUSAGE=96.4339
# MAXVM: maximum virtual memory used in KiB
MAXVM=6511660
# MAXMM: maximum memory used in KiB
MAXMM=3449212
# MAXRSS: maximum Resident Segment Size in KiB
MAXRSS=3142152
# TIMEOUT: did the solver exceed the time limit?
TIMEOUT=false
# MEMOUT: did the solver exceed the memory limit?
MEMOUT=false
# EXITSTATUS: Exit status of the solver
EXITSTATUS=0
