# WCTIME: wall clock time in seconds
WCTIME=592.238
# CPUTIME: CPU time in seconds (USERTIME+SYSTEMTIME)
CPUTIME=570.195
# USERTIME: CPU time spent in user mode in seconds
USERTIME=563.471
# SYSTEMTIME: CPU time spent in system mode in seconds
SYSTEMTIME=6.72431
# CPUUSAGE: CPUTIME/WCTIME in percent
CPUUSAGE=96.2779
# MAXVM: maximum virtual memory used in KiB
MAXVM=9187424
# MAXMM: maximum memory used in KiB
MAXMM=8098156
# MAXRSS: maximum Resident Segment Size in KiB
MAXRSS=8059312
# TIMEOUT: did the solver exceed the time limit?
TIMEOUT=false
# MEMOUT: did the solver exceed the memory limit?
MEMOUT=false
# EXITSTATUS: Exit status of the solver
EXITSTATUS=0
