# WCTIME: wall clock time in seconds
WCTIME=1682.86
# CPUTIME: CPU time in seconds (USERTIME+SYSTEMTIME)
CPUTIME=1607.96
# USERTIME: CPU time spent in user mode in seconds
USERTIME=1602.12
# SYSTEMTIME: CPU time spent in system mode in seconds
SYSTEMTIME=5.83731
# CPUUSAGE: CPUTIME/WCTIME in percent
CPUUSAGE=95.5488
# MAXVM: maximum virtual memory used in KiB
MAXVM=3735152
# MAXMM: maximum memory used in KiB
MAXMM=344600
# MAXRSS: maximum Resident Segment Size in KiB
MAXRSS=325776
# TIMEOUT: did the solver exceed the time limit?
TIMEOUT=false
# MEMOUT: did the solver exceed the memory limit?
MEMOUT=false
# EXITSTATUS: Exit status of the solver
EXITSTATUS=0
