# WCTIME: wall clock time in seconds
WCTIME=31.3844
# CPUTIME: CPU time in seconds (USERTIME+SYSTEMTIME)
CPUTIME=28.8261
# USERTIME: CPU time spent in user mode in seconds
USERTIME=26.7525
# SYSTEMTIME: CPU time spent in system mode in seconds
SYSTEMTIME=2.07353
# CPUUSAGE: CPUTIME/WCTIME in percent
CPUUSAGE=91.8484
# MAXVM: maximum virtual memory used in KiB
MAXVM=1827116
# MAXMM: maximum memory used in KiB
MAXMM=141032
# MAXRSS: maximum Resident Segment Size in KiB
MAXRSS=120608
# TIMEOUT: did the solver exceed the time limit?
TIMEOUT=false
# MEMOUT: did the solver exceed the memory limit?
MEMOUT=false
# EXITSTATUS: Exit status of the solver
EXITSTATUS=35584
