# WCTIME: wall clock time in seconds
WCTIME=1494.55
# CPUTIME: CPU time in seconds (USERTIME+SYSTEMTIME)
CPUTIME=1428.01
# USERTIME: CPU time spent in user mode in seconds
USERTIME=1408.44
# SYSTEMTIME: CPU time spent in system mode in seconds
SYSTEMTIME=19.5722
# CPUUSAGE: CPUTIME/WCTIME in percent
CPUUSAGE=95.5477
# MAXVM: maximum virtual memory used in KiB
MAXVM=1759528
# MAXMM: maximum memory used in KiB
MAXMM=517144
# MAXRSS: maximum Resident Segment Size in KiB
MAXRSS=472640
# TIMEOUT: did the solver exceed the time limit?
TIMEOUT=false
# MEMOUT: did the solver exceed the memory limit?
MEMOUT=false
# EXITSTATUS: Exit status of the solver
EXITSTATUS=0
