# WCTIME: wall clock time in seconds
WCTIME=1884.65
# CPUTIME: CPU time in seconds (USERTIME+SYSTEMTIME)
CPUTIME=1800.19
# USERTIME: CPU time spent in user mode in seconds
USERTIME=1793.73
# SYSTEMTIME: CPU time spent in system mode in seconds
SYSTEMTIME=6.45973
# CPUUSAGE: CPUTIME/WCTIME in percent
CPUUSAGE=95.5185
# MAXVM: maximum virtual memory used in KiB
MAXVM=1767356
# MAXMM: maximum memory used in KiB
MAXMM=805112
# MAXRSS: maximum Resident Segment Size in KiB
MAXRSS=765660
# TIMEOUT: did the solver exceed the time limit?
TIMEOUT=true
# MEMOUT: did the solver exceed the memory limit?
MEMOUT=false
# EXITSTATUS: Exit status of the solver
EXITSTATUS=15
