# WCTIME: wall clock time in seconds
WCTIME=8.82891
# CPUTIME: CPU time in seconds (USERTIME+SYSTEMTIME)
CPUTIME=7.11475
# USERTIME: CPU time spent in user mode in seconds
USERTIME=3.30685
# SYSTEMTIME: CPU time spent in system mode in seconds
SYSTEMTIME=3.80789
# CPUUSAGE: CPUTIME/WCTIME in percent
CPUUSAGE=80.5846
# MAXVM: maximum virtual memory used in KiB
MAXVM=3893716
# MAXMM: maximum memory used in KiB
MAXMM=370028
# MAXRSS: maximum Resident Segment Size in KiB
MAXRSS=331528
# TIMEOUT: did the solver exceed the time limit?
TIMEOUT=false
# MEMOUT: did the solver exceed the memory limit?
MEMOUT=false
# EXITSTATUS: Exit status of the solver
EXITSTATUS=0
