# WCTIME: wall clock time in seconds
WCTIME=1888.36
# CPUTIME: CPU time in seconds (USERTIME+SYSTEMTIME)
CPUTIME=1800.31
# USERTIME: CPU time spent in user mode in seconds
USERTIME=1794.4
# SYSTEMTIME: CPU time spent in system mode in seconds
SYSTEMTIME=5.90385
# CPUUSAGE: CPUTIME/WCTIME in percent
CPUUSAGE=95.337
# MAXVM: maximum virtual memory used in KiB
MAXVM=3964572
# MAXMM: maximum memory used in KiB
MAXMM=440084
# MAXRSS: maximum Resident Segment Size in KiB
MAXRSS=402248
# TIMEOUT: did the solver exceed the time limit?
TIMEOUT=true
# MEMOUT: did the solver exceed the memory limit?
MEMOUT=false
# EXITSTATUS: Exit status of the solver
EXITSTATUS=15
