# WCTIME: wall clock time in seconds
WCTIME=3.71983
# CPUTIME: CPU time in seconds (USERTIME+SYSTEMTIME)
CPUTIME=3.15985
# USERTIME: CPU time spent in user mode in seconds
USERTIME=1.30855
# SYSTEMTIME: CPU time spent in system mode in seconds
SYSTEMTIME=1.85129
# CPUUSAGE: CPUTIME/WCTIME in percent
CPUUSAGE=84.9459
# MAXVM: maximum virtual memory used in KiB
MAXVM=3692344
# MAXMM: maximum memory used in KiB
MAXMM=232748
# MAXRSS: maximum Resident Segment Size in KiB
MAXRSS=215828
# TIMEOUT: did the solver exceed the time limit?
TIMEOUT=false
# MEMOUT: did the solver exceed the memory limit?
MEMOUT=false
# EXITSTATUS: Exit status of the solver
EXITSTATUS=0
