# WCTIME: wall clock time in seconds
WCTIME=106.21
# CPUTIME: CPU time in seconds (USERTIME+SYSTEMTIME)
CPUTIME=100.366
# USERTIME: CPU time spent in user mode in seconds
USERTIME=69.284
# SYSTEMTIME: CPU time spent in system mode in seconds
SYSTEMTIME=31.0824
# CPUUSAGE: CPUTIME/WCTIME in percent
CPUUSAGE=94.4983
# MAXVM: maximum virtual memory used in KiB
MAXVM=2763616
# MAXMM: maximum memory used in KiB
MAXMM=1606460
# MAXRSS: maximum Resident Segment Size in KiB
MAXRSS=1562220
# TIMEOUT: did the solver exceed the time limit?
TIMEOUT=false
# MEMOUT: did the solver exceed the memory limit?
MEMOUT=false
# EXITSTATUS: Exit status of the solver
EXITSTATUS=0
