# WCTIME: wall clock time in seconds
WCTIME=1685.57
# CPUTIME: CPU time in seconds (USERTIME+SYSTEMTIME)
CPUTIME=1605.04
# USERTIME: CPU time spent in user mode in seconds
USERTIME=1599.89
# SYSTEMTIME: CPU time spent in system mode in seconds
SYSTEMTIME=5.14971
# CPUUSAGE: CPUTIME/WCTIME in percent
CPUUSAGE=95.2223
# MAXVM: maximum virtual memory used in KiB
MAXVM=3803436
# MAXMM: maximum memory used in KiB
MAXMM=345392
# MAXRSS: maximum Resident Segment Size in KiB
MAXRSS=328444
# TIMEOUT: did the solver exceed the time limit?
TIMEOUT=false
# MEMOUT: did the solver exceed the memory limit?
MEMOUT=false
# EXITSTATUS: Exit status of the solver
EXITSTATUS=0
