# WCTIME: wall clock time in seconds
WCTIME=168.119
# CPUTIME: CPU time in seconds (USERTIME+SYSTEMTIME)
CPUTIME=159.206
# USERTIME: CPU time spent in user mode in seconds
USERTIME=155.143
# SYSTEMTIME: CPU time spent in system mode in seconds
SYSTEMTIME=4.06232
# CPUUSAGE: CPUTIME/WCTIME in percent
CPUUSAGE=94.698
# MAXVM: maximum virtual memory used in KiB
MAXVM=4095456
# MAXMM: maximum memory used in KiB
MAXMM=1036736
# MAXRSS: maximum Resident Segment Size in KiB
MAXRSS=730068
# TIMEOUT: did the solver exceed the time limit?
TIMEOUT=false
# MEMOUT: did the solver exceed the memory limit?
MEMOUT=false
# EXITSTATUS: Exit status of the solver
EXITSTATUS=0
