# WCTIME: wall clock time in seconds
WCTIME=481.75
# CPUTIME: CPU time in seconds (USERTIME+SYSTEMTIME)
CPUTIME=457.431
# USERTIME: CPU time spent in user mode in seconds
USERTIME=447.823
# SYSTEMTIME: CPU time spent in system mode in seconds
SYSTEMTIME=9.60756
# CPUUSAGE: CPUTIME/WCTIME in percent
CPUUSAGE=94.9518
# MAXVM: maximum virtual memory used in KiB
MAXVM=9249060
# MAXMM: maximum memory used in KiB
MAXMM=8103568
# MAXRSS: maximum Resident Segment Size in KiB
MAXRSS=8066356
# TIMEOUT: did the solver exceed the time limit?
TIMEOUT=false
# MEMOUT: did the solver exceed the memory limit?
MEMOUT=false
# EXITSTATUS: Exit status of the solver
EXITSTATUS=0
