# WCTIME: wall clock time in seconds
WCTIME=23.9893
# CPUTIME: CPU time in seconds (USERTIME+SYSTEMTIME)
CPUTIME=22.456
# USERTIME: CPU time spent in user mode in seconds
USERTIME=18.0422
# SYSTEMTIME: CPU time spent in system mode in seconds
SYSTEMTIME=4.41381
# CPUUSAGE: CPUTIME/WCTIME in percent
CPUUSAGE=93.6083
# MAXVM: maximum virtual memory used in KiB
MAXVM=4045716
# MAXMM: maximum memory used in KiB
MAXMM=524128
# MAXRSS: maximum Resident Segment Size in KiB
MAXRSS=485520
# TIMEOUT: did the solver exceed the time limit?
TIMEOUT=false
# MEMOUT: did the solver exceed the memory limit?
MEMOUT=false
# EXITSTATUS: Exit status of the solver
EXITSTATUS=0
