# WCTIME: wall clock time in seconds
WCTIME=1429.98
# CPUTIME: CPU time in seconds (USERTIME+SYSTEMTIME)
CPUTIME=1367.36
# USERTIME: CPU time spent in user mode in seconds
USERTIME=1175.15
# SYSTEMTIME: CPU time spent in system mode in seconds
SYSTEMTIME=192.215
# CPUUSAGE: CPUTIME/WCTIME in percent
CPUUSAGE=95.6212
# MAXVM: maximum virtual memory used in KiB
MAXVM=4333388
# MAXMM: maximum memory used in KiB
MAXMM=2602428
# MAXRSS: maximum Resident Segment Size in KiB
MAXRSS=2548380
# TIMEOUT: did the solver exceed the time limit?
TIMEOUT=false
# MEMOUT: did the solver exceed the memory limit?
MEMOUT=false
# EXITSTATUS: Exit status of the solver
EXITSTATUS=0
