# WCTIME: wall clock time in seconds
WCTIME=12.2659
# CPUTIME: CPU time in seconds (USERTIME+SYSTEMTIME)
CPUTIME=10.5685
# USERTIME: CPU time spent in user mode in seconds
USERTIME=6.67349
# SYSTEMTIME: CPU time spent in system mode in seconds
SYSTEMTIME=3.89498
# CPUUSAGE: CPUTIME/WCTIME in percent
CPUUSAGE=86.1614
# MAXVM: maximum virtual memory used in KiB
MAXVM=3925256
# MAXMM: maximum memory used in KiB
MAXMM=404280
# MAXRSS: maximum Resident Segment Size in KiB
MAXRSS=365828
# TIMEOUT: did the solver exceed the time limit?
TIMEOUT=false
# MEMOUT: did the solver exceed the memory limit?
MEMOUT=false
# EXITSTATUS: Exit status of the solver
EXITSTATUS=0
