# WCTIME: wall clock time in seconds
WCTIME=528.162
# CPUTIME: CPU time in seconds (USERTIME+SYSTEMTIME)
CPUTIME=506.017
# USERTIME: CPU time spent in user mode in seconds
USERTIME=490.184
# SYSTEMTIME: CPU time spent in system mode in seconds
SYSTEMTIME=15.8337
# CPUUSAGE: CPUTIME/WCTIME in percent
CPUUSAGE=95.8072
# MAXVM: maximum virtual memory used in KiB
MAXVM=9200220
# MAXMM: maximum memory used in KiB
MAXMM=8204328
# MAXRSS: maximum Resident Segment Size in KiB
MAXRSS=8158444
# TIMEOUT: did the solver exceed the time limit?
TIMEOUT=false
# MEMOUT: did the solver exceed the memory limit?
MEMOUT=false
# EXITSTATUS: Exit status of the solver
EXITSTATUS=0
