# WCTIME: wall clock time in seconds
WCTIME=1801.53
# CPUTIME: CPU time in seconds (USERTIME+SYSTEMTIME)
CPUTIME=1728.91
# USERTIME: CPU time spent in user mode in seconds
USERTIME=1712.23
# SYSTEMTIME: CPU time spent in system mode in seconds
SYSTEMTIME=16.6849
# CPUUSAGE: CPUTIME/WCTIME in percent
CPUUSAGE=95.9692
# MAXVM: maximum virtual memory used in KiB
MAXVM=5055548
# MAXMM: maximum memory used in KiB
MAXMM=1636268
# MAXRSS: maximum Resident Segment Size in KiB
MAXRSS=1618796
# TIMEOUT: did the solver exceed the time limit?
TIMEOUT=false
# MEMOUT: did the solver exceed the memory limit?
MEMOUT=false
# EXITSTATUS: Exit status of the solver
EXITSTATUS=0
