# WCTIME: wall clock time in seconds
WCTIME=1863.12
# CPUTIME: CPU time in seconds (USERTIME+SYSTEMTIME)
CPUTIME=1800.21
# USERTIME: CPU time spent in user mode in seconds
USERTIME=1726.1
# SYSTEMTIME: CPU time spent in system mode in seconds
SYSTEMTIME=74.1177
# CPUUSAGE: CPUTIME/WCTIME in percent
CPUUSAGE=96.6237
# MAXVM: maximum virtual memory used in KiB
MAXVM=4720932
# MAXMM: maximum memory used in KiB
MAXMM=3708496
# MAXRSS: maximum Resident Segment Size in KiB
MAXRSS=3671192
# TIMEOUT: did the solver exceed the time limit?
TIMEOUT=true
# MEMOUT: did the solver exceed the memory limit?
MEMOUT=false
# EXITSTATUS: Exit status of the solver
EXITSTATUS=15
