# WCTIME: wall clock time in seconds
WCTIME=51.9897
# CPUTIME: CPU time in seconds (USERTIME+SYSTEMTIME)
CPUTIME=48.5281
# USERTIME: CPU time spent in user mode in seconds
USERTIME=41.058
# SYSTEMTIME: CPU time spent in system mode in seconds
SYSTEMTIME=7.47006
# CPUUSAGE: CPUTIME/WCTIME in percent
CPUUSAGE=93.3417
# MAXVM: maximum virtual memory used in KiB
MAXVM=11473124
# MAXMM: maximum memory used in KiB
MAXMM=8408116
# MAXRSS: maximum Resident Segment Size in KiB
MAXRSS=8103688
# TIMEOUT: did the solver exceed the time limit?
TIMEOUT=false
# MEMOUT: did the solver exceed the memory limit?
MEMOUT=true
# EXITSTATUS: Exit status of the solver
EXITSTATUS=15
