# WCTIME: wall clock time in seconds
WCTIME=1787.18
# CPUTIME: CPU time in seconds (USERTIME+SYSTEMTIME)
CPUTIME=1725.32
# USERTIME: CPU time spent in user mode in seconds
USERTIME=1722.95
# SYSTEMTIME: CPU time spent in system mode in seconds
SYSTEMTIME=2.36151
# CPUUSAGE: CPUTIME/WCTIME in percent
CPUUSAGE=96.5386
# MAXVM: maximum virtual memory used in KiB
MAXVM=3852956
# MAXMM: maximum memory used in KiB
MAXMM=453812
# MAXRSS: maximum Resident Segment Size in KiB
MAXRSS=442084
# TIMEOUT: did the solver exceed the time limit?
TIMEOUT=false
# MEMOUT: did the solver exceed the memory limit?
MEMOUT=false
# EXITSTATUS: Exit status of the solver
EXITSTATUS=0
