# WCTIME: wall clock time in seconds
WCTIME=296.66
# CPUTIME: CPU time in seconds (USERTIME+SYSTEMTIME)
CPUTIME=285.389
# USERTIME: CPU time spent in user mode in seconds
USERTIME=280.585
# SYSTEMTIME: CPU time spent in system mode in seconds
SYSTEMTIME=4.80395
# CPUUSAGE: CPUTIME/WCTIME in percent
CPUUSAGE=96.2007
# MAXVM: maximum virtual memory used in KiB
MAXVM=9186084
# MAXMM: maximum memory used in KiB
MAXMM=8113232
# MAXRSS: maximum Resident Segment Size in KiB
MAXRSS=8077860
# TIMEOUT: did the solver exceed the time limit?
TIMEOUT=false
# MEMOUT: did the solver exceed the memory limit?
MEMOUT=false
# EXITSTATUS: Exit status of the solver
EXITSTATUS=0
