# WCTIME: wall clock time in seconds
WCTIME=20.3282
# CPUTIME: CPU time in seconds (USERTIME+SYSTEMTIME)
CPUTIME=19.3077
# USERTIME: CPU time spent in user mode in seconds
USERTIME=18.7836
# SYSTEMTIME: CPU time spent in system mode in seconds
SYSTEMTIME=0.524031
# CPUUSAGE: CPUTIME/WCTIME in percent
CPUUSAGE=94.9797
# MAXVM: maximum virtual memory used in KiB
MAXVM=1186000
# MAXMM: maximum memory used in KiB
MAXMM=116568
# MAXRSS: maximum Resident Segment Size in KiB
MAXRSS=70132
# TIMEOUT: did the solver exceed the time limit?
TIMEOUT=false
# MEMOUT: did the solver exceed the memory limit?
MEMOUT=false
# EXITSTATUS: Exit status of the solver
EXITSTATUS=0
