# WCTIME: wall clock time in seconds
WCTIME=13.6639
# CPUTIME: CPU time in seconds (USERTIME+SYSTEMTIME)
CPUTIME=7.61688
# USERTIME: CPU time spent in user mode in seconds
USERTIME=3.45512
# SYSTEMTIME: CPU time spent in system mode in seconds
SYSTEMTIME=4.16176
# CPUUSAGE: CPUTIME/WCTIME in percent
CPUUSAGE=55.7446
# MAXVM: maximum virtual memory used in KiB
MAXVM=3904500
# MAXMM: maximum memory used in KiB
MAXMM=498864
# MAXRSS: maximum Resident Segment Size in KiB
MAXRSS=294508
# TIMEOUT: did the solver exceed the time limit?
TIMEOUT=false
# MEMOUT: did the solver exceed the memory limit?
MEMOUT=false
# EXITSTATUS: Exit status of the solver
EXITSTATUS=0
