# WCTIME: wall clock time in seconds
WCTIME=8.12255
# CPUTIME: CPU time in seconds (USERTIME+SYSTEMTIME)
CPUTIME=7.05908
# USERTIME: CPU time spent in user mode in seconds
USERTIME=6.59509
# SYSTEMTIME: CPU time spent in system mode in seconds
SYSTEMTIME=0.463991
# CPUUSAGE: CPUTIME/WCTIME in percent
CPUUSAGE=86.9071
# MAXVM: maximum virtual memory used in KiB
MAXVM=1033040
# MAXMM: maximum memory used in KiB
MAXMM=81112
# MAXRSS: maximum Resident Segment Size in KiB
MAXRSS=51048
# TIMEOUT: did the solver exceed the time limit?
TIMEOUT=false
# MEMOUT: did the solver exceed the memory limit?
MEMOUT=false
# EXITSTATUS: Exit status of the solver
EXITSTATUS=0
