# WCTIME: wall clock time in seconds
WCTIME=1729.21
# CPUTIME: CPU time in seconds (USERTIME+SYSTEMTIME)
CPUTIME=1656.76
# USERTIME: CPU time spent in user mode in seconds
USERTIME=1561.81
# SYSTEMTIME: CPU time spent in system mode in seconds
SYSTEMTIME=94.9521
# CPUUSAGE: CPUTIME/WCTIME in percent
CPUUSAGE=95.8106
# MAXVM: maximum virtual memory used in KiB
MAXVM=4352396
# MAXMM: maximum memory used in KiB
MAXMM=952068
# MAXRSS: maximum Resident Segment Size in KiB
MAXRSS=940328
# TIMEOUT: did the solver exceed the time limit?
TIMEOUT=false
# MEMOUT: did the solver exceed the memory limit?
MEMOUT=false
# EXITSTATUS: Exit status of the solver
EXITSTATUS=0
