# WCTIME: wall clock time in seconds
WCTIME=1876.4
# CPUTIME: CPU time in seconds (USERTIME+SYSTEMTIME)
CPUTIME=1800.75
# USERTIME: CPU time spent in user mode in seconds
USERTIME=1789.77
# SYSTEMTIME: CPU time spent in system mode in seconds
SYSTEMTIME=10.978
# CPUUSAGE: CPUTIME/WCTIME in percent
CPUUSAGE=95.9683
# MAXVM: maximum virtual memory used in KiB
MAXVM=8637476
# MAXMM: maximum memory used in KiB
MAXMM=7598540
# MAXRSS: maximum Resident Segment Size in KiB
MAXRSS=7558160
# TIMEOUT: did the solver exceed the time limit?
TIMEOUT=true
# MEMOUT: did the solver exceed the memory limit?
MEMOUT=false
# EXITSTATUS: Exit status of the solver
EXITSTATUS=15
