# WCTIME: wall clock time in seconds
WCTIME=1889.3
# CPUTIME: CPU time in seconds (USERTIME+SYSTEMTIME)
CPUTIME=1800.31
# USERTIME: CPU time spent in user mode in seconds
USERTIME=1775.03
# SYSTEMTIME: CPU time spent in system mode in seconds
SYSTEMTIME=25.276
# CPUUSAGE: CPUTIME/WCTIME in percent
CPUUSAGE=95.2895
# MAXVM: maximum virtual memory used in KiB
MAXVM=8899784
# MAXMM: maximum memory used in KiB
MAXMM=7820620
# MAXRSS: maximum Resident Segment Size in KiB
MAXRSS=7787936
# TIMEOUT: did the solver exceed the time limit?
TIMEOUT=true
# MEMOUT: did the solver exceed the memory limit?
MEMOUT=false
# EXITSTATUS: Exit status of the solver
EXITSTATUS=15
