# WCTIME: wall clock time in seconds
WCTIME=12.391
# CPUTIME: CPU time in seconds (USERTIME+SYSTEMTIME)
CPUTIME=11.6745
# USERTIME: CPU time spent in user mode in seconds
USERTIME=7.19148
# SYSTEMTIME: CPU time spent in system mode in seconds
SYSTEMTIME=4.48299
# CPUUSAGE: CPUTIME/WCTIME in percent
CPUUSAGE=94.2173
# MAXVM: maximum virtual memory used in KiB
MAXVM=1825064
# MAXMM: maximum memory used in KiB
MAXMM=260400
# MAXRSS: maximum Resident Segment Size in KiB
MAXRSS=216112
# TIMEOUT: did the solver exceed the time limit?
TIMEOUT=false
# MEMOUT: did the solver exceed the memory limit?
MEMOUT=false
# EXITSTATUS: Exit status of the solver
EXITSTATUS=0
