# WCTIME: wall clock time in seconds
WCTIME=11.7527
# CPUTIME: CPU time in seconds (USERTIME+SYSTEMTIME)
CPUTIME=11.0106
# USERTIME: CPU time spent in user mode in seconds
USERTIME=6.50796
# SYSTEMTIME: CPU time spent in system mode in seconds
SYSTEMTIME=4.50262
# CPUUSAGE: CPUTIME/WCTIME in percent
CPUUSAGE=93.6856
# MAXVM: maximum virtual memory used in KiB
MAXVM=1390640
# MAXMM: maximum memory used in KiB
MAXMM=308184
# MAXRSS: maximum Resident Segment Size in KiB
MAXRSS=264036
# TIMEOUT: did the solver exceed the time limit?
TIMEOUT=false
# MEMOUT: did the solver exceed the memory limit?
MEMOUT=false
# EXITSTATUS: Exit status of the solver
EXITSTATUS=0
