# WCTIME: wall clock time in seconds
WCTIME=851.037
# CPUTIME: CPU time in seconds (USERTIME+SYSTEMTIME)
CPUTIME=812.827
# USERTIME: CPU time spent in user mode in seconds
USERTIME=777.744
# SYSTEMTIME: CPU time spent in system mode in seconds
SYSTEMTIME=35.0828
# CPUUSAGE: CPUTIME/WCTIME in percent
CPUUSAGE=95.5102
# MAXVM: maximum virtual memory used in KiB
MAXVM=9204344
# MAXMM: maximum memory used in KiB
MAXMM=8127356
# MAXRSS: maximum Resident Segment Size in KiB
MAXRSS=8088316
# TIMEOUT: did the solver exceed the time limit?
TIMEOUT=false
# MEMOUT: did the solver exceed the memory limit?
MEMOUT=false
# EXITSTATUS: Exit status of the solver
EXITSTATUS=0
