# WCTIME: wall clock time in seconds
WCTIME=1808.68
# CPUTIME: CPU time in seconds (USERTIME+SYSTEMTIME)
CPUTIME=1711.75
# USERTIME: CPU time spent in user mode in seconds
USERTIME=1703.9
# SYSTEMTIME: CPU time spent in system mode in seconds
SYSTEMTIME=7.85398
# CPUUSAGE: CPUTIME/WCTIME in percent
CPUUSAGE=94.6408
# MAXVM: maximum virtual memory used in KiB
MAXVM=6082380
# MAXMM: maximum memory used in KiB
MAXMM=2950748
# MAXRSS: maximum Resident Segment Size in KiB
MAXRSS=2646476
# TIMEOUT: did the solver exceed the time limit?
TIMEOUT=false
# MEMOUT: did the solver exceed the memory limit?
MEMOUT=false
# EXITSTATUS: Exit status of the solver
EXITSTATUS=0
