# WCTIME: wall clock time in seconds
WCTIME=1874.37
# CPUTIME: CPU time in seconds (USERTIME+SYSTEMTIME)
CPUTIME=1800.16
# USERTIME: CPU time spent in user mode in seconds
USERTIME=1796.17
# SYSTEMTIME: CPU time spent in system mode in seconds
SYSTEMTIME=3.99213
# CPUUSAGE: CPUTIME/WCTIME in percent
CPUUSAGE=96.0409
# MAXVM: maximum virtual memory used in KiB
MAXVM=2558228
# MAXMM: maximum memory used in KiB
MAXMM=1577232
# MAXRSS: maximum Resident Segment Size in KiB
MAXRSS=1541396
# TIMEOUT: did the solver exceed the time limit?
TIMEOUT=true
# MEMOUT: did the solver exceed the memory limit?
MEMOUT=false
# EXITSTATUS: Exit status of the solver
EXITSTATUS=15
