# WCTIME: wall clock time in seconds
WCTIME=1830.76
# CPUTIME: CPU time in seconds (USERTIME+SYSTEMTIME)
CPUTIME=1766.37
# USERTIME: CPU time spent in user mode in seconds
USERTIME=1757.76
# SYSTEMTIME: CPU time spent in system mode in seconds
SYSTEMTIME=8.61568
# CPUUSAGE: CPUTIME/WCTIME in percent
CPUUSAGE=96.4831
# MAXVM: maximum virtual memory used in KiB
MAXVM=4318932
# MAXMM: maximum memory used in KiB
MAXMM=1846928
# MAXRSS: maximum Resident Segment Size in KiB
MAXRSS=1815436
# TIMEOUT: did the solver exceed the time limit?
TIMEOUT=false
# MEMOUT: did the solver exceed the memory limit?
MEMOUT=false
# EXITSTATUS: Exit status of the solver
EXITSTATUS=9
