# WCTIME: wall clock time in seconds
WCTIME=70.928
# CPUTIME: CPU time in seconds (USERTIME+SYSTEMTIME)
CPUTIME=67.4071
# USERTIME: CPU time spent in user mode in seconds
USERTIME=63.6852
# SYSTEMTIME: CPU time spent in system mode in seconds
SYSTEMTIME=3.72187
# CPUUSAGE: CPUTIME/WCTIME in percent
CPUUSAGE=95.0359
# MAXVM: maximum virtual memory used in KiB
MAXVM=3655256
# MAXMM: maximum memory used in KiB
MAXMM=257308
# MAXRSS: maximum Resident Segment Size in KiB
MAXRSS=239888
# TIMEOUT: did the solver exceed the time limit?
TIMEOUT=false
# MEMOUT: did the solver exceed the memory limit?
MEMOUT=false
# EXITSTATUS: Exit status of the solver
EXITSTATUS=0
