# WCTIME: wall clock time in seconds
WCTIME=1807.45
# CPUTIME: CPU time in seconds (USERTIME+SYSTEMTIME)
CPUTIME=1721.95
# USERTIME: CPU time spent in user mode in seconds
USERTIME=1718.03
# SYSTEMTIME: CPU time spent in system mode in seconds
SYSTEMTIME=3.92466
# CPUUSAGE: CPUTIME/WCTIME in percent
CPUUSAGE=95.2696
# MAXVM: maximum virtual memory used in KiB
MAXVM=3549296
# MAXMM: maximum memory used in KiB
MAXMM=483836
# MAXRSS: maximum Resident Segment Size in KiB
MAXRSS=273248
# TIMEOUT: did the solver exceed the time limit?
TIMEOUT=false
# MEMOUT: did the solver exceed the memory limit?
MEMOUT=false
# EXITSTATUS: Exit status of the solver
EXITSTATUS=0
