# WCTIME: wall clock time in seconds
WCTIME=1830.88
# CPUTIME: CPU time in seconds (USERTIME+SYSTEMTIME)
CPUTIME=1746.08
# USERTIME: CPU time spent in user mode in seconds
USERTIME=1736.59
# SYSTEMTIME: CPU time spent in system mode in seconds
SYSTEMTIME=9.49147
# CPUUSAGE: CPUTIME/WCTIME in percent
CPUUSAGE=95.3683
# MAXVM: maximum virtual memory used in KiB
MAXVM=7086852
# MAXMM: maximum memory used in KiB
MAXMM=3737308
# MAXRSS: maximum Resident Segment Size in KiB
MAXRSS=2173764
# TIMEOUT: did the solver exceed the time limit?
TIMEOUT=false
# MEMOUT: did the solver exceed the memory limit?
MEMOUT=false
# EXITSTATUS: Exit status of the solver
EXITSTATUS=9
