# WCTIME: wall clock time in seconds
WCTIME=190.83
# CPUTIME: CPU time in seconds (USERTIME+SYSTEMTIME)
CPUTIME=183.293
# USERTIME: CPU time spent in user mode in seconds
USERTIME=177.053
# SYSTEMTIME: CPU time spent in system mode in seconds
SYSTEMTIME=6.24028
# CPUUSAGE: CPUTIME/WCTIME in percent
CPUUSAGE=96.0505
# MAXVM: maximum virtual memory used in KiB
MAXVM=9463640
# MAXMM: maximum memory used in KiB
MAXMM=8394500
# MAXRSS: maximum Resident Segment Size in KiB
MAXRSS=8357332
# TIMEOUT: did the solver exceed the time limit?
TIMEOUT=false
# MEMOUT: did the solver exceed the memory limit?
MEMOUT=true
# EXITSTATUS: Exit status of the solver
EXITSTATUS=15
