# WCTIME: wall clock time in seconds
WCTIME=5.00834
# CPUTIME: CPU time in seconds (USERTIME+SYSTEMTIME)
CPUTIME=4.46159
# USERTIME: CPU time spent in user mode in seconds
USERTIME=2.49984
# SYSTEMTIME: CPU time spent in system mode in seconds
SYSTEMTIME=1.96175
# CPUUSAGE: CPUTIME/WCTIME in percent
CPUUSAGE=89.0833
# MAXVM: maximum virtual memory used in KiB
MAXVM=3623072
# MAXMM: maximum memory used in KiB
MAXMM=233188
# MAXRSS: maximum Resident Segment Size in KiB
MAXRSS=213800
# TIMEOUT: did the solver exceed the time limit?
TIMEOUT=false
# MEMOUT: did the solver exceed the memory limit?
MEMOUT=false
# EXITSTATUS: Exit status of the solver
EXITSTATUS=0
