# WCTIME: wall clock time in seconds
WCTIME=0.963683
# CPUTIME: CPU time in seconds (USERTIME+SYSTEMTIME)
CPUTIME=0.613439
# USERTIME: CPU time spent in user mode in seconds
USERTIME=0.266077
# SYSTEMTIME: CPU time spent in system mode in seconds
SYSTEMTIME=0.347362
# CPUUSAGE: CPUTIME/WCTIME in percent
CPUUSAGE=63.6557
# MAXVM: maximum virtual memory used in KiB
MAXVM=992148
# MAXMM: maximum memory used in KiB
MAXMM=36760
# MAXRSS: maximum Resident Segment Size in KiB
MAXRSS=27852
# TIMEOUT: did the solver exceed the time limit?
TIMEOUT=false
# MEMOUT: did the solver exceed the memory limit?
MEMOUT=false
# EXITSTATUS: Exit status of the solver
EXITSTATUS=0
