# WCTIME: wall clock time in seconds
WCTIME=0.829671
# CPUTIME: CPU time in seconds (USERTIME+SYSTEMTIME)
CPUTIME=0.557628
# USERTIME: CPU time spent in user mode in seconds
USERTIME=0.162259
# SYSTEMTIME: CPU time spent in system mode in seconds
SYSTEMTIME=0.395369
# CPUUSAGE: CPUTIME/WCTIME in percent
CPUUSAGE=67.2107
# MAXVM: maximum virtual memory used in KiB
MAXVM=1157088
# MAXMM: maximum memory used in KiB
MAXMM=72700
# MAXRSS: maximum Resident Segment Size in KiB
MAXRSS=33784
# TIMEOUT: did the solver exceed the time limit?
TIMEOUT=false
# MEMOUT: did the solver exceed the memory limit?
MEMOUT=false
# EXITSTATUS: Exit status of the solver
EXITSTATUS=0
