# WCTIME: wall clock time in seconds
WCTIME=1875.45
# CPUTIME: CPU time in seconds (USERTIME+SYSTEMTIME)
CPUTIME=1800.39
# USERTIME: CPU time spent in user mode in seconds
USERTIME=1790.65
# SYSTEMTIME: CPU time spent in system mode in seconds
SYSTEMTIME=9.73326
# CPUUSAGE: CPUTIME/WCTIME in percent
CPUUSAGE=95.9974
# MAXVM: maximum virtual memory used in KiB
MAXVM=4716052
# MAXMM: maximum memory used in KiB
MAXMM=3706040
# MAXRSS: maximum Resident Segment Size in KiB
MAXRSS=3669248
# TIMEOUT: did the solver exceed the time limit?
TIMEOUT=true
# MEMOUT: did the solver exceed the memory limit?
MEMOUT=false
# EXITSTATUS: Exit status of the solver
EXITSTATUS=15
