# WCTIME: wall clock time in seconds
WCTIME=320.091
# CPUTIME: CPU time in seconds (USERTIME+SYSTEMTIME)
CPUTIME=305.009
# USERTIME: CPU time spent in user mode in seconds
USERTIME=298.729
# SYSTEMTIME: CPU time spent in system mode in seconds
SYSTEMTIME=6.27965
# CPUUSAGE: CPUTIME/WCTIME in percent
CPUUSAGE=95.2882
# MAXVM: maximum virtual memory used in KiB
MAXVM=9443380
# MAXMM: maximum memory used in KiB
MAXMM=8389960
# MAXRSS: maximum Resident Segment Size in KiB
MAXRSS=8352580
# TIMEOUT: did the solver exceed the time limit?
TIMEOUT=false
# MEMOUT: did the solver exceed the memory limit?
MEMOUT=true
# EXITSTATUS: Exit status of the solver
EXITSTATUS=15
