# WCTIME: wall clock time in seconds
WCTIME=50.8945
# CPUTIME: CPU time in seconds (USERTIME+SYSTEMTIME)
CPUTIME=48.3078
# USERTIME: CPU time spent in user mode in seconds
USERTIME=33.683
# SYSTEMTIME: CPU time spent in system mode in seconds
SYSTEMTIME=14.6249
# CPUUSAGE: CPUTIME/WCTIME in percent
CPUUSAGE=94.9175
# MAXVM: maximum virtual memory used in KiB
MAXVM=10260224
# MAXMM: maximum memory used in KiB
MAXMM=6479384
# MAXRSS: maximum Resident Segment Size in KiB
MAXRSS=6469160
# TIMEOUT: did the solver exceed the time limit?
TIMEOUT=false
# MEMOUT: did the solver exceed the memory limit?
MEMOUT=false
# EXITSTATUS: Exit status of the solver
EXITSTATUS=0
