# WCTIME: wall clock time in seconds
WCTIME=1866.35
# CPUTIME: CPU time in seconds (USERTIME+SYSTEMTIME)
CPUTIME=1800.15
# USERTIME: CPU time spent in user mode in seconds
USERTIME=1798.37
# SYSTEMTIME: CPU time spent in system mode in seconds
SYSTEMTIME=1.78122
# CPUUSAGE: CPUTIME/WCTIME in percent
CPUUSAGE=96.4529
# MAXVM: maximum virtual memory used in KiB
MAXVM=1423500
# MAXMM: maximum memory used in KiB
MAXMM=458244
# MAXRSS: maximum Resident Segment Size in KiB
MAXRSS=419672
# TIMEOUT: did the solver exceed the time limit?
TIMEOUT=true
# MEMOUT: did the solver exceed the memory limit?
MEMOUT=false
# EXITSTATUS: Exit status of the solver
EXITSTATUS=15
