# WCTIME: wall clock time in seconds
WCTIME=36.6889
# CPUTIME: CPU time in seconds (USERTIME+SYSTEMTIME)
CPUTIME=34.1471
# USERTIME: CPU time spent in user mode in seconds
USERTIME=29.7644
# SYSTEMTIME: CPU time spent in system mode in seconds
SYSTEMTIME=4.38264
# CPUUSAGE: CPUTIME/WCTIME in percent
CPUUSAGE=93.0721
# MAXVM: maximum virtual memory used in KiB
MAXVM=4122628
# MAXMM: maximum memory used in KiB
MAXMM=595356
# MAXRSS: maximum Resident Segment Size in KiB
MAXRSS=563268
# TIMEOUT: did the solver exceed the time limit?
TIMEOUT=false
# MEMOUT: did the solver exceed the memory limit?
MEMOUT=false
# EXITSTATUS: Exit status of the solver
EXITSTATUS=0
