# WCTIME: wall clock time in seconds
WCTIME=7.68249
# CPUTIME: CPU time in seconds (USERTIME+SYSTEMTIME)
CPUTIME=6.95063
# USERTIME: CPU time spent in user mode in seconds
USERTIME=3.33908
# SYSTEMTIME: CPU time spent in system mode in seconds
SYSTEMTIME=3.61155
# CPUUSAGE: CPUTIME/WCTIME in percent
CPUUSAGE=90.4737
# MAXVM: maximum virtual memory used in KiB
MAXVM=3961320
# MAXMM: maximum memory used in KiB
MAXMM=369728
# MAXRSS: maximum Resident Segment Size in KiB
MAXRSS=332444
# TIMEOUT: did the solver exceed the time limit?
TIMEOUT=false
# MEMOUT: did the solver exceed the memory limit?
MEMOUT=false
# EXITSTATUS: Exit status of the solver
EXITSTATUS=0
