# WCTIME: wall clock time in seconds
WCTIME=1880.69
# CPUTIME: CPU time in seconds (USERTIME+SYSTEMTIME)
CPUTIME=1800.2
# USERTIME: CPU time spent in user mode in seconds
USERTIME=1794.88
# SYSTEMTIME: CPU time spent in system mode in seconds
SYSTEMTIME=5.32438
# CPUUSAGE: CPUTIME/WCTIME in percent
CPUUSAGE=95.7205
# MAXVM: maximum virtual memory used in KiB
MAXVM=1757476
# MAXMM: maximum memory used in KiB
MAXMM=614732
# MAXRSS: maximum Resident Segment Size in KiB
MAXRSS=570120
# TIMEOUT: did the solver exceed the time limit?
TIMEOUT=true
# MEMOUT: did the solver exceed the memory limit?
MEMOUT=false
# EXITSTATUS: Exit status of the solver
EXITSTATUS=15
