# WCTIME: wall clock time in seconds
WCTIME=1858.13
# CPUTIME: CPU time in seconds (USERTIME+SYSTEMTIME)
CPUTIME=1800.3
# USERTIME: CPU time spent in user mode in seconds
USERTIME=1794.83
# SYSTEMTIME: CPU time spent in system mode in seconds
SYSTEMTIME=5.47451
# CPUUSAGE: CPUTIME/WCTIME in percent
CPUUSAGE=96.8878
# MAXVM: maximum virtual memory used in KiB
MAXVM=4169696
# MAXMM: maximum memory used in KiB
MAXMM=648432
# MAXRSS: maximum Resident Segment Size in KiB
MAXRSS=612476
# TIMEOUT: did the solver exceed the time limit?
TIMEOUT=true
# MEMOUT: did the solver exceed the memory limit?
MEMOUT=false
# EXITSTATUS: Exit status of the solver
EXITSTATUS=15
