# WCTIME: wall clock time in seconds
WCTIME=1873.69
# CPUTIME: CPU time in seconds (USERTIME+SYSTEMTIME)
CPUTIME=1800.52
# USERTIME: CPU time spent in user mode in seconds
USERTIME=1394.23
# SYSTEMTIME: CPU time spent in system mode in seconds
SYSTEMTIME=406.288
# CPUUSAGE: CPUTIME/WCTIME in percent
CPUUSAGE=96.095
# MAXVM: maximum virtual memory used in KiB
MAXVM=5085056
# MAXMM: maximum memory used in KiB
MAXMM=1633268
# MAXRSS: maximum Resident Segment Size in KiB
MAXRSS=1673108
# TIMEOUT: did the solver exceed the time limit?
TIMEOUT=true
# MEMOUT: did the solver exceed the memory limit?
MEMOUT=false
# EXITSTATUS: Exit status of the solver
EXITSTATUS=0
