# WCTIME: wall clock time in seconds
WCTIME=1830.61
# CPUTIME: CPU time in seconds (USERTIME+SYSTEMTIME)
CPUTIME=1764.16
# USERTIME: CPU time spent in user mode in seconds
USERTIME=1760.79
# SYSTEMTIME: CPU time spent in system mode in seconds
SYSTEMTIME=3.36526
# CPUUSAGE: CPUTIME/WCTIME in percent
CPUUSAGE=96.37
# MAXVM: maximum virtual memory used in KiB
MAXVM=3597652
# MAXMM: maximum memory used in KiB
MAXMM=529592
# MAXRSS: maximum Resident Segment Size in KiB
MAXRSS=272816
# TIMEOUT: did the solver exceed the time limit?
TIMEOUT=false
# MEMOUT: did the solver exceed the memory limit?
MEMOUT=false
# EXITSTATUS: Exit status of the solver
EXITSTATUS=0
