# WCTIME: wall clock time in seconds
WCTIME=306.585
# CPUTIME: CPU time in seconds (USERTIME+SYSTEMTIME)
CPUTIME=294.417
# USERTIME: CPU time spent in user mode in seconds
USERTIME=288.853
# SYSTEMTIME: CPU time spent in system mode in seconds
SYSTEMTIME=5.5641
# CPUUSAGE: CPUTIME/WCTIME in percent
CPUUSAGE=96.0311
# MAXVM: maximum virtual memory used in KiB
MAXVM=4606792
# MAXMM: maximum memory used in KiB
MAXMM=1079104
# MAXRSS: maximum Resident Segment Size in KiB
MAXRSS=1043352
# TIMEOUT: did the solver exceed the time limit?
TIMEOUT=false
# MEMOUT: did the solver exceed the memory limit?
MEMOUT=false
# EXITSTATUS: Exit status of the solver
EXITSTATUS=0
