# WCTIME: wall clock time in seconds
WCTIME=1683.58
# CPUTIME: CPU time in seconds (USERTIME+SYSTEMTIME)
CPUTIME=1612.43
# USERTIME: CPU time spent in user mode in seconds
USERTIME=1563.99
# SYSTEMTIME: CPU time spent in system mode in seconds
SYSTEMTIME=48.4398
# CPUUSAGE: CPUTIME/WCTIME in percent
CPUUSAGE=95.774
# MAXVM: maximum virtual memory used in KiB
MAXVM=3754740
# MAXMM: maximum memory used in KiB
MAXMM=359528
# MAXRSS: maximum Resident Segment Size in KiB
MAXRSS=342100
# TIMEOUT: did the solver exceed the time limit?
TIMEOUT=false
# MEMOUT: did the solver exceed the memory limit?
MEMOUT=false
# EXITSTATUS: Exit status of the solver
EXITSTATUS=0
