# WCTIME: wall clock time in seconds
WCTIME=6719.26
# CPUTIME: CPU time in seconds (USERTIME+SYSTEMTIME)
CPUTIME=5650.64
# USERTIME: CPU time spent in user mode in seconds
USERTIME=5013.77
# SYSTEMTIME: CPU time spent in system mode in seconds
SYSTEMTIME=636.863
# CPUUSAGE: CPUTIME/WCTIME in percent
CPUUSAGE=84.0961
# MAXVM: maximum virtual memory used in KiB
MAXVM=4143244
# MAXMM: maximum memory used in KiB
MAXMM=675072
# MAXRSS: maximum Resident Segment Size in KiB
MAXRSS=512072
# TIMEOUT: did the solver exceed the time limit?
TIMEOUT=false
# MEMOUT: did the solver exceed the memory limit?
MEMOUT=false
# EXITSTATUS: Exit status of the solver
EXITSTATUS=256
