# WCTIME: wall clock time in seconds
WCTIME=8.92987
# CPUTIME: CPU time in seconds (USERTIME+SYSTEMTIME)
CPUTIME=8.2936
# USERTIME: CPU time spent in user mode in seconds
USERTIME=7.56133
# SYSTEMTIME: CPU time spent in system mode in seconds
SYSTEMTIME=0.732271
# CPUUSAGE: CPUTIME/WCTIME in percent
CPUUSAGE=92.8748
# MAXVM: maximum virtual memory used in KiB
MAXVM=1246352
# MAXMM: maximum memory used in KiB
MAXMM=165056
# MAXRSS: maximum Resident Segment Size in KiB
MAXRSS=120908
# TIMEOUT: did the solver exceed the time limit?
TIMEOUT=false
# MEMOUT: did the solver exceed the memory limit?
MEMOUT=false
# EXITSTATUS: Exit status of the solver
EXITSTATUS=0
