# WCTIME: wall clock time in seconds
WCTIME=2.34194
# CPUTIME: CPU time in seconds (USERTIME+SYSTEMTIME)
CPUTIME=1.36737
# USERTIME: CPU time spent in user mode in seconds
USERTIME=0.902777
# SYSTEMTIME: CPU time spent in system mode in seconds
SYSTEMTIME=0.464589
# CPUUSAGE: CPUTIME/WCTIME in percent
CPUUSAGE=58.3861
# MAXVM: maximum virtual memory used in KiB
MAXVM=1793800
# MAXMM: maximum memory used in KiB
MAXMM=60580
# MAXRSS: maximum Resident Segment Size in KiB
MAXRSS=28032
# TIMEOUT: did the solver exceed the time limit?
TIMEOUT=false
# MEMOUT: did the solver exceed the memory limit?
MEMOUT=false
# EXITSTATUS: Exit status of the solver
EXITSTATUS=0
