# WCTIME: wall clock time in seconds
WCTIME=1807.22
# CPUTIME: CPU time in seconds (USERTIME+SYSTEMTIME)
CPUTIME=1738.93
# USERTIME: CPU time spent in user mode in seconds
USERTIME=1734.91
# SYSTEMTIME: CPU time spent in system mode in seconds
SYSTEMTIME=4.02584
# CPUUSAGE: CPUTIME/WCTIME in percent
CPUUSAGE=96.2214
# MAXVM: maximum virtual memory used in KiB
MAXVM=3630236
# MAXMM: maximum memory used in KiB
MAXMM=499108
# MAXRSS: maximum Resident Segment Size in KiB
MAXRSS=273260
# TIMEOUT: did the solver exceed the time limit?
TIMEOUT=false
# MEMOUT: did the solver exceed the memory limit?
MEMOUT=false
# EXITSTATUS: Exit status of the solver
EXITSTATUS=0
