# WCTIME: wall clock time in seconds
WCTIME=9.41142
# CPUTIME: CPU time in seconds (USERTIME+SYSTEMTIME)
CPUTIME=6.36634
# USERTIME: CPU time spent in user mode in seconds
USERTIME=2.72141
# SYSTEMTIME: CPU time spent in system mode in seconds
SYSTEMTIME=3.64493
# CPUUSAGE: CPUTIME/WCTIME in percent
CPUUSAGE=67.6448
# MAXVM: maximum virtual memory used in KiB
MAXVM=3538160
# MAXMM: maximum memory used in KiB
MAXMM=475336
# MAXRSS: maximum Resident Segment Size in KiB
MAXRSS=293128
# TIMEOUT: did the solver exceed the time limit?
TIMEOUT=false
# MEMOUT: did the solver exceed the memory limit?
MEMOUT=false
# EXITSTATUS: Exit status of the solver
EXITSTATUS=0
