# WCTIME: wall clock time in seconds
WCTIME=86400.8
# CPUTIME: CPU time in seconds (USERTIME+SYSTEMTIME)
CPUTIME=83057.7
# USERTIME: CPU time spent in user mode in seconds
USERTIME=81108.7
# SYSTEMTIME: CPU time spent in system mode in seconds
SYSTEMTIME=1949
# CPUUSAGE: CPUTIME/WCTIME in percent
CPUUSAGE=96.1307
# MAXVM: maximum virtual memory used in KiB
MAXVM=11407532
# MAXMM: maximum memory used in KiB
MAXMM=10142848
# MAXRSS: maximum Resident Segment Size in KiB
MAXRSS=8828516
# TIMEOUT: did the solver exceed the time limit?
TIMEOUT=true
# MEMOUT: did the solver exceed the memory limit?
MEMOUT=false
# EXITSTATUS: Exit status of the solver
EXITSTATUS=13
