# WCTIME: wall clock time in seconds
WCTIME=160.38
# CPUTIME: CPU time in seconds (USERTIME+SYSTEMTIME)
CPUTIME=153.561
# USERTIME: CPU time spent in user mode in seconds
USERTIME=147.587
# SYSTEMTIME: CPU time spent in system mode in seconds
SYSTEMTIME=5.97437
# CPUUSAGE: CPUTIME/WCTIME in percent
CPUUSAGE=95.7485
# MAXVM: maximum virtual memory used in KiB
MAXVM=9538008
# MAXMM: maximum memory used in KiB
MAXMM=8391236
# MAXRSS: maximum Resident Segment Size in KiB
MAXRSS=8354304
# TIMEOUT: did the solver exceed the time limit?
TIMEOUT=false
# MEMOUT: did the solver exceed the memory limit?
MEMOUT=true
# EXITSTATUS: Exit status of the solver
EXITSTATUS=15
