# WCTIME: wall clock time in seconds
WCTIME=138.047
# CPUTIME: CPU time in seconds (USERTIME+SYSTEMTIME)
CPUTIME=123.235
# USERTIME: CPU time spent in user mode in seconds
USERTIME=118.233
# SYSTEMTIME: CPU time spent in system mode in seconds
SYSTEMTIME=5.00252
# CPUUSAGE: CPUTIME/WCTIME in percent
CPUUSAGE=89.2708
# MAXVM: maximum virtual memory used in KiB
MAXVM=4334796
# MAXMM: maximum memory used in KiB
MAXMM=812512
# MAXRSS: maximum Resident Segment Size in KiB
MAXRSS=775156
# TIMEOUT: did the solver exceed the time limit?
TIMEOUT=false
# MEMOUT: did the solver exceed the memory limit?
MEMOUT=false
# EXITSTATUS: Exit status of the solver
EXITSTATUS=0
