# WCTIME: wall clock time in seconds
WCTIME=1.17349
# CPUTIME: CPU time in seconds (USERTIME+SYSTEMTIME)
CPUTIME=0.731422
# USERTIME: CPU time spent in user mode in seconds
USERTIME=0.38292
# SYSTEMTIME: CPU time spent in system mode in seconds
SYSTEMTIME=0.348502
# CPUUSAGE: CPUTIME/WCTIME in percent
CPUUSAGE=62.3288
# MAXVM: maximum virtual memory used in KiB
MAXVM=1089072
# MAXMM: maximum memory used in KiB
MAXMM=59000
# MAXRSS: maximum Resident Segment Size in KiB
MAXRSS=27864
# TIMEOUT: did the solver exceed the time limit?
TIMEOUT=false
# MEMOUT: did the solver exceed the memory limit?
MEMOUT=false
# EXITSTATUS: Exit status of the solver
EXITSTATUS=0
