# WCTIME: wall clock time in seconds
WCTIME=1884.15
# CPUTIME: CPU time in seconds (USERTIME+SYSTEMTIME)
CPUTIME=1800.6
# USERTIME: CPU time spent in user mode in seconds
USERTIME=1695.09
# SYSTEMTIME: CPU time spent in system mode in seconds
SYSTEMTIME=105.516
# CPUUSAGE: CPUTIME/WCTIME in percent
CPUUSAGE=95.5658
# MAXVM: maximum virtual memory used in KiB
MAXVM=3779744
# MAXMM: maximum memory used in KiB
MAXMM=383436
# MAXRSS: maximum Resident Segment Size in KiB
MAXRSS=365988
# TIMEOUT: did the solver exceed the time limit?
TIMEOUT=true
# MEMOUT: did the solver exceed the memory limit?
MEMOUT=false
# EXITSTATUS: Exit status of the solver
EXITSTATUS=0
