# WCTIME: wall clock time in seconds
WCTIME=47.0856
# CPUTIME: CPU time in seconds (USERTIME+SYSTEMTIME)
CPUTIME=44.6359
# USERTIME: CPU time spent in user mode in seconds
USERTIME=39.3093
# SYSTEMTIME: CPU time spent in system mode in seconds
SYSTEMTIME=5.3266
# CPUUSAGE: CPUTIME/WCTIME in percent
CPUUSAGE=94.7973
# MAXVM: maximum virtual memory used in KiB
MAXVM=4014932
# MAXMM: maximum memory used in KiB
MAXMM=493064
# MAXRSS: maximum Resident Segment Size in KiB
MAXRSS=454524
# TIMEOUT: did the solver exceed the time limit?
TIMEOUT=false
# MEMOUT: did the solver exceed the memory limit?
MEMOUT=false
# EXITSTATUS: Exit status of the solver
EXITSTATUS=0
