# WCTIME: wall clock time in seconds
WCTIME=1.68098
# CPUTIME: CPU time in seconds (USERTIME+SYSTEMTIME)
CPUTIME=1.35346
# USERTIME: CPU time spent in user mode in seconds
USERTIME=0.828608
# SYSTEMTIME: CPU time spent in system mode in seconds
SYSTEMTIME=0.524849
# CPUUSAGE: CPUTIME/WCTIME in percent
CPUUSAGE=80.516
# MAXVM: maximum virtual memory used in KiB
MAXVM=1757476
# MAXMM: maximum memory used in KiB
MAXMM=139636
# MAXRSS: maximum Resident Segment Size in KiB
MAXRSS=101820
# TIMEOUT: did the solver exceed the time limit?
TIMEOUT=false
# MEMOUT: did the solver exceed the memory limit?
MEMOUT=false
# EXITSTATUS: Exit status of the solver
EXITSTATUS=0
