# WCTIME: wall clock time in seconds
WCTIME=1878.12
# CPUTIME: CPU time in seconds (USERTIME+SYSTEMTIME)
CPUTIME=1800.2
# USERTIME: CPU time spent in user mode in seconds
USERTIME=1793.47
# SYSTEMTIME: CPU time spent in system mode in seconds
SYSTEMTIME=6.7317
# CPUUSAGE: CPUTIME/WCTIME in percent
CPUUSAGE=95.8511
# MAXVM: maximum virtual memory used in KiB
MAXVM=1827116
# MAXMM: maximum memory used in KiB
MAXMM=412696
# MAXRSS: maximum Resident Segment Size in KiB
MAXRSS=366140
# TIMEOUT: did the solver exceed the time limit?
TIMEOUT=true
# MEMOUT: did the solver exceed the memory limit?
MEMOUT=false
# EXITSTATUS: Exit status of the solver
EXITSTATUS=15
