# WCTIME: wall clock time in seconds
WCTIME=0.876975
# CPUTIME: CPU time in seconds (USERTIME+SYSTEMTIME)
CPUTIME=0.538095
# USERTIME: CPU time spent in user mode in seconds
USERTIME=0.228213
# SYSTEMTIME: CPU time spent in system mode in seconds
SYSTEMTIME=0.309882
# CPUUSAGE: CPUTIME/WCTIME in percent
CPUUSAGE=61.3581
# MAXVM: maximum virtual memory used in KiB
MAXVM=992148
# MAXMM: maximum memory used in KiB
MAXMM=36796
# MAXRSS: maximum Resident Segment Size in KiB
MAXRSS=25824
# TIMEOUT: did the solver exceed the time limit?
TIMEOUT=false
# MEMOUT: did the solver exceed the memory limit?
MEMOUT=false
# EXITSTATUS: Exit status of the solver
EXITSTATUS=0
