# WCTIME: wall clock time in seconds
WCTIME=1879.98
# CPUTIME: CPU time in seconds (USERTIME+SYSTEMTIME)
CPUTIME=1800.17
# USERTIME: CPU time spent in user mode in seconds
USERTIME=1793.74
# SYSTEMTIME: CPU time spent in system mode in seconds
SYSTEMTIME=6.42625
# CPUUSAGE: CPUTIME/WCTIME in percent
CPUUSAGE=95.7549
# MAXVM: maximum virtual memory used in KiB
MAXVM=5871928
# MAXMM: maximum memory used in KiB
MAXMM=4899808
# MAXRSS: maximum Resident Segment Size in KiB
MAXRSS=4853840
# TIMEOUT: did the solver exceed the time limit?
TIMEOUT=true
# MEMOUT: did the solver exceed the memory limit?
MEMOUT=false
# EXITSTATUS: Exit status of the solver
EXITSTATUS=15
