# WCTIME: wall clock time in seconds
WCTIME=1686.23
# CPUTIME: CPU time in seconds (USERTIME+SYSTEMTIME)
CPUTIME=1623.74
# USERTIME: CPU time spent in user mode in seconds
USERTIME=1608.1
# SYSTEMTIME: CPU time spent in system mode in seconds
SYSTEMTIME=15.6383
# CPUUSAGE: CPUTIME/WCTIME in percent
CPUUSAGE=96.2935
# MAXVM: maximum virtual memory used in KiB
MAXVM=4031308
# MAXMM: maximum memory used in KiB
MAXMM=633364
# MAXRSS: maximum Resident Segment Size in KiB
MAXRSS=613844
# TIMEOUT: did the solver exceed the time limit?
TIMEOUT=false
# MEMOUT: did the solver exceed the memory limit?
MEMOUT=false
# EXITSTATUS: Exit status of the solver
EXITSTATUS=0
