# WCTIME: wall clock time in seconds
WCTIME=1807.69
# CPUTIME: CPU time in seconds (USERTIME+SYSTEMTIME)
CPUTIME=1723.58
# USERTIME: CPU time spent in user mode in seconds
USERTIME=1709.71
# SYSTEMTIME: CPU time spent in system mode in seconds
SYSTEMTIME=13.8696
# CPUUSAGE: CPUTIME/WCTIME in percent
CPUUSAGE=95.3471
# MAXVM: maximum virtual memory used in KiB
MAXVM=9155488
# MAXMM: maximum memory used in KiB
MAXMM=6088320
# MAXRSS: maximum Resident Segment Size in KiB
MAXRSS=5785368
# TIMEOUT: did the solver exceed the time limit?
TIMEOUT=false
# MEMOUT: did the solver exceed the memory limit?
MEMOUT=false
# EXITSTATUS: Exit status of the solver
EXITSTATUS=0
