# WCTIME: wall clock time in seconds
WCTIME=1683.76
# CPUTIME: CPU time in seconds (USERTIME+SYSTEMTIME)
CPUTIME=1615.94
# USERTIME: CPU time spent in user mode in seconds
USERTIME=1612.55
# SYSTEMTIME: CPU time spent in system mode in seconds
SYSTEMTIME=3.39188
# CPUUSAGE: CPUTIME/WCTIME in percent
CPUUSAGE=95.9719
# MAXVM: maximum virtual memory used in KiB
MAXVM=5810684
# MAXMM: maximum memory used in KiB
MAXMM=1980152
# MAXRSS: maximum Resident Segment Size in KiB
MAXRSS=1958752
# TIMEOUT: did the solver exceed the time limit?
TIMEOUT=false
# MEMOUT: did the solver exceed the memory limit?
MEMOUT=false
# EXITSTATUS: Exit status of the solver
EXITSTATUS=0
