# WCTIME: wall clock time in seconds
WCTIME=1808.13
# CPUTIME: CPU time in seconds (USERTIME+SYSTEMTIME)
CPUTIME=1727.76
# USERTIME: CPU time spent in user mode in seconds
USERTIME=1720.15
# SYSTEMTIME: CPU time spent in system mode in seconds
SYSTEMTIME=7.60543
# CPUUSAGE: CPUTIME/WCTIME in percent
CPUUSAGE=95.5552
# MAXVM: maximum virtual memory used in KiB
MAXVM=7129556
# MAXMM: maximum memory used in KiB
MAXMM=4065072
# MAXRSS: maximum Resident Segment Size in KiB
MAXRSS=3758780
# TIMEOUT: did the solver exceed the time limit?
TIMEOUT=false
# MEMOUT: did the solver exceed the memory limit?
MEMOUT=false
# EXITSTATUS: Exit status of the solver
EXITSTATUS=0
