# WCTIME: wall clock time in seconds
WCTIME=400.209
# CPUTIME: CPU time in seconds (USERTIME+SYSTEMTIME)
CPUTIME=381.462
# USERTIME: CPU time spent in user mode in seconds
USERTIME=375.482
# SYSTEMTIME: CPU time spent in system mode in seconds
SYSTEMTIME=5.98017
# CPUUSAGE: CPUTIME/WCTIME in percent
CPUUSAGE=95.3159
# MAXVM: maximum virtual memory used in KiB
MAXVM=9432344
# MAXMM: maximum memory used in KiB
MAXMM=8390984
# MAXRSS: maximum Resident Segment Size in KiB
MAXRSS=8360976
# TIMEOUT: did the solver exceed the time limit?
TIMEOUT=false
# MEMOUT: did the solver exceed the memory limit?
MEMOUT=true
# EXITSTATUS: Exit status of the solver
EXITSTATUS=15
