# WCTIME: wall clock time in seconds
WCTIME=1884.09
# CPUTIME: CPU time in seconds (USERTIME+SYSTEMTIME)
CPUTIME=1800.26
# USERTIME: CPU time spent in user mode in seconds
USERTIME=1792.87
# SYSTEMTIME: CPU time spent in system mode in seconds
SYSTEMTIME=7.39296
# CPUUSAGE: CPUTIME/WCTIME in percent
CPUUSAGE=95.5507
# MAXVM: maximum virtual memory used in KiB
MAXVM=3896108
# MAXMM: maximum memory used in KiB
MAXMM=885648
# MAXRSS: maximum Resident Segment Size in KiB
MAXRSS=842748
# TIMEOUT: did the solver exceed the time limit?
TIMEOUT=true
# MEMOUT: did the solver exceed the memory limit?
MEMOUT=false
# EXITSTATUS: Exit status of the solver
EXITSTATUS=15
