# WCTIME: wall clock time in seconds
WCTIME=7.54008
# CPUTIME: CPU time in seconds (USERTIME+SYSTEMTIME)
CPUTIME=6.88599
# USERTIME: CPU time spent in user mode in seconds
USERTIME=3.21304
# SYSTEMTIME: CPU time spent in system mode in seconds
SYSTEMTIME=3.67295
# CPUUSAGE: CPUTIME/WCTIME in percent
CPUUSAGE=91.3251
# MAXVM: maximum virtual memory used in KiB
MAXVM=3893732
# MAXMM: maximum memory used in KiB
MAXMM=371884
# MAXRSS: maximum Resident Segment Size in KiB
MAXRSS=333424
# TIMEOUT: did the solver exceed the time limit?
TIMEOUT=false
# MEMOUT: did the solver exceed the memory limit?
MEMOUT=false
# EXITSTATUS: Exit status of the solver
EXITSTATUS=0
