# WCTIME: wall clock time in seconds
WCTIME=9.59816
# CPUTIME: CPU time in seconds (USERTIME+SYSTEMTIME)
CPUTIME=7.60593
# USERTIME: CPU time spent in user mode in seconds
USERTIME=3.85614
# SYSTEMTIME: CPU time spent in system mode in seconds
SYSTEMTIME=3.74979
# CPUUSAGE: CPUTIME/WCTIME in percent
CPUUSAGE=79.2437
# MAXVM: maximum virtual memory used in KiB
MAXVM=3896056
# MAXMM: maximum memory used in KiB
MAXMM=375228
# MAXRSS: maximum Resident Segment Size in KiB
MAXRSS=337868
# TIMEOUT: did the solver exceed the time limit?
TIMEOUT=false
# MEMOUT: did the solver exceed the memory limit?
MEMOUT=false
# EXITSTATUS: Exit status of the solver
EXITSTATUS=0
