# WCTIME: wall clock time in seconds
WCTIME=1687.89
# CPUTIME: CPU time in seconds (USERTIME+SYSTEMTIME)
CPUTIME=1606.82
# USERTIME: CPU time spent in user mode in seconds
USERTIME=1585.77
# SYSTEMTIME: CPU time spent in system mode in seconds
SYSTEMTIME=21.0503
# CPUUSAGE: CPUTIME/WCTIME in percent
CPUUSAGE=95.1967
# MAXVM: maximum virtual memory used in KiB
MAXVM=4163540
# MAXMM: maximum memory used in KiB
MAXMM=700820
# MAXRSS: maximum Resident Segment Size in KiB
MAXRSS=683384
# TIMEOUT: did the solver exceed the time limit?
TIMEOUT=false
# MEMOUT: did the solver exceed the memory limit?
MEMOUT=false
# EXITSTATUS: Exit status of the solver
EXITSTATUS=0
