# WCTIME: wall clock time in seconds
WCTIME=1687.26
# CPUTIME: CPU time in seconds (USERTIME+SYSTEMTIME)
CPUTIME=1607.52
# USERTIME: CPU time spent in user mode in seconds
USERTIME=1603.87
# SYSTEMTIME: CPU time spent in system mode in seconds
SYSTEMTIME=3.64974
# CPUUSAGE: CPUTIME/WCTIME in percent
CPUUSAGE=95.2743
# MAXVM: maximum virtual memory used in KiB
MAXVM=3910512
# MAXMM: maximum memory used in KiB
MAXMM=577780
# MAXRSS: maximum Resident Segment Size in KiB
MAXRSS=558172
# TIMEOUT: did the solver exceed the time limit?
TIMEOUT=false
# MEMOUT: did the solver exceed the memory limit?
MEMOUT=false
# EXITSTATUS: Exit status of the solver
EXITSTATUS=0
