# WCTIME: wall clock time in seconds
WCTIME=2.83985
# CPUTIME: CPU time in seconds (USERTIME+SYSTEMTIME)
CPUTIME=2.20304
# USERTIME: CPU time spent in user mode in seconds
USERTIME=1.79242
# SYSTEMTIME: CPU time spent in system mode in seconds
SYSTEMTIME=0.410623
# CPUUSAGE: CPUTIME/WCTIME in percent
CPUUSAGE=77.576
# MAXVM: maximum virtual memory used in KiB
MAXVM=1692128
# MAXMM: maximum memory used in KiB
MAXMM=102276
# MAXRSS: maximum Resident Segment Size in KiB
MAXRSS=68928
# TIMEOUT: did the solver exceed the time limit?
TIMEOUT=false
# MEMOUT: did the solver exceed the memory limit?
MEMOUT=false
# EXITSTATUS: Exit status of the solver
EXITSTATUS=0
