# WCTIME: wall clock time in seconds
WCTIME=957.932
# CPUTIME: CPU time in seconds (USERTIME+SYSTEMTIME)
CPUTIME=913.771
# USERTIME: CPU time spent in user mode in seconds
USERTIME=905.061
# SYSTEMTIME: CPU time spent in system mode in seconds
SYSTEMTIME=8.71019
# CPUUSAGE: CPUTIME/WCTIME in percent
CPUUSAGE=95.39
# MAXVM: maximum virtual memory used in KiB
MAXVM=4421868
# MAXMM: maximum memory used in KiB
MAXMM=1457736
# MAXRSS: maximum Resident Segment Size in KiB
MAXRSS=1418296
# TIMEOUT: did the solver exceed the time limit?
TIMEOUT=false
# MEMOUT: did the solver exceed the memory limit?
MEMOUT=false
# EXITSTATUS: Exit status of the solver
EXITSTATUS=256
