# WCTIME: wall clock time in seconds
WCTIME=35680.5
# CPUTIME: CPU time in seconds (USERTIME+SYSTEMTIME)
CPUTIME=34607.9
# USERTIME: CPU time spent in user mode in seconds
USERTIME=34069.2
# SYSTEMTIME: CPU time spent in system mode in seconds
SYSTEMTIME=538.743
# CPUUSAGE: CPUTIME/WCTIME in percent
CPUUSAGE=96.9939
# MAXVM: maximum virtual memory used in KiB
MAXVM=15164832
# MAXMM: maximum memory used in KiB
MAXMM=12444408
# MAXRSS: maximum Resident Segment Size in KiB
MAXRSS=12390316
# TIMEOUT: did the solver exceed the time limit?
TIMEOUT=false
# MEMOUT: did the solver exceed the memory limit?
MEMOUT=false
# EXITSTATUS: Exit status of the solver
EXITSTATUS=0
