# WCTIME: wall clock time in seconds
WCTIME=1885.27
# CPUTIME: CPU time in seconds (USERTIME+SYSTEMTIME)
CPUTIME=1800.15
# USERTIME: CPU time spent in user mode in seconds
USERTIME=1795.42
# SYSTEMTIME: CPU time spent in system mode in seconds
SYSTEMTIME=4.7313
# CPUUSAGE: CPUTIME/WCTIME in percent
CPUUSAGE=95.4851
# MAXVM: maximum virtual memory used in KiB
MAXVM=1381780
# MAXMM: maximum memory used in KiB
MAXMM=414324
# MAXRSS: maximum Resident Segment Size in KiB
MAXRSS=378440
# TIMEOUT: did the solver exceed the time limit?
TIMEOUT=true
# MEMOUT: did the solver exceed the memory limit?
MEMOUT=false
# EXITSTATUS: Exit status of the solver
EXITSTATUS=15
