# WCTIME: wall clock time in seconds
WCTIME=1890.92
# CPUTIME: CPU time in seconds (USERTIME+SYSTEMTIME)
CPUTIME=1800.24
# USERTIME: CPU time spent in user mode in seconds
USERTIME=1794.13
# SYSTEMTIME: CPU time spent in system mode in seconds
SYSTEMTIME=6.11207
# CPUUSAGE: CPUTIME/WCTIME in percent
CPUUSAGE=95.2044
# MAXVM: maximum virtual memory used in KiB
MAXVM=3651308
# MAXMM: maximum memory used in KiB
MAXMM=2671420
# MAXRSS: maximum Resident Segment Size in KiB
MAXRSS=2643608
# TIMEOUT: did the solver exceed the time limit?
TIMEOUT=true
# MEMOUT: did the solver exceed the memory limit?
MEMOUT=false
# EXITSTATUS: Exit status of the solver
EXITSTATUS=15
