# WCTIME: wall clock time in seconds
WCTIME=1262.88
# CPUTIME: CPU time in seconds (USERTIME+SYSTEMTIME)
CPUTIME=1204.54
# USERTIME: CPU time spent in user mode in seconds
USERTIME=1192.06
# SYSTEMTIME: CPU time spent in system mode in seconds
SYSTEMTIME=12.4752
# CPUUSAGE: CPUTIME/WCTIME in percent
CPUUSAGE=95.3803
# MAXVM: maximum virtual memory used in KiB
MAXVM=1433776
# MAXMM: maximum memory used in KiB
MAXMM=411424
# MAXRSS: maximum Resident Segment Size in KiB
MAXRSS=364808
# TIMEOUT: did the solver exceed the time limit?
TIMEOUT=false
# MEMOUT: did the solver exceed the memory limit?
MEMOUT=false
# EXITSTATUS: Exit status of the solver
EXITSTATUS=0
