# WCTIME: wall clock time in seconds
WCTIME=4.18937
# CPUTIME: CPU time in seconds (USERTIME+SYSTEMTIME)
CPUTIME=2.82149
# USERTIME: CPU time spent in user mode in seconds
USERTIME=0.846251
# SYSTEMTIME: CPU time spent in system mode in seconds
SYSTEMTIME=1.97523
# CPUUSAGE: CPUTIME/WCTIME in percent
CPUUSAGE=67.3487
# MAXVM: maximum virtual memory used in KiB
MAXVM=3697272
# MAXMM: maximum memory used in KiB
MAXMM=236888
# MAXRSS: maximum Resident Segment Size in KiB
MAXRSS=220008
# TIMEOUT: did the solver exceed the time limit?
TIMEOUT=false
# MEMOUT: did the solver exceed the memory limit?
MEMOUT=false
# EXITSTATUS: Exit status of the solver
EXITSTATUS=0
