# WCTIME: wall clock time in seconds
WCTIME=7.89933
# CPUTIME: CPU time in seconds (USERTIME+SYSTEMTIME)
CPUTIME=7.26439
# USERTIME: CPU time spent in user mode in seconds
USERTIME=3.67689
# SYSTEMTIME: CPU time spent in system mode in seconds
SYSTEMTIME=3.5875
# CPUUSAGE: CPUTIME/WCTIME in percent
CPUUSAGE=91.9622
# MAXVM: maximum virtual memory used in KiB
MAXVM=3897824
# MAXMM: maximum memory used in KiB
MAXMM=378112
# MAXRSS: maximum Resident Segment Size in KiB
MAXRSS=338740
# TIMEOUT: did the solver exceed the time limit?
TIMEOUT=false
# MEMOUT: did the solver exceed the memory limit?
MEMOUT=false
# EXITSTATUS: Exit status of the solver
EXITSTATUS=0
