# WCTIME: wall clock time in seconds
WCTIME=2.3986
# CPUTIME: CPU time in seconds (USERTIME+SYSTEMTIME)
CPUTIME=1.96804
# USERTIME: CPU time spent in user mode in seconds
USERTIME=1.26869
# SYSTEMTIME: CPU time spent in system mode in seconds
SYSTEMTIME=0.69935
# CPUUSAGE: CPUTIME/WCTIME in percent
CPUUSAGE=82.0495
# MAXVM: maximum virtual memory used in KiB
MAXVM=1857284
# MAXMM: maximum memory used in KiB
MAXMM=167772
# MAXRSS: maximum Resident Segment Size in KiB
MAXRSS=121268
# TIMEOUT: did the solver exceed the time limit?
TIMEOUT=false
# MEMOUT: did the solver exceed the memory limit?
MEMOUT=false
# EXITSTATUS: Exit status of the solver
EXITSTATUS=0
