# WCTIME: wall clock time in seconds
WCTIME=1686.47
# CPUTIME: CPU time in seconds (USERTIME+SYSTEMTIME)
CPUTIME=1627.74
# USERTIME: CPU time spent in user mode in seconds
USERTIME=1594.78
# SYSTEMTIME: CPU time spent in system mode in seconds
SYSTEMTIME=32.9629
# CPUUSAGE: CPUTIME/WCTIME in percent
CPUUSAGE=96.5178
# MAXVM: maximum virtual memory used in KiB
MAXVM=3767420
# MAXMM: maximum memory used in KiB
MAXMM=374072
# MAXRSS: maximum Resident Segment Size in KiB
MAXRSS=354600
# TIMEOUT: did the solver exceed the time limit?
TIMEOUT=false
# MEMOUT: did the solver exceed the memory limit?
MEMOUT=false
# EXITSTATUS: Exit status of the solver
EXITSTATUS=0
