# WCTIME: wall clock time in seconds
WCTIME=1887.11
# CPUTIME: CPU time in seconds (USERTIME+SYSTEMTIME)
CPUTIME=1800.25
# USERTIME: CPU time spent in user mode in seconds
USERTIME=1790.97
# SYSTEMTIME: CPU time spent in system mode in seconds
SYSTEMTIME=9.28581
# CPUUSAGE: CPUTIME/WCTIME in percent
CPUUSAGE=95.3976
# MAXVM: maximum virtual memory used in KiB
MAXVM=2801948
# MAXMM: maximum memory used in KiB
MAXMM=1836672
# MAXRSS: maximum Resident Segment Size in KiB
MAXRSS=1797428
# TIMEOUT: did the solver exceed the time limit?
TIMEOUT=true
# MEMOUT: did the solver exceed the memory limit?
MEMOUT=false
# EXITSTATUS: Exit status of the solver
EXITSTATUS=15
