# WCTIME: wall clock time in seconds
WCTIME=1.24622
# CPUTIME: CPU time in seconds (USERTIME+SYSTEMTIME)
CPUTIME=0.945228
# USERTIME: CPU time spent in user mode in seconds
USERTIME=0.487552
# SYSTEMTIME: CPU time spent in system mode in seconds
SYSTEMTIME=0.457676
# CPUUSAGE: CPUTIME/WCTIME in percent
CPUUSAGE=75.8477
# MAXVM: maximum virtual memory used in KiB
MAXVM=1751508
# MAXMM: maximum memory used in KiB
MAXMM=115044
# MAXRSS: maximum Resident Segment Size in KiB
MAXRSS=74904
# TIMEOUT: did the solver exceed the time limit?
TIMEOUT=false
# MEMOUT: did the solver exceed the memory limit?
MEMOUT=false
# EXITSTATUS: Exit status of the solver
EXITSTATUS=0
