# WCTIME: wall clock time in seconds
WCTIME=1684.93
# CPUTIME: CPU time in seconds (USERTIME+SYSTEMTIME)
CPUTIME=1595.48
# USERTIME: CPU time spent in user mode in seconds
USERTIME=1591.04
# SYSTEMTIME: CPU time spent in system mode in seconds
SYSTEMTIME=4.44441
# CPUUSAGE: CPUTIME/WCTIME in percent
CPUUSAGE=94.6917
# MAXVM: maximum virtual memory used in KiB
MAXVM=4320648
# MAXMM: maximum memory used in KiB
MAXMM=682812
# MAXRSS: maximum Resident Segment Size in KiB
MAXRSS=663312
# TIMEOUT: did the solver exceed the time limit?
TIMEOUT=false
# MEMOUT: did the solver exceed the memory limit?
MEMOUT=false
# EXITSTATUS: Exit status of the solver
EXITSTATUS=0
