# WCTIME: wall clock time in seconds
WCTIME=8.03068
# CPUTIME: CPU time in seconds (USERTIME+SYSTEMTIME)
CPUTIME=7.34724
# USERTIME: CPU time spent in user mode in seconds
USERTIME=2.32064
# SYSTEMTIME: CPU time spent in system mode in seconds
SYSTEMTIME=5.0266
# CPUUSAGE: CPUTIME/WCTIME in percent
CPUUSAGE=91.4897
# MAXVM: maximum virtual memory used in KiB
MAXVM=8069928
# MAXMM: maximum memory used in KiB
MAXMM=4592240
# MAXRSS: maximum Resident Segment Size in KiB
MAXRSS=4653072
# TIMEOUT: did the solver exceed the time limit?
TIMEOUT=false
# MEMOUT: did the solver exceed the memory limit?
MEMOUT=false
# EXITSTATUS: Exit status of the solver
EXITSTATUS=0
