# WCTIME: wall clock time in seconds
WCTIME=1512.46
# CPUTIME: CPU time in seconds (USERTIME+SYSTEMTIME)
CPUTIME=1463.21
# USERTIME: CPU time spent in user mode in seconds
USERTIME=1443.92
# SYSTEMTIME: CPU time spent in system mode in seconds
SYSTEMTIME=19.2912
# CPUUSAGE: CPUTIME/WCTIME in percent
CPUUSAGE=96.7434
# MAXVM: maximum virtual memory used in KiB
MAXVM=9267224
# MAXMM: maximum memory used in KiB
MAXMM=8164772
# MAXRSS: maximum Resident Segment Size in KiB
MAXRSS=8112480
# TIMEOUT: did the solver exceed the time limit?
TIMEOUT=false
# MEMOUT: did the solver exceed the memory limit?
MEMOUT=false
# EXITSTATUS: Exit status of the solver
EXITSTATUS=0
