# WCTIME: wall clock time in seconds
WCTIME=8.82979
# CPUTIME: CPU time in seconds (USERTIME+SYSTEMTIME)
CPUTIME=8.17157
# USERTIME: CPU time spent in user mode in seconds
USERTIME=7.80878
# SYSTEMTIME: CPU time spent in system mode in seconds
SYSTEMTIME=0.36279
# CPUUSAGE: CPUTIME/WCTIME in percent
CPUUSAGE=92.5455
# MAXVM: maximum virtual memory used in KiB
MAXVM=1043380
# MAXMM: maximum memory used in KiB
MAXMM=74976
# MAXRSS: maximum Resident Segment Size in KiB
MAXRSS=37488
# TIMEOUT: did the solver exceed the time limit?
TIMEOUT=false
# MEMOUT: did the solver exceed the memory limit?
MEMOUT=false
# EXITSTATUS: Exit status of the solver
EXITSTATUS=0
