# WCTIME: wall clock time in seconds
WCTIME=0.845501
# CPUTIME: CPU time in seconds (USERTIME+SYSTEMTIME)
CPUTIME=0.56938
# USERTIME: CPU time spent in user mode in seconds
USERTIME=0.250288
# SYSTEMTIME: CPU time spent in system mode in seconds
SYSTEMTIME=0.319092
# CPUUSAGE: CPUTIME/WCTIME in percent
CPUUSAGE=67.3423
# MAXVM: maximum virtual memory used in KiB
MAXVM=1021960
# MAXMM: maximum memory used in KiB
MAXMM=61340
# MAXRSS: maximum Resident Segment Size in KiB
MAXRSS=25868
# TIMEOUT: did the solver exceed the time limit?
TIMEOUT=false
# MEMOUT: did the solver exceed the memory limit?
MEMOUT=false
# EXITSTATUS: Exit status of the solver
EXITSTATUS=0
