# WCTIME: wall clock time in seconds
WCTIME=9.55982
# CPUTIME: CPU time in seconds (USERTIME+SYSTEMTIME)
CPUTIME=7.94051
# USERTIME: CPU time spent in user mode in seconds
USERTIME=3.87412
# SYSTEMTIME: CPU time spent in system mode in seconds
SYSTEMTIME=4.06639
# CPUUSAGE: CPUTIME/WCTIME in percent
CPUUSAGE=83.0614
# MAXVM: maximum virtual memory used in KiB
MAXVM=3962420
# MAXMM: maximum memory used in KiB
MAXMM=371788
# MAXRSS: maximum Resident Segment Size in KiB
MAXRSS=334656
# TIMEOUT: did the solver exceed the time limit?
TIMEOUT=false
# MEMOUT: did the solver exceed the memory limit?
MEMOUT=false
# EXITSTATUS: Exit status of the solver
EXITSTATUS=0
