# WCTIME: wall clock time in seconds
WCTIME=7.52928
# CPUTIME: CPU time in seconds (USERTIME+SYSTEMTIME)
CPUTIME=6.87231
# USERTIME: CPU time spent in user mode in seconds
USERTIME=3.29556
# SYSTEMTIME: CPU time spent in system mode in seconds
SYSTEMTIME=3.57675
# CPUUSAGE: CPUTIME/WCTIME in percent
CPUUSAGE=91.2745
# MAXVM: maximum virtual memory used in KiB
MAXVM=3960268
# MAXMM: maximum memory used in KiB
MAXMM=367616
# MAXRSS: maximum Resident Segment Size in KiB
MAXRSS=331400
# TIMEOUT: did the solver exceed the time limit?
TIMEOUT=false
# MEMOUT: did the solver exceed the memory limit?
MEMOUT=false
# EXITSTATUS: Exit status of the solver
EXITSTATUS=0
