# WCTIME: wall clock time in seconds
WCTIME=1901.37
# CPUTIME: CPU time in seconds (USERTIME+SYSTEMTIME)
CPUTIME=1800.17
# USERTIME: CPU time spent in user mode in seconds
USERTIME=1796.87
# SYSTEMTIME: CPU time spent in system mode in seconds
SYSTEMTIME=3.29433
# CPUUSAGE: CPUTIME/WCTIME in percent
CPUUSAGE=94.6774
# MAXVM: maximum virtual memory used in KiB
MAXVM=1791748
# MAXMM: maximum memory used in KiB
MAXMM=377996
# MAXRSS: maximum Resident Segment Size in KiB
MAXRSS=331400
# TIMEOUT: did the solver exceed the time limit?
TIMEOUT=true
# MEMOUT: did the solver exceed the memory limit?
MEMOUT=false
# EXITSTATUS: Exit status of the solver
EXITSTATUS=15
