# WCTIME: wall clock time in seconds
WCTIME=6.27269
# CPUTIME: CPU time in seconds (USERTIME+SYSTEMTIME)
CPUTIME=5.69969
# USERTIME: CPU time spent in user mode in seconds
USERTIME=4.96768
# SYSTEMTIME: CPU time spent in system mode in seconds
SYSTEMTIME=0.73201
# CPUUSAGE: CPUTIME/WCTIME in percent
CPUUSAGE=90.8652
# MAXVM: maximum virtual memory used in KiB
MAXVM=1753560
# MAXMM: maximum memory used in KiB
MAXMM=168976
# MAXRSS: maximum Resident Segment Size in KiB
MAXRSS=122568
# TIMEOUT: did the solver exceed the time limit?
TIMEOUT=false
# MEMOUT: did the solver exceed the memory limit?
MEMOUT=false
# EXITSTATUS: Exit status of the solver
EXITSTATUS=0
