# WCTIME: wall clock time in seconds
WCTIME=3.89748
# CPUTIME: CPU time in seconds (USERTIME+SYSTEMTIME)
CPUTIME=3.46494
# USERTIME: CPU time spent in user mode in seconds
USERTIME=1.66877
# SYSTEMTIME: CPU time spent in system mode in seconds
SYSTEMTIME=1.79617
# CPUUSAGE: CPUTIME/WCTIME in percent
CPUUSAGE=88.9019
# MAXVM: maximum virtual memory used in KiB
MAXVM=3625792
# MAXMM: maximum memory used in KiB
MAXMM=235728
# MAXRSS: maximum Resident Segment Size in KiB
MAXRSS=216272
# TIMEOUT: did the solver exceed the time limit?
TIMEOUT=false
# MEMOUT: did the solver exceed the memory limit?
MEMOUT=false
# EXITSTATUS: Exit status of the solver
EXITSTATUS=0
