# WCTIME: wall clock time in seconds
WCTIME=1683.31
# CPUTIME: CPU time in seconds (USERTIME+SYSTEMTIME)
CPUTIME=1610.12
# USERTIME: CPU time spent in user mode in seconds
USERTIME=1605.08
# SYSTEMTIME: CPU time spent in system mode in seconds
SYSTEMTIME=5.04447
# CPUUSAGE: CPUTIME/WCTIME in percent
CPUUSAGE=95.6521
# MAXVM: maximum virtual memory used in KiB
MAXVM=3710628
# MAXMM: maximum memory used in KiB
MAXMM=314624
# MAXRSS: maximum Resident Segment Size in KiB
MAXRSS=297244
# TIMEOUT: did the solver exceed the time limit?
TIMEOUT=false
# MEMOUT: did the solver exceed the memory limit?
MEMOUT=false
# EXITSTATUS: Exit status of the solver
EXITSTATUS=0
