# WCTIME: wall clock time in seconds
WCTIME=1792.82
# CPUTIME: CPU time in seconds (USERTIME+SYSTEMTIME)
CPUTIME=1728.66
# USERTIME: CPU time spent in user mode in seconds
USERTIME=1685.57
# SYSTEMTIME: CPU time spent in system mode in seconds
SYSTEMTIME=43.0899
# CPUUSAGE: CPUTIME/WCTIME in percent
CPUUSAGE=96.4211
# MAXVM: maximum virtual memory used in KiB
MAXVM=5137400
# MAXMM: maximum memory used in KiB
MAXMM=1719192
# MAXRSS: maximum Resident Segment Size in KiB
MAXRSS=1701784
# TIMEOUT: did the solver exceed the time limit?
TIMEOUT=false
# MEMOUT: did the solver exceed the memory limit?
MEMOUT=false
# EXITSTATUS: Exit status of the solver
EXITSTATUS=0
