# WCTIME: wall clock time in seconds
WCTIME=822.485
# CPUTIME: CPU time in seconds (USERTIME+SYSTEMTIME)
CPUTIME=786.551
# USERTIME: CPU time spent in user mode in seconds
USERTIME=779.22
# SYSTEMTIME: CPU time spent in system mode in seconds
SYSTEMTIME=7.33135
# CPUUSAGE: CPUTIME/WCTIME in percent
CPUUSAGE=95.6311
# MAXVM: maximum virtual memory used in KiB
MAXVM=9187780
# MAXMM: maximum memory used in KiB
MAXMM=8147588
# MAXRSS: maximum Resident Segment Size in KiB
MAXRSS=8108772
# TIMEOUT: did the solver exceed the time limit?
TIMEOUT=false
# MEMOUT: did the solver exceed the memory limit?
MEMOUT=false
# EXITSTATUS: Exit status of the solver
EXITSTATUS=0
