# WCTIME: wall clock time in seconds
WCTIME=1683.56
# CPUTIME: CPU time in seconds (USERTIME+SYSTEMTIME)
CPUTIME=1605.72
# USERTIME: CPU time spent in user mode in seconds
USERTIME=1600.46
# SYSTEMTIME: CPU time spent in system mode in seconds
SYSTEMTIME=5.26234
# CPUUSAGE: CPUTIME/WCTIME in percent
CPUUSAGE=95.3762
# MAXVM: maximum virtual memory used in KiB
MAXVM=5010432
# MAXMM: maximum memory used in KiB
MAXMM=1665900
# MAXRSS: maximum Resident Segment Size in KiB
MAXRSS=1656712
# TIMEOUT: did the solver exceed the time limit?
TIMEOUT=false
# MEMOUT: did the solver exceed the memory limit?
MEMOUT=false
# EXITSTATUS: Exit status of the solver
EXITSTATUS=0
