# WCTIME: wall clock time in seconds
WCTIME=5.06419
# CPUTIME: CPU time in seconds (USERTIME+SYSTEMTIME)
CPUTIME=4.48357
# USERTIME: CPU time spent in user mode in seconds
USERTIME=2.29724
# SYSTEMTIME: CPU time spent in system mode in seconds
SYSTEMTIME=2.18633
# CPUUSAGE: CPUTIME/WCTIME in percent
CPUUSAGE=88.5348
# MAXVM: maximum virtual memory used in KiB
MAXVM=1753560
# MAXMM: maximum memory used in KiB
MAXMM=168276
# MAXRSS: maximum Resident Segment Size in KiB
MAXRSS=123904
# TIMEOUT: did the solver exceed the time limit?
TIMEOUT=false
# MEMOUT: did the solver exceed the memory limit?
MEMOUT=false
# EXITSTATUS: Exit status of the solver
EXITSTATUS=0
