# WCTIME: wall clock time in seconds
WCTIME=1.03857
# CPUTIME: CPU time in seconds (USERTIME+SYSTEMTIME)
CPUTIME=0.634301
# USERTIME: CPU time spent in user mode in seconds
USERTIME=0.193967
# SYSTEMTIME: CPU time spent in system mode in seconds
SYSTEMTIME=0.440334
# CPUUSAGE: CPUTIME/WCTIME in percent
CPUUSAGE=61.0745
# MAXVM: maximum virtual memory used in KiB
MAXVM=1063312
# MAXMM: maximum memory used in KiB
MAXMM=44628
# MAXRSS: maximum Resident Segment Size in KiB
MAXRSS=33920
# TIMEOUT: did the solver exceed the time limit?
TIMEOUT=false
# MEMOUT: did the solver exceed the memory limit?
MEMOUT=false
# EXITSTATUS: Exit status of the solver
EXITSTATUS=0
