# WCTIME: wall clock time in seconds
WCTIME=13.1344
# CPUTIME: CPU time in seconds (USERTIME+SYSTEMTIME)
CPUTIME=11.5927
# USERTIME: CPU time spent in user mode in seconds
USERTIME=7.58049
# SYSTEMTIME: CPU time spent in system mode in seconds
SYSTEMTIME=4.01219
# CPUUSAGE: CPUTIME/WCTIME in percent
CPUUSAGE=88.2616
# MAXVM: maximum virtual memory used in KiB
MAXVM=3903660
# MAXMM: maximum memory used in KiB
MAXMM=384016
# MAXRSS: maximum Resident Segment Size in KiB
MAXRSS=344604
# TIMEOUT: did the solver exceed the time limit?
TIMEOUT=false
# MEMOUT: did the solver exceed the memory limit?
MEMOUT=false
# EXITSTATUS: Exit status of the solver
EXITSTATUS=0
