# WCTIME: wall clock time in seconds
WCTIME=1.83357
# CPUTIME: CPU time in seconds (USERTIME+SYSTEMTIME)
CPUTIME=1.36738
# USERTIME: CPU time spent in user mode in seconds
USERTIME=0.855984
# SYSTEMTIME: CPU time spent in system mode in seconds
SYSTEMTIME=0.511395
# CPUUSAGE: CPUTIME/WCTIME in percent
CPUUSAGE=74.5748
# MAXVM: maximum virtual memory used in KiB
MAXVM=1759528
# MAXMM: maximum memory used in KiB
MAXMM=122680
# MAXRSS: maximum Resident Segment Size in KiB
MAXRSS=88852
# TIMEOUT: did the solver exceed the time limit?
TIMEOUT=false
# MEMOUT: did the solver exceed the memory limit?
MEMOUT=false
# EXITSTATUS: Exit status of the solver
EXITSTATUS=0
