# WCTIME: wall clock time in seconds
WCTIME=410.624
# CPUTIME: CPU time in seconds (USERTIME+SYSTEMTIME)
CPUTIME=391.629
# USERTIME: CPU time spent in user mode in seconds
USERTIME=386.527
# SYSTEMTIME: CPU time spent in system mode in seconds
SYSTEMTIME=5.10138
# CPUUSAGE: CPUTIME/WCTIME in percent
CPUUSAGE=95.3741
# MAXVM: maximum virtual memory used in KiB
MAXVM=9186788
# MAXMM: maximum memory used in KiB
MAXMM=8128464
# MAXRSS: maximum Resident Segment Size in KiB
MAXRSS=8092116
# TIMEOUT: did the solver exceed the time limit?
TIMEOUT=false
# MEMOUT: did the solver exceed the memory limit?
MEMOUT=false
# EXITSTATUS: Exit status of the solver
EXITSTATUS=0
