# WCTIME: wall clock time in seconds
WCTIME=10.1209
# CPUTIME: CPU time in seconds (USERTIME+SYSTEMTIME)
CPUTIME=7.06074
# USERTIME: CPU time spent in user mode in seconds
USERTIME=3.41069
# SYSTEMTIME: CPU time spent in system mode in seconds
SYSTEMTIME=3.65005
# CPUUSAGE: CPUTIME/WCTIME in percent
CPUUSAGE=69.7639
# MAXVM: maximum virtual memory used in KiB
MAXVM=3961336
# MAXMM: maximum memory used in KiB
MAXMM=369512
# MAXRSS: maximum Resident Segment Size in KiB
MAXRSS=332444
# TIMEOUT: did the solver exceed the time limit?
TIMEOUT=false
# MEMOUT: did the solver exceed the memory limit?
MEMOUT=false
# EXITSTATUS: Exit status of the solver
EXITSTATUS=0
