# WCTIME: wall clock time in seconds
WCTIME=13.6106
# CPUTIME: CPU time in seconds (USERTIME+SYSTEMTIME)
CPUTIME=12.7435
# USERTIME: CPU time spent in user mode in seconds
USERTIME=8.97579
# SYSTEMTIME: CPU time spent in system mode in seconds
SYSTEMTIME=3.76767
# CPUUSAGE: CPUTIME/WCTIME in percent
CPUUSAGE=93.6286
# MAXVM: maximum virtual memory used in KiB
MAXVM=3975728
# MAXMM: maximum memory used in KiB
MAXMM=393436
# MAXRSS: maximum Resident Segment Size in KiB
MAXRSS=354192
# TIMEOUT: did the solver exceed the time limit?
TIMEOUT=false
# MEMOUT: did the solver exceed the memory limit?
MEMOUT=false
# EXITSTATUS: Exit status of the solver
EXITSTATUS=0
