# WCTIME: wall clock time in seconds
WCTIME=98.2384
# CPUTIME: CPU time in seconds (USERTIME+SYSTEMTIME)
CPUTIME=94.1589
# USERTIME: CPU time spent in user mode in seconds
USERTIME=88.653
# SYSTEMTIME: CPU time spent in system mode in seconds
SYSTEMTIME=5.50593
# CPUUSAGE: CPUTIME/WCTIME in percent
CPUUSAGE=95.8473
# MAXVM: maximum virtual memory used in KiB
MAXVM=9532544
# MAXMM: maximum memory used in KiB
MAXMM=8395476
# MAXRSS: maximum Resident Segment Size in KiB
MAXRSS=8348988
# TIMEOUT: did the solver exceed the time limit?
TIMEOUT=false
# MEMOUT: did the solver exceed the memory limit?
MEMOUT=true
# EXITSTATUS: Exit status of the solver
EXITSTATUS=15
