# WCTIME: wall clock time in seconds
WCTIME=1882.68
# CPUTIME: CPU time in seconds (USERTIME+SYSTEMTIME)
CPUTIME=1800.41
# USERTIME: CPU time spent in user mode in seconds
USERTIME=1786.17
# SYSTEMTIME: CPU time spent in system mode in seconds
SYSTEMTIME=14.232
# CPUUSAGE: CPUTIME/WCTIME in percent
CPUUSAGE=95.6298
# MAXVM: maximum virtual memory used in KiB
MAXVM=6503504
# MAXMM: maximum memory used in KiB
MAXMM=5445364
# MAXRSS: maximum Resident Segment Size in KiB
MAXRSS=5407068
# TIMEOUT: did the solver exceed the time limit?
TIMEOUT=true
# MEMOUT: did the solver exceed the memory limit?
MEMOUT=false
# EXITSTATUS: Exit status of the solver
EXITSTATUS=15
