# WCTIME: wall clock time in seconds
WCTIME=5.48722
# CPUTIME: CPU time in seconds (USERTIME+SYSTEMTIME)
CPUTIME=4.91612
# USERTIME: CPU time spent in user mode in seconds
USERTIME=3.20143
# SYSTEMTIME: CPU time spent in system mode in seconds
SYSTEMTIME=1.7147
# CPUUSAGE: CPUTIME/WCTIME in percent
CPUUSAGE=89.5922
# MAXVM: maximum virtual memory used in KiB
MAXVM=1759528
# MAXMM: maximum memory used in KiB
MAXMM=198616
# MAXRSS: maximum Resident Segment Size in KiB
MAXRSS=152116
# TIMEOUT: did the solver exceed the time limit?
TIMEOUT=false
# MEMOUT: did the solver exceed the memory limit?
MEMOUT=false
# EXITSTATUS: Exit status of the solver
EXITSTATUS=0
