# WCTIME: wall clock time in seconds
WCTIME=0.986892
# CPUTIME: CPU time in seconds (USERTIME+SYSTEMTIME)
CPUTIME=0.594593
# USERTIME: CPU time spent in user mode in seconds
USERTIME=0.250791
# SYSTEMTIME: CPU time spent in system mode in seconds
SYSTEMTIME=0.343802
# CPUUSAGE: CPUTIME/WCTIME in percent
CPUUSAGE=60.249
# MAXVM: maximum virtual memory used in KiB
MAXVM=1692128
# MAXMM: maximum memory used in KiB
MAXMM=27020
# MAXRSS: maximum Resident Segment Size in KiB
MAXRSS=27932
# TIMEOUT: did the solver exceed the time limit?
TIMEOUT=false
# MEMOUT: did the solver exceed the memory limit?
MEMOUT=false
# EXITSTATUS: Exit status of the solver
EXITSTATUS=0
