# WCTIME: wall clock time in seconds
WCTIME=1688.81
# CPUTIME: CPU time in seconds (USERTIME+SYSTEMTIME)
CPUTIME=1610.77
# USERTIME: CPU time spent in user mode in seconds
USERTIME=1545.3
# SYSTEMTIME: CPU time spent in system mode in seconds
SYSTEMTIME=65.4677
# CPUUSAGE: CPUTIME/WCTIME in percent
CPUUSAGE=95.3789
# MAXVM: maximum virtual memory used in KiB
MAXVM=3831180
# MAXMM: maximum memory used in KiB
MAXMM=436588
# MAXRSS: maximum Resident Segment Size in KiB
MAXRSS=419688
# TIMEOUT: did the solver exceed the time limit?
TIMEOUT=false
# MEMOUT: did the solver exceed the memory limit?
MEMOUT=false
# EXITSTATUS: Exit status of the solver
EXITSTATUS=0
