# WCTIME: wall clock time in seconds
WCTIME=1878.88
# CPUTIME: CPU time in seconds (USERTIME+SYSTEMTIME)
CPUTIME=1800.41
# USERTIME: CPU time spent in user mode in seconds
USERTIME=1758.29
# SYSTEMTIME: CPU time spent in system mode in seconds
SYSTEMTIME=42.1149
# CPUUSAGE: CPUTIME/WCTIME in percent
CPUUSAGE=95.8235
# MAXVM: maximum virtual memory used in KiB
MAXVM=9202960
# MAXMM: maximum memory used in KiB
MAXMM=8063932
# MAXRSS: maximum Resident Segment Size in KiB
MAXRSS=8018264
# TIMEOUT: did the solver exceed the time limit?
TIMEOUT=true
# MEMOUT: did the solver exceed the memory limit?
MEMOUT=false
# EXITSTATUS: Exit status of the solver
EXITSTATUS=15
