# WCTIME: wall clock time in seconds
WCTIME=1880.72
# CPUTIME: CPU time in seconds (USERTIME+SYSTEMTIME)
CPUTIME=1800.27
# USERTIME: CPU time spent in user mode in seconds
USERTIME=1787.44
# SYSTEMTIME: CPU time spent in system mode in seconds
SYSTEMTIME=12.8255
# CPUUSAGE: CPUTIME/WCTIME in percent
CPUUSAGE=95.7223
# MAXVM: maximum virtual memory used in KiB
MAXVM=2739836
# MAXMM: maximum memory used in KiB
MAXMM=1748080
# MAXRSS: maximum Resident Segment Size in KiB
MAXRSS=1699128
# TIMEOUT: did the solver exceed the time limit?
TIMEOUT=true
# MEMOUT: did the solver exceed the memory limit?
MEMOUT=false
# EXITSTATUS: Exit status of the solver
EXITSTATUS=15
