# WCTIME: wall clock time in seconds
WCTIME=1884.46
# CPUTIME: CPU time in seconds (USERTIME+SYSTEMTIME)
CPUTIME=1800.29
# USERTIME: CPU time spent in user mode in seconds
USERTIME=1794.45
# SYSTEMTIME: CPU time spent in system mode in seconds
SYSTEMTIME=5.84191
# CPUUSAGE: CPUTIME/WCTIME in percent
CPUUSAGE=95.5339
# MAXVM: maximum virtual memory used in KiB
MAXVM=4115232
# MAXMM: maximum memory used in KiB
MAXMM=523840
# MAXRSS: maximum Resident Segment Size in KiB
MAXRSS=486992
# TIMEOUT: did the solver exceed the time limit?
TIMEOUT=true
# MEMOUT: did the solver exceed the memory limit?
MEMOUT=false
# EXITSTATUS: Exit status of the solver
EXITSTATUS=15
