# WCTIME: wall clock time in seconds
WCTIME=32.1058
# CPUTIME: CPU time in seconds (USERTIME+SYSTEMTIME)
CPUTIME=27.0789
# USERTIME: CPU time spent in user mode in seconds
USERTIME=23.3606
# SYSTEMTIME: CPU time spent in system mode in seconds
SYSTEMTIME=3.71826
# CPUUSAGE: CPUTIME/WCTIME in percent
CPUUSAGE=84.3427
# MAXVM: maximum virtual memory used in KiB
MAXVM=3540252
# MAXMM: maximum memory used in KiB
MAXMM=473016
# MAXRSS: maximum Resident Segment Size in KiB
MAXRSS=294756
# TIMEOUT: did the solver exceed the time limit?
TIMEOUT=false
# MEMOUT: did the solver exceed the memory limit?
MEMOUT=false
# EXITSTATUS: Exit status of the solver
EXITSTATUS=0
