# WCTIME: wall clock time in seconds
WCTIME=657.395
# CPUTIME: CPU time in seconds (USERTIME+SYSTEMTIME)
CPUTIME=627.312
# USERTIME: CPU time spent in user mode in seconds
USERTIME=604.467
# SYSTEMTIME: CPU time spent in system mode in seconds
SYSTEMTIME=22.845
# CPUUSAGE: CPUTIME/WCTIME in percent
CPUUSAGE=95.4239
# MAXVM: maximum virtual memory used in KiB
MAXVM=10200336
# MAXMM: maximum memory used in KiB
MAXMM=4247236
# MAXRSS: maximum Resident Segment Size in KiB
MAXRSS=4228488
# TIMEOUT: did the solver exceed the time limit?
TIMEOUT=false
# MEMOUT: did the solver exceed the memory limit?
MEMOUT=false
# EXITSTATUS: Exit status of the solver
EXITSTATUS=0
