# WCTIME: wall clock time in seconds
WCTIME=12.5413
# CPUTIME: CPU time in seconds (USERTIME+SYSTEMTIME)
CPUTIME=9.66902
# USERTIME: CPU time spent in user mode in seconds
USERTIME=5.86143
# SYSTEMTIME: CPU time spent in system mode in seconds
SYSTEMTIME=3.80759
# CPUUSAGE: CPUTIME/WCTIME in percent
CPUUSAGE=77.0976
# MAXVM: maximum virtual memory used in KiB
MAXVM=3844884
# MAXMM: maximum memory used in KiB
MAXMM=576192
# MAXRSS: maximum Resident Segment Size in KiB
MAXRSS=339764
# TIMEOUT: did the solver exceed the time limit?
TIMEOUT=false
# MEMOUT: did the solver exceed the memory limit?
MEMOUT=false
# EXITSTATUS: Exit status of the solver
EXITSTATUS=0
