# WCTIME: wall clock time in seconds
WCTIME=1002.52
# CPUTIME: CPU time in seconds (USERTIME+SYSTEMTIME)
CPUTIME=956.119
# USERTIME: CPU time spent in user mode in seconds
USERTIME=924.893
# SYSTEMTIME: CPU time spent in system mode in seconds
SYSTEMTIME=31.2254
# CPUUSAGE: CPUTIME/WCTIME in percent
CPUUSAGE=95.3718
# MAXVM: maximum virtual memory used in KiB
MAXVM=9268024
# MAXMM: maximum memory used in KiB
MAXMM=8194668
# MAXRSS: maximum Resident Segment Size in KiB
MAXRSS=8156892
# TIMEOUT: did the solver exceed the time limit?
TIMEOUT=false
# MEMOUT: did the solver exceed the memory limit?
MEMOUT=false
# EXITSTATUS: Exit status of the solver
EXITSTATUS=0
