# WCTIME: wall clock time in seconds
WCTIME=1886.76
# CPUTIME: CPU time in seconds (USERTIME+SYSTEMTIME)
CPUTIME=1800.15
# USERTIME: CPU time spent in user mode in seconds
USERTIME=1797.49
# SYSTEMTIME: CPU time spent in system mode in seconds
SYSTEMTIME=2.66687
# CPUUSAGE: CPUTIME/WCTIME in percent
CPUUSAGE=95.4095
# MAXVM: maximum virtual memory used in KiB
MAXVM=2630644
# MAXMM: maximum memory used in KiB
MAXMM=1662280
# MAXRSS: maximum Resident Segment Size in KiB
MAXRSS=1612024
# TIMEOUT: did the solver exceed the time limit?
TIMEOUT=true
# MEMOUT: did the solver exceed the memory limit?
MEMOUT=false
# EXITSTATUS: Exit status of the solver
EXITSTATUS=15
