# WCTIME: wall clock time in seconds
WCTIME=24.6017
# CPUTIME: CPU time in seconds (USERTIME+SYSTEMTIME)
CPUTIME=20.3389
# USERTIME: CPU time spent in user mode in seconds
USERTIME=15.9749
# SYSTEMTIME: CPU time spent in system mode in seconds
SYSTEMTIME=4.36397
# CPUUSAGE: CPUTIME/WCTIME in percent
CPUUSAGE=82.6726
# MAXVM: maximum virtual memory used in KiB
MAXVM=3786304
# MAXMM: maximum memory used in KiB
MAXMM=709620
# MAXRSS: maximum Resident Segment Size in KiB
MAXRSS=413088
# TIMEOUT: did the solver exceed the time limit?
TIMEOUT=false
# MEMOUT: did the solver exceed the memory limit?
MEMOUT=false
# EXITSTATUS: Exit status of the solver
EXITSTATUS=0
