# WCTIME: wall clock time in seconds
WCTIME=7.74808
# CPUTIME: CPU time in seconds (USERTIME+SYSTEMTIME)
CPUTIME=7.02378
# USERTIME: CPU time spent in user mode in seconds
USERTIME=3.34565
# SYSTEMTIME: CPU time spent in system mode in seconds
SYSTEMTIME=3.67813
# CPUUSAGE: CPUTIME/WCTIME in percent
CPUUSAGE=90.6519
# MAXVM: maximum virtual memory used in KiB
MAXVM=3893720
# MAXMM: maximum memory used in KiB
MAXMM=369896
# MAXRSS: maximum Resident Segment Size in KiB
MAXRSS=333404
# TIMEOUT: did the solver exceed the time limit?
TIMEOUT=false
# MEMOUT: did the solver exceed the memory limit?
MEMOUT=false
# EXITSTATUS: Exit status of the solver
EXITSTATUS=0
