# WCTIME: wall clock time in seconds
WCTIME=52.888
# CPUTIME: CPU time in seconds (USERTIME+SYSTEMTIME)
CPUTIME=49.923
# USERTIME: CPU time spent in user mode in seconds
USERTIME=32.7166
# SYSTEMTIME: CPU time spent in system mode in seconds
SYSTEMTIME=17.2063
# CPUUSAGE: CPUTIME/WCTIME in percent
CPUUSAGE=94.3937
# MAXVM: maximum virtual memory used in KiB
MAXVM=2191876
# MAXMM: maximum memory used in KiB
MAXMM=1037532
# MAXRSS: maximum Resident Segment Size in KiB
MAXRSS=993240
# TIMEOUT: did the solver exceed the time limit?
TIMEOUT=false
# MEMOUT: did the solver exceed the memory limit?
MEMOUT=false
# EXITSTATUS: Exit status of the solver
EXITSTATUS=0
