# WCTIME: wall clock time in seconds
WCTIME=8.91318
# CPUTIME: CPU time in seconds (USERTIME+SYSTEMTIME)
CPUTIME=6.23146
# USERTIME: CPU time spent in user mode in seconds
USERTIME=2.77253
# SYSTEMTIME: CPU time spent in system mode in seconds
SYSTEMTIME=3.45893
# CPUUSAGE: CPUTIME/WCTIME in percent
CPUUSAGE=69.9129
# MAXVM: maximum virtual memory used in KiB
MAXVM=3530928
# MAXMM: maximum memory used in KiB
MAXMM=471328
# MAXRSS: maximum Resident Segment Size in KiB
MAXRSS=299208
# TIMEOUT: did the solver exceed the time limit?
TIMEOUT=false
# MEMOUT: did the solver exceed the memory limit?
MEMOUT=false
# EXITSTATUS: Exit status of the solver
EXITSTATUS=0
