# WCTIME: wall clock time in seconds
WCTIME=9.1211
# CPUTIME: CPU time in seconds (USERTIME+SYSTEMTIME)
CPUTIME=7.50201
# USERTIME: CPU time spent in user mode in seconds
USERTIME=3.52812
# SYSTEMTIME: CPU time spent in system mode in seconds
SYSTEMTIME=3.97388
# CPUUSAGE: CPUTIME/WCTIME in percent
CPUUSAGE=82.249
# MAXVM: maximum virtual memory used in KiB
MAXVM=3958912
# MAXMM: maximum memory used in KiB
MAXMM=368576
# MAXRSS: maximum Resident Segment Size in KiB
MAXRSS=332060
# TIMEOUT: did the solver exceed the time limit?
TIMEOUT=false
# MEMOUT: did the solver exceed the memory limit?
MEMOUT=false
# EXITSTATUS: Exit status of the solver
EXITSTATUS=0
