# WCTIME: wall clock time in seconds
WCTIME=938.841
# CPUTIME: CPU time in seconds (USERTIME+SYSTEMTIME)
CPUTIME=888.373
# USERTIME: CPU time spent in user mode in seconds
USERTIME=880.528
# SYSTEMTIME: CPU time spent in system mode in seconds
SYSTEMTIME=7.84565
# CPUUSAGE: CPUTIME/WCTIME in percent
CPUUSAGE=94.6245
# MAXVM: maximum virtual memory used in KiB
MAXVM=4322592
# MAXMM: maximum memory used in KiB
MAXMM=882564
# MAXRSS: maximum Resident Segment Size in KiB
MAXRSS=842460
# TIMEOUT: did the solver exceed the time limit?
TIMEOUT=false
# MEMOUT: did the solver exceed the memory limit?
MEMOUT=false
# EXITSTATUS: Exit status of the solver
EXITSTATUS=256
