# WCTIME: wall clock time in seconds
WCTIME=1888.92
# CPUTIME: CPU time in seconds (USERTIME+SYSTEMTIME)
CPUTIME=1800.56
# USERTIME: CPU time spent in user mode in seconds
USERTIME=1790.31
# SYSTEMTIME: CPU time spent in system mode in seconds
SYSTEMTIME=10.2543
# CPUUSAGE: CPUTIME/WCTIME in percent
CPUUSAGE=95.3223
# MAXVM: maximum virtual memory used in KiB
MAXVM=7394860
# MAXMM: maximum memory used in KiB
MAXMM=6334816
# MAXRSS: maximum Resident Segment Size in KiB
MAXRSS=6304768
# TIMEOUT: did the solver exceed the time limit?
TIMEOUT=true
# MEMOUT: did the solver exceed the memory limit?
MEMOUT=false
# EXITSTATUS: Exit status of the solver
EXITSTATUS=15
