# WCTIME: wall clock time in seconds
WCTIME=1.42816
# CPUTIME: CPU time in seconds (USERTIME+SYSTEMTIME)
CPUTIME=1.11667
# USERTIME: CPU time spent in user mode in seconds
USERTIME=0.632116
# SYSTEMTIME: CPU time spent in system mode in seconds
SYSTEMTIME=0.48455
# CPUUSAGE: CPUTIME/WCTIME in percent
CPUUSAGE=78.1889
# MAXVM: maximum virtual memory used in KiB
MAXVM=1204256
# MAXMM: maximum memory used in KiB
MAXMM=122076
# MAXRSS: maximum Resident Segment Size in KiB
MAXRSS=83344
# TIMEOUT: did the solver exceed the time limit?
TIMEOUT=false
# MEMOUT: did the solver exceed the memory limit?
MEMOUT=false
# EXITSTATUS: Exit status of the solver
EXITSTATUS=0
