# WCTIME: wall clock time in seconds
WCTIME=390.923
# CPUTIME: CPU time in seconds (USERTIME+SYSTEMTIME)
CPUTIME=372.182
# USERTIME: CPU time spent in user mode in seconds
USERTIME=366.638
# SYSTEMTIME: CPU time spent in system mode in seconds
SYSTEMTIME=5.54384
# CPUUSAGE: CPUTIME/WCTIME in percent
CPUUSAGE=95.2059
# MAXVM: maximum virtual memory used in KiB
MAXVM=9186892
# MAXMM: maximum memory used in KiB
MAXMM=8118244
# MAXRSS: maximum Resident Segment Size in KiB
MAXRSS=8079876
# TIMEOUT: did the solver exceed the time limit?
TIMEOUT=false
# MEMOUT: did the solver exceed the memory limit?
MEMOUT=false
# EXITSTATUS: Exit status of the solver
EXITSTATUS=0
