# WCTIME: wall clock time in seconds
WCTIME=1886.74
# CPUTIME: CPU time in seconds (USERTIME+SYSTEMTIME)
CPUTIME=1800.49
# USERTIME: CPU time spent in user mode in seconds
USERTIME=1790.88
# SYSTEMTIME: CPU time spent in system mode in seconds
SYSTEMTIME=9.60349
# CPUUSAGE: CPUTIME/WCTIME in percent
CPUUSAGE=95.4283
# MAXVM: maximum virtual memory used in KiB
MAXVM=5366260
# MAXMM: maximum memory used in KiB
MAXMM=4380244
# MAXRSS: maximum Resident Segment Size in KiB
MAXRSS=4340748
# TIMEOUT: did the solver exceed the time limit?
TIMEOUT=true
# MEMOUT: did the solver exceed the memory limit?
MEMOUT=false
# EXITSTATUS: Exit status of the solver
EXITSTATUS=15
