# WCTIME: wall clock time in seconds
WCTIME=1894.54
# CPUTIME: CPU time in seconds (USERTIME+SYSTEMTIME)
CPUTIME=1800.25
# USERTIME: CPU time spent in user mode in seconds
USERTIME=1792.19
# SYSTEMTIME: CPU time spent in system mode in seconds
SYSTEMTIME=8.06114
# CPUUSAGE: CPUTIME/WCTIME in percent
CPUUSAGE=95.0232
# MAXVM: maximum virtual memory used in KiB
MAXVM=3177872
# MAXMM: maximum memory used in KiB
MAXMM=2153812
# MAXRSS: maximum Resident Segment Size in KiB
MAXRSS=2107120
# TIMEOUT: did the solver exceed the time limit?
TIMEOUT=true
# MEMOUT: did the solver exceed the memory limit?
MEMOUT=false
# EXITSTATUS: Exit status of the solver
EXITSTATUS=15
