# WCTIME: wall clock time in seconds
WCTIME=18.5384
# CPUTIME: CPU time in seconds (USERTIME+SYSTEMTIME)
CPUTIME=17.1787
# USERTIME: CPU time spent in user mode in seconds
USERTIME=13.1952
# SYSTEMTIME: CPU time spent in system mode in seconds
SYSTEMTIME=3.98344
# CPUUSAGE: CPUTIME/WCTIME in percent
CPUUSAGE=92.6655
# MAXVM: maximum virtual memory used in KiB
MAXVM=3935760
# MAXMM: maximum memory used in KiB
MAXMM=418648
# MAXRSS: maximum Resident Segment Size in KiB
MAXRSS=378836
# TIMEOUT: did the solver exceed the time limit?
TIMEOUT=false
# MEMOUT: did the solver exceed the memory limit?
MEMOUT=false
# EXITSTATUS: Exit status of the solver
EXITSTATUS=0
