# WCTIME: wall clock time in seconds
WCTIME=786.022
# CPUTIME: CPU time in seconds (USERTIME+SYSTEMTIME)
CPUTIME=752.451
# USERTIME: CPU time spent in user mode in seconds
USERTIME=747.447
# SYSTEMTIME: CPU time spent in system mode in seconds
SYSTEMTIME=5.00453
# CPUUSAGE: CPUTIME/WCTIME in percent
CPUUSAGE=95.7291
# MAXVM: maximum virtual memory used in KiB
MAXVM=4895924
# MAXMM: maximum memory used in KiB
MAXMM=1829284
# MAXRSS: maximum Resident Segment Size in KiB
MAXRSS=1527748
# TIMEOUT: did the solver exceed the time limit?
TIMEOUT=false
# MEMOUT: did the solver exceed the memory limit?
MEMOUT=false
# EXITSTATUS: Exit status of the solver
EXITSTATUS=0
