# WCTIME: wall clock time in seconds
WCTIME=11.7156
# CPUTIME: CPU time in seconds (USERTIME+SYSTEMTIME)
CPUTIME=7.14107
# USERTIME: CPU time spent in user mode in seconds
USERTIME=3.39903
# SYSTEMTIME: CPU time spent in system mode in seconds
SYSTEMTIME=3.74205
# CPUUSAGE: CPUTIME/WCTIME in percent
CPUUSAGE=60.9535
# MAXVM: maximum virtual memory used in KiB
MAXVM=3856724
# MAXMM: maximum memory used in KiB
MAXMM=518240
# MAXRSS: maximum Resident Segment Size in KiB
MAXRSS=305588
# TIMEOUT: did the solver exceed the time limit?
TIMEOUT=false
# MEMOUT: did the solver exceed the memory limit?
MEMOUT=false
# EXITSTATUS: Exit status of the solver
EXITSTATUS=0
