# WCTIME: wall clock time in seconds
WCTIME=4.39978
# CPUTIME: CPU time in seconds (USERTIME+SYSTEMTIME)
CPUTIME=3.83844
# USERTIME: CPU time spent in user mode in seconds
USERTIME=1.98753
# SYSTEMTIME: CPU time spent in system mode in seconds
SYSTEMTIME=1.85091
# CPUUSAGE: CPUTIME/WCTIME in percent
CPUUSAGE=87.2418
# MAXVM: maximum virtual memory used in KiB
MAXVM=3630144
# MAXMM: maximum memory used in KiB
MAXMM=241488
# MAXRSS: maximum Resident Segment Size in KiB
MAXRSS=222016
# TIMEOUT: did the solver exceed the time limit?
TIMEOUT=false
# MEMOUT: did the solver exceed the memory limit?
MEMOUT=false
# EXITSTATUS: Exit status of the solver
EXITSTATUS=0
