# WCTIME: wall clock time in seconds
WCTIME=2.7001
# CPUTIME: CPU time in seconds (USERTIME+SYSTEMTIME)
CPUTIME=2.31521
# USERTIME: CPU time spent in user mode in seconds
USERTIME=0.586778
# SYSTEMTIME: CPU time spent in system mode in seconds
SYSTEMTIME=1.72843
# CPUUSAGE: CPUTIME/WCTIME in percent
CPUUSAGE=85.7453
# MAXVM: maximum virtual memory used in KiB
MAXVM=3615008
# MAXMM: maximum memory used in KiB
MAXMM=226216
# MAXRSS: maximum Resident Segment Size in KiB
MAXRSS=206940
# TIMEOUT: did the solver exceed the time limit?
TIMEOUT=false
# MEMOUT: did the solver exceed the memory limit?
MEMOUT=false
# EXITSTATUS: Exit status of the solver
EXITSTATUS=0
