# WCTIME: wall clock time in seconds
WCTIME=435.726
# CPUTIME: CPU time in seconds (USERTIME+SYSTEMTIME)
CPUTIME=416.935
# USERTIME: CPU time spent in user mode in seconds
USERTIME=396.341
# SYSTEMTIME: CPU time spent in system mode in seconds
SYSTEMTIME=20.5934
# CPUUSAGE: CPUTIME/WCTIME in percent
CPUUSAGE=95.6873
# MAXVM: maximum virtual memory used in KiB
MAXVM=9267728
# MAXMM: maximum memory used in KiB
MAXMM=8110404
# MAXRSS: maximum Resident Segment Size in KiB
MAXRSS=8064668
# TIMEOUT: did the solver exceed the time limit?
TIMEOUT=false
# MEMOUT: did the solver exceed the memory limit?
MEMOUT=false
# EXITSTATUS: Exit status of the solver
EXITSTATUS=0
