# WCTIME: wall clock time in seconds
WCTIME=1726.24
# CPUTIME: CPU time in seconds (USERTIME+SYSTEMTIME)
CPUTIME=1655.82
# USERTIME: CPU time spent in user mode in seconds
USERTIME=1641.52
# SYSTEMTIME: CPU time spent in system mode in seconds
SYSTEMTIME=14.2983
# CPUUSAGE: CPUTIME/WCTIME in percent
CPUUSAGE=95.9209
# MAXVM: maximum virtual memory used in KiB
MAXVM=4358744
# MAXMM: maximum memory used in KiB
MAXMM=958140
# MAXRSS: maximum Resident Segment Size in KiB
MAXRSS=938684
# TIMEOUT: did the solver exceed the time limit?
TIMEOUT=false
# MEMOUT: did the solver exceed the memory limit?
MEMOUT=false
# EXITSTATUS: Exit status of the solver
EXITSTATUS=0
