# WCTIME: wall clock time in seconds
WCTIME=14.9496
# CPUTIME: CPU time in seconds (USERTIME+SYSTEMTIME)
CPUTIME=11.3353
# USERTIME: CPU time spent in user mode in seconds
USERTIME=7.82356
# SYSTEMTIME: CPU time spent in system mode in seconds
SYSTEMTIME=3.51177
# CPUUSAGE: CPUTIME/WCTIME in percent
CPUUSAGE=75.8234
# MAXVM: maximum virtual memory used in KiB
MAXVM=3538432
# MAXMM: maximum memory used in KiB
MAXMM=475420
# MAXRSS: maximum Resident Segment Size in KiB
MAXRSS=273348
# TIMEOUT: did the solver exceed the time limit?
TIMEOUT=false
# MEMOUT: did the solver exceed the memory limit?
MEMOUT=false
# EXITSTATUS: Exit status of the solver
EXITSTATUS=0
