# WCTIME: wall clock time in seconds
WCTIME=219.578
# CPUTIME: CPU time in seconds (USERTIME+SYSTEMTIME)
CPUTIME=208.686
# USERTIME: CPU time spent in user mode in seconds
USERTIME=191.627
# SYSTEMTIME: CPU time spent in system mode in seconds
SYSTEMTIME=17.0584
# CPUUSAGE: CPUTIME/WCTIME in percent
CPUUSAGE=95.0396
# MAXVM: maximum virtual memory used in KiB
MAXVM=34633280
# MAXMM: maximum memory used in KiB
MAXMM=33567604
# MAXRSS: maximum Resident Segment Size in KiB
MAXRSS=33549080
# TIMEOUT: did the solver exceed the time limit?
TIMEOUT=false
# MEMOUT: did the solver exceed the memory limit?
MEMOUT=true
# EXITSTATUS: Exit status of the solver
EXITSTATUS=15
