# WCTIME: wall clock time in seconds
WCTIME=1830.68
# CPUTIME: CPU time in seconds (USERTIME+SYSTEMTIME)
CPUTIME=1763.05
# USERTIME: CPU time spent in user mode in seconds
USERTIME=1756.14
# SYSTEMTIME: CPU time spent in system mode in seconds
SYSTEMTIME=6.90446
# CPUUSAGE: CPUTIME/WCTIME in percent
CPUUSAGE=96.3056
# MAXVM: maximum virtual memory used in KiB
MAXVM=4235444
# MAXMM: maximum memory used in KiB
MAXMM=1792076
# MAXRSS: maximum Resident Segment Size in KiB
MAXRSS=1758420
# TIMEOUT: did the solver exceed the time limit?
TIMEOUT=false
# MEMOUT: did the solver exceed the memory limit?
MEMOUT=false
# EXITSTATUS: Exit status of the solver
EXITSTATUS=9
