# WCTIME: wall clock time in seconds
WCTIME=555.94
# CPUTIME: CPU time in seconds (USERTIME+SYSTEMTIME)
CPUTIME=533.371
# USERTIME: CPU time spent in user mode in seconds
USERTIME=528.151
# SYSTEMTIME: CPU time spent in system mode in seconds
SYSTEMTIME=5.21959
# CPUUSAGE: CPUTIME/WCTIME in percent
CPUUSAGE=95.9403
# MAXVM: maximum virtual memory used in KiB
MAXVM=9186560
# MAXMM: maximum memory used in KiB
MAXMM=8128516
# MAXRSS: maximum Resident Segment Size in KiB
MAXRSS=8086312
# TIMEOUT: did the solver exceed the time limit?
TIMEOUT=false
# MEMOUT: did the solver exceed the memory limit?
MEMOUT=false
# EXITSTATUS: Exit status of the solver
EXITSTATUS=0
