# WCTIME: wall clock time in seconds
WCTIME=1.24247
# CPUTIME: CPU time in seconds (USERTIME+SYSTEMTIME)
CPUTIME=0.708744
# USERTIME: CPU time spent in user mode in seconds
USERTIME=0.286118
# SYSTEMTIME: CPU time spent in system mode in seconds
SYSTEMTIME=0.422626
# CPUUSAGE: CPUTIME/WCTIME in percent
CPUUSAGE=57.0432
# MAXVM: maximum virtual memory used in KiB
MAXVM=1169564
# MAXMM: maximum memory used in KiB
MAXMM=85544
# MAXRSS: maximum Resident Segment Size in KiB
MAXRSS=42484
# TIMEOUT: did the solver exceed the time limit?
TIMEOUT=false
# MEMOUT: did the solver exceed the memory limit?
MEMOUT=false
# EXITSTATUS: Exit status of the solver
EXITSTATUS=0
