# WCTIME: wall clock time in seconds
WCTIME=1807.7
# CPUTIME: CPU time in seconds (USERTIME+SYSTEMTIME)
CPUTIME=1734.22
# USERTIME: CPU time spent in user mode in seconds
USERTIME=1725.46
# SYSTEMTIME: CPU time spent in system mode in seconds
SYSTEMTIME=8.76638
# CPUUSAGE: CPUTIME/WCTIME in percent
CPUUSAGE=95.9353
# MAXVM: maximum virtual memory used in KiB
MAXVM=5284900
# MAXMM: maximum memory used in KiB
MAXMM=2221488
# MAXRSS: maximum Resident Segment Size in KiB
MAXRSS=1915216
# TIMEOUT: did the solver exceed the time limit?
TIMEOUT=false
# MEMOUT: did the solver exceed the memory limit?
MEMOUT=false
# EXITSTATUS: Exit status of the solver
EXITSTATUS=0
