# WCTIME: wall clock time in seconds
WCTIME=1830.93
# CPUTIME: CPU time in seconds (USERTIME+SYSTEMTIME)
CPUTIME=1748.31
# USERTIME: CPU time spent in user mode in seconds
USERTIME=1744.12
# SYSTEMTIME: CPU time spent in system mode in seconds
SYSTEMTIME=4.18608
# CPUUSAGE: CPUTIME/WCTIME in percent
CPUUSAGE=95.4876
# MAXVM: maximum virtual memory used in KiB
MAXVM=3647092
# MAXMM: maximum memory used in KiB
MAXMM=577680
# MAXRSS: maximum Resident Segment Size in KiB
MAXRSS=286108
# TIMEOUT: did the solver exceed the time limit?
TIMEOUT=false
# MEMOUT: did the solver exceed the memory limit?
MEMOUT=false
# EXITSTATUS: Exit status of the solver
EXITSTATUS=0
