# WCTIME: wall clock time in seconds
WCTIME=3.96201
# CPUTIME: CPU time in seconds (USERTIME+SYSTEMTIME)
CPUTIME=3.49332
# USERTIME: CPU time spent in user mode in seconds
USERTIME=1.8275
# SYSTEMTIME: CPU time spent in system mode in seconds
SYSTEMTIME=1.66582
# CPUUSAGE: CPUTIME/WCTIME in percent
CPUUSAGE=88.1705
# MAXVM: maximum virtual memory used in KiB
MAXVM=1248692
# MAXMM: maximum memory used in KiB
MAXMM=169292
# MAXRSS: maximum Resident Segment Size in KiB
MAXRSS=122888
# TIMEOUT: did the solver exceed the time limit?
TIMEOUT=false
# MEMOUT: did the solver exceed the memory limit?
MEMOUT=false
# EXITSTATUS: Exit status of the solver
EXITSTATUS=0
