# WCTIME: wall clock time in seconds
WCTIME=78962.3
# CPUTIME: CPU time in seconds (USERTIME+SYSTEMTIME)
CPUTIME=74889.4
# USERTIME: CPU time spent in user mode in seconds
USERTIME=73514.3
# SYSTEMTIME: CPU time spent in system mode in seconds
SYSTEMTIME=1375.1
# CPUUSAGE: CPUTIME/WCTIME in percent
CPUUSAGE=94.8419
# MAXVM: maximum virtual memory used in KiB
MAXVM=18270376
# MAXMM: maximum memory used in KiB
MAXMM=16732888
# MAXRSS: maximum Resident Segment Size in KiB
MAXRSS=16571220
# TIMEOUT: did the solver exceed the time limit?
TIMEOUT=false
# MEMOUT: did the solver exceed the memory limit?
MEMOUT=false
# EXITSTATUS: Exit status of the solver
EXITSTATUS=256
