# WCTIME: wall clock time in seconds
WCTIME=11.9928
# CPUTIME: CPU time in seconds (USERTIME+SYSTEMTIME)
CPUTIME=10.7835
# USERTIME: CPU time spent in user mode in seconds
USERTIME=8.56861
# SYSTEMTIME: CPU time spent in system mode in seconds
SYSTEMTIME=2.21493
# CPUUSAGE: CPUTIME/WCTIME in percent
CPUUSAGE=89.9169
# MAXVM: maximum virtual memory used in KiB
MAXVM=3635088
# MAXMM: maximum memory used in KiB
MAXMM=244488
# MAXRSS: maximum Resident Segment Size in KiB
MAXRSS=225312
# TIMEOUT: did the solver exceed the time limit?
TIMEOUT=false
# MEMOUT: did the solver exceed the memory limit?
MEMOUT=false
# EXITSTATUS: Exit status of the solver
EXITSTATUS=0
