# WCTIME: wall clock time in seconds
WCTIME=1.56595
# CPUTIME: CPU time in seconds (USERTIME+SYSTEMTIME)
CPUTIME=1.23602
# USERTIME: CPU time spent in user mode in seconds
USERTIME=0.70421
# SYSTEMTIME: CPU time spent in system mode in seconds
SYSTEMTIME=0.531815
# CPUUSAGE: CPUTIME/WCTIME in percent
CPUUSAGE=78.9314
# MAXVM: maximum virtual memory used in KiB
MAXVM=1753560
# MAXMM: maximum memory used in KiB
MAXMM=143996
# MAXRSS: maximum Resident Segment Size in KiB
MAXRSS=101968
# TIMEOUT: did the solver exceed the time limit?
TIMEOUT=false
# MEMOUT: did the solver exceed the memory limit?
MEMOUT=false
# EXITSTATUS: Exit status of the solver
EXITSTATUS=0
