# WCTIME: wall clock time in seconds
WCTIME=1866.66
# CPUTIME: CPU time in seconds (USERTIME+SYSTEMTIME)
CPUTIME=1800.15
# USERTIME: CPU time spent in user mode in seconds
USERTIME=1794.7
# SYSTEMTIME: CPU time spent in system mode in seconds
SYSTEMTIME=5.4473
# CPUUSAGE: CPUTIME/WCTIME in percent
CPUUSAGE=96.4369
# MAXVM: maximum virtual memory used in KiB
MAXVM=1470224
# MAXMM: maximum memory used in KiB
MAXMM=449532
# MAXRSS: maximum Resident Segment Size in KiB
MAXRSS=402888
# TIMEOUT: did the solver exceed the time limit?
TIMEOUT=true
# MEMOUT: did the solver exceed the memory limit?
MEMOUT=false
# EXITSTATUS: Exit status of the solver
EXITSTATUS=15
