# WCTIME: wall clock time in seconds
WCTIME=1881.68
# CPUTIME: CPU time in seconds (USERTIME+SYSTEMTIME)
CPUTIME=1800.24
# USERTIME: CPU time spent in user mode in seconds
USERTIME=1787.22
# SYSTEMTIME: CPU time spent in system mode in seconds
SYSTEMTIME=13.0205
# CPUUSAGE: CPUTIME/WCTIME in percent
CPUUSAGE=95.6719
# MAXVM: maximum virtual memory used in KiB
MAXVM=2761500
# MAXMM: maximum memory used in KiB
MAXMM=1703452
# MAXRSS: maximum Resident Segment Size in KiB
MAXRSS=1653784
# TIMEOUT: did the solver exceed the time limit?
TIMEOUT=true
# MEMOUT: did the solver exceed the memory limit?
MEMOUT=false
# EXITSTATUS: Exit status of the solver
EXITSTATUS=15
