# WCTIME: wall clock time in seconds
WCTIME=45.9766
# CPUTIME: CPU time in seconds (USERTIME+SYSTEMTIME)
CPUTIME=43.0528
# USERTIME: CPU time spent in user mode in seconds
USERTIME=38.6084
# SYSTEMTIME: CPU time spent in system mode in seconds
SYSTEMTIME=4.44439
# CPUUSAGE: CPUTIME/WCTIME in percent
CPUUSAGE=93.6407
# MAXVM: maximum virtual memory used in KiB
MAXVM=4001312
# MAXMM: maximum memory used in KiB
MAXMM=415524
# MAXRSS: maximum Resident Segment Size in KiB
MAXRSS=378132
# TIMEOUT: did the solver exceed the time limit?
TIMEOUT=false
# MEMOUT: did the solver exceed the memory limit?
MEMOUT=false
# EXITSTATUS: Exit status of the solver
EXITSTATUS=0
