# WCTIME: wall clock time in seconds
WCTIME=1888.9
# CPUTIME: CPU time in seconds (USERTIME+SYSTEMTIME)
CPUTIME=1800.22
# USERTIME: CPU time spent in user mode in seconds
USERTIME=1793.45
# SYSTEMTIME: CPU time spent in system mode in seconds
SYSTEMTIME=6.77002
# CPUUSAGE: CPUTIME/WCTIME in percent
CPUUSAGE=95.3053
# MAXVM: maximum virtual memory used in KiB
MAXVM=3913004
# MAXMM: maximum memory used in KiB
MAXMM=632128
# MAXRSS: maximum Resident Segment Size in KiB
MAXRSS=592816
# TIMEOUT: did the solver exceed the time limit?
TIMEOUT=true
# MEMOUT: did the solver exceed the memory limit?
MEMOUT=false
# EXITSTATUS: Exit status of the solver
EXITSTATUS=15
