# WCTIME: wall clock time in seconds
WCTIME=94.8936
# CPUTIME: CPU time in seconds (USERTIME+SYSTEMTIME)
CPUTIME=90.236
# USERTIME: CPU time spent in user mode in seconds
USERTIME=85.2702
# SYSTEMTIME: CPU time spent in system mode in seconds
SYSTEMTIME=4.96579
# CPUUSAGE: CPUTIME/WCTIME in percent
CPUUSAGE=95.0918
# MAXVM: maximum virtual memory used in KiB
MAXVM=5116952
# MAXMM: maximum memory used in KiB
MAXMM=3890704
# MAXRSS: maximum Resident Segment Size in KiB
MAXRSS=3844920
# TIMEOUT: did the solver exceed the time limit?
TIMEOUT=false
# MEMOUT: did the solver exceed the memory limit?
MEMOUT=false
# EXITSTATUS: Exit status of the solver
EXITSTATUS=256
