# WCTIME: wall clock time in seconds
WCTIME=67.3266
# CPUTIME: CPU time in seconds (USERTIME+SYSTEMTIME)
CPUTIME=64.3379
# USERTIME: CPU time spent in user mode in seconds
USERTIME=56.1799
# SYSTEMTIME: CPU time spent in system mode in seconds
SYSTEMTIME=8.15798
# CPUUSAGE: CPUTIME/WCTIME in percent
CPUUSAGE=95.5608
# MAXVM: maximum virtual memory used in KiB
MAXVM=1690144
# MAXMM: maximum memory used in KiB
MAXMM=577440
# MAXRSS: maximum Resident Segment Size in KiB
MAXRSS=531028
# TIMEOUT: did the solver exceed the time limit?
TIMEOUT=false
# MEMOUT: did the solver exceed the memory limit?
MEMOUT=false
# EXITSTATUS: Exit status of the solver
EXITSTATUS=0
