# WCTIME: wall clock time in seconds
WCTIME=1809.17
# CPUTIME: CPU time in seconds (USERTIME+SYSTEMTIME)
CPUTIME=1718.51
# USERTIME: CPU time spent in user mode in seconds
USERTIME=1700.26
# SYSTEMTIME: CPU time spent in system mode in seconds
SYSTEMTIME=18.2518
# CPUUSAGE: CPUTIME/WCTIME in percent
CPUUSAGE=94.9889
# MAXVM: maximum virtual memory used in KiB
MAXVM=11401984
# MAXMM: maximum memory used in KiB
MAXMM=8268060
# MAXRSS: maximum Resident Segment Size in KiB
MAXRSS=7963092
# TIMEOUT: did the solver exceed the time limit?
TIMEOUT=false
# MEMOUT: did the solver exceed the memory limit?
MEMOUT=false
# EXITSTATUS: Exit status of the solver
EXITSTATUS=0
