# WCTIME: wall clock time in seconds
WCTIME=69.9962
# CPUTIME: CPU time in seconds (USERTIME+SYSTEMTIME)
CPUTIME=66.1723
# USERTIME: CPU time spent in user mode in seconds
USERTIME=61.3142
# SYSTEMTIME: CPU time spent in system mode in seconds
SYSTEMTIME=4.85803
# CPUUSAGE: CPUTIME/WCTIME in percent
CPUUSAGE=94.537
# MAXVM: maximum virtual memory used in KiB
MAXVM=3948488
# MAXMM: maximum memory used in KiB
MAXMM=575000
# MAXRSS: maximum Resident Segment Size in KiB
MAXRSS=535596
# TIMEOUT: did the solver exceed the time limit?
TIMEOUT=false
# MEMOUT: did the solver exceed the memory limit?
MEMOUT=false
# EXITSTATUS: Exit status of the solver
EXITSTATUS=0
