# WCTIME: wall clock time in seconds
WCTIME=1879.21
# CPUTIME: CPU time in seconds (USERTIME+SYSTEMTIME)
CPUTIME=1800.61
# USERTIME: CPU time spent in user mode in seconds
USERTIME=1599.18
# SYSTEMTIME: CPU time spent in system mode in seconds
SYSTEMTIME=201.433
# CPUUSAGE: CPUTIME/WCTIME in percent
CPUUSAGE=95.8176
# MAXVM: maximum virtual memory used in KiB
MAXVM=6954568
# MAXMM: maximum memory used in KiB
MAXMM=3446804
# MAXRSS: maximum Resident Segment Size in KiB
MAXRSS=3543196
# TIMEOUT: did the solver exceed the time limit?
TIMEOUT=true
# MEMOUT: did the solver exceed the memory limit?
MEMOUT=false
# EXITSTATUS: Exit status of the solver
EXITSTATUS=0
