# WCTIME: wall clock time in seconds
WCTIME=1880.71
# CPUTIME: CPU time in seconds (USERTIME+SYSTEMTIME)
CPUTIME=1800.23
# USERTIME: CPU time spent in user mode in seconds
USERTIME=1787.08
# SYSTEMTIME: CPU time spent in system mode in seconds
SYSTEMTIME=13.1554
# CPUUSAGE: CPUTIME/WCTIME in percent
CPUUSAGE=95.721
# MAXVM: maximum virtual memory used in KiB
MAXVM=4723376
# MAXMM: maximum memory used in KiB
MAXMM=3749652
# MAXRSS: maximum Resident Segment Size in KiB
MAXRSS=3710988
# TIMEOUT: did the solver exceed the time limit?
TIMEOUT=true
# MEMOUT: did the solver exceed the memory limit?
MEMOUT=false
# EXITSTATUS: Exit status of the solver
EXITSTATUS=15
