# WCTIME: wall clock time in seconds
WCTIME=1684.51
# CPUTIME: CPU time in seconds (USERTIME+SYSTEMTIME)
CPUTIME=1603.9
# USERTIME: CPU time spent in user mode in seconds
USERTIME=1594.76
# SYSTEMTIME: CPU time spent in system mode in seconds
SYSTEMTIME=9.14252
# CPUUSAGE: CPUTIME/WCTIME in percent
CPUUSAGE=95.2145
# MAXVM: maximum virtual memory used in KiB
MAXVM=6670524
# MAXMM: maximum memory used in KiB
MAXMM=3206080
# MAXRSS: maximum Resident Segment Size in KiB
MAXRSS=3186856
# TIMEOUT: did the solver exceed the time limit?
TIMEOUT=false
# MEMOUT: did the solver exceed the memory limit?
MEMOUT=false
# EXITSTATUS: Exit status of the solver
EXITSTATUS=0
