# WCTIME: wall clock time in seconds
WCTIME=456.5
# CPUTIME: CPU time in seconds (USERTIME+SYSTEMTIME)
CPUTIME=438.32
# USERTIME: CPU time spent in user mode in seconds
USERTIME=431.902
# SYSTEMTIME: CPU time spent in system mode in seconds
SYSTEMTIME=6.41782
# CPUUSAGE: CPUTIME/WCTIME in percent
CPUUSAGE=96.0174
# MAXVM: maximum virtual memory used in KiB
MAXVM=9186304
# MAXMM: maximum memory used in KiB
MAXMM=8129768
# MAXRSS: maximum Resident Segment Size in KiB
MAXRSS=8093884
# TIMEOUT: did the solver exceed the time limit?
TIMEOUT=false
# MEMOUT: did the solver exceed the memory limit?
MEMOUT=false
# EXITSTATUS: Exit status of the solver
EXITSTATUS=0
