# WCTIME: wall clock time in seconds
WCTIME=1880.31
# CPUTIME: CPU time in seconds (USERTIME+SYSTEMTIME)
CPUTIME=1800.36
# USERTIME: CPU time spent in user mode in seconds
USERTIME=1790.42
# SYSTEMTIME: CPU time spent in system mode in seconds
SYSTEMTIME=9.93478
# CPUUSAGE: CPUTIME/WCTIME in percent
CPUUSAGE=95.7482
# MAXVM: maximum virtual memory used in KiB
MAXVM=5086096
# MAXMM: maximum memory used in KiB
MAXMM=4061692
# MAXRSS: maximum Resident Segment Size in KiB
MAXRSS=4017268
# TIMEOUT: did the solver exceed the time limit?
TIMEOUT=true
# MEMOUT: did the solver exceed the memory limit?
MEMOUT=false
# EXITSTATUS: Exit status of the solver
EXITSTATUS=15
