# WCTIME: wall clock time in seconds
WCTIME=3.8696
# CPUTIME: CPU time in seconds (USERTIME+SYSTEMTIME)
CPUTIME=2.40744
# USERTIME: CPU time spent in user mode in seconds
USERTIME=1.43658
# SYSTEMTIME: CPU time spent in system mode in seconds
SYSTEMTIME=0.970864
# CPUUSAGE: CPUTIME/WCTIME in percent
CPUUSAGE=62.2144
# MAXVM: maximum virtual memory used in KiB
MAXVM=1759528
# MAXMM: maximum memory used in KiB
MAXMM=168760
# MAXRSS: maximum Resident Segment Size in KiB
MAXRSS=122332
# TIMEOUT: did the solver exceed the time limit?
TIMEOUT=false
# MEMOUT: did the solver exceed the memory limit?
MEMOUT=false
# EXITSTATUS: Exit status of the solver
EXITSTATUS=0
