# WCTIME: wall clock time in seconds
WCTIME=1683.45
# CPUTIME: CPU time in seconds (USERTIME+SYSTEMTIME)
CPUTIME=1613.08
# USERTIME: CPU time spent in user mode in seconds
USERTIME=1610.02
# SYSTEMTIME: CPU time spent in system mode in seconds
SYSTEMTIME=3.05403
# CPUUSAGE: CPUTIME/WCTIME in percent
CPUUSAGE=95.8196
# MAXVM: maximum virtual memory used in KiB
MAXVM=4141736
# MAXMM: maximum memory used in KiB
MAXMM=747804
# MAXRSS: maximum Resident Segment Size in KiB
MAXRSS=728320
# TIMEOUT: did the solver exceed the time limit?
TIMEOUT=false
# MEMOUT: did the solver exceed the memory limit?
MEMOUT=false
# EXITSTATUS: Exit status of the solver
EXITSTATUS=0
