# WCTIME: wall clock time in seconds
WCTIME=0.927528
# CPUTIME: CPU time in seconds (USERTIME+SYSTEMTIME)
CPUTIME=0.624207
# USERTIME: CPU time spent in user mode in seconds
USERTIME=0.285324
# SYSTEMTIME: CPU time spent in system mode in seconds
SYSTEMTIME=0.338883
# CPUUSAGE: CPUTIME/WCTIME in percent
CPUUSAGE=67.2979
# MAXVM: maximum virtual memory used in KiB
MAXVM=1827116
# MAXMM: maximum memory used in KiB
MAXMM=58516
# MAXRSS: maximum Resident Segment Size in KiB
MAXRSS=27964
# TIMEOUT: did the solver exceed the time limit?
TIMEOUT=false
# MEMOUT: did the solver exceed the memory limit?
MEMOUT=false
# EXITSTATUS: Exit status of the solver
EXITSTATUS=0
