# WCTIME: wall clock time in seconds
WCTIME=1890.38
# CPUTIME: CPU time in seconds (USERTIME+SYSTEMTIME)
CPUTIME=1800.17
# USERTIME: CPU time spent in user mode in seconds
USERTIME=1790.76
# SYSTEMTIME: CPU time spent in system mode in seconds
SYSTEMTIME=9.41344
# CPUUSAGE: CPUTIME/WCTIME in percent
CPUUSAGE=95.2283
# MAXVM: maximum virtual memory used in KiB
MAXVM=2741012
# MAXMM: maximum memory used in KiB
MAXMM=1812840
# MAXRSS: maximum Resident Segment Size in KiB
MAXRSS=1771068
# TIMEOUT: did the solver exceed the time limit?
TIMEOUT=true
# MEMOUT: did the solver exceed the memory limit?
MEMOUT=false
# EXITSTATUS: Exit status of the solver
EXITSTATUS=15
