# WCTIME: wall clock time in seconds
WCTIME=0.980213
# CPUTIME: CPU time in seconds (USERTIME+SYSTEMTIME)
CPUTIME=0.723186
# USERTIME: CPU time spent in user mode in seconds
USERTIME=0.305565
# SYSTEMTIME: CPU time spent in system mode in seconds
SYSTEMTIME=0.417621
# CPUUSAGE: CPUTIME/WCTIME in percent
CPUUSAGE=73.7785
# MAXVM: maximum virtual memory used in KiB
MAXVM=1757476
# MAXMM: maximum memory used in KiB
MAXMM=46680
# MAXRSS: maximum Resident Segment Size in KiB
MAXRSS=44912
# TIMEOUT: did the solver exceed the time limit?
TIMEOUT=false
# MEMOUT: did the solver exceed the memory limit?
MEMOUT=false
# EXITSTATUS: Exit status of the solver
EXITSTATUS=0
