# WCTIME: wall clock time in seconds
WCTIME=813.028
# CPUTIME: CPU time in seconds (USERTIME+SYSTEMTIME)
CPUTIME=774.37
# USERTIME: CPU time spent in user mode in seconds
USERTIME=764.659
# SYSTEMTIME: CPU time spent in system mode in seconds
SYSTEMTIME=9.71133
# CPUUSAGE: CPUTIME/WCTIME in percent
CPUUSAGE=95.2452
# MAXVM: maximum virtual memory used in KiB
MAXVM=9187128
# MAXMM: maximum memory used in KiB
MAXMM=8130868
# MAXRSS: maximum Resident Segment Size in KiB
MAXRSS=8092892
# TIMEOUT: did the solver exceed the time limit?
TIMEOUT=false
# MEMOUT: did the solver exceed the memory limit?
MEMOUT=false
# EXITSTATUS: Exit status of the solver
EXITSTATUS=0
