# WCTIME: wall clock time in seconds
WCTIME=1873.03
# CPUTIME: CPU time in seconds (USERTIME+SYSTEMTIME)
CPUTIME=1800.32
# USERTIME: CPU time spent in user mode in seconds
USERTIME=1793.06
# SYSTEMTIME: CPU time spent in system mode in seconds
SYSTEMTIME=7.2566
# CPUUSAGE: CPUTIME/WCTIME in percent
CPUUSAGE=96.1182
# MAXVM: maximum virtual memory used in KiB
MAXVM=2947708
# MAXMM: maximum memory used in KiB
MAXMM=1982800
# MAXRSS: maximum Resident Segment Size in KiB
MAXRSS=1943436
# TIMEOUT: did the solver exceed the time limit?
TIMEOUT=true
# MEMOUT: did the solver exceed the memory limit?
MEMOUT=false
# EXITSTATUS: Exit status of the solver
EXITSTATUS=15
