# WCTIME: wall clock time in seconds
WCTIME=235.55
# CPUTIME: CPU time in seconds (USERTIME+SYSTEMTIME)
CPUTIME=225.207
# USERTIME: CPU time spent in user mode in seconds
USERTIME=205.866
# SYSTEMTIME: CPU time spent in system mode in seconds
SYSTEMTIME=19.3413
# CPUUSAGE: CPUTIME/WCTIME in percent
CPUUSAGE=95.609
# MAXVM: maximum virtual memory used in KiB
MAXVM=34563564
# MAXMM: maximum memory used in KiB
MAXMM=33561568
# MAXRSS: maximum Resident Segment Size in KiB
MAXRSS=33541264
# TIMEOUT: did the solver exceed the time limit?
TIMEOUT=false
# MEMOUT: did the solver exceed the memory limit?
MEMOUT=true
# EXITSTATUS: Exit status of the solver
EXITSTATUS=15
