# WCTIME: wall clock time in seconds
WCTIME=1708.48
# CPUTIME: CPU time in seconds (USERTIME+SYSTEMTIME)
CPUTIME=1632.55
# USERTIME: CPU time spent in user mode in seconds
USERTIME=1625.79
# SYSTEMTIME: CPU time spent in system mode in seconds
SYSTEMTIME=6.76754
# CPUUSAGE: CPUTIME/WCTIME in percent
CPUUSAGE=95.5559
# MAXVM: maximum virtual memory used in KiB
MAXVM=5917784
# MAXMM: maximum memory used in KiB
MAXMM=2055196
# MAXRSS: maximum Resident Segment Size in KiB
MAXRSS=2037972
# TIMEOUT: did the solver exceed the time limit?
TIMEOUT=false
# MEMOUT: did the solver exceed the memory limit?
MEMOUT=false
# EXITSTATUS: Exit status of the solver
EXITSTATUS=0
