# WCTIME: wall clock time in seconds
WCTIME=13.3133
# CPUTIME: CPU time in seconds (USERTIME+SYSTEMTIME)
CPUTIME=11.5779
# USERTIME: CPU time spent in user mode in seconds
USERTIME=7.27579
# SYSTEMTIME: CPU time spent in system mode in seconds
SYSTEMTIME=4.30206
# CPUUSAGE: CPUTIME/WCTIME in percent
CPUUSAGE=86.9645
# MAXVM: maximum virtual memory used in KiB
MAXVM=3962496
# MAXMM: maximum memory used in KiB
MAXMM=368632
# MAXRSS: maximum Resident Segment Size in KiB
MAXRSS=332012
# TIMEOUT: did the solver exceed the time limit?
TIMEOUT=false
# MEMOUT: did the solver exceed the memory limit?
MEMOUT=false
# EXITSTATUS: Exit status of the solver
EXITSTATUS=0
