# WCTIME: wall clock time in seconds
WCTIME=7.39034
# CPUTIME: CPU time in seconds (USERTIME+SYSTEMTIME)
CPUTIME=6.83321
# USERTIME: CPU time spent in user mode in seconds
USERTIME=3.21496
# SYSTEMTIME: CPU time spent in system mode in seconds
SYSTEMTIME=3.61825
# CPUUSAGE: CPUTIME/WCTIME in percent
CPUUSAGE=92.4614
# MAXVM: maximum virtual memory used in KiB
MAXVM=3893712
# MAXMM: maximum memory used in KiB
MAXMM=370116
# MAXRSS: maximum Resident Segment Size in KiB
MAXRSS=331516
# TIMEOUT: did the solver exceed the time limit?
TIMEOUT=false
# MEMOUT: did the solver exceed the memory limit?
MEMOUT=false
# EXITSTATUS: Exit status of the solver
EXITSTATUS=0
