# WCTIME: wall clock time in seconds
WCTIME=230.242
# CPUTIME: CPU time in seconds (USERTIME+SYSTEMTIME)
CPUTIME=219.066
# USERTIME: CPU time spent in user mode in seconds
USERTIME=212.597
# SYSTEMTIME: CPU time spent in system mode in seconds
SYSTEMTIME=6.46919
# CPUUSAGE: CPUTIME/WCTIME in percent
CPUUSAGE=95.1463
# MAXVM: maximum virtual memory used in KiB
MAXVM=9420992
# MAXMM: maximum memory used in KiB
MAXMM=8389844
# MAXRSS: maximum Resident Segment Size in KiB
MAXRSS=8353296
# TIMEOUT: did the solver exceed the time limit?
TIMEOUT=false
# MEMOUT: did the solver exceed the memory limit?
MEMOUT=true
# EXITSTATUS: Exit status of the solver
EXITSTATUS=9
