# WCTIME: wall clock time in seconds
WCTIME=942.347
# CPUTIME: CPU time in seconds (USERTIME+SYSTEMTIME)
CPUTIME=895.988
# USERTIME: CPU time spent in user mode in seconds
USERTIME=887.313
# SYSTEMTIME: CPU time spent in system mode in seconds
SYSTEMTIME=8.67456
# CPUUSAGE: CPUTIME/WCTIME in percent
CPUUSAGE=95.0805
# MAXVM: maximum virtual memory used in KiB
MAXVM=4272244
# MAXMM: maximum memory used in KiB
MAXMM=910768
# MAXRSS: maximum Resident Segment Size in KiB
MAXRSS=871316
# TIMEOUT: did the solver exceed the time limit?
TIMEOUT=false
# MEMOUT: did the solver exceed the memory limit?
MEMOUT=false
# EXITSTATUS: Exit status of the solver
EXITSTATUS=256
