# WCTIME: wall clock time in seconds
WCTIME=3.64525
# CPUTIME: CPU time in seconds (USERTIME+SYSTEMTIME)
CPUTIME=2.90201
# USERTIME: CPU time spent in user mode in seconds
USERTIME=1.40454
# SYSTEMTIME: CPU time spent in system mode in seconds
SYSTEMTIME=1.49747
# CPUUSAGE: CPUTIME/WCTIME in percent
CPUUSAGE=79.6107
# MAXVM: maximum virtual memory used in KiB
MAXVM=3671308
# MAXMM: maximum memory used in KiB
MAXMM=203880
# MAXRSS: maximum Resident Segment Size in KiB
MAXRSS=200496
# TIMEOUT: did the solver exceed the time limit?
TIMEOUT=false
# MEMOUT: did the solver exceed the memory limit?
MEMOUT=false
# EXITSTATUS: Exit status of the solver
EXITSTATUS=0
