# WCTIME: wall clock time in seconds
WCTIME=23.5409
# CPUTIME: CPU time in seconds (USERTIME+SYSTEMTIME)
CPUTIME=20.9622
# USERTIME: CPU time spent in user mode in seconds
USERTIME=17.396
# SYSTEMTIME: CPU time spent in system mode in seconds
SYSTEMTIME=3.56614
# CPUUSAGE: CPUTIME/WCTIME in percent
CPUUSAGE=89.0458
# MAXVM: maximum virtual memory used in KiB
MAXVM=3633280
# MAXMM: maximum memory used in KiB
MAXMM=570784
# MAXRSS: maximum Resident Segment Size in KiB
MAXRSS=273236
# TIMEOUT: did the solver exceed the time limit?
TIMEOUT=false
# MEMOUT: did the solver exceed the memory limit?
MEMOUT=false
# EXITSTATUS: Exit status of the solver
EXITSTATUS=0
