# WCTIME: wall clock time in seconds
WCTIME=4.65088
# CPUTIME: CPU time in seconds (USERTIME+SYSTEMTIME)
CPUTIME=4.15828
# USERTIME: CPU time spent in user mode in seconds
USERTIME=3.19036
# SYSTEMTIME: CPU time spent in system mode in seconds
SYSTEMTIME=0.967918
# CPUUSAGE: CPUTIME/WCTIME in percent
CPUUSAGE=89.4084
# MAXVM: maximum virtual memory used in KiB
MAXVM=1757476
# MAXMM: maximum memory used in KiB
MAXMM=173572
# MAXRSS: maximum Resident Segment Size in KiB
MAXRSS=129196
# TIMEOUT: did the solver exceed the time limit?
TIMEOUT=false
# MEMOUT: did the solver exceed the memory limit?
MEMOUT=false
# EXITSTATUS: Exit status of the solver
EXITSTATUS=0
