# WCTIME: wall clock time in seconds
WCTIME=1684.42
# CPUTIME: CPU time in seconds (USERTIME+SYSTEMTIME)
CPUTIME=1608.38
# USERTIME: CPU time spent in user mode in seconds
USERTIME=1605.21
# SYSTEMTIME: CPU time spent in system mode in seconds
SYSTEMTIME=3.165
# CPUUSAGE: CPUTIME/WCTIME in percent
CPUUSAGE=95.4858
# MAXVM: maximum virtual memory used in KiB
MAXVM=4338536
# MAXMM: maximum memory used in KiB
MAXMM=739480
# MAXRSS: maximum Resident Segment Size in KiB
MAXRSS=720024
# TIMEOUT: did the solver exceed the time limit?
TIMEOUT=false
# MEMOUT: did the solver exceed the memory limit?
MEMOUT=false
# EXITSTATUS: Exit status of the solver
EXITSTATUS=0
