# WCTIME: wall clock time in seconds
WCTIME=4.08512
# CPUTIME: CPU time in seconds (USERTIME+SYSTEMTIME)
CPUTIME=2.56648
# USERTIME: CPU time spent in user mode in seconds
USERTIME=1.59468
# SYSTEMTIME: CPU time spent in system mode in seconds
SYSTEMTIME=0.971799
# CPUUSAGE: CPUTIME/WCTIME in percent
CPUUSAGE=62.825
# MAXVM: maximum virtual memory used in KiB
MAXVM=1247692
# MAXMM: maximum memory used in KiB
MAXMM=166908
# MAXRSS: maximum Resident Segment Size in KiB
MAXRSS=122456
# TIMEOUT: did the solver exceed the time limit?
TIMEOUT=false
# MEMOUT: did the solver exceed the memory limit?
MEMOUT=false
# EXITSTATUS: Exit status of the solver
EXITSTATUS=0
