# WCTIME: wall clock time in seconds
WCTIME=1897.85
# CPUTIME: CPU time in seconds (USERTIME+SYSTEMTIME)
CPUTIME=1800.26
# USERTIME: CPU time spent in user mode in seconds
USERTIME=1789.4
# SYSTEMTIME: CPU time spent in system mode in seconds
SYSTEMTIME=10.8619
# CPUUSAGE: CPUTIME/WCTIME in percent
CPUUSAGE=94.8578
# MAXVM: maximum virtual memory used in KiB
MAXVM=3148308
# MAXMM: maximum memory used in KiB
MAXMM=2162160
# MAXRSS: maximum Resident Segment Size in KiB
MAXRSS=2113952
# TIMEOUT: did the solver exceed the time limit?
TIMEOUT=true
# MEMOUT: did the solver exceed the memory limit?
MEMOUT=false
# EXITSTATUS: Exit status of the solver
EXITSTATUS=15
