# WCTIME: wall clock time in seconds
WCTIME=35.3131
# CPUTIME: CPU time in seconds (USERTIME+SYSTEMTIME)
CPUTIME=30.0472
# USERTIME: CPU time spent in user mode in seconds
USERTIME=26.021
# SYSTEMTIME: CPU time spent in system mode in seconds
SYSTEMTIME=4.02611
# CPUUSAGE: CPUTIME/WCTIME in percent
CPUUSAGE=85.0879
# MAXVM: maximum virtual memory used in KiB
MAXVM=4149600
# MAXMM: maximum memory used in KiB
MAXMM=745488
# MAXRSS: maximum Resident Segment Size in KiB
MAXRSS=472516
# TIMEOUT: did the solver exceed the time limit?
TIMEOUT=false
# MEMOUT: did the solver exceed the memory limit?
MEMOUT=false
# EXITSTATUS: Exit status of the solver
EXITSTATUS=0
