# WCTIME: wall clock time in seconds
WCTIME=690.935
# CPUTIME: CPU time in seconds (USERTIME+SYSTEMTIME)
CPUTIME=662.419
# USERTIME: CPU time spent in user mode in seconds
USERTIME=653.908
# SYSTEMTIME: CPU time spent in system mode in seconds
SYSTEMTIME=8.51007
# CPUUSAGE: CPUTIME/WCTIME in percent
CPUUSAGE=95.8727
# MAXVM: maximum virtual memory used in KiB
MAXVM=9255388
# MAXMM: maximum memory used in KiB
MAXMM=8147196
# MAXRSS: maximum Resident Segment Size in KiB
MAXRSS=8110000
# TIMEOUT: did the solver exceed the time limit?
TIMEOUT=false
# MEMOUT: did the solver exceed the memory limit?
MEMOUT=false
# EXITSTATUS: Exit status of the solver
EXITSTATUS=0
