# WCTIME: wall clock time in seconds
WCTIME=552.513
# CPUTIME: CPU time in seconds (USERTIME+SYSTEMTIME)
CPUTIME=526.255
# USERTIME: CPU time spent in user mode in seconds
USERTIME=517.226
# SYSTEMTIME: CPU time spent in system mode in seconds
SYSTEMTIME=9.02892
# CPUUSAGE: CPUTIME/WCTIME in percent
CPUUSAGE=95.2475
# MAXVM: maximum virtual memory used in KiB
MAXVM=5657516
# MAXMM: maximum memory used in KiB
MAXMM=2639872
# MAXRSS: maximum Resident Segment Size in KiB
MAXRSS=2600496
# TIMEOUT: did the solver exceed the time limit?
TIMEOUT=false
# MEMOUT: did the solver exceed the memory limit?
MEMOUT=false
# EXITSTATUS: Exit status of the solver
EXITSTATUS=0
