# WCTIME: wall clock time in seconds
WCTIME=1877.55
# CPUTIME: CPU time in seconds (USERTIME+SYSTEMTIME)
CPUTIME=1800.15
# USERTIME: CPU time spent in user mode in seconds
USERTIME=1798.42
# SYSTEMTIME: CPU time spent in system mode in seconds
SYSTEMTIME=1.73081
# CPUUSAGE: CPUTIME/WCTIME in percent
CPUUSAGE=95.8775
# MAXVM: maximum virtual memory used in KiB
MAXVM=1757476
# MAXMM: maximum memory used in KiB
MAXMM=293324
# MAXRSS: maximum Resident Segment Size in KiB
MAXRSS=265348
# TIMEOUT: did the solver exceed the time limit?
TIMEOUT=true
# MEMOUT: did the solver exceed the memory limit?
MEMOUT=false
# EXITSTATUS: Exit status of the solver
EXITSTATUS=15
