# WCTIME: wall clock time in seconds
WCTIME=615.842
# CPUTIME: CPU time in seconds (USERTIME+SYSTEMTIME)
CPUTIME=586.217
# USERTIME: CPU time spent in user mode in seconds
USERTIME=580.079
# SYSTEMTIME: CPU time spent in system mode in seconds
SYSTEMTIME=6.13794
# CPUUSAGE: CPUTIME/WCTIME in percent
CPUUSAGE=95.1894
# MAXVM: maximum virtual memory used in KiB
MAXVM=9186684
# MAXMM: maximum memory used in KiB
MAXMM=8155396
# MAXRSS: maximum Resident Segment Size in KiB
MAXRSS=8117056
# TIMEOUT: did the solver exceed the time limit?
TIMEOUT=false
# MEMOUT: did the solver exceed the memory limit?
MEMOUT=false
# EXITSTATUS: Exit status of the solver
EXITSTATUS=0
