# WCTIME: wall clock time in seconds
WCTIME=1872.39
# CPUTIME: CPU time in seconds (USERTIME+SYSTEMTIME)
CPUTIME=1800.39
# USERTIME: CPU time spent in user mode in seconds
USERTIME=1787.81
# SYSTEMTIME: CPU time spent in system mode in seconds
SYSTEMTIME=12.5796
# CPUUSAGE: CPUTIME/WCTIME in percent
CPUUSAGE=96.1547
# MAXVM: maximum virtual memory used in KiB
MAXVM=3123244
# MAXMM: maximum memory used in KiB
MAXMM=2124972
# MAXRSS: maximum Resident Segment Size in KiB
MAXRSS=2076768
# TIMEOUT: did the solver exceed the time limit?
TIMEOUT=true
# MEMOUT: did the solver exceed the memory limit?
MEMOUT=false
# EXITSTATUS: Exit status of the solver
EXITSTATUS=15
