# WCTIME: wall clock time in seconds
WCTIME=1207.68
# CPUTIME: CPU time in seconds (USERTIME+SYSTEMTIME)
CPUTIME=1153.99
# USERTIME: CPU time spent in user mode in seconds
USERTIME=1139.24
# SYSTEMTIME: CPU time spent in system mode in seconds
SYSTEMTIME=14.7529
# CPUUSAGE: CPUTIME/WCTIME in percent
CPUUSAGE=95.5542
# MAXVM: maximum virtual memory used in KiB
MAXVM=9138476
# MAXMM: maximum memory used in KiB
MAXMM=8152008
# MAXRSS: maximum Resident Segment Size in KiB
MAXRSS=8104372
# TIMEOUT: did the solver exceed the time limit?
TIMEOUT=false
# MEMOUT: did the solver exceed the memory limit?
MEMOUT=false
# EXITSTATUS: Exit status of the solver
EXITSTATUS=0
