# WCTIME: wall clock time in seconds
WCTIME=7.77374
# CPUTIME: CPU time in seconds (USERTIME+SYSTEMTIME)
CPUTIME=7.07817
# USERTIME: CPU time spent in user mode in seconds
USERTIME=3.40164
# SYSTEMTIME: CPU time spent in system mode in seconds
SYSTEMTIME=3.67653
# CPUUSAGE: CPUTIME/WCTIME in percent
CPUUSAGE=91.0524
# MAXVM: maximum virtual memory used in KiB
MAXVM=3961392
# MAXMM: maximum memory used in KiB
MAXMM=369620
# MAXRSS: maximum Resident Segment Size in KiB
MAXRSS=332692
# TIMEOUT: did the solver exceed the time limit?
TIMEOUT=false
# MEMOUT: did the solver exceed the memory limit?
MEMOUT=false
# EXITSTATUS: Exit status of the solver
EXITSTATUS=0
