# WCTIME: wall clock time in seconds
WCTIME=1682.76
# CPUTIME: CPU time in seconds (USERTIME+SYSTEMTIME)
CPUTIME=1613.49
# USERTIME: CPU time spent in user mode in seconds
USERTIME=1610.92
# SYSTEMTIME: CPU time spent in system mode in seconds
SYSTEMTIME=2.56797
# CPUUSAGE: CPUTIME/WCTIME in percent
CPUUSAGE=95.884
# MAXVM: maximum virtual memory used in KiB
MAXVM=3847488
# MAXMM: maximum memory used in KiB
MAXMM=459156
# MAXRSS: maximum Resident Segment Size in KiB
MAXRSS=442252
# TIMEOUT: did the solver exceed the time limit?
TIMEOUT=false
# MEMOUT: did the solver exceed the memory limit?
MEMOUT=false
# EXITSTATUS: Exit status of the solver
EXITSTATUS=0
