# WCTIME: wall clock time in seconds
WCTIME=0.836118
# CPUTIME: CPU time in seconds (USERTIME+SYSTEMTIME)
CPUTIME=0.578347
# USERTIME: CPU time spent in user mode in seconds
USERTIME=0.168186
# SYSTEMTIME: CPU time spent in system mode in seconds
SYSTEMTIME=0.410161
# CPUUSAGE: CPUTIME/WCTIME in percent
CPUUSAGE=69.1705
# MAXVM: maximum virtual memory used in KiB
MAXVM=1062416
# MAXMM: maximum memory used in KiB
MAXMM=44596
# MAXRSS: maximum Resident Segment Size in KiB
MAXRSS=33944
# TIMEOUT: did the solver exceed the time limit?
TIMEOUT=false
# MEMOUT: did the solver exceed the memory limit?
MEMOUT=false
# EXITSTATUS: Exit status of the solver
EXITSTATUS=0
