# WCTIME: wall clock time in seconds
WCTIME=9.90207
# CPUTIME: CPU time in seconds (USERTIME+SYSTEMTIME)
CPUTIME=7.07774
# USERTIME: CPU time spent in user mode in seconds
USERTIME=3.32113
# SYSTEMTIME: CPU time spent in system mode in seconds
SYSTEMTIME=3.75661
# CPUUSAGE: CPUTIME/WCTIME in percent
CPUUSAGE=71.4774
# MAXVM: maximum virtual memory used in KiB
MAXVM=3538200
# MAXMM: maximum memory used in KiB
MAXMM=473840
# MAXRSS: maximum Resident Segment Size in KiB
MAXRSS=299896
# TIMEOUT: did the solver exceed the time limit?
TIMEOUT=false
# MEMOUT: did the solver exceed the memory limit?
MEMOUT=false
# EXITSTATUS: Exit status of the solver
EXITSTATUS=0
