# WCTIME: wall clock time in seconds
WCTIME=1682.58
# CPUTIME: CPU time in seconds (USERTIME+SYSTEMTIME)
CPUTIME=1617.35
# USERTIME: CPU time spent in user mode in seconds
USERTIME=1614.93
# SYSTEMTIME: CPU time spent in system mode in seconds
SYSTEMTIME=2.41633
# CPUUSAGE: CPUTIME/WCTIME in percent
CPUUSAGE=96.1232
# MAXVM: maximum virtual memory used in KiB
MAXVM=3732476
# MAXMM: maximum memory used in KiB
MAXMM=344168
# MAXRSS: maximum Resident Segment Size in KiB
MAXRSS=324860
# TIMEOUT: did the solver exceed the time limit?
TIMEOUT=false
# MEMOUT: did the solver exceed the memory limit?
MEMOUT=false
# EXITSTATUS: Exit status of the solver
EXITSTATUS=0
