# WCTIME: wall clock time in seconds
WCTIME=355.88
# CPUTIME: CPU time in seconds (USERTIME+SYSTEMTIME)
CPUTIME=337.037
# USERTIME: CPU time spent in user mode in seconds
USERTIME=331.447
# SYSTEMTIME: CPU time spent in system mode in seconds
SYSTEMTIME=5.59013
# CPUUSAGE: CPUTIME/WCTIME in percent
CPUUSAGE=94.7054
# MAXVM: maximum virtual memory used in KiB
MAXVM=9186868
# MAXMM: maximum memory used in KiB
MAXMM=8110176
# MAXRSS: maximum Resident Segment Size in KiB
MAXRSS=8074008
# TIMEOUT: did the solver exceed the time limit?
TIMEOUT=false
# MEMOUT: did the solver exceed the memory limit?
MEMOUT=false
# EXITSTATUS: Exit status of the solver
EXITSTATUS=0
