# WCTIME: wall clock time in seconds
WCTIME=341.72
# CPUTIME: CPU time in seconds (USERTIME+SYSTEMTIME)
CPUTIME=328.294
# USERTIME: CPU time spent in user mode in seconds
USERTIME=315.26
# SYSTEMTIME: CPU time spent in system mode in seconds
SYSTEMTIME=13.0338
# CPUUSAGE: CPUTIME/WCTIME in percent
CPUUSAGE=96.0712
# MAXVM: maximum virtual memory used in KiB
MAXVM=9267288
# MAXMM: maximum memory used in KiB
MAXMM=8133608
# MAXRSS: maximum Resident Segment Size in KiB
MAXRSS=8094424
# TIMEOUT: did the solver exceed the time limit?
TIMEOUT=false
# MEMOUT: did the solver exceed the memory limit?
MEMOUT=false
# EXITSTATUS: Exit status of the solver
EXITSTATUS=0
