# WCTIME: wall clock time in seconds
WCTIME=4.2834
# CPUTIME: CPU time in seconds (USERTIME+SYSTEMTIME)
CPUTIME=3.81938
# USERTIME: CPU time spent in user mode in seconds
USERTIME=1.89353
# SYSTEMTIME: CPU time spent in system mode in seconds
SYSTEMTIME=1.92585
# CPUUSAGE: CPUTIME/WCTIME in percent
CPUUSAGE=89.1671
# MAXVM: maximum virtual memory used in KiB
MAXVM=3632184
# MAXMM: maximum memory used in KiB
MAXMM=240592
# MAXRSS: maximum Resident Segment Size in KiB
MAXRSS=221424
# TIMEOUT: did the solver exceed the time limit?
TIMEOUT=false
# MEMOUT: did the solver exceed the memory limit?
MEMOUT=false
# EXITSTATUS: Exit status of the solver
EXITSTATUS=0
