# WCTIME: wall clock time in seconds
WCTIME=289.023
# CPUTIME: CPU time in seconds (USERTIME+SYSTEMTIME)
CPUTIME=276.738
# USERTIME: CPU time spent in user mode in seconds
USERTIME=275.326
# SYSTEMTIME: CPU time spent in system mode in seconds
SYSTEMTIME=1.4121
# CPUUSAGE: CPUTIME/WCTIME in percent
CPUUSAGE=95.7496
# MAXVM: maximum virtual memory used in KiB
MAXVM=1899032
# MAXMM: maximum memory used in KiB
MAXMM=875104
# MAXRSS: maximum Resident Segment Size in KiB
MAXRSS=828812
# TIMEOUT: did the solver exceed the time limit?
TIMEOUT=false
# MEMOUT: did the solver exceed the memory limit?
MEMOUT=false
# EXITSTATUS: Exit status of the solver
EXITSTATUS=0
