# WCTIME: wall clock time in seconds
WCTIME=10.9668
# CPUTIME: CPU time in seconds (USERTIME+SYSTEMTIME)
CPUTIME=8.09218
# USERTIME: CPU time spent in user mode in seconds
USERTIME=4.61805
# SYSTEMTIME: CPU time spent in system mode in seconds
SYSTEMTIME=3.47413
# CPUUSAGE: CPUTIME/WCTIME in percent
CPUUSAGE=73.7882
# MAXVM: maximum virtual memory used in KiB
MAXVM=3669984
# MAXMM: maximum memory used in KiB
MAXMM=525924
# MAXRSS: maximum Resident Segment Size in KiB
MAXRSS=307940
# TIMEOUT: did the solver exceed the time limit?
TIMEOUT=false
# MEMOUT: did the solver exceed the memory limit?
MEMOUT=false
# EXITSTATUS: Exit status of the solver
EXITSTATUS=0
