# WCTIME: wall clock time in seconds
WCTIME=82822.3
# CPUTIME: CPU time in seconds (USERTIME+SYSTEMTIME)
CPUTIME=75564.5
# USERTIME: CPU time spent in user mode in seconds
USERTIME=73402
# SYSTEMTIME: CPU time spent in system mode in seconds
SYSTEMTIME=2162.5
# CPUUSAGE: CPUTIME/WCTIME in percent
CPUUSAGE=91.2369
# MAXVM: maximum virtual memory used in KiB
MAXVM=8691024
# MAXMM: maximum memory used in KiB
MAXMM=4529820
# MAXRSS: maximum Resident Segment Size in KiB
MAXRSS=2236944
# TIMEOUT: did the solver exceed the time limit?
TIMEOUT=false
# MEMOUT: did the solver exceed the memory limit?
MEMOUT=false
# EXITSTATUS: Exit status of the solver
EXITSTATUS=0
