# WCTIME: wall clock time in seconds
WCTIME=10.5553
# CPUTIME: CPU time in seconds (USERTIME+SYSTEMTIME)
CPUTIME=7.69272
# USERTIME: CPU time spent in user mode in seconds
USERTIME=3.88753
# SYSTEMTIME: CPU time spent in system mode in seconds
SYSTEMTIME=3.80519
# CPUUSAGE: CPUTIME/WCTIME in percent
CPUUSAGE=72.8805
# MAXVM: maximum virtual memory used in KiB
MAXVM=3543640
# MAXMM: maximum memory used in KiB
MAXMM=477728
# MAXRSS: maximum Resident Segment Size in KiB
MAXRSS=304280
# TIMEOUT: did the solver exceed the time limit?
TIMEOUT=false
# MEMOUT: did the solver exceed the memory limit?
MEMOUT=false
# EXITSTATUS: Exit status of the solver
EXITSTATUS=0
