# WCTIME: wall clock time in seconds
WCTIME=1.8771
# CPUTIME: CPU time in seconds (USERTIME+SYSTEMTIME)
CPUTIME=1.52002
# USERTIME: CPU time spent in user mode in seconds
USERTIME=0.921818
# SYSTEMTIME: CPU time spent in system mode in seconds
SYSTEMTIME=0.598202
# CPUUSAGE: CPUTIME/WCTIME in percent
CPUUSAGE=80.9771
# MAXVM: maximum virtual memory used in KiB
MAXVM=1759716
# MAXMM: maximum memory used in KiB
MAXMM=163168
# MAXRSS: maximum Resident Segment Size in KiB
MAXRSS=119592
# TIMEOUT: did the solver exceed the time limit?
TIMEOUT=false
# MEMOUT: did the solver exceed the memory limit?
MEMOUT=false
# EXITSTATUS: Exit status of the solver
EXITSTATUS=0
