# WCTIME: wall clock time in seconds
WCTIME=644.922
# CPUTIME: CPU time in seconds (USERTIME+SYSTEMTIME)
CPUTIME=617.25
# USERTIME: CPU time spent in user mode in seconds
USERTIME=210.338
# SYSTEMTIME: CPU time spent in system mode in seconds
SYSTEMTIME=406.913
# CPUUSAGE: CPUTIME/WCTIME in percent
CPUUSAGE=95.7093
# MAXVM: maximum virtual memory used in KiB
MAXVM=5179252
# MAXMM: maximum memory used in KiB
MAXMM=4091316
# MAXRSS: maximum Resident Segment Size in KiB
MAXRSS=4047256
# TIMEOUT: did the solver exceed the time limit?
TIMEOUT=false
# MEMOUT: did the solver exceed the memory limit?
MEMOUT=false
# EXITSTATUS: Exit status of the solver
EXITSTATUS=256
