# WCTIME: wall clock time in seconds
WCTIME=1807.48
# CPUTIME: CPU time in seconds (USERTIME+SYSTEMTIME)
CPUTIME=1727.25
# USERTIME: CPU time spent in user mode in seconds
USERTIME=1717.58
# SYSTEMTIME: CPU time spent in system mode in seconds
SYSTEMTIME=9.67132
# CPUUSAGE: CPUTIME/WCTIME in percent
CPUUSAGE=95.5611
# MAXVM: maximum virtual memory used in KiB
MAXVM=7512584
# MAXMM: maximum memory used in KiB
MAXMM=4449076
# MAXRSS: maximum Resident Segment Size in KiB
MAXRSS=4142808
# TIMEOUT: did the solver exceed the time limit?
TIMEOUT=false
# MEMOUT: did the solver exceed the memory limit?
MEMOUT=false
# EXITSTATUS: Exit status of the solver
EXITSTATUS=0
