# WCTIME: wall clock time in seconds
WCTIME=535.842
# CPUTIME: CPU time in seconds (USERTIME+SYSTEMTIME)
CPUTIME=510.398
# USERTIME: CPU time spent in user mode in seconds
USERTIME=504.574
# SYSTEMTIME: CPU time spent in system mode in seconds
SYSTEMTIME=5.82335
# CPUUSAGE: CPUTIME/WCTIME in percent
CPUUSAGE=95.2514
# MAXVM: maximum virtual memory used in KiB
MAXVM=9187360
# MAXMM: maximum memory used in KiB
MAXMM=8153452
# MAXRSS: maximum Resident Segment Size in KiB
MAXRSS=8114600
# TIMEOUT: did the solver exceed the time limit?
TIMEOUT=false
# MEMOUT: did the solver exceed the memory limit?
MEMOUT=false
# EXITSTATUS: Exit status of the solver
EXITSTATUS=0
