# WCTIME: wall clock time in seconds
WCTIME=1888.64
# CPUTIME: CPU time in seconds (USERTIME+SYSTEMTIME)
CPUTIME=1800.54
# USERTIME: CPU time spent in user mode in seconds
USERTIME=1688.86
# SYSTEMTIME: CPU time spent in system mode in seconds
SYSTEMTIME=111.685
# CPUUSAGE: CPUTIME/WCTIME in percent
CPUUSAGE=95.3354
# MAXVM: maximum virtual memory used in KiB
MAXVM=4127688
# MAXMM: maximum memory used in KiB
MAXMM=582776
# MAXRSS: maximum Resident Segment Size in KiB
MAXRSS=563300
# TIMEOUT: did the solver exceed the time limit?
TIMEOUT=true
# MEMOUT: did the solver exceed the memory limit?
MEMOUT=false
# EXITSTATUS: Exit status of the solver
EXITSTATUS=0
