# WCTIME: wall clock time in seconds
WCTIME=70723.2
# CPUTIME: CPU time in seconds (USERTIME+SYSTEMTIME)
CPUTIME=64636.6
# USERTIME: CPU time spent in user mode in seconds
USERTIME=63437.8
# SYSTEMTIME: CPU time spent in system mode in seconds
SYSTEMTIME=1198.76
# CPUUSAGE: CPUTIME/WCTIME in percent
CPUUSAGE=91.3938
# MAXVM: maximum virtual memory used in KiB
MAXVM=4148980
# MAXMM: maximum memory used in KiB
MAXMM=2626396
# MAXRSS: maximum Resident Segment Size in KiB
MAXRSS=2456360
# TIMEOUT: did the solver exceed the time limit?
TIMEOUT=false
# MEMOUT: did the solver exceed the memory limit?
MEMOUT=false
# EXITSTATUS: Exit status of the solver
EXITSTATUS=256
