# WCTIME: wall clock time in seconds
WCTIME=1880.4
# CPUTIME: CPU time in seconds (USERTIME+SYSTEMTIME)
CPUTIME=1800.33
# USERTIME: CPU time spent in user mode in seconds
USERTIME=1512.52
# SYSTEMTIME: CPU time spent in system mode in seconds
SYSTEMTIME=287.808
# CPUUSAGE: CPUTIME/WCTIME in percent
CPUUSAGE=95.7417
# MAXVM: maximum virtual memory used in KiB
MAXVM=4045172
# MAXMM: maximum memory used in KiB
MAXMM=2986972
# MAXRSS: maximum Resident Segment Size in KiB
MAXRSS=2954388
# TIMEOUT: did the solver exceed the time limit?
TIMEOUT=true
# MEMOUT: did the solver exceed the memory limit?
MEMOUT=false
# EXITSTATUS: Exit status of the solver
EXITSTATUS=15
