# WCTIME: wall clock time in seconds
WCTIME=1.81999
# CPUTIME: CPU time in seconds (USERTIME+SYSTEMTIME)
CPUTIME=1.49073
# USERTIME: CPU time spent in user mode in seconds
USERTIME=1.14611
# SYSTEMTIME: CPU time spent in system mode in seconds
SYSTEMTIME=0.344618
# CPUUSAGE: CPUTIME/WCTIME in percent
CPUUSAGE=81.9088
# MAXVM: maximum virtual memory used in KiB
MAXVM=1123356
# MAXMM: maximum memory used in KiB
MAXMM=97980
# MAXRSS: maximum Resident Segment Size in KiB
MAXRSS=59688
# TIMEOUT: did the solver exceed the time limit?
TIMEOUT=false
# MEMOUT: did the solver exceed the memory limit?
MEMOUT=false
# EXITSTATUS: Exit status of the solver
EXITSTATUS=0
