# WCTIME: wall clock time in seconds
WCTIME=303.888
# CPUTIME: CPU time in seconds (USERTIME+SYSTEMTIME)
CPUTIME=289.98
# USERTIME: CPU time spent in user mode in seconds
USERTIME=281.287
# SYSTEMTIME: CPU time spent in system mode in seconds
SYSTEMTIME=8.69294
# CPUUSAGE: CPUTIME/WCTIME in percent
CPUUSAGE=95.4234
# MAXVM: maximum virtual memory used in KiB
MAXVM=8935696
# MAXMM: maximum memory used in KiB
MAXMM=7738024
# MAXRSS: maximum Resident Segment Size in KiB
MAXRSS=7694640
# TIMEOUT: did the solver exceed the time limit?
TIMEOUT=false
# MEMOUT: did the solver exceed the memory limit?
MEMOUT=false
# EXITSTATUS: Exit status of the solver
EXITSTATUS=256
