# WCTIME: wall clock time in seconds
WCTIME=11.5415
# CPUTIME: CPU time in seconds (USERTIME+SYSTEMTIME)
CPUTIME=7.37463
# USERTIME: CPU time spent in user mode in seconds
USERTIME=3.56351
# SYSTEMTIME: CPU time spent in system mode in seconds
SYSTEMTIME=3.81112
# CPUUSAGE: CPUTIME/WCTIME in percent
CPUUSAGE=63.8965
# MAXVM: maximum virtual memory used in KiB
MAXVM=3932568
# MAXMM: maximum memory used in KiB
MAXMM=529016
# MAXRSS: maximum Resident Segment Size in KiB
MAXRSS=312388
# TIMEOUT: did the solver exceed the time limit?
TIMEOUT=false
# MEMOUT: did the solver exceed the memory limit?
MEMOUT=false
# EXITSTATUS: Exit status of the solver
EXITSTATUS=0
