# WCTIME: wall clock time in seconds
WCTIME=22.6097
# CPUTIME: CPU time in seconds (USERTIME+SYSTEMTIME)
CPUTIME=21.304
# USERTIME: CPU time spent in user mode in seconds
USERTIME=19.3742
# SYSTEMTIME: CPU time spent in system mode in seconds
SYSTEMTIME=1.92984
# CPUUSAGE: CPUTIME/WCTIME in percent
CPUUSAGE=94.225
# MAXVM: maximum virtual memory used in KiB
MAXVM=3633380
# MAXMM: maximum memory used in KiB
MAXMM=240724
# MAXRSS: maximum Resident Segment Size in KiB
MAXRSS=223376
# TIMEOUT: did the solver exceed the time limit?
TIMEOUT=false
# MEMOUT: did the solver exceed the memory limit?
MEMOUT=false
# EXITSTATUS: Exit status of the solver
EXITSTATUS=0
