# WCTIME: wall clock time in seconds
WCTIME=7.74698
# CPUTIME: CPU time in seconds (USERTIME+SYSTEMTIME)
CPUTIME=7.0263
# USERTIME: CPU time spent in user mode in seconds
USERTIME=3.38235
# SYSTEMTIME: CPU time spent in system mode in seconds
SYSTEMTIME=3.64396
# CPUUSAGE: CPUTIME/WCTIME in percent
CPUUSAGE=90.6973
# MAXVM: maximum virtual memory used in KiB
MAXVM=3894036
# MAXMM: maximum memory used in KiB
MAXMM=371804
# MAXRSS: maximum Resident Segment Size in KiB
MAXRSS=333312
# TIMEOUT: did the solver exceed the time limit?
TIMEOUT=false
# MEMOUT: did the solver exceed the memory limit?
MEMOUT=false
# EXITSTATUS: Exit status of the solver
EXITSTATUS=0
