# WCTIME: wall clock time in seconds
WCTIME=229.649
# CPUTIME: CPU time in seconds (USERTIME+SYSTEMTIME)
CPUTIME=218.195
# USERTIME: CPU time spent in user mode in seconds
USERTIME=208.747
# SYSTEMTIME: CPU time spent in system mode in seconds
SYSTEMTIME=9.44773
# CPUUSAGE: CPUTIME/WCTIME in percent
CPUUSAGE=95.0122
# MAXVM: maximum virtual memory used in KiB
MAXVM=6271452
# MAXMM: maximum memory used in KiB
MAXMM=5252412
# MAXRSS: maximum Resident Segment Size in KiB
MAXRSS=5213028
# TIMEOUT: did the solver exceed the time limit?
TIMEOUT=false
# MEMOUT: did the solver exceed the memory limit?
MEMOUT=false
# EXITSTATUS: Exit status of the solver
EXITSTATUS=0
