# WCTIME: wall clock time in seconds
WCTIME=57.1992
# CPUTIME: CPU time in seconds (USERTIME+SYSTEMTIME)
CPUTIME=54.2572
# USERTIME: CPU time spent in user mode in seconds
USERTIME=53.147
# SYSTEMTIME: CPU time spent in system mode in seconds
SYSTEMTIME=1.11017
# CPUUSAGE: CPUTIME/WCTIME in percent
CPUUSAGE=94.8565
# MAXVM: maximum virtual memory used in KiB
MAXVM=1694136
# MAXMM: maximum memory used in KiB
MAXMM=729212
# MAXRSS: maximum Resident Segment Size in KiB
MAXRSS=696404
# TIMEOUT: did the solver exceed the time limit?
TIMEOUT=false
# MEMOUT: did the solver exceed the memory limit?
MEMOUT=false
# EXITSTATUS: Exit status of the solver
EXITSTATUS=0
