# WCTIME: wall clock time in seconds
WCTIME=1548.24
# CPUTIME: CPU time in seconds (USERTIME+SYSTEMTIME)
CPUTIME=1488.09
# USERTIME: CPU time spent in user mode in seconds
USERTIME=1288.66
# SYSTEMTIME: CPU time spent in system mode in seconds
SYSTEMTIME=199.434
# CPUUSAGE: CPUTIME/WCTIME in percent
CPUUSAGE=96.1149
# MAXVM: maximum virtual memory used in KiB
MAXVM=4146416
# MAXMM: maximum memory used in KiB
MAXMM=2567484
# MAXRSS: maximum Resident Segment Size in KiB
MAXRSS=2515420
# TIMEOUT: did the solver exceed the time limit?
TIMEOUT=false
# MEMOUT: did the solver exceed the memory limit?
MEMOUT=false
# EXITSTATUS: Exit status of the solver
EXITSTATUS=0
