# WCTIME: wall clock time in seconds
WCTIME=1863.47
# CPUTIME: CPU time in seconds (USERTIME+SYSTEMTIME)
CPUTIME=1800.17
# USERTIME: CPU time spent in user mode in seconds
USERTIME=1708.24
# SYSTEMTIME: CPU time spent in system mode in seconds
SYSTEMTIME=91.9306
# CPUUSAGE: CPUTIME/WCTIME in percent
CPUUSAGE=96.6034
# MAXVM: maximum virtual memory used in KiB
MAXVM=2053988
# MAXMM: maximum memory used in KiB
MAXMM=1021640
# MAXRSS: maximum Resident Segment Size in KiB
MAXRSS=978696
# TIMEOUT: did the solver exceed the time limit?
TIMEOUT=true
# MEMOUT: did the solver exceed the memory limit?
MEMOUT=false
# EXITSTATUS: Exit status of the solver
EXITSTATUS=15
