# WCTIME: wall clock time in seconds
WCTIME=64.6882
# CPUTIME: CPU time in seconds (USERTIME+SYSTEMTIME)
CPUTIME=61.7673
# USERTIME: CPU time spent in user mode in seconds
USERTIME=45.4828
# SYSTEMTIME: CPU time spent in system mode in seconds
SYSTEMTIME=16.2845
# CPUUSAGE: CPUTIME/WCTIME in percent
CPUUSAGE=95.4846
# MAXVM: maximum virtual memory used in KiB
MAXVM=10265132
# MAXMM: maximum memory used in KiB
MAXMM=6695840
# MAXRSS: maximum Resident Segment Size in KiB
MAXRSS=6682184
# TIMEOUT: did the solver exceed the time limit?
TIMEOUT=false
# MEMOUT: did the solver exceed the memory limit?
MEMOUT=false
# EXITSTATUS: Exit status of the solver
EXITSTATUS=0
