# WCTIME: wall clock time in seconds
WCTIME=1.87186
# CPUTIME: CPU time in seconds (USERTIME+SYSTEMTIME)
CPUTIME=1.47127
# USERTIME: CPU time spent in user mode in seconds
USERTIME=1.08725
# SYSTEMTIME: CPU time spent in system mode in seconds
SYSTEMTIME=0.384013
# CPUUSAGE: CPUTIME/WCTIME in percent
CPUUSAGE=78.5992
# MAXVM: maximum virtual memory used in KiB
MAXVM=1692128
# MAXMM: maximum memory used in KiB
MAXMM=68424
# MAXRSS: maximum Resident Segment Size in KiB
MAXRSS=27964
# TIMEOUT: did the solver exceed the time limit?
TIMEOUT=false
# MEMOUT: did the solver exceed the memory limit?
MEMOUT=false
# EXITSTATUS: Exit status of the solver
EXITSTATUS=0
