# WCTIME: wall clock time in seconds
WCTIME=1.29999
# CPUTIME: CPU time in seconds (USERTIME+SYSTEMTIME)
CPUTIME=1.04113
# USERTIME: CPU time spent in user mode in seconds
USERTIME=0.511399
# SYSTEMTIME: CPU time spent in system mode in seconds
SYSTEMTIME=0.529728
# CPUUSAGE: CPUTIME/WCTIME in percent
CPUUSAGE=80.0874
# MAXVM: maximum virtual memory used in KiB
MAXVM=1759784
# MAXMM: maximum memory used in KiB
MAXMM=117400
# MAXRSS: maximum Resident Segment Size in KiB
MAXRSS=73084
# TIMEOUT: did the solver exceed the time limit?
TIMEOUT=false
# MEMOUT: did the solver exceed the memory limit?
MEMOUT=false
# EXITSTATUS: Exit status of the solver
EXITSTATUS=0
