# WCTIME: wall clock time in seconds
WCTIME=71.8562
# CPUTIME: CPU time in seconds (USERTIME+SYSTEMTIME)
CPUTIME=67.8364
# USERTIME: CPU time spent in user mode in seconds
USERTIME=62.4144
# SYSTEMTIME: CPU time spent in system mode in seconds
SYSTEMTIME=5.42199
# CPUUSAGE: CPUTIME/WCTIME in percent
CPUUSAGE=94.4058
# MAXVM: maximum virtual memory used in KiB
MAXVM=4378764
# MAXMM: maximum memory used in KiB
MAXMM=859208
# MAXRSS: maximum Resident Segment Size in KiB
MAXRSS=823140
# TIMEOUT: did the solver exceed the time limit?
TIMEOUT=false
# MEMOUT: did the solver exceed the memory limit?
MEMOUT=false
# EXITSTATUS: Exit status of the solver
EXITSTATUS=0
