# WCTIME: wall clock time in seconds
WCTIME=536.361
# CPUTIME: CPU time in seconds (USERTIME+SYSTEMTIME)
CPUTIME=510.949
# USERTIME: CPU time spent in user mode in seconds
USERTIME=507.876
# SYSTEMTIME: CPU time spent in system mode in seconds
SYSTEMTIME=3.07373
# CPUUSAGE: CPUTIME/WCTIME in percent
CPUUSAGE=95.2622
# MAXVM: maximum virtual memory used in KiB
MAXVM=2930876
# MAXMM: maximum memory used in KiB
MAXMM=1962368
# MAXRSS: maximum Resident Segment Size in KiB
MAXRSS=1932312
# TIMEOUT: did the solver exceed the time limit?
TIMEOUT=false
# MEMOUT: did the solver exceed the memory limit?
MEMOUT=false
# EXITSTATUS: Exit status of the solver
EXITSTATUS=0
