# WCTIME: wall clock time in seconds
WCTIME=800.179
# CPUTIME: CPU time in seconds (USERTIME+SYSTEMTIME)
CPUTIME=762.463
# USERTIME: CPU time spent in user mode in seconds
USERTIME=249.472
# SYSTEMTIME: CPU time spent in system mode in seconds
SYSTEMTIME=512.991
# CPUUSAGE: CPUTIME/WCTIME in percent
CPUUSAGE=95.2865
# MAXVM: maximum virtual memory used in KiB
MAXVM=5153972
# MAXMM: maximum memory used in KiB
MAXMM=4068188
# MAXRSS: maximum Resident Segment Size in KiB
MAXRSS=4025064
# TIMEOUT: did the solver exceed the time limit?
TIMEOUT=false
# MEMOUT: did the solver exceed the memory limit?
MEMOUT=false
# EXITSTATUS: Exit status of the solver
EXITSTATUS=256
