# WCTIME: wall clock time in seconds
WCTIME=2.23693
# CPUTIME: CPU time in seconds (USERTIME+SYSTEMTIME)
CPUTIME=1.87511
# USERTIME: CPU time spent in user mode in seconds
USERTIME=1.35258
# SYSTEMTIME: CPU time spent in system mode in seconds
SYSTEMTIME=0.522529
# CPUUSAGE: CPUTIME/WCTIME in percent
CPUUSAGE=83.8253
# MAXVM: maximum virtual memory used in KiB
MAXVM=1759528
# MAXMM: maximum memory used in KiB
MAXMM=148228
# MAXRSS: maximum Resident Segment Size in KiB
MAXRSS=112216
# TIMEOUT: did the solver exceed the time limit?
TIMEOUT=false
# MEMOUT: did the solver exceed the memory limit?
MEMOUT=false
# EXITSTATUS: Exit status of the solver
EXITSTATUS=0
