# WCTIME: wall clock time in seconds
WCTIME=1215.5
# CPUTIME: CPU time in seconds (USERTIME+SYSTEMTIME)
CPUTIME=1160.81
# USERTIME: CPU time spent in user mode in seconds
USERTIME=1153.07
# SYSTEMTIME: CPU time spent in system mode in seconds
SYSTEMTIME=7.73877
# CPUUSAGE: CPUTIME/WCTIME in percent
CPUUSAGE=95.5005
# MAXVM: maximum virtual memory used in KiB
MAXVM=9440796
# MAXMM: maximum memory used in KiB
MAXMM=8389216
# MAXRSS: maximum Resident Segment Size in KiB
MAXRSS=8361316
# TIMEOUT: did the solver exceed the time limit?
TIMEOUT=false
# MEMOUT: did the solver exceed the memory limit?
MEMOUT=true
# EXITSTATUS: Exit status of the solver
EXITSTATUS=15
