# WCTIME: wall clock time in seconds
WCTIME=43.1941
# CPUTIME: CPU time in seconds (USERTIME+SYSTEMTIME)
CPUTIME=40.7868
# USERTIME: CPU time spent in user mode in seconds
USERTIME=26.5167
# SYSTEMTIME: CPU time spent in system mode in seconds
SYSTEMTIME=14.2701
# CPUUSAGE: CPUTIME/WCTIME in percent
CPUUSAGE=94.4267
# MAXVM: maximum virtual memory used in KiB
MAXVM=1925696
# MAXMM: maximum memory used in KiB
MAXMM=842364
# MAXRSS: maximum Resident Segment Size in KiB
MAXRSS=795784
# TIMEOUT: did the solver exceed the time limit?
TIMEOUT=false
# MEMOUT: did the solver exceed the memory limit?
MEMOUT=false
# EXITSTATUS: Exit status of the solver
EXITSTATUS=0
