# WCTIME: wall clock time in seconds
WCTIME=1869.73
# CPUTIME: CPU time in seconds (USERTIME+SYSTEMTIME)
CPUTIME=1800.29
# USERTIME: CPU time spent in user mode in seconds
USERTIME=1781.62
# SYSTEMTIME: CPU time spent in system mode in seconds
SYSTEMTIME=18.6699
# CPUUSAGE: CPUTIME/WCTIME in percent
CPUUSAGE=96.286
# MAXVM: maximum virtual memory used in KiB
MAXVM=5248364
# MAXMM: maximum memory used in KiB
MAXMM=4210036
# MAXRSS: maximum Resident Segment Size in KiB
MAXRSS=4170368
# TIMEOUT: did the solver exceed the time limit?
TIMEOUT=true
# MEMOUT: did the solver exceed the memory limit?
MEMOUT=false
# EXITSTATUS: Exit status of the solver
EXITSTATUS=15
