# WCTIME: wall clock time in seconds
WCTIME=25.7294
# CPUTIME: CPU time in seconds (USERTIME+SYSTEMTIME)
CPUTIME=22.0815
# USERTIME: CPU time spent in user mode in seconds
USERTIME=17.9792
# SYSTEMTIME: CPU time spent in system mode in seconds
SYSTEMTIME=4.10226
# CPUUSAGE: CPUTIME/WCTIME in percent
CPUUSAGE=85.8221
# MAXVM: maximum virtual memory used in KiB
MAXVM=3735024
# MAXMM: maximum memory used in KiB
MAXMM=655984
# MAXRSS: maximum Resident Segment Size in KiB
MAXRSS=360948
# TIMEOUT: did the solver exceed the time limit?
TIMEOUT=false
# MEMOUT: did the solver exceed the memory limit?
MEMOUT=false
# EXITSTATUS: Exit status of the solver
EXITSTATUS=0
