# WCTIME: wall clock time in seconds
WCTIME=8.04403
# CPUTIME: CPU time in seconds (USERTIME+SYSTEMTIME)
CPUTIME=7.00834
# USERTIME: CPU time spent in user mode in seconds
USERTIME=3.32812
# SYSTEMTIME: CPU time spent in system mode in seconds
SYSTEMTIME=3.68022
# CPUUSAGE: CPUTIME/WCTIME in percent
CPUUSAGE=87.1247
# MAXVM: maximum virtual memory used in KiB
MAXVM=3895504
# MAXMM: maximum memory used in KiB
MAXMM=370800
# MAXRSS: maximum Resident Segment Size in KiB
MAXRSS=334232
# TIMEOUT: did the solver exceed the time limit?
TIMEOUT=false
# MEMOUT: did the solver exceed the memory limit?
MEMOUT=false
# EXITSTATUS: Exit status of the solver
EXITSTATUS=0
