# WCTIME: wall clock time in seconds
WCTIME=89.2847
# CPUTIME: CPU time in seconds (USERTIME+SYSTEMTIME)
CPUTIME=84.2897
# USERTIME: CPU time spent in user mode in seconds
USERTIME=78.3829
# SYSTEMTIME: CPU time spent in system mode in seconds
SYSTEMTIME=5.90671
# CPUUSAGE: CPUTIME/WCTIME in percent
CPUUSAGE=94.4054
# MAXVM: maximum virtual memory used in KiB
MAXVM=4508320
# MAXMM: maximum memory used in KiB
MAXMM=1013928
# MAXRSS: maximum Resident Segment Size in KiB
MAXRSS=976072
# TIMEOUT: did the solver exceed the time limit?
TIMEOUT=false
# MEMOUT: did the solver exceed the memory limit?
MEMOUT=false
# EXITSTATUS: Exit status of the solver
EXITSTATUS=0
