# WCTIME: wall clock time in seconds
WCTIME=89.9122
# CPUTIME: CPU time in seconds (USERTIME+SYSTEMTIME)
CPUTIME=85.3188
# USERTIME: CPU time spent in user mode in seconds
USERTIME=79.4953
# SYSTEMTIME: CPU time spent in system mode in seconds
SYSTEMTIME=5.82345
# CPUUSAGE: CPUTIME/WCTIME in percent
CPUUSAGE=94.8912
# MAXVM: maximum virtual memory used in KiB
MAXVM=9536772
# MAXMM: maximum memory used in KiB
MAXMM=8396880
# MAXRSS: maximum Resident Segment Size in KiB
MAXRSS=8352448
# TIMEOUT: did the solver exceed the time limit?
TIMEOUT=false
# MEMOUT: did the solver exceed the memory limit?
MEMOUT=true
# EXITSTATUS: Exit status of the solver
EXITSTATUS=15
